Initializing document watcher...
Document watcher initialized
holbertonschool-higher_level_programming/SQL_more_queries/1-create_user.sql: {}
holbertonschool-higher_level_programming/SQL_more_queries/1-create_user.sql: {}
holbertonschool-higher_level_programming/SQL_more_queries/1-create_user.sql: {}
holbertonschool-higher_level_programming/SQL_more_queries/0-privileges.sql: {}
holbertonschool-higher_level_programming/SQL_more_queries/1-create_user.sql: {}
holbertonschool-higher_level_programming/SQL_more_queries/2-create_read_user.sql: {}
holbertonschool-higher_level_programming/SQL_more_queries/2-create_read_user.sql: Using EditorConfig core...
holbertonschool-higher_level_programming/SQL_more_queries/1-create_user.sql: {}
holbertonschool-higher_level_programming/SQL_more_queries/2-create_read_user.sql: {}
holbertonschool-higher_level_programming/SQL_introduction/1-create_database_if_missing.sql: {}
holbertonschool-higher_level_programming/SQL_more_queries/1-create_user.sql: {}
holbertonschool-higher_level_programming/SQL_more_queries/2-create_read_user.sql: {}
holbertonschool-higher_level_programming/SQL_more_queries/2-create_read_user.sql: Using EditorConfig core...
holbertonschool-higher_level_programming/SQL_more_queries/2-create_read_user.sql: Using EditorConfig core...
holbertonschool-higher_level_programming/SQL_more_queries/2-create_read_user.sql: Using EditorConfig core...
holbertonschool-higher_level_programming/SQL_more_queries/2-create_read_user.sql: Using EditorConfig core...
holbertonschool-higher_level_programming/SQL_more_queries/2-create_read_user.sql: {}
holbertonschool-higher_level_programming/SQL_more_queries/2-create_read_user.sql: {}
holbertonschool-higher_level_programming/SQL_more_queries/1-create_user.sql: {}
holbertonschool-higher_level_programming/SQL_more_queries/0-privileges.sql: {}
holbertonschool-higher_level_programming/SQL_more_queries/1-create_user.sql: {}
holbertonschool-higher_level_programming/SQL_more_queries/2-create_read_user.sql: {}
holbertonschool-higher_level_programming/SQL_more_queries/2-create_read_user.sql: Using EditorConfig core...
holbertonschool-higher_level_programming/SQL_more_queries/2-create_read_user.sql: Using EditorConfig core...
holbertonschool-higher_level_programming/SQL_more_queries/2-create_read_user.sql: {}
holbertonschool-higher_level_programming/SQL_more_queries/2-create_read_user.sql: {}
holbertonschool-higher_level_programming/SQL_more_queries/2-create_read_user.sql: Using EditorConfig core...
holbertonschool-higher_level_programming/SQL_more_queries/2-create_read_user.sql: Using EditorConfig core...
holbertonschool-higher_level_programming/SQL_more_queries/2-create_read_user.sql: {}
holbertonschool-higher_level_programming/SQL_more_queries/2-create_read_user.sql: Using EditorConfig core...
holbertonschool-higher_level_programming/SQL_more_queries/2-create_read_user.sql: Using EditorConfig core...
holbertonschool-higher_level_programming/SQL_more_queries/2-create_read_user.sql: Using EditorConfig core...
holbertonschool-higher_level_programming/SQL_more_queries/2-create_read_user.sql: Using EditorConfig core...
holbertonschool-higher_level_programming/SQL_more_queries/2-create_read_user.sql: Using EditorConfig core...
holbertonschool-higher_level_programming/SQL_more_queries/2-create_read_user.sql: Using EditorConfig core...
holbertonschool-higher_level_programming/SQL_more_queries/2-create_read_user.sql: Using EditorConfig core...
holbertonschool-higher_level_programming/SQL_more_queries/2-create_read_user.sql: {}
holbertonschool-higher_level_programming/SQL_more_queries/2-create_read_user.sql: Using EditorConfig core...
holbertonschool-higher_level_programming/SQL_more_queries/2-create_read_user.sql: Using EditorConfig core...
holbertonschool-higher_level_programming/SQL_more_queries/2-create_read_user.sql: Using EditorConfig core...
holbertonschool-higher_level_programming/SQL_more_queries/2-create_read_user.sql: {}
holbertonschool-higher_level_programming/SQL_more_queries/2-create_read_user.sql: {}
holbertonschool-higher_level_programming/SQL_more_queries/2-create_read_user.sql: {}
holbertonschool-higher_level_programming/SQL_more_queries/2-create_read_user.sql: {}
holbertonschool-higher_level_programming/SQL_more_queries/2-create_read_user.sql: {}
holbertonschool-higher_level_programming/SQL_more_queries/2-create_read_user.sql: {}
holbertonschool-higher_level_programming/SQL_more_queries/2-create_read_user.sql: {}
holbertonschool-higher_level_programming/SQL_more_queries/2-create_read_user.sql: {}
holbertonschool-higher_level_programming/SQL_more_queries/2-create_read_user.sql: Using EditorConfig core...
holbertonschool-higher_level_programming/SQL_more_queries/2-create_read_user.sql: Using EditorConfig core...
holbertonschool-higher_level_programming/SQL_more_queries/2-create_read_user.sql: Using EditorConfig core...
holbertonschool-higher_level_programming/SQL_more_queries/2-create_read_user.sql: Using EditorConfig core...
holbertonschool-higher_level_programming/SQL_more_queries/2-create_read_user.sql: Using EditorConfig core...
holbertonschool-higher_level_programming/SQL_more_queries/2-create_read_user.sql: {}
holbertonschool-higher_level_programming/SQL_more_queries/2-create_read_user.sql: {}
holbertonschool-higher_level_programming/SQL_more_queries/3-force_name.sql: {}
holbertonschool-higher_level_programming/SQL_more_queries/3-force_name.sql: Using EditorConfig core...
holbertonschool-higher_level_programming/SQL_more_queries/3-force_name.sql: Using EditorConfig core...
holbertonschool-higher_level_programming/SQL_more_queries/3-force_name.sql: {}
holbertonschool-higher_level_programming/SQL_more_queries/3-force_name.sql: {}
holbertonschool-higher_level_programming/SQL_more_queries/3-force_name.sql: {}
holbertonschool-higher_level_programming/SQL_more_queries/3-force_name.sql: Using EditorConfig core...
holbertonschool-higher_level_programming/SQL_more_queries/3-force_name.sql: Using EditorConfig core...
holbertonschool-higher_level_programming/SQL_more_queries/3-force_name.sql: Using EditorConfig core...
holbertonschool-higher_level_programming/SQL_more_queries/3-force_name.sql: Using EditorConfig core...
holbertonschool-higher_level_programming/SQL_more_queries/3-force_name.sql: Using EditorConfig core...
holbertonschool-higher_level_programming/SQL_more_queries/3-force_name.sql: Using EditorConfig core...
holbertonschool-higher_level_programming/SQL_more_queries/3-force_name.sql: Using EditorConfig core...
holbertonschool-higher_level_programming/SQL_more_queries/3-force_name.sql: Using EditorConfig core...
holbertonschool-higher_level_programming/SQL_more_queries/3-force_name.sql: Using EditorConfig core...
holbertonschool-higher_level_programming/SQL_more_queries/3-force_name.sql: Using EditorConfig core...
holbertonschool-higher_level_programming/SQL_more_queries/3-force_name.sql: Using EditorConfig core...
holbertonschool-higher_level_programming/SQL_more_queries/3-force_name.sql: Using EditorConfig core...
holbertonschool-higher_level_programming/SQL_more_queries/3-force_name.sql: Using EditorConfig core...
holbertonschool-higher_level_programming/SQL_more_queries/3-force_name.sql: Using EditorConfig core...
holbertonschool-higher_level_programming/SQL_more_queries/3-force_name.sql: Using EditorConfig core...
holbertonschool-higher_level_programming/SQL_more_queries/3-force_name.sql: Using EditorConfig core...
holbertonschool-higher_level_programming/SQL_more_queries/3-force_name.sql: Using EditorConfig core...
holbertonschool-higher_level_programming/SQL_more_queries/3-force_name.sql: Using EditorConfig core...
holbertonschool-higher_level_programming/SQL_more_queries/3-force_name.sql: Using EditorConfig core...
holbertonschool-higher_level_programming/SQL_more_queries/3-force_name.sql: Using EditorConfig core...
holbertonschool-higher_level_programming/SQL_more_queries/3-force_name.sql: Using EditorConfig core...
holbertonschool-higher_level_programming/SQL_more_queries/3-force_name.sql: Using EditorConfig core...
holbertonschool-higher_level_programming/SQL_more_queries/3-force_name.sql: Using EditorConfig core...
holbertonschool-higher_level_programming/SQL_more_queries/3-force_name.sql: Using EditorConfig core...
holbertonschool-higher_level_programming/SQL_more_queries/3-force_name.sql: Using EditorConfig core...
holbertonschool-higher_level_programming/SQL_more_queries/3-force_name.sql: Using EditorConfig core...
holbertonschool-higher_level_programming/SQL_more_queries/3-force_name.sql: Using EditorConfig core...
holbertonschool-higher_level_programming/SQL_more_queries/3-force_name.sql: Using EditorConfig core...
holbertonschool-higher_level_programming/SQL_more_queries/3-force_name.sql: Using EditorConfig core...
holbertonschool-higher_level_programming/SQL_more_queries/3-force_name.sql: Using EditorConfig core...
holbertonschool-higher_level_programming/SQL_more_queries/3-force_name.sql: Using EditorConfig core...
holbertonschool-higher_level_programming/SQL_more_queries/3-force_name.sql: {}
holbertonschool-higher_level_programming/SQL_introduction/1-create_database_if_missing.sql: {}
holbertonschool-higher_level_programming/SQL_introduction/2-remove_database.sql: {}
holbertonschool-higher_level_programming/SQL_introduction/3-list_tables.sql: {}
holbertonschool-higher_level_programming/SQL_introduction/4-first_table.sql: {}
holbertonschool-higher_level_programming/SQL_introduction/5-full_table.sql: {}
holbertonschool-higher_level_programming/SQL_introduction/4-first_table.sql: {}
holbertonschool-higher_level_programming/SQL_more_queries/3-force_name.sql: {}
holbertonschool-higher_level_programming/SQL_more_queries/3-force_name.sql: Using EditorConfig core...
holbertonschool-higher_level_programming/SQL_more_queries/3-force_name.sql: Using EditorConfig core...
holbertonschool-higher_level_programming/SQL_more_queries/3-force_name.sql: {}
holbertonschool-higher_level_programming/SQL_more_queries/3-force_name.sql: {}
holbertonschool-higher_level_programming/SQL_more_queries/3-force_name.sql: {}
holbertonschool-higher_level_programming/SQL_more_queries/3-force_name.sql: {}
holbertonschool-higher_level_programming/SQL_more_queries/3-force_name.sql: {}
holbertonschool-higher_level_programming/SQL_more_queries/3-force_name.sql: Using EditorConfig core...
holbertonschool-higher_level_programming/SQL_more_queries/3-force_name.sql: {}
holbertonschool-higher_level_programming/SQL_more_queries/3-force_name.sql: Using EditorConfig core...
holbertonschool-higher_level_programming/SQL_more_queries/3-force_name.sql: {}
holbertonschool-higher_level_programming/SQL_more_queries/3-force_name.sql: {}
holbertonschool-higher_level_programming/SQL_more_queries/3-force_name.sql: {}
holbertonschool-higher_level_programming/SQL_more_queries/4-never_empty.sql: {}
holbertonschool-higher_level_programming/SQL_more_queries/4-never_empty.sql: Using EditorConfig core...
holbertonschool-higher_level_programming/SQL_more_queries/4-never_empty.sql: Using EditorConfig core...
holbertonschool-higher_level_programming/SQL_more_queries/4-never_empty.sql: {}
holbertonschool-higher_level_programming/SQL_more_queries/4-never_empty.sql: Using EditorConfig core...
holbertonschool-higher_level_programming/SQL_more_queries/4-never_empty.sql: Using EditorConfig core...
holbertonschool-higher_level_programming/SQL_more_queries/4-never_empty.sql: Using EditorConfig core...
holbertonschool-higher_level_programming/SQL_more_queries/4-never_empty.sql: Using EditorConfig core...
holbertonschool-higher_level_programming/SQL_more_queries/4-never_empty.sql: Using EditorConfig core...
holbertonschool-higher_level_programming/SQL_more_queries/4-never_empty.sql: Using EditorConfig core...
holbertonschool-higher_level_programming/SQL_more_queries/4-never_empty.sql: Using EditorConfig core...
holbertonschool-higher_level_programming/SQL_more_queries/4-never_empty.sql: Using EditorConfig core...
holbertonschool-higher_level_programming/SQL_more_queries/4-never_empty.sql: Using EditorConfig core...
holbertonschool-higher_level_programming/SQL_more_queries/4-never_empty.sql: Using EditorConfig core...
holbertonschool-higher_level_programming/SQL_more_queries/4-never_empty.sql: Using EditorConfig core...
holbertonschool-higher_level_programming/SQL_more_queries/4-never_empty.sql: {}
holbertonschool-higher_level_programming/SQL_more_queries/4-never_empty.sql: Using EditorConfig core...
holbertonschool-higher_level_programming/SQL_more_queries/4-never_empty.sql: Using EditorConfig core...
holbertonschool-higher_level_programming/SQL_more_queries/4-never_empty.sql: Using EditorConfig core...
holbertonschool-higher_level_programming/SQL_more_queries/4-never_empty.sql: Using EditorConfig core...
holbertonschool-higher_level_programming/SQL_more_queries/4-never_empty.sql: Using EditorConfig core...
holbertonschool-higher_level_programming/SQL_more_queries/4-never_empty.sql: Using EditorConfig core...
holbertonschool-higher_level_programming/SQL_more_queries/4-never_empty.sql: {}
holbertonschool-higher_level_programming/SQL_more_queries/5-unique_id.sql: {}
holbertonschool-higher_level_programming/SQL_more_queries/4-never_empty.sql: {}
holbertonschool-higher_level_programming/SQL_more_queries/5-unique_id.sql: {}
holbertonschool-higher_level_programming/SQL_more_queries/5-unique_id.sql: Using EditorConfig core...
holbertonschool-higher_level_programming/SQL_more_queries/5-unique_id.sql: Using EditorConfig core...
holbertonschool-higher_level_programming/SQL_more_queries/5-unique_id.sql: Using EditorConfig core...
holbertonschool-higher_level_programming/SQL_more_queries/4-never_empty.sql: {}
holbertonschool-higher_level_programming/SQL_more_queries/5-unique_id.sql: {}
holbertonschool-higher_level_programming/SQL_more_queries/5-unique_id.sql: Using EditorConfig core...
holbertonschool-higher_level_programming/SQL_more_queries/5-unique_id.sql: Using EditorConfig core...
holbertonschool-higher_level_programming/SQL_more_queries/5-unique_id.sql: Using EditorConfig core...
holbertonschool-higher_level_programming/SQL_more_queries/5-unique_id.sql: Using EditorConfig core...
holbertonschool-higher_level_programming/SQL_more_queries/5-unique_id.sql: Using EditorConfig core...
holbertonschool-higher_level_programming/SQL_more_queries/5-unique_id.sql: Using EditorConfig core...
holbertonschool-higher_level_programming/SQL_more_queries/5-unique_id.sql: Using EditorConfig core...
holbertonschool-higher_level_programming/SQL_more_queries/5-unique_id.sql: {}
holbertonschool-higher_level_programming/SQL_more_queries/5-unique_id.sql: {}
holbertonschool-higher_level_programming/SQL_more_queries/5-unique_id.sql: Using EditorConfig core...
holbertonschool-higher_level_programming/SQL_more_queries/5-unique_id.sql: Using EditorConfig core...
holbertonschool-higher_level_programming/SQL_more_queries/5-unique_id.sql: Using EditorConfig core...
holbertonschool-higher_level_programming/SQL_more_queries/5-unique_id.sql: Using EditorConfig core...
holbertonschool-higher_level_programming/SQL_more_queries/5-unique_id.sql: {}
holbertonschool-higher_level_programming/SQL_more_queries/6-states.sql: {}
holbertonschool-higher_level_programming/SQL_more_queries/5-unique_id.sql: {}
holbertonschool-higher_level_programming/SQL_more_queries/6-states.sql: {}
holbertonschool-higher_level_programming/SQL_more_queries/6-states.sql: Using EditorConfig core...
holbertonschool-higher_level_programming/SQL_more_queries/6-states.sql: Using EditorConfig core...
holbertonschool-higher_level_programming/SQL_more_queries/6-states.sql: Using EditorConfig core...
holbertonschool-higher_level_programming/SQL_more_queries/6-states.sql: Using EditorConfig core...
holbertonschool-higher_level_programming/SQL_more_queries/6-states.sql: Using EditorConfig core...
holbertonschool-higher_level_programming/SQL_more_queries/6-states.sql: Using EditorConfig core...
holbertonschool-higher_level_programming/SQL_more_queries/6-states.sql: Using EditorConfig core...
holbertonschool-higher_level_programming/SQL_more_queries/6-states.sql: Using EditorConfig core...
holbertonschool-higher_level_programming/SQL_more_queries/6-states.sql: {}
holbertonschool-higher_level_programming/SQL_more_queries/6-states.sql: Using EditorConfig core...
holbertonschool-higher_level_programming/SQL_more_queries/6-states.sql: Using EditorConfig core...
holbertonschool-higher_level_programming/SQL_more_queries/6-states.sql: Using EditorConfig core...
holbertonschool-higher_level_programming/SQL_more_queries/6-states.sql: Using EditorConfig core...
holbertonschool-higher_level_programming/SQL_more_queries/6-states.sql: Using EditorConfig core...
holbertonschool-higher_level_programming/SQL_more_queries/6-states.sql: Using EditorConfig core...
holbertonschool-higher_level_programming/SQL_more_queries/6-states.sql: Using EditorConfig core...
holbertonschool-higher_level_programming/SQL_more_queries/6-states.sql: Using EditorConfig core...
holbertonschool-higher_level_programming/SQL_more_queries/6-states.sql: Using EditorConfig core...
holbertonschool-higher_level_programming/SQL_more_queries/6-states.sql: Using EditorConfig core...
holbertonschool-higher_level_programming/SQL_more_queries/6-states.sql: Using EditorConfig core...
holbertonschool-higher_level_programming/SQL_more_queries/6-states.sql: Using EditorConfig core...
holbertonschool-higher_level_programming/SQL_more_queries/6-states.sql: Using EditorConfig core...
holbertonschool-higher_level_programming/SQL_more_queries/6-states.sql: Using EditorConfig core...
holbertonschool-higher_level_programming/SQL_more_queries/6-states.sql: Using EditorConfig core...
holbertonschool-higher_level_programming/SQL_more_queries/6-states.sql: Using EditorConfig core...
holbertonschool-higher_level_programming/SQL_more_queries/6-states.sql: Using EditorConfig core...
holbertonschool-higher_level_programming/SQL_more_queries/6-states.sql: Using EditorConfig core...
holbertonschool-higher_level_programming/SQL_more_queries/6-states.sql: Using EditorConfig core...
holbertonschool-higher_level_programming/SQL_more_queries/6-states.sql: Using EditorConfig core...
holbertonschool-higher_level_programming/SQL_more_queries/6-states.sql: Using EditorConfig core...
holbertonschool-higher_level_programming/SQL_more_queries/6-states.sql: Using EditorConfig core...
holbertonschool-higher_level_programming/SQL_more_queries/6-states.sql: Using EditorConfig core...
holbertonschool-higher_level_programming/SQL_more_queries/6-states.sql: Using EditorConfig core...
holbertonschool-higher_level_programming/SQL_more_queries/6-states.sql: Using EditorConfig core...
holbertonschool-higher_level_programming/SQL_more_queries/6-states.sql: {}
holbertonschool-higher_level_programming/SQL_more_queries/6-states.sql: {}
holbertonschool-higher_level_programming/SQL_more_queries/6-states.sql: Using EditorConfig core...
holbertonschool-higher_level_programming/SQL_more_queries/6-states.sql: Using EditorConfig core...
holbertonschool-higher_level_programming/SQL_more_queries/6-states.sql: Using EditorConfig core...
holbertonschool-higher_level_programming/SQL_more_queries/6-states.sql: Using EditorConfig core...
holbertonschool-higher_level_programming/SQL_more_queries/6-states.sql: {}
holbertonschool-higher_level_programming/SQL_more_queries/6-states.sql: Using EditorConfig core...
holbertonschool-higher_level_programming/SQL_more_queries/6-states.sql: Using EditorConfig core...
holbertonschool-higher_level_programming/SQL_more_queries/6-states.sql: Using EditorConfig core...
holbertonschool-higher_level_programming/SQL_more_queries/6-states.sql: {}
holbertonschool-higher_level_programming/SQL_more_queries/6-states.sql: Using EditorConfig core...
holbertonschool-higher_level_programming/SQL_more_queries/6-states.sql: {}
holbertonschool-higher_level_programming/SQL_more_queries/6-states.sql: Using EditorConfig core...
holbertonschool-higher_level_programming/SQL_more_queries/6-states.sql: Using EditorConfig core...
holbertonschool-higher_level_programming/SQL_more_queries/6-states.sql: Using EditorConfig core...
holbertonschool-higher_level_programming/SQL_more_queries/6-states.sql: Using EditorConfig core...
holbertonschool-higher_level_programming/SQL_more_queries/6-states.sql: Using EditorConfig core...
holbertonschool-higher_level_programming/SQL_more_queries/6-states.sql: Using EditorConfig core...
holbertonschool-higher_level_programming/SQL_more_queries/6-states.sql: Using EditorConfig core...
holbertonschool-higher_level_programming/SQL_more_queries/6-states.sql: Using EditorConfig core...
holbertonschool-higher_level_programming/SQL_more_queries/6-states.sql: Using EditorConfig core...
holbertonschool-higher_level_programming/SQL_more_queries/6-states.sql: Using EditorConfig core...
holbertonschool-higher_level_programming/SQL_more_queries/6-states.sql: {}
holbertonschool-higher_level_programming/SQL_more_queries/6-states.sql: {}
holbertonschool-higher_level_programming/SQL_more_queries/6-states.sql: {}
holbertonschool-higher_level_programming/SQL_more_queries/6-states.sql: {}
holbertonschool-higher_level_programming/SQL_more_queries/6-states.sql: {}
holbertonschool-higher_level_programming/SQL_more_queries/7-cities.sql: {}
holbertonschool-higher_level_programming/SQL_more_queries/7-cities.sql: {}
holbertonschool-higher_level_programming/SQL_more_queries/7-cities.sql: Using EditorConfig core...
holbertonschool-higher_level_programming/SQL_more_queries/7-cities.sql: Using EditorConfig core...
holbertonschool-higher_level_programming/SQL_more_queries/8-cities_of_california_subquery.sql: {}
holbertonschool-higher_level_programming/SQL_more_queries/8-cities_of_california_subquery.sql: {}
holbertonschool-higher_level_programming/SQL_more_queries/8-cities_of_california_subquery.sql: Using EditorConfig core...
holbertonschool-higher_level_programming/SQL_more_queries/8-cities_of_california_subquery.sql: Using EditorConfig core...
holbertonschool-higher_level_programming/SQL_more_queries/9-cities_by_state_join.sql: {}
holbertonschool-higher_level_programming/SQL_more_queries/9-cities_by_state_join.sql: {}
holbertonschool-higher_level_programming/SQL_more_queries/9-cities_by_state_join.sql: Using EditorConfig core...
holbertonschool-higher_level_programming/SQL_more_queries/9-cities_by_state_join.sql: Using EditorConfig core...
holbertonschool-higher_level_programming/SQL_more_queries/10-genre_id_by_show.sql: {}
holbertonschool-higher_level_programming/SQL_more_queries/10-genre_id_by_show.sql: {}
holbertonschool-higher_level_programming/SQL_more_queries/10-genre_id_by_show.sql: Using EditorConfig core...
holbertonschool-higher_level_programming/SQL_more_queries/10-genre_id_by_show.sql: Using EditorConfig core...
holbertonschool-higher_level_programming/SQL_more_queries/10-genre_id_by_show.sql: {}
holbertonschool-higher_level_programming/SQL_more_queries/11-genre_id_all_shows.sql: {}
holbertonschool-higher_level_programming/SQL_more_queries/11-genre_id_all_shows.sql: {}
holbertonschool-higher_level_programming/SQL_more_queries/11-genre_id_all_shows.sql: Using EditorConfig core...
holbertonschool-higher_level_programming/SQL_more_queries/11-genre_id_all_shows.sql: Using EditorConfig core...
holbertonschool-higher_level_programming/SQL_more_queries/12-no_genre.sql: {}
holbertonschool-higher_level_programming/SQL_more_queries/12-no_genre.sql: {}
holbertonschool-higher_level_programming/SQL_more_queries/12-no_genre.sql: Using EditorConfig core...
holbertonschool-higher_level_programming/SQL_more_queries/12-no_genre.sql: Using EditorConfig core...
holbertonschool-higher_level_programming/SQL_more_queries/13-count_shows_by_genre.sql: {}
holbertonschool-higher_level_programming/SQL_more_queries/13-count_shows_by_genre.sql: {}
holbertonschool-higher_level_programming/SQL_more_queries/13-count_shows_by_genre.sql: Using EditorConfig core...
holbertonschool-higher_level_programming/SQL_more_queries/13-count_shows_by_genre.sql: Using EditorConfig core...
holbertonschool-higher_level_programming/SQL_more_queries/13-count_shows_by_genre.sql: {}
holbertonschool-higher_level_programming/SQL_more_queries/14-my_genres.sql: {}
holbertonschool-higher_level_programming/SQL_more_queries/14-my_genres.sql: {}
holbertonschool-higher_level_programming/SQL_more_queries/14-my_genres.sql: Using EditorConfig core...
holbertonschool-higher_level_programming/SQL_more_queries/15-comedy_only.sql: {}
holbertonschool-higher_level_programming/SQL_more_queries/15-comedy_only.sql: {}
holbertonschool-higher_level_programming/SQL_more_queries/15-comedy_only.sql: Using EditorConfig core...
holbertonschool-higher_level_programming/SQL_more_queries/16-shows_by_genre.sql: {}
holbertonschool-higher_level_programming/SQL_more_queries/16-shows_by_genre.sql: {}
holbertonschool-higher_level_programming/SQL_more_queries/16-shows_by_genre.sql: Using EditorConfig core...
holbertonschool-higher_level_programming/SQL_more_queries/16-shows_by_genre.sql: {}
holbertonschool-higher_level_programming/SQL_more_queries/16-shows_by_genre.sql: {}
holbertonschool-higher_level_programming/SQL_more_queries/12-no_genre.sql: {}
holbertonschool-higher_level_programming/SQL_more_queries/12-no_genre.sql: {}
holbertonschool-higher_level_programming/SQL_more_queries/12-no_genre.sql: {}
holbertonschool-higher_level_programming/SQL_more_queries/12-no_genre.sql: {}
holbertonschool-higher_level_programming/SQL_more_queries/12-no_genre.sql: {}
holbertonschool-higher_level_programming/SQL_more_queries/12-no_genre.sql: {}
