2025-03-27 12:29:35.035 [info] [main] Log level: Info
2025-03-27 12:29:35.035 [info] [main] Validating found git in: "git"
2025-03-27 12:29:35.035 [info] [main] Using git "2.34.1" from "git"
2025-03-27 12:29:35.035 [info] [Model][doInitialScan] Initial repository scan started
2025-03-27 12:29:35.035 [info] > git rev-parse --show-toplevel [10ms]
2025-03-27 12:29:35.035 [info] > git rev-parse --git-dir --git-common-dir [18ms]
2025-03-27 12:29:35.035 [info] [Model][openRepository] Opened repository: /home/soufian
2025-03-27 12:29:35.106 [info] > git rev-parse --show-toplevel [296ms]
2025-03-27 12:29:35.114 [info] [Model][doInitialScan] Initial repository scan completed - repositories (1), closed repositories (0), parent repositories (0), unsafe repositories (0)
2025-03-27 12:29:35.117 [info] > git config --get commit.template [319ms]
2025-03-27 12:29:35.137 [info] > git for-each-ref --format=%(refname)%00%(upstream:short)%00%(objectname)%00%(upstream:track)%00%(upstream:remotename)%00%(upstream:remoteref) refs/heads/main refs/remotes/main [7ms]
2025-03-27 12:29:35.199 [info] > git for-each-ref --sort -committerdate --format %(refname) %(objectname) %(*objectname) [11ms]
2025-03-27 12:29:35.492 [info] > git fetch [720ms]
2025-03-27 12:29:35.527 [info] > git status -z -uall [348ms] (cancelled)
2025-03-27 12:29:35.528 [info] > git check-ignore -v -z --stdin [99ms]
2025-03-27 12:29:35.530 [info] > git for-each-ref --format=%(refname)%00%(upstream:short)%00%(objectname)%00%(upstream:track)%00%(upstream:remotename)%00%(upstream:remoteref) refs/heads/main refs/remotes/main [24ms]
2025-03-27 12:29:35.540 [info] > git config --get commit.template [14ms]
2025-03-27 12:29:35.541 [info] > git config --get commit.template [21ms]
2025-03-27 12:29:35.542 [info] > git config --get --local branch.main.vscode-merge-base [5ms]
2025-03-27 12:29:35.563 [info] > git for-each-ref --format=%(refname)%00%(upstream:short)%00%(objectname)%00%(upstream:track)%00%(upstream:remotename)%00%(upstream:remoteref) refs/heads/main refs/remotes/main [8ms]
2025-03-27 12:29:35.563 [info] > git for-each-ref --format=%(refname)%00%(upstream:short)%00%(objectname)%00%(upstream:track)%00%(upstream:remotename)%00%(upstream:remoteref) refs/heads/origin/main refs/remotes/origin/main [15ms]
2025-03-27 12:29:35.573 [info] > git for-each-ref --format=%(refname)%00%(upstream:short)%00%(objectname)%00%(upstream:track)%00%(upstream:remotename)%00%(upstream:remoteref) refs/heads/main refs/remotes/main [11ms]
2025-03-27 12:29:35.576 [info] > git merge-base refs/heads/main refs/remotes/origin/main [5ms]
2025-03-27 12:29:35.594 [info] > git merge-base refs/heads/main refs/remotes/origin/main [5ms]
2025-03-27 12:29:35.600 [info] > git diff --name-status -z --diff-filter=ADMR 648f0eafb52179ad8e6e68f9013727e5461b1612...refs/remotes/origin/main [18ms]
2025-03-27 12:29:35.625 [info] > git diff --name-status -z --diff-filter=ADMR 648f0eafb52179ad8e6e68f9013727e5461b1612...refs/remotes/origin/main [26ms]
2025-03-27 12:29:35.632 [info] > git for-each-ref --sort -committerdate --format %(refname) %(objectname) %(*objectname) [10ms]
2025-03-27 12:29:36.456 [info] > git status -z -uall [844ms]
2025-03-27 12:29:37.324 [info] > git check-ignore -v -z --stdin [79ms]
