2025-03-05 12:03:55.769 [info] [main] Log level: Info
2025-03-05 12:03:55.769 [info] [main] Validating found git in: "git"
2025-03-05 12:03:55.769 [info] [main] Using git "2.34.1" from "git"
2025-03-05 12:03:55.769 [info] [Model][doInitialScan] Initial repository scan started
2025-03-05 12:03:55.769 [info] > git rev-parse --show-toplevel [134ms]
2025-03-05 12:03:55.769 [info] > git rev-parse --git-dir --git-common-dir [39ms]
2025-03-05 12:03:55.769 [info] [Model][openRepository] Opened repository: /home/soufian/holbertonschool-higher_level_programming
2025-03-05 12:03:55.777 [info] > git rev-parse --show-toplevel [21ms]
2025-03-05 12:03:55.781 [info] > git config --get commit.template [37ms]
2025-03-05 12:03:55.919 [info] > git for-each-ref --format=%(refname)%00%(upstream:short)%00%(objectname)%00%(upstream:track)%00%(upstream:remotename)%00%(upstream:remoteref) refs/heads/main refs/remotes/main [40ms]
2025-03-05 12:03:56.014 [info] > git status -z -uall [61ms]
2025-03-05 12:03:56.014 [info] > git for-each-ref --sort -committerdate --format %(refname) %(objectname) %(*objectname) [47ms]
2025-03-05 12:03:56.126 [info] > git rev-parse --show-toplevel [185ms]
2025-03-05 12:03:56.244 [info] > git for-each-ref --format=%(refname)%00%(upstream:short)%00%(objectname)%00%(upstream:track)%00%(upstream:remotename)%00%(upstream:remoteref) refs/heads/main refs/remotes/main [132ms]
2025-03-05 12:03:56.265 [info] > git rev-parse --show-toplevel [70ms]
2025-03-05 12:03:56.267 [info] > git config --get commit.template [81ms]
2025-03-05 12:03:56.309 [info] > git config --get --local branch.main.vscode-merge-base [52ms]
2025-03-05 12:03:56.309 [warning] [Git][config] git config failed: Failed to execute git
2025-03-05 12:03:56.743 [info] > git rev-parse --show-toplevel [438ms]
2025-03-05 12:03:56.770 [info] > git check-ignore -v -z --stdin [21ms]
2025-03-05 12:03:56.772 [info] > git for-each-ref --format=%(refname)%00%(upstream:short)%00%(objectname)%00%(upstream:track)%00%(upstream:remotename)%00%(upstream:remoteref) refs/heads/main refs/remotes/main [441ms]
2025-03-05 12:03:56.772 [info] > git reflog main --grep-reflog=branch: Created from *. [452ms]
2025-03-05 12:03:56.783 [info] > git rev-parse --show-toplevel [14ms]
2025-03-05 12:03:56.798 [info] > git symbolic-ref --short refs/remotes/origin/HEAD [21ms]
2025-03-05 12:03:56.798 [info] fatal: ref refs/remotes/origin/HEAD is not a symbolic ref
2025-03-05 12:03:56.799 [warning] [Repository][getDefaultBranch] Failed to get default branch details: Failed to execute git.
2025-03-05 12:03:56.811 [info] > git rev-parse --show-toplevel [13ms]
2025-03-05 12:03:56.829 [info] > git merge-base refs/heads/main refs/remotes/origin/main [24ms]
2025-03-05 12:03:56.850 [info] > git status -z -uall [30ms]
2025-03-05 12:03:56.851 [info] > git for-each-ref --sort -committerdate --format %(refname) %(objectname) %(*objectname) [24ms]
2025-03-05 12:03:56.874 [info] > git rev-parse --show-toplevel [27ms]
2025-03-05 12:03:56.874 [info] > git diff --name-status -z --diff-filter=ADMR db67211841b0c44061479c79b9234578547cdd8f...refs/remotes/origin/main [38ms]
2025-03-05 12:03:56.886 [info] > git merge-base refs/heads/main refs/remotes/origin/main [17ms]
2025-03-05 12:03:56.894 [info] > git rev-parse --show-toplevel [10ms]
2025-03-05 12:03:56.911 [info] > git diff --name-status -z --diff-filter=ADMR db67211841b0c44061479c79b9234578547cdd8f...refs/remotes/origin/main [19ms]
2025-03-05 12:03:56.915 [info] > git rev-parse --show-toplevel [5ms]
2025-03-05 12:03:56.929 [info] > git rev-parse --show-toplevel [4ms]
2025-03-05 12:03:56.947 [info] > git rev-parse --show-toplevel [6ms]
2025-03-05 12:03:56.964 [info] > git rev-parse --show-toplevel [8ms]
2025-03-05 12:03:56.981 [info] > git rev-parse --show-toplevel [8ms]
2025-03-05 12:03:56.998 [info] > git rev-parse --show-toplevel [6ms]
2025-03-05 12:03:57.010 [info] > git rev-parse --show-toplevel [3ms]
2025-03-05 12:03:57.016 [info] [Model][doInitialScan] Initial repository scan completed - repositories (1), closed repositories (0), parent repositories (0), unsafe repositories (0)
2025-03-05 12:03:57.037 [info] > git show --textconv :python-abc/main_05_dragon.py [13ms]
2025-03-05 12:03:57.042 [info] > git ls-files --stage -- /home/soufian/holbertonschool-higher_level_programming/python-abc/main_05_dragon.py [8ms]
2025-03-05 12:03:57.055 [info] > git cat-file -s febbad0ae9f67d12e159b24f9987bd05c0cb9810 [5ms]
2025-03-05 12:03:57.207 [info] > git blame --root --incremental db67211841b0c44061479c79b9234578547cdd8f -- /home/soufian/holbertonschool-higher_level_programming/python-abc/main_05_dragon.py [66ms]
2025-03-05 12:03:57.372 [info] > git ls-files --stage -- /home/soufian/holbertonschool-higher_level_programming/python-abc/main_05_dragon.py [5ms]
2025-03-05 12:03:57.384 [info] > git cat-file -s febbad0ae9f67d12e159b24f9987bd05c0cb9810 [4ms]
2025-03-05 12:03:57.408 [info] > git show --textconv :python-abc/main_05_dragon.py [4ms]
2025-03-05 12:03:59.229 [info] > git check-ignore -v -z --stdin [8ms]
2025-03-05 12:04:05.864 [info] > git fetch [10149ms]
2025-03-05 12:04:05.864 [info] fatal: unable to access 'https://github.com/Souff06/holbertonschool-higher_level_programming.git/': Could not resolve host: github.com
2025-03-05 12:04:05.873 [info] > git config --get commit.template [4ms]
2025-03-05 12:04:05.874 [info] > git for-each-ref --format=%(refname)%00%(upstream:short)%00%(objectname)%00%(upstream:track)%00%(upstream:remotename)%00%(upstream:remoteref) refs/heads/main refs/remotes/main [2ms]
2025-03-05 12:04:05.884 [info] > git status -z -uall [6ms]
2025-03-05 12:04:05.886 [info] > git for-each-ref --sort -committerdate --format %(refname) %(objectname) %(*objectname) [2ms]
