2025-03-27 12:26:41.010 [info] [main] Log level: Info
2025-03-27 12:26:41.010 [info] [main] Validating found git in: "git"
2025-03-27 12:26:41.010 [info] [main] Using git "2.34.1" from "git"
2025-03-27 12:26:41.010 [info] [Model][doInitialScan] Initial repository scan started
2025-03-27 12:26:41.010 [info] > git rev-parse --show-toplevel [9ms]
2025-03-27 12:26:41.010 [info] > git rev-parse --git-dir --git-common-dir [13ms]
2025-03-27 12:26:41.010 [info] [Model][openRepository] Opened repository: /home/soufian
2025-03-27 12:26:41.010 [info] > git config --get commit.template [22ms]
2025-03-27 12:26:41.012 [info] > git rev-parse --show-toplevel [15ms]
2025-03-27 12:26:41.026 [info] [Model][doInitialScan] Initial repository scan completed - repositories (1), closed repositories (0), parent repositories (0), unsafe repositories (0)
2025-03-27 12:26:41.054 [info] > git for-each-ref --format=%(refname)%00%(upstream:short)%00%(objectname)%00%(upstream:track)%00%(upstream:remotename)%00%(upstream:remoteref) refs/heads/main refs/remotes/main [10ms]
2025-03-27 12:26:41.103 [info] > git for-each-ref --sort -committerdate --format %(refname) %(objectname) %(*objectname) [12ms]
2025-03-27 12:26:41.568 [info] > git fetch [608ms]
2025-03-27 12:26:41.590 [info] > git status -z -uall [509ms] (cancelled)
2025-03-27 12:26:41.590 [info] > git for-each-ref --format=%(refname)%00%(upstream:short)%00%(objectname)%00%(upstream:track)%00%(upstream:remotename)%00%(upstream:remoteref) refs/heads/main refs/remotes/main [13ms]
2025-03-27 12:26:41.598 [info] > git config --get --local branch.main.vscode-merge-base [3ms]
2025-03-27 12:26:41.603 [info] > git config --get commit.template [14ms]
2025-03-27 12:26:41.604 [info] > git config --get commit.template [19ms]
2025-03-27 12:26:41.625 [info] > git for-each-ref --format=%(refname)%00%(upstream:short)%00%(objectname)%00%(upstream:track)%00%(upstream:remotename)%00%(upstream:remoteref) refs/heads/main refs/remotes/main [11ms]
2025-03-27 12:26:41.625 [info] > git for-each-ref --format=%(refname)%00%(upstream:short)%00%(objectname)%00%(upstream:track)%00%(upstream:remotename)%00%(upstream:remoteref) refs/heads/origin/main refs/remotes/origin/main [23ms]
2025-03-27 12:26:41.650 [info] > git for-each-ref --format=%(refname)%00%(upstream:short)%00%(objectname)%00%(upstream:track)%00%(upstream:remotename)%00%(upstream:remoteref) refs/heads/main refs/remotes/main [28ms]
2025-03-27 12:26:41.656 [info] > git merge-base refs/heads/main refs/remotes/origin/main [22ms]
2025-03-27 12:26:41.674 [info] > git diff --name-status -z --diff-filter=ADMR 0f5c722c9209c4fa4553590e57c941205341116e...refs/remotes/origin/main [12ms]
2025-03-27 12:26:41.688 [info] > git merge-base refs/heads/main refs/remotes/origin/main [16ms]
2025-03-27 12:26:41.715 [info] > git for-each-ref --sort -committerdate --format %(refname) %(objectname) %(*objectname) [29ms]
2025-03-27 12:26:41.999 [info] > git diff --name-status -z --diff-filter=ADMR 0f5c722c9209c4fa4553590e57c941205341116e...refs/remotes/origin/main [304ms]
2025-03-27 12:26:42.017 [info] > git check-ignore -v -z --stdin [12ms]
2025-03-27 12:26:42.304 [info] > git status -z -uall [625ms] (cancelled)
2025-03-27 12:26:47.540 [info] > git check-ignore -v -z --stdin [132ms]
2025-03-27 12:26:50.446 [info] > git check-ignore -v -z --stdin [112ms]
2025-03-27 12:26:55.662 [info] > git show --textconv :holbertonschool-web_back_end/ES6_basic/nodesource_setup.sh [28ms]
2025-03-27 12:26:55.679 [info] > git hash-object -t tree /dev/null [5ms]
2025-03-27 12:26:55.680 [warning] [GitFileSystemProvider][readFile] File not found - git:/home/soufian/holbertonschool-web_back_end/ES6_basic/nodesource_setup.sh.git?%7B%22path%22%3A%22%2Fhome%2Fsoufian%2Fholbertonschool-web_back_end%2FES6_basic%2Fnodesource_setup.sh%22%2C%22ref%22%3A%22%22%7D
2025-03-27 12:26:55.689 [info] > git ls-files --stage -- holbertonschool-web_back_end/ES6_basic/nodesource_setup.sh [38ms]
2025-03-27 12:26:55.692 [warning] [GitFileSystemProvider][stat] File not found - git:/home/soufian/holbertonschool-web_back_end/ES6_basic/nodesource_setup.sh.git?%7B%22path%22%3A%22%2Fhome%2Fsoufian%2Fholbertonschool-web_back_end%2FES6_basic%2Fnodesource_setup.sh%22%2C%22ref%22%3A%22%22%7D
2025-03-27 12:26:57.437 [info] > git check-ignore -v -z --stdin [50ms]
2025-03-27 12:27:00.874 [info] > git check-ignore -v -z --stdin [37ms]
2025-03-27 12:27:05.780 [info] > git log --format=%H%n%aN%n%aE%n%at%n%ct%n%P%n%D%n%B -z --shortstat --diff-merges=first-parent -n50 --skip=0 --topo-order --decorate=full --stdin [8941ms]
2025-03-27 12:27:07.939 [info] > git -c user.useConfigOnly=true commit --quiet --allow-empty-message --file - [368ms]
2025-03-27 12:27:07.952 [info] > git config --get commit.template [3ms]
2025-03-27 12:27:07.970 [info] > git config --get commit.template [9ms]
2025-03-27 12:27:07.973 [info] > git for-each-ref --format=%(refname)%00%(upstream:short)%00%(objectname)%00%(upstream:track)%00%(upstream:remotename)%00%(upstream:remoteref) refs/heads/main refs/remotes/main [4ms]
2025-03-27 12:27:08.005 [info] > git for-each-ref --sort -committerdate --format %(refname) %(objectname) %(*objectname) [8ms]
2025-03-27 12:27:08.402 [info] > git status -z -uall [419ms]
2025-03-27 12:27:10.021 [info] > git merge-base refs/heads/main refs/remotes/origin/main [1467ms]
2025-03-27 12:27:10.040 [info] > git diff --name-status -z --diff-filter=ADMR 0f5c722c9209c4fa4553590e57c941205341116e...refs/remotes/origin/main [12ms]
2025-03-27 12:27:10.589 [info] > git check-ignore -v -z --stdin [78ms]
2025-03-27 12:27:13.192 [info] > git push origin main:main [4626ms]
2025-03-27 12:27:13.192 [info] To https://github.com/Souff06/holbertonschool-higher_level_programming
   0f5c722c..197c54d1  main -> main
2025-03-27 12:27:13.209 [info] > git config --get commit.template [9ms]
2025-03-27 12:27:13.210 [info] > git for-each-ref --format=%(refname)%00%(upstream:short)%00%(objectname)%00%(upstream:track)%00%(upstream:remotename)%00%(upstream:remoteref) refs/heads/main refs/remotes/main [3ms]
2025-03-27 12:27:13.248 [info] > git for-each-ref --sort -committerdate --format %(refname) %(objectname) %(*objectname) [7ms]
2025-03-27 12:27:13.653 [info] > git status -z -uall [433ms]
2025-03-27 12:27:13.736 [info] > git merge-base refs/heads/main refs/remotes/origin/main [11ms]
2025-03-27 12:27:13.744 [info] > git diff --name-status -z --diff-filter=ADMR 197c54d12592ae65fc08d9ab7b89df6ecff8fefb...refs/remotes/origin/main [2ms]
2025-03-27 12:27:14.897 [info] > git config --get commit.template [1126ms]
2025-03-27 12:27:14.897 [info] > git log --format=%H%n%aN%n%aE%n%at%n%ct%n%P%n%D%n%B -z --shortstat --diff-merges=first-parent -n50 --skip=0 --topo-order --decorate=full --stdin [4881ms]
2025-03-27 12:27:14.924 [info] > git for-each-ref --format=%(refname)%00%(upstream:short)%00%(objectname)%00%(upstream:track)%00%(upstream:remotename)%00%(upstream:remoteref) refs/heads/main refs/remotes/main [6ms]
2025-03-27 12:27:14.991 [info] > git for-each-ref --sort -committerdate --format %(refname) %(objectname) %(*objectname) [8ms]
2025-03-27 12:27:15.365 [info] > git status -z -uall [401ms]
2025-03-27 12:27:18.581 [info] > git config --get commit.template [6ms]
2025-03-27 12:27:18.581 [info] > git for-each-ref --format=%(refname)%00%(upstream:short)%00%(objectname)%00%(upstream:track)%00%(upstream:remotename)%00%(upstream:remoteref) refs/heads/main refs/remotes/main [1ms]
2025-03-27 12:27:18.595 [info] > git for-each-ref --sort -committerdate --format %(refname) %(objectname) %(*objectname) [3ms]
2025-03-27 12:27:18.843 [info] > git status -z -uall [256ms]
2025-03-27 12:27:23.931 [info] > git config --get commit.template [7ms]
2025-03-27 12:27:23.932 [info] > git for-each-ref --format=%(refname)%00%(upstream:short)%00%(objectname)%00%(upstream:track)%00%(upstream:remotename)%00%(upstream:remoteref) refs/heads/main refs/remotes/main [2ms]
2025-03-27 12:27:23.948 [info] > git for-each-ref --sort -committerdate --format %(refname) %(objectname) %(*objectname) [3ms]
2025-03-27 12:27:24.448 [info] > git status -z -uall [510ms]
