2025-03-18 15:50:26.227 [info] Extension host with pid 1233 started
2025-03-18 15:50:26.251 [info] Lock '/home/soufian/.vscode-server/data/User/workspaceStorage/81297a1046399a998693f0aecde550ae/vscode.lock': Lock acquired.
2025-03-18 15:50:26.321 [info] ExtensionService#_doActivateExtension vscode.git-base, startup: true, activationEvent: '*', root cause: vscode.git
2025-03-18 15:50:26.406 [info] ExtensionService#_doActivateExtension vscode.git, startup: true, activationEvent: '*'
2025-03-18 15:50:26.407 [info] ExtensionService#_doActivateExtension vscode.github, startup: true, activationEvent: '*'
2025-03-18 15:50:26.652 [info] Eager extensions activated
2025-03-18 15:50:26.652 [info] ExtensionService#_doActivateExtension vscode.debug-auto-launch, startup: false, activationEvent: 'onStartupFinished'
2025-03-18 15:50:26.653 [info] ExtensionService#_doActivateExtension vscode.merge-conflict, startup: false, activationEvent: 'onStartupFinished'
2025-03-18 15:50:26.653 [info] ExtensionService#_doActivateExtension EditorConfig.EditorConfig, startup: false, activationEvent: 'onStartupFinished'
2025-03-18 15:50:28.115 [info] ExtensionService#_doActivateExtension vscode.extension-editing, startup: false, activationEvent: 'onLanguage:markdown'
2025-03-18 15:50:28.115 [info] ExtensionService#_doActivateExtension vscode.markdown-language-features, startup: false, activationEvent: 'onLanguage:markdown'
2025-03-18 15:50:28.116 [info] ExtensionService#_doActivateExtension vscode.emmet, startup: false, activationEvent: 'onLanguage'
2025-03-18 15:50:28.585 [info] ExtensionService#_doActivateExtension vscode.markdown-math, startup: false, activationEvent: 'api', root cause: vscode.markdown-language-features
2025-03-18 15:54:27.381 [info] ExtensionService#_doActivateExtension vscode.html-language-features, startup: false, activationEvent: 'onLanguage:html'
2025-03-18 16:20:43.248 [warning] [Decorations] CAPPING events from decorations provider vscode.git 10001
2025-03-18 16:20:44.545 [warning] [Decorations] CAPPING events from decorations provider vscode.git 10001
2025-03-18 16:21:19.476 [warning] [Decorations] CAPPING events from decorations provider vscode.git 10002
2025-03-18 16:21:20.702 [warning] [Decorations] CAPPING events from decorations provider vscode.git 10000
2025-03-18 16:21:42.318 [warning] [Decorations] CAPPING events from decorations provider vscode.git 10000
2025-03-18 16:22:18.705 [warning] [Decorations] CAPPING events from decorations provider vscode.git 10000
2025-03-18 16:22:50.732 [info] Extension host terminating: received terminate message from renderer
2025-03-18 16:22:50.733 [info] Lock '/home/soufian/.vscode-server/data/User/workspaceStorage/81297a1046399a998693f0aecde550ae/vscode.lock': Marking the lockfile as scheduled to be released in 6000 ms.
2025-03-18 16:22:50.789 [info] Extension host with pid 1233 exiting with code 0
