Initializing document watcher...
Document watcher initialized
holbertonschool-higher_level_programming/python-abc/main_05_dragon.py: {}
holbertonschool-higher_level_programming/python-abc/main_05_dragon.py: {}
holbertonschool-higher_level_programming/python-abc/main_05_dragon.py: {}
holbertonschool-higher_level_programming/python-abc/main_05_dragon.py: {}
holbertonschool-higher_level_programming/python-abc/main_05_dragon.py: {}
holbertonschool-higher_level_programming/python-abc/main_05_dragon.py: {}
holbertonschool-higher_level_programming/python-abc/main_05_dragon.py: {}
holbertonschool-higher_level_programming/python-abc/main_05_dragon.py: {}
holbertonschool-higher_level_programming/python-abc/main_05_dragon.py: {}
holbertonschool-higher_level_programming/python-abc/main_05_dragon.py: {}
holbertonschool-higher_level_programming/python-abc/main_05_dragon.py: {}
holbertonschool-higher_level_programming/python-abc/main_05_dragon.py: {}
holbertonschool-higher_level_programming/python-abc/main_05_dragon.py: {}
holbertonschool-higher_level_programming/0-list_databases.sql: {}
holbertonschool-higher_level_programming/0-list_databases.sql: {}
holbertonschool-higher_level_programming/0-list_databases.sql: {}
holbertonschool-higher_level_programming/0-list_databases.sql: {}
holbertonschool-higher_level_programming/0-list_databases.sql: {}
holbertonschool-higher_level_programming/0-list_databases.sql: {}
holbertonschool-higher_level_programming/0-list_databases.sql: {}
holbertonschool-higher_level_programming/0-list_databases.sql: {}
holbertonschool-higher_level_programming/0-list_databases.sql: {}
holbertonschool-higher_level_programming/0-list_databases.sql: {}
holbertonschool-higher_level_programming/SQL_introduction/0-list_databases.sql: {}
holbertonschool-higher_level_programming/SQL_introduction/0-list_databases.sql: {}
holbertonschool-higher_level_programming/SQL_introduction/0-list_databases.sql: {}
holbertonschool-higher_level_programming/SQL_introduction/0-list_databases.sql: Using EditorConfig core...
holbertonschool-higher_level_programming/SQL_introduction/0-list_databases.sql: Using EditorConfig core...
holbertonschool-higher_level_programming/SQL_introduction/0-list_databases.sql: Using EditorConfig core...
holbertonschool-higher_level_programming/SQL_introduction/0-list_databases.sql: {}
holbertonschool-higher_level_programming/SQL_introduction/0-list_databases.sql: Using EditorConfig core...
holbertonschool-higher_level_programming/SQL_introduction/0-list_databases.sql: Using EditorConfig core...
holbertonschool-higher_level_programming/SQL_introduction/0-list_databases.sql: Using EditorConfig core...
holbertonschool-higher_level_programming/SQL_introduction/0-list_databases.sql: {}
holbertonschool-higher_level_programming/SQL_introduction/0-list_databases.sql: {}
holbertonschool-higher_level_programming/SQL_introduction/0-list_databases.sql: {}
holbertonschool-higher_level_programming/SQL_introduction/0-list_databases.sql: {}
holbertonschool-higher_level_programming/SQL_introduction/0-list_databases.sql: {}
holbertonschool-higher_level_programming/SQL_introduction/0-list_databases.sql: {}
holbertonschool-higher_level_programming/SQL_introduction/0-list_databases.sql: {}
holbertonschool-higher_level_programming/SQL_introduction/0-list_databases.sql: {}
holbertonschool-higher_level_programming/SQL_introduction/0-list_databases.sql: {}
holbertonschool-higher_level_programming/SQL_introduction/0-list_databases.sql: {}
holbertonschool-higher_level_programming/SQL_introduction/0-list_databases.sql: {}
holbertonschool-higher_level_programming/SQL_introduction/0-list_databases.sql: {}
holbertonschool-higher_level_programming/SQL_introduction/0-list_databases.sql: {}
holbertonschool-higher_level_programming/SQL_introduction/0-list_databases.sql: {}
holbertonschool-higher_level_programming/SQL_introduction/0-list_databases.sql: {}
holbertonschool-higher_level_programming/SQL_introduction/0-list_databases.sql: {}
holbertonschool-higher_level_programming/SQL_introduction/0-list_databases.sql: {}
holbertonschool-higher_level_programming/SQL_introduction/0-list_databases.sql: {}
holbertonschool-higher_level_programming/SQL_introduction/0-list_databases.sql: {}
holbertonschool-higher_level_programming/SQL_introduction/0-list_databases.sql: {}
holbertonschool-higher_level_programming/SQL_introduction/0-list_databases.sql: {}
holbertonschool-higher_level_programming/SQL_introduction/0-list_databases.sql: {}
holbertonschool-higher_level_programming/SQL_introduction/0-list_databases.sql: Using EditorConfig core...
holbertonschool-higher_level_programming/SQL_introduction/0-list_databases.sql: Using EditorConfig core...
holbertonschool-higher_level_programming/SQL_introduction/0-list_databases.sql: {}
holbertonschool-higher_level_programming/SQL_introduction/0-list_databases.sql: {}
holbertonschool-higher_level_programming/SQL_introduction/0-list_databases.sql: Using EditorConfig core...
holbertonschool-higher_level_programming/SQL_introduction/0-list_databases.sql: Using EditorConfig core...
holbertonschool-higher_level_programming/SQL_introduction/0-list_databases.sql: Using EditorConfig core...
holbertonschool-higher_level_programming/SQL_introduction/0-list_databases.sql: Using EditorConfig core...
holbertonschool-higher_level_programming/SQL_introduction/0-list_databases.sql: Using EditorConfig core...
holbertonschool-higher_level_programming/SQL_introduction/0-list_databases.sql: Using EditorConfig core...
holbertonschool-higher_level_programming/SQL_introduction/0-list_databases.sql: Using EditorConfig core...
holbertonschool-higher_level_programming/SQL_introduction/0-list_databases.sql: {}
holbertonschool-higher_level_programming/SQL_introduction/0-list_databases.sql: Using EditorConfig core...
holbertonschool-higher_level_programming/SQL_introduction/0-list_databases.sql: Using EditorConfig core...
holbertonschool-higher_level_programming/SQL_introduction/0-list_databases.sql: Using EditorConfig core...
holbertonschool-higher_level_programming/SQL_introduction/0-list_databases.sql: Using EditorConfig core...
holbertonschool-higher_level_programming/SQL_introduction/0-list_databases.sql: Using EditorConfig core...
holbertonschool-higher_level_programming/SQL_introduction/0-list_databases.sql: Using EditorConfig core...
holbertonschool-higher_level_programming/SQL_introduction/0-list_databases.sql: Using EditorConfig core...
holbertonschool-higher_level_programming/SQL_introduction/0-list_databases.sql: Using EditorConfig core...
holbertonschool-higher_level_programming/SQL_introduction/0-list_databases.sql: {}
holbertonschool-higher_level_programming/SQL_introduction/0-list_databases.sql: {}
holbertonschool-higher_level_programming/SQL_introduction/0-list_databases.sql: {}
holbertonschool-higher_level_programming/SQL_introduction/0-list_databases.sql: Using EditorConfig core...
holbertonschool-higher_level_programming/SQL_introduction/0-list_databases.sql: {}
holbertonschool-higher_level_programming/SQL_introduction/0-list_databases.sql: {}
holbertonschool-higher_level_programming/SQL_introduction/1-create_database_if_missing.sql: {}
holbertonschool-higher_level_programming/SQL_introduction/0-list_databases.sql: {}
holbertonschool-higher_level_programming/SQL_introduction/1-create_database_if_missing.sql: {}
holbertonschool-higher_level_programming/SQL_introduction/1-create_database_if_missing.sql: Using EditorConfig core...
holbertonschool-higher_level_programming/SQL_introduction/1-create_database_if_missing.sql: Using EditorConfig core...
holbertonschool-higher_level_programming/SQL_introduction/1-create_database_if_missing.sql: Using EditorConfig core...
holbertonschool-higher_level_programming/SQL_introduction/1-create_database_if_missing.sql: Using EditorConfig core...
holbertonschool-higher_level_programming/SQL_introduction/1-create_database_if_missing.sql: Using EditorConfig core...
holbertonschool-higher_level_programming/SQL_introduction/1-create_database_if_missing.sql: Using EditorConfig core...
holbertonschool-higher_level_programming/SQL_introduction/1-create_database_if_missing.sql: Using EditorConfig core...
holbertonschool-higher_level_programming/SQL_introduction/1-create_database_if_missing.sql: Using EditorConfig core...
holbertonschool-higher_level_programming/SQL_introduction/1-create_database_if_missing.sql: Using EditorConfig core...
holbertonschool-higher_level_programming/SQL_introduction/1-create_database_if_missing.sql: Using EditorConfig core...
holbertonschool-higher_level_programming/SQL_introduction/1-create_database_if_missing.sql: Using EditorConfig core...
holbertonschool-higher_level_programming/SQL_introduction/1-create_database_if_missing.sql: Using EditorConfig core...
holbertonschool-higher_level_programming/SQL_introduction/1-create_database_if_missing.sql: Using EditorConfig core...
holbertonschool-higher_level_programming/SQL_introduction/1-create_database_if_missing.sql: {}
holbertonschool-higher_level_programming/SQL_introduction/1-create_database_if_missing.sql: Using EditorConfig core...
holbertonschool-higher_level_programming/SQL_introduction/1-create_database_if_missing.sql: Using EditorConfig core...
holbertonschool-higher_level_programming/SQL_introduction/1-create_database_if_missing.sql: Using EditorConfig core...
holbertonschool-higher_level_programming/SQL_introduction/1-create_database_if_missing.sql: Using EditorConfig core...
holbertonschool-higher_level_programming/SQL_introduction/1-create_database_if_missing.sql: Using EditorConfig core...
holbertonschool-higher_level_programming/SQL_introduction/1-create_database_if_missing.sql: Using EditorConfig core...
holbertonschool-higher_level_programming/SQL_introduction/1-create_database_if_missing.sql: Using EditorConfig core...
holbertonschool-higher_level_programming/SQL_introduction/1-create_database_if_missing.sql: Using EditorConfig core...
holbertonschool-higher_level_programming/SQL_introduction/1-create_database_if_missing.sql: {}
holbertonschool-higher_level_programming/SQL_introduction/1-create_database_if_missing.sql: Using EditorConfig core...
holbertonschool-higher_level_programming/SQL_introduction/1-create_database_if_missing.sql: Using EditorConfig core...
holbertonschool-higher_level_programming/SQL_introduction/1-create_database_if_missing.sql: {}
holbertonschool-higher_level_programming/SQL_introduction/1-create_database_if_missing.sql: Using EditorConfig core...
holbertonschool-higher_level_programming/SQL_introduction/1-create_database_if_missing.sql: Using EditorConfig core...
holbertonschool-higher_level_programming/SQL_introduction/1-create_database_if_missing.sql: Using EditorConfig core...
holbertonschool-higher_level_programming/SQL_introduction/1-create_database_if_missing.sql: {}
holbertonschool-higher_level_programming/SQL_introduction/1-create_database_if_missing.sql: {}
holbertonschool-higher_level_programming/SQL_introduction/0-list_databases.sql: {}
holbertonschool-higher_level_programming/SQL_introduction/1-create_database_if_missing.sql: {}
holbertonschool-higher_level_programming/SQL_introduction/0-list_databases.sql: {}
holbertonschool-higher_level_programming/SQL_introduction/1-create_database_if_missing.sql: {}
holbertonschool-higher_level_programming/SQL_introduction/1-create_database_if_missing.sql: {}
holbertonschool-higher_level_programming/SQL_introduction/1-create_database_if_missing.sql: Using EditorConfig core...
holbertonschool-higher_level_programming/SQL_introduction/1-create_database_if_missing.sql: Using EditorConfig core...
holbertonschool-higher_level_programming/SQL_introduction/1-create_database_if_missing.sql: Using EditorConfig core...
holbertonschool-higher_level_programming/SQL_introduction/1-create_database_if_missing.sql: Using EditorConfig core...
holbertonschool-higher_level_programming/SQL_introduction/1-create_database_if_missing.sql: {}
holbertonschool-higher_level_programming/SQL_introduction/2-remove_database.sql: {}
holbertonschool-higher_level_programming/SQL_introduction/1-create_database_if_missing.sql: {}
holbertonschool-higher_level_programming/SQL_introduction/2-remove_database.sql: {}
holbertonschool-higher_level_programming/SQL_introduction/2-remove_database.sql: Using EditorConfig core...
holbertonschool-higher_level_programming/SQL_introduction/2-remove_database.sql: Using EditorConfig core...
holbertonschool-higher_level_programming/SQL_introduction/2-remove_database.sql: Using EditorConfig core...
holbertonschool-higher_level_programming/SQL_introduction/2-remove_database.sql: Using EditorConfig core...
holbertonschool-higher_level_programming/SQL_introduction/2-remove_database.sql: Using EditorConfig core...
holbertonschool-higher_level_programming/SQL_introduction/2-remove_database.sql: Using EditorConfig core...
holbertonschool-higher_level_programming/SQL_introduction/2-remove_database.sql: Using EditorConfig core...
holbertonschool-higher_level_programming/SQL_introduction/2-remove_database.sql: Using EditorConfig core...
holbertonschool-higher_level_programming/SQL_introduction/2-remove_database.sql: Using EditorConfig core...
holbertonschool-higher_level_programming/SQL_introduction/2-remove_database.sql: Using EditorConfig core...
holbertonschool-higher_level_programming/SQL_introduction/2-remove_database.sql: Using EditorConfig core...
holbertonschool-higher_level_programming/SQL_introduction/2-remove_database.sql: Using EditorConfig core...
holbertonschool-higher_level_programming/SQL_introduction/2-remove_database.sql: Using EditorConfig core...
holbertonschool-higher_level_programming/SQL_introduction/2-remove_database.sql: {}
holbertonschool-higher_level_programming/SQL_introduction/2-remove_database.sql: {}
holbertonschool-higher_level_programming/SQL_introduction/2-remove_database.sql: Using EditorConfig core...
holbertonschool-higher_level_programming/SQL_introduction/2-remove_database.sql: {}
holbertonschool-higher_level_programming/SQL_introduction/2-remove_database.sql: {}
holbertonschool-higher_level_programming/SQL_introduction/2-remove_database.sql: Using EditorConfig core...
holbertonschool-higher_level_programming/SQL_introduction/2-remove_database.sql: Using EditorConfig core...
holbertonschool-higher_level_programming/SQL_introduction/2-remove_database.sql: Using EditorConfig core...
holbertonschool-higher_level_programming/SQL_introduction/2-remove_database.sql: Using EditorConfig core...
holbertonschool-higher_level_programming/SQL_introduction/2-remove_database.sql: Using EditorConfig core...
holbertonschool-higher_level_programming/SQL_introduction/2-remove_database.sql: {}
holbertonschool-higher_level_programming/SQL_introduction/2-remove_database.sql: {}
holbertonschool-higher_level_programming/SQL_introduction/2-remove_database.sql: {}
holbertonschool-higher_level_programming/SQL_introduction/3-list_tables.sql: {}
holbertonschool-higher_level_programming/SQL_introduction/2-remove_database.sql: {}
holbertonschool-higher_level_programming/SQL_introduction/3-list_tables.sql: {}
holbertonschool-higher_level_programming/SQL_introduction/3-list_tables.sql: Using EditorConfig core...
holbertonschool-higher_level_programming/SQL_introduction/3-list_tables.sql: Using EditorConfig core...
holbertonschool-higher_level_programming/SQL_introduction/3-list_tables.sql: Using EditorConfig core...
holbertonschool-higher_level_programming/SQL_introduction/3-list_tables.sql: Using EditorConfig core...
holbertonschool-higher_level_programming/SQL_introduction/3-list_tables.sql: Using EditorConfig core...
holbertonschool-higher_level_programming/SQL_introduction/3-list_tables.sql: Using EditorConfig core...
holbertonschool-higher_level_programming/SQL_introduction/3-list_tables.sql: {}
holbertonschool-higher_level_programming/SQL_introduction/3-list_tables.sql: Using EditorConfig core...
holbertonschool-higher_level_programming/SQL_introduction/3-list_tables.sql: Using EditorConfig core...
holbertonschool-higher_level_programming/SQL_introduction/3-list_tables.sql: Using EditorConfig core...
holbertonschool-higher_level_programming/SQL_introduction/3-list_tables.sql: Using EditorConfig core...
holbertonschool-higher_level_programming/SQL_introduction/3-list_tables.sql: Using EditorConfig core...
holbertonschool-higher_level_programming/SQL_introduction/3-list_tables.sql: Using EditorConfig core...
holbertonschool-higher_level_programming/SQL_introduction/3-list_tables.sql: Using EditorConfig core...
holbertonschool-higher_level_programming/SQL_introduction/3-list_tables.sql: Using EditorConfig core...
holbertonschool-higher_level_programming/SQL_introduction/3-list_tables.sql: Using EditorConfig core...
holbertonschool-higher_level_programming/SQL_introduction/3-list_tables.sql: Using EditorConfig core...
holbertonschool-higher_level_programming/SQL_introduction/3-list_tables.sql: {}
holbertonschool-higher_level_programming/SQL_introduction/3-list_tables.sql: Using EditorConfig core...
holbertonschool-higher_level_programming/SQL_introduction/3-list_tables.sql: Using EditorConfig core...
holbertonschool-higher_level_programming/SQL_introduction/3-list_tables.sql: Using EditorConfig core...
holbertonschool-higher_level_programming/SQL_introduction/3-list_tables.sql: Using EditorConfig core...
holbertonschool-higher_level_programming/SQL_introduction/3-list_tables.sql: Using EditorConfig core...
holbertonschool-higher_level_programming/SQL_introduction/3-list_tables.sql: Using EditorConfig core...
holbertonschool-higher_level_programming/SQL_introduction/3-list_tables.sql: {}
holbertonschool-higher_level_programming/SQL_introduction/3-list_tables.sql: Using EditorConfig core...
holbertonschool-higher_level_programming/SQL_introduction/3-list_tables.sql: Using EditorConfig core...
holbertonschool-higher_level_programming/SQL_introduction/3-list_tables.sql: {}
holbertonschool-higher_level_programming/SQL_introduction/3-list_tables.sql: Using EditorConfig core...
holbertonschool-higher_level_programming/SQL_introduction/3-list_tables.sql: {}
holbertonschool-higher_level_programming/SQL_introduction/3-list_tables.sql: Using EditorConfig core...
holbertonschool-higher_level_programming/SQL_introduction/3-list_tables.sql: Using EditorConfig core...
holbertonschool-higher_level_programming/SQL_introduction/3-list_tables.sql: Using EditorConfig core...
holbertonschool-higher_level_programming/SQL_introduction/3-list_tables.sql: Using EditorConfig core...
holbertonschool-higher_level_programming/SQL_introduction/3-list_tables.sql: {}
holbertonschool-higher_level_programming/SQL_introduction/3-list_tables.sql: Using EditorConfig core...
holbertonschool-higher_level_programming/SQL_introduction/3-list_tables.sql: Using EditorConfig core...
holbertonschool-higher_level_programming/SQL_introduction/3-list_tables.sql: Using EditorConfig core...
holbertonschool-higher_level_programming/SQL_introduction/3-list_tables.sql: Using EditorConfig core...
holbertonschool-higher_level_programming/SQL_introduction/3-list_tables.sql: {}
holbertonschool-higher_level_programming/SQL_introduction/3-list_tables.sql: Using EditorConfig core...
holbertonschool-higher_level_programming/SQL_introduction/3-list_tables.sql: Using EditorConfig core...
holbertonschool-higher_level_programming/SQL_introduction/3-list_tables.sql: {}
holbertonschool-higher_level_programming/SQL_introduction/3-list_tables.sql: {}
holbertonschool-higher_level_programming/SQL_introduction/3-list_tables.sql: {}
holbertonschool-higher_level_programming/SQL_introduction/4-first_table.sql: {}
holbertonschool-higher_level_programming/SQL_introduction/4-first_table.sql: Using EditorConfig core...
holbertonschool-higher_level_programming/SQL_introduction/4-first_table.sql: Using EditorConfig core...
holbertonschool-higher_level_programming/SQL_introduction/4-first_table.sql: Using EditorConfig core...
holbertonschool-higher_level_programming/SQL_introduction/4-first_table.sql: Using EditorConfig core...
holbertonschool-higher_level_programming/SQL_introduction/4-first_table.sql: Using EditorConfig core...
holbertonschool-higher_level_programming/SQL_introduction/4-first_table.sql: Using EditorConfig core...
holbertonschool-higher_level_programming/SQL_introduction/4-first_table.sql: Using EditorConfig core...
holbertonschool-higher_level_programming/SQL_introduction/4-first_table.sql: Using EditorConfig core...
holbertonschool-higher_level_programming/SQL_introduction/4-first_table.sql: Using EditorConfig core...
holbertonschool-higher_level_programming/SQL_introduction/4-first_table.sql: Using EditorConfig core...
holbertonschool-higher_level_programming/SQL_introduction/4-first_table.sql: Using EditorConfig core...
holbertonschool-higher_level_programming/SQL_introduction/4-first_table.sql: Using EditorConfig core...
holbertonschool-higher_level_programming/SQL_introduction/4-first_table.sql: Using EditorConfig core...
holbertonschool-higher_level_programming/SQL_introduction/4-first_table.sql: Using EditorConfig core...
holbertonschool-higher_level_programming/SQL_introduction/4-first_table.sql: Using EditorConfig core...
holbertonschool-higher_level_programming/SQL_introduction/4-first_table.sql: Using EditorConfig core...
holbertonschool-higher_level_programming/SQL_introduction/4-first_table.sql: Using EditorConfig core...
holbertonschool-higher_level_programming/SQL_introduction/4-first_table.sql: Using EditorConfig core...
holbertonschool-higher_level_programming/SQL_introduction/4-first_table.sql: {}
holbertonschool-higher_level_programming/SQL_introduction/4-first_table.sql: Using EditorConfig core...
holbertonschool-higher_level_programming/SQL_introduction/4-first_table.sql: Using EditorConfig core...
holbertonschool-higher_level_programming/SQL_introduction/4-first_table.sql: Using EditorConfig core...
holbertonschool-higher_level_programming/SQL_introduction/4-first_table.sql: Using EditorConfig core...
holbertonschool-higher_level_programming/SQL_introduction/4-first_table.sql: {}
holbertonschool-higher_level_programming/SQL_introduction/4-first_table.sql: Using EditorConfig core...
holbertonschool-higher_level_programming/SQL_introduction/4-first_table.sql: {}
holbertonschool-higher_level_programming/SQL_introduction/4-first_table.sql: Using EditorConfig core...
holbertonschool-higher_level_programming/SQL_introduction/4-first_table.sql: Using EditorConfig core...
holbertonschool-higher_level_programming/SQL_introduction/4-first_table.sql: Using EditorConfig core...
holbertonschool-higher_level_programming/SQL_introduction/4-first_table.sql: Using EditorConfig core...
holbertonschool-higher_level_programming/SQL_introduction/4-first_table.sql: Using EditorConfig core...
holbertonschool-higher_level_programming/SQL_introduction/4-first_table.sql: Using EditorConfig core...
holbertonschool-higher_level_programming/SQL_introduction/4-first_table.sql: Using EditorConfig core...
holbertonschool-higher_level_programming/SQL_introduction/4-first_table.sql: Using EditorConfig core...
holbertonschool-higher_level_programming/SQL_introduction/4-first_table.sql: Using EditorConfig core...
holbertonschool-higher_level_programming/SQL_introduction/4-first_table.sql: Using EditorConfig core...
holbertonschool-higher_level_programming/SQL_introduction/4-first_table.sql: Using EditorConfig core...
holbertonschool-higher_level_programming/SQL_introduction/4-first_table.sql: Using EditorConfig core...
holbertonschool-higher_level_programming/SQL_introduction/4-first_table.sql: Using EditorConfig core...
holbertonschool-higher_level_programming/SQL_introduction/4-first_table.sql: {}
holbertonschool-higher_level_programming/SQL_introduction/4-first_table.sql: Using EditorConfig core...
holbertonschool-higher_level_programming/SQL_introduction/4-first_table.sql: Using EditorConfig core...
holbertonschool-higher_level_programming/SQL_introduction/4-first_table.sql: Using EditorConfig core...
holbertonschool-higher_level_programming/SQL_introduction/4-first_table.sql: Using EditorConfig core...
holbertonschool-higher_level_programming/SQL_introduction/4-first_table.sql: Using EditorConfig core...
holbertonschool-higher_level_programming/SQL_introduction/4-first_table.sql: Using EditorConfig core...
holbertonschool-higher_level_programming/SQL_introduction/4-first_table.sql: Using EditorConfig core...
holbertonschool-higher_level_programming/SQL_introduction/4-first_table.sql: Using EditorConfig core...
holbertonschool-higher_level_programming/SQL_introduction/4-first_table.sql: Using EditorConfig core...
holbertonschool-higher_level_programming/SQL_introduction/4-first_table.sql: Using EditorConfig core...
holbertonschool-higher_level_programming/SQL_introduction/4-first_table.sql: {}
holbertonschool-higher_level_programming/SQL_introduction/4-first_table.sql: {}
holbertonschool-higher_level_programming/SQL_introduction/4-first_table.sql: Using EditorConfig core...
holbertonschool-higher_level_programming/SQL_introduction/4-first_table.sql: {}
holbertonschool-higher_level_programming/SQL_introduction/4-first_table.sql: Using EditorConfig core...
holbertonschool-higher_level_programming/SQL_introduction/4-first_table.sql: Using EditorConfig core...
holbertonschool-higher_level_programming/SQL_introduction/4-first_table.sql: Using EditorConfig core...
holbertonschool-higher_level_programming/SQL_introduction/4-first_table.sql: Using EditorConfig core...
holbertonschool-higher_level_programming/SQL_introduction/4-first_table.sql: Using EditorConfig core...
holbertonschool-higher_level_programming/SQL_introduction/4-first_table.sql: Using EditorConfig core...
holbertonschool-higher_level_programming/SQL_introduction/4-first_table.sql: Using EditorConfig core...
holbertonschool-higher_level_programming/SQL_introduction/4-first_table.sql: Using EditorConfig core...
holbertonschool-higher_level_programming/SQL_introduction/4-first_table.sql: {}
holbertonschool-higher_level_programming/SQL_introduction/4-first_table.sql: Using EditorConfig core...
holbertonschool-higher_level_programming/SQL_introduction/4-first_table.sql: {}
holbertonschool-higher_level_programming/SQL_introduction/4-first_table.sql: {}
holbertonschool-higher_level_programming/SQL_introduction/4-first_table.sql: Using EditorConfig core...
holbertonschool-higher_level_programming/SQL_introduction/4-first_table.sql: {}
holbertonschool-higher_level_programming/SQL_introduction/4-first_table.sql: {}
holbertonschool-higher_level_programming/SQL_introduction/4-first_table.sql: {}
holbertonschool-higher_level_programming/SQL_introduction/4-first_table.sql: {}
holbertonschool-higher_level_programming/SQL_introduction/4-first_table.sql: Using EditorConfig core...
holbertonschool-higher_level_programming/SQL_introduction/4-first_table.sql: {}
holbertonschool-higher_level_programming/SQL_introduction/4-first_table.sql: Using EditorConfig core...
holbertonschool-higher_level_programming/SQL_introduction/4-first_table.sql: {}
holbertonschool-higher_level_programming/SQL_introduction/4-first_table.sql: {}
holbertonschool-higher_level_programming/SQL_introduction/4-first_table.sql: {}
holbertonschool-higher_level_programming/SQL_introduction/5-full_table.sql: {}
holbertonschool-higher_level_programming/SQL_introduction/5-full_table.sql: Using EditorConfig core...
holbertonschool-higher_level_programming/SQL_introduction/5-full_table.sql: Using EditorConfig core...
holbertonschool-higher_level_programming/SQL_introduction/5-full_table.sql: {}
holbertonschool-higher_level_programming/SQL_introduction/5-full_table.sql: {}
holbertonschool-higher_level_programming/SQL_introduction/5-full_table.sql: Using EditorConfig core...
holbertonschool-higher_level_programming/SQL_introduction/5-full_table.sql: Using EditorConfig core...
holbertonschool-higher_level_programming/SQL_introduction/5-full_table.sql: Using EditorConfig core...
holbertonschool-higher_level_programming/SQL_introduction/5-full_table.sql: Using EditorConfig core...
holbertonschool-higher_level_programming/SQL_introduction/5-full_table.sql: Using EditorConfig core...
holbertonschool-higher_level_programming/SQL_introduction/5-full_table.sql: Using EditorConfig core...
holbertonschool-higher_level_programming/SQL_introduction/5-full_table.sql: Using EditorConfig core...
holbertonschool-higher_level_programming/SQL_introduction/5-full_table.sql: Using EditorConfig core...
holbertonschool-higher_level_programming/SQL_introduction/5-full_table.sql: Using EditorConfig core...
holbertonschool-higher_level_programming/SQL_introduction/5-full_table.sql: Using EditorConfig core...
holbertonschool-higher_level_programming/SQL_introduction/5-full_table.sql: {}
holbertonschool-higher_level_programming/SQL_introduction/5-full_table.sql: Using EditorConfig core...
holbertonschool-higher_level_programming/SQL_introduction/5-full_table.sql: {}
holbertonschool-higher_level_programming/SQL_introduction/5-full_table.sql: Using EditorConfig core...
holbertonschool-higher_level_programming/SQL_introduction/5-full_table.sql: Using EditorConfig core...
holbertonschool-higher_level_programming/SQL_introduction/5-full_table.sql: {}
holbertonschool-higher_level_programming/SQL_introduction/5-full_table.sql: Using EditorConfig core...
holbertonschool-higher_level_programming/SQL_introduction/5-full_table.sql: {}
holbertonschool-higher_level_programming/SQL_introduction/5-full_table.sql: {}
holbertonschool-higher_level_programming/SQL_introduction/5-full_table.sql: Using EditorConfig core...
holbertonschool-higher_level_programming/SQL_introduction/5-full_table.sql: {}
holbertonschool-higher_level_programming/SQL_introduction/5-full_table.sql: {}
holbertonschool-higher_level_programming/SQL_introduction/5-full_table.sql: Using EditorConfig core...
holbertonschool-higher_level_programming/SQL_introduction/5-full_table.sql: {}
holbertonschool-higher_level_programming/SQL_introduction/5-full_table.sql: {}
holbertonschool-higher_level_programming/SQL_introduction/6-list_values.sql: {}
holbertonschool-higher_level_programming/SQL_introduction/6-list_values.sql: Using EditorConfig core...
holbertonschool-higher_level_programming/SQL_introduction/6-list_values.sql: Using EditorConfig core...
holbertonschool-higher_level_programming/SQL_introduction/6-list_values.sql: {}
holbertonschool-higher_level_programming/SQL_introduction/6-list_values.sql: {}
holbertonschool-higher_level_programming/SQL_introduction/6-list_values.sql: Using EditorConfig core...
holbertonschool-higher_level_programming/SQL_introduction/6-list_values.sql: Using EditorConfig core...
holbertonschool-higher_level_programming/SQL_introduction/6-list_values.sql: Using EditorConfig core...
holbertonschool-higher_level_programming/SQL_introduction/6-list_values.sql: Using EditorConfig core...
holbertonschool-higher_level_programming/SQL_introduction/6-list_values.sql: Using EditorConfig core...
holbertonschool-higher_level_programming/SQL_introduction/6-list_values.sql: {}
holbertonschool-higher_level_programming/SQL_introduction/6-list_values.sql: Using EditorConfig core...
holbertonschool-higher_level_programming/SQL_introduction/6-list_values.sql: Using EditorConfig core...
holbertonschool-higher_level_programming/SQL_introduction/6-list_values.sql: Using EditorConfig core...
holbertonschool-higher_level_programming/SQL_introduction/6-list_values.sql: Using EditorConfig core...
holbertonschool-higher_level_programming/SQL_introduction/6-list_values.sql: {}
holbertonschool-higher_level_programming/SQL_introduction/6-list_values.sql: {}
holbertonschool-higher_level_programming/SQL_introduction/6-list_values.sql: Using EditorConfig core...
holbertonschool-higher_level_programming/SQL_introduction/6-list_values.sql: {}
