2025-03-18 14:40:32.744 [info] [main] Log level: Info
2025-03-18 14:40:32.744 [info] [main] Validating found git in: "git"
2025-03-18 14:40:32.744 [info] [main] Using git "2.34.1" from "git"
2025-03-18 14:40:32.744 [info] [Model][doInitialScan] Initial repository scan started
2025-03-18 14:40:32.744 [info] > git rev-parse --show-toplevel [11ms]
2025-03-18 14:40:32.744 [info] > git rev-parse --git-dir --git-common-dir [3ms]
2025-03-18 14:40:32.744 [info] [Model][openRepository] Opened repository: /home/soufian/holbertonschool-higher_level_programming
2025-03-18 14:40:32.761 [info] > git rev-parse --show-toplevel [246ms]
2025-03-18 14:40:32.762 [info] > git config --get commit.template [252ms]
2025-03-18 14:40:32.774 [info] > git for-each-ref --format=%(refname)%00%(upstream:short)%00%(objectname)%00%(upstream:track)%00%(upstream:remotename)%00%(upstream:remoteref) refs/heads/main refs/remotes/main [8ms]
2025-03-18 14:40:32.775 [info] > git rev-parse --show-toplevel [2ms]
2025-03-18 14:40:32.781 [info] > git rev-parse --show-toplevel [1ms]
2025-03-18 14:40:32.798 [info] > git status -z -uall [13ms]
2025-03-18 14:40:32.801 [info] > git rev-parse --show-toplevel [6ms]
2025-03-18 14:40:32.802 [info] > git for-each-ref --sort -committerdate --format %(refname) %(objectname) %(*objectname) [12ms]
2025-03-18 14:40:32.934 [info] > git for-each-ref --format=%(refname)%00%(upstream:short)%00%(objectname)%00%(upstream:track)%00%(upstream:remotename)%00%(upstream:remoteref) refs/heads/main refs/remotes/main [87ms]
2025-03-18 14:40:32.954 [info] > git config --get --local branch.main.vscode-merge-base [10ms]
2025-03-18 14:40:32.954 [warning] [Git][config] git config failed: Failed to execute git
2025-03-18 14:40:32.960 [info] > git config --get commit.template [100ms]
2025-03-18 14:40:32.961 [info] > git rev-parse --show-toplevel [105ms]
2025-03-18 14:40:32.980 [info] > git for-each-ref --format=%(refname)%00%(upstream:short)%00%(objectname)%00%(upstream:track)%00%(upstream:remotename)%00%(upstream:remoteref) refs/heads/main refs/remotes/main [4ms]
2025-03-18 14:40:32.980 [info] > git rev-parse --show-toplevel [9ms]
2025-03-18 14:40:33.002 [info] > git status -z -uall [8ms]
2025-03-18 14:40:33.002 [info] > git rev-parse --show-toplevel [15ms]
2025-03-18 14:40:33.009 [info] > git for-each-ref --sort -committerdate --format %(refname) %(objectname) %(*objectname) [9ms]
2025-03-18 14:40:33.039 [info] > git check-ignore -v -z --stdin [10ms]
2025-03-18 14:40:33.043 [info] > git for-each-ref --format=%(refname)%00%(upstream:short)%00%(objectname)%00%(upstream:track)%00%(upstream:remotename)%00%(upstream:remoteref) refs/heads/main refs/remotes/main [22ms]
2025-03-18 14:40:33.050 [info] > git rev-parse --show-toplevel [43ms]
2025-03-18 14:40:33.057 [info] > git config --get --local branch.main.vscode-merge-base [8ms]
2025-03-18 14:40:33.057 [warning] [Git][config] git config failed: Failed to execute git
2025-03-18 14:40:33.065 [info] > git rev-parse --show-toplevel [8ms]
2025-03-18 14:40:33.073 [info] > git rev-parse --show-toplevel [5ms]
2025-03-18 14:40:33.079 [info] > git rev-parse --show-toplevel [2ms]
2025-03-18 14:40:33.084 [info] > git rev-parse --show-toplevel [2ms]
2025-03-18 14:40:33.092 [info] > git rev-parse --show-toplevel [2ms]
2025-03-18 14:40:33.098 [info] > git rev-parse --show-toplevel [2ms]
2025-03-18 14:40:33.104 [info] > git rev-parse --show-toplevel [1ms]
2025-03-18 14:40:33.110 [info] > git rev-parse --show-toplevel [1ms]
2025-03-18 14:40:33.118 [info] > git rev-parse --show-toplevel [4ms]
2025-03-18 14:40:33.123 [info] > git rev-parse --show-toplevel [2ms]
2025-03-18 14:40:33.128 [info] [Model][doInitialScan] Initial repository scan completed - repositories (1), closed repositories (0), parent repositories (0), unsafe repositories (0)
2025-03-18 14:40:33.140 [info] > git show --textconv :SQL_more_queries/12-no_genre.sql [7ms]
2025-03-18 14:40:33.145 [info] > git ls-files --stage -- SQL_more_queries/12-no_genre.sql [6ms]
2025-03-18 14:40:33.150 [info] > git reflog main --grep-reflog=branch: Created from *. [190ms]
2025-03-18 14:40:33.152 [info] > git reflog main --grep-reflog=branch: Created from *. [91ms]
2025-03-18 14:40:33.157 [info] > git symbolic-ref --short refs/remotes/origin/HEAD [5ms]
2025-03-18 14:40:33.157 [info] fatal: ref refs/remotes/origin/HEAD is not a symbolic ref
2025-03-18 14:40:33.157 [warning] [Repository][getDefaultBranch] Failed to get default branch details: Failed to execute git.
2025-03-18 14:40:33.162 [info] > git cat-file -s 2743b21a096a0df910dacd7b4199cfbc807a4cf9 [14ms]
2025-03-18 14:40:33.163 [info] > git merge-base refs/heads/main refs/remotes/origin/main [2ms]
2025-03-18 14:40:33.167 [info] > git symbolic-ref --short refs/remotes/origin/HEAD [11ms]
2025-03-18 14:40:33.167 [info] fatal: ref refs/remotes/origin/HEAD is not a symbolic ref
2025-03-18 14:40:33.167 [warning] [Repository][getDefaultBranch] Failed to get default branch details: Failed to execute git.
2025-03-18 14:40:33.171 [info] > git diff --name-status -z --diff-filter=ADMR affb17da69b589adc6c1eeca32db11c1e9d458db...refs/remotes/origin/main [5ms]
2025-03-18 14:40:33.174 [info] > git merge-base refs/heads/main refs/remotes/origin/main [4ms]
2025-03-18 14:40:33.183 [info] > git diff --name-status -z --diff-filter=ADMR affb17da69b589adc6c1eeca32db11c1e9d458db...refs/remotes/origin/main [2ms]
2025-03-18 14:40:33.275 [info] > git blame --root --incremental affb17da69b589adc6c1eeca32db11c1e9d458db -- SQL_more_queries/12-no_genre.sql [5ms]
2025-03-18 14:41:11.190 [info] > git show --textconv :SQL_more_queries/13-count_shows_by_genre.sql [3ms]
2025-03-18 14:41:11.192 [info] > git ls-files --stage -- SQL_more_queries/13-count_shows_by_genre.sql [2ms]
2025-03-18 14:41:11.196 [info] > git cat-file -s ec66962f7449226fb942b63f5c091b174ced713e [1ms]
2025-03-18 14:41:11.245 [info] > git blame --root --incremental affb17da69b589adc6c1eeca32db11c1e9d458db -- SQL_more_queries/13-count_shows_by_genre.sql [2ms]
2025-03-18 14:41:11.718 [info] > git fetch [890ms]
2025-03-18 14:41:11.726 [info] > git config --get commit.template [5ms]
2025-03-18 14:41:11.728 [info] > git for-each-ref --format=%(refname)%00%(upstream:short)%00%(objectname)%00%(upstream:track)%00%(upstream:remotename)%00%(upstream:remoteref) refs/heads/main refs/remotes/main [2ms]
2025-03-18 14:41:11.735 [info] > git status -z -uall [4ms]
2025-03-18 14:41:11.736 [info] > git for-each-ref --sort -committerdate --format %(refname) %(objectname) %(*objectname) [1ms]
2025-03-18 14:41:36.113 [info] > git config --get commit.template [2ms]
2025-03-18 14:41:36.124 [info] > git ls-files --stage -- SQL_more_queries/13-count_shows_by_genre.sql [5ms]
2025-03-18 14:41:36.127 [info] > git for-each-ref --format=%(refname)%00%(upstream:short)%00%(objectname)%00%(upstream:track)%00%(upstream:remotename)%00%(upstream:remoteref) refs/heads/main refs/remotes/main [4ms]
2025-03-18 14:41:36.128 [info] > git cat-file -s ec66962f7449226fb942b63f5c091b174ced713e [1ms]
2025-03-18 14:41:36.138 [info] > git status -z -uall [4ms]
2025-03-18 14:41:36.139 [info] > git for-each-ref --sort -committerdate --format %(refname) %(objectname) %(*objectname) [2ms]
2025-03-18 14:41:36.153 [info] > git show --textconv :SQL_more_queries/13-count_shows_by_genre.sql [2ms]
2025-03-18 14:41:36.503 [info] > git show --textconv :SQL_more_queries/0-privileges.sql [4ms]
2025-03-18 14:41:36.504 [info] > git ls-files --stage -- SQL_more_queries/0-privileges.sql [2ms]
2025-03-18 14:41:36.509 [info] > git cat-file -s 380122f78208e43e9dfd1e6dcb9a13d5e3878540 [2ms]
2025-03-18 14:41:36.577 [info] > git blame --root --incremental affb17da69b589adc6c1eeca32db11c1e9d458db -- SQL_more_queries/0-privileges.sql [15ms]
2025-03-18 14:42:33.574 [info] > git config --get commit.template [4ms]
2025-03-18 14:42:33.575 [info] > git for-each-ref --format=%(refname)%00%(upstream:short)%00%(objectname)%00%(upstream:track)%00%(upstream:remotename)%00%(upstream:remoteref) refs/heads/main refs/remotes/main [1ms]
2025-03-18 14:42:33.581 [info] > git status -z -uall [3ms]
2025-03-18 14:42:33.582 [info] > git for-each-ref --sort -committerdate --format %(refname) %(objectname) %(*objectname) [1ms]
2025-03-18 14:45:15.472 [info] > git fetch [584ms]
2025-03-18 14:45:15.479 [info] > git config --get commit.template [4ms]
2025-03-18 14:45:15.480 [info] > git for-each-ref --format=%(refname)%00%(upstream:short)%00%(objectname)%00%(upstream:track)%00%(upstream:remotename)%00%(upstream:remoteref) refs/heads/main refs/remotes/main [1ms]
2025-03-18 14:45:15.488 [info] > git status -z -uall [3ms]
2025-03-18 14:45:15.489 [info] > git for-each-ref --sort -committerdate --format %(refname) %(objectname) %(*objectname) [1ms]
2025-03-18 14:45:16.554 [info] > git config --get commit.template [4ms]
2025-03-18 14:45:16.554 [info] > git for-each-ref --format=%(refname)%00%(upstream:short)%00%(objectname)%00%(upstream:track)%00%(upstream:remotename)%00%(upstream:remoteref) refs/heads/main refs/remotes/main [1ms]
2025-03-18 14:45:16.561 [info] > git status -z -uall [4ms]
2025-03-18 14:45:16.562 [info] > git for-each-ref --sort -committerdate --format %(refname) %(objectname) %(*objectname) [2ms]
2025-03-18 14:45:16.655 [info] > git ls-files --stage -- SQL_more_queries/0-privileges.sql [2ms]
2025-03-18 14:45:16.659 [info] > git cat-file -s 380122f78208e43e9dfd1e6dcb9a13d5e3878540 [1ms]
2025-03-18 14:45:16.669 [info] > git show --textconv :SQL_more_queries/0-privileges.sql [2ms]
2025-03-18 14:45:41.021 [info] > git config --get commit.template [3ms]
2025-03-18 14:45:41.021 [info] > git for-each-ref --format=%(refname)%00%(upstream:short)%00%(objectname)%00%(upstream:track)%00%(upstream:remotename)%00%(upstream:remoteref) refs/heads/main refs/remotes/main [1ms]
2025-03-18 14:45:41.029 [info] > git status -z -uall [3ms]
2025-03-18 14:45:41.030 [info] > git for-each-ref --sort -committerdate --format %(refname) %(objectname) %(*objectname) [2ms]
2025-03-18 14:46:10.687 [info] > git config --get commit.template [3ms]
2025-03-18 14:46:10.687 [info] > git for-each-ref --format=%(refname)%00%(upstream:short)%00%(objectname)%00%(upstream:track)%00%(upstream:remotename)%00%(upstream:remoteref) refs/heads/main refs/remotes/main [1ms]
2025-03-18 14:46:10.694 [info] > git status -z -uall [3ms]
2025-03-18 14:46:10.695 [info] > git for-each-ref --sort -committerdate --format %(refname) %(objectname) %(*objectname) [2ms]
2025-03-18 14:46:23.913 [info] > git check-ignore -v -z --stdin [2ms]
2025-03-18 14:46:51.092 [info] > git config --get commit.template [4ms]
2025-03-18 14:46:51.093 [info] > git for-each-ref --format=%(refname)%00%(upstream:short)%00%(objectname)%00%(upstream:track)%00%(upstream:remotename)%00%(upstream:remoteref) refs/heads/main refs/remotes/main [1ms]
2025-03-18 14:46:51.100 [info] > git status -z -uall [3ms]
2025-03-18 14:46:51.101 [info] > git for-each-ref --sort -committerdate --format %(refname) %(objectname) %(*objectname) [1ms]
2025-03-18 14:48:17.300 [info] > git config --get commit.template [2ms]
2025-03-18 14:48:17.306 [info] > git for-each-ref --format=%(refname)%00%(upstream:short)%00%(objectname)%00%(upstream:track)%00%(upstream:remotename)%00%(upstream:remoteref) refs/heads/main refs/remotes/main [1ms]
2025-03-18 14:48:17.316 [info] > git status -z -uall [5ms]
2025-03-18 14:48:17.317 [info] > git for-each-ref --sort -committerdate --format %(refname) %(objectname) %(*objectname) [2ms]
2025-03-18 14:48:17.718 [info] > git fetch [427ms]
2025-03-18 14:48:17.726 [info] > git config --get commit.template [3ms]
2025-03-18 14:48:17.727 [info] > git for-each-ref --format=%(refname)%00%(upstream:short)%00%(objectname)%00%(upstream:track)%00%(upstream:remotename)%00%(upstream:remoteref) refs/heads/main refs/remotes/main [1ms]
2025-03-18 14:48:17.736 [info] > git status -z -uall [5ms]
2025-03-18 14:48:17.736 [info] > git for-each-ref --sort -committerdate --format %(refname) %(objectname) %(*objectname) [1ms]
2025-03-18 14:48:22.333 [info] > git config --get commit.template [5ms]
2025-03-18 14:48:22.333 [info] > git for-each-ref --format=%(refname)%00%(upstream:short)%00%(objectname)%00%(upstream:track)%00%(upstream:remotename)%00%(upstream:remoteref) refs/heads/main refs/remotes/main [1ms]
2025-03-18 14:48:22.342 [info] > git status -z -uall [5ms]
2025-03-18 14:48:22.343 [info] > git for-each-ref --sort -committerdate --format %(refname) %(objectname) %(*objectname) [1ms]
2025-03-18 14:48:32.106 [info] > git config --get commit.template [4ms]
2025-03-18 14:48:32.106 [info] > git for-each-ref --format=%(refname)%00%(upstream:short)%00%(objectname)%00%(upstream:track)%00%(upstream:remotename)%00%(upstream:remoteref) refs/heads/main refs/remotes/main [1ms]
2025-03-18 14:48:32.114 [info] > git status -z -uall [4ms]
2025-03-18 14:48:32.115 [info] > git for-each-ref --sort -committerdate --format %(refname) %(objectname) %(*objectname) [1ms]
2025-03-18 14:48:44.394 [info] > git config --get commit.template [4ms]
2025-03-18 14:48:44.395 [info] > git for-each-ref --format=%(refname)%00%(upstream:short)%00%(objectname)%00%(upstream:track)%00%(upstream:remotename)%00%(upstream:remoteref) refs/heads/main refs/remotes/main [1ms]
2025-03-18 14:48:44.405 [info] > git status -z -uall [5ms]
2025-03-18 14:48:44.405 [info] > git for-each-ref --sort -committerdate --format %(refname) %(objectname) %(*objectname) [2ms]
2025-03-18 14:48:57.847 [info] > git config --get commit.template [5ms]
2025-03-18 14:48:57.848 [info] > git for-each-ref --format=%(refname)%00%(upstream:short)%00%(objectname)%00%(upstream:track)%00%(upstream:remotename)%00%(upstream:remoteref) refs/heads/main refs/remotes/main [1ms]
2025-03-18 14:48:57.857 [info] > git status -z -uall [5ms]
2025-03-18 14:48:57.858 [info] > git for-each-ref --sort -committerdate --format %(refname) %(objectname) %(*objectname) [2ms]
2025-03-18 14:49:22.768 [info] > git config --get commit.template [5ms]
2025-03-18 14:49:22.769 [info] > git for-each-ref --format=%(refname)%00%(upstream:short)%00%(objectname)%00%(upstream:track)%00%(upstream:remotename)%00%(upstream:remoteref) refs/heads/main refs/remotes/main [2ms]
2025-03-18 14:49:22.778 [info] > git status -z -uall [5ms]
2025-03-18 14:49:22.779 [info] > git for-each-ref --sort -committerdate --format %(refname) %(objectname) %(*objectname) [2ms]
2025-03-18 14:49:42.576 [info] > git config --get commit.template [2ms]
2025-03-18 14:49:42.582 [info] > git for-each-ref --format=%(refname)%00%(upstream:short)%00%(objectname)%00%(upstream:track)%00%(upstream:remotename)%00%(upstream:remoteref) refs/heads/main refs/remotes/main [1ms]
2025-03-18 14:49:42.592 [info] > git status -z -uall [5ms]
2025-03-18 14:49:42.593 [info] > git for-each-ref --sort -committerdate --format %(refname) %(objectname) %(*objectname) [2ms]
2025-03-18 14:49:42.615 [info] > git check-ignore -v -z --stdin [1ms]
2025-03-18 14:49:58.325 [info] > git config --get commit.template [2ms]
2025-03-18 14:49:58.330 [info] > git for-each-ref --format=%(refname)%00%(upstream:short)%00%(objectname)%00%(upstream:track)%00%(upstream:remotename)%00%(upstream:remoteref) refs/heads/main refs/remotes/main [2ms]
2025-03-18 14:49:58.338 [info] > git status -z -uall [4ms]
2025-03-18 14:49:58.339 [info] > git for-each-ref --sort -committerdate --format %(refname) %(objectname) %(*objectname) [2ms]
2025-03-18 14:50:17.581 [info] > git config --get commit.template [1ms]
2025-03-18 14:50:17.586 [info] > git for-each-ref --format=%(refname)%00%(upstream:short)%00%(objectname)%00%(upstream:track)%00%(upstream:remotename)%00%(upstream:remoteref) refs/heads/main refs/remotes/main [1ms]
2025-03-18 14:50:17.594 [info] > git status -z -uall [4ms]
2025-03-18 14:50:17.594 [info] > git for-each-ref --sort -committerdate --format %(refname) %(objectname) %(*objectname) [1ms]
2025-03-18 14:50:23.767 [info] > git config --get commit.template [7ms]
2025-03-18 14:50:23.768 [info] > git for-each-ref --format=%(refname)%00%(upstream:short)%00%(objectname)%00%(upstream:track)%00%(upstream:remotename)%00%(upstream:remoteref) refs/heads/main refs/remotes/main [2ms]
2025-03-18 14:50:23.781 [info] > git status -z -uall [7ms]
2025-03-18 14:50:23.782 [info] > git for-each-ref --sort -committerdate --format %(refname) %(objectname) %(*objectname) [2ms]
2025-03-18 14:50:30.591 [info] > git config --get commit.template [1ms]
2025-03-18 14:50:30.598 [info] > git for-each-ref --format=%(refname)%00%(upstream:short)%00%(objectname)%00%(upstream:track)%00%(upstream:remotename)%00%(upstream:remoteref) refs/heads/main refs/remotes/main [1ms]
2025-03-18 14:50:30.609 [info] > git status -z -uall [6ms]
2025-03-18 14:50:30.610 [info] > git for-each-ref --sort -committerdate --format %(refname) %(objectname) %(*objectname) [2ms]
2025-03-18 14:50:35.622 [info] > git config --get commit.template [4ms]
2025-03-18 14:50:35.623 [info] > git for-each-ref --format=%(refname)%00%(upstream:short)%00%(objectname)%00%(upstream:track)%00%(upstream:remotename)%00%(upstream:remoteref) refs/heads/main refs/remotes/main [1ms]
2025-03-18 14:50:35.631 [info] > git status -z -uall [4ms]
2025-03-18 14:50:35.632 [info] > git for-each-ref --sort -committerdate --format %(refname) %(objectname) %(*objectname) [2ms]
2025-03-18 14:51:05.710 [info] > git config --get commit.template [2ms]
2025-03-18 14:51:05.715 [info] > git for-each-ref --format=%(refname)%00%(upstream:short)%00%(objectname)%00%(upstream:track)%00%(upstream:remotename)%00%(upstream:remoteref) refs/heads/main refs/remotes/main [1ms]
2025-03-18 14:51:05.723 [info] > git status -z -uall [4ms]
2025-03-18 14:51:05.724 [info] > git for-each-ref --sort -committerdate --format %(refname) %(objectname) %(*objectname) [2ms]
2025-03-18 14:51:05.761 [info] > git check-ignore -v -z --stdin [1ms]
2025-03-18 14:51:18.195 [info] > git fetch [448ms]
2025-03-18 14:51:18.209 [info] > git config --get commit.template [7ms]
2025-03-18 14:51:18.210 [info] > git for-each-ref --format=%(refname)%00%(upstream:short)%00%(objectname)%00%(upstream:track)%00%(upstream:remotename)%00%(upstream:remoteref) refs/heads/main refs/remotes/main [2ms]
2025-03-18 14:51:18.222 [info] > git status -z -uall [6ms]
2025-03-18 14:51:18.223 [info] > git for-each-ref --sort -committerdate --format %(refname) %(objectname) %(*objectname) [3ms]
2025-03-18 14:51:19.327 [info] > git config --get commit.template [5ms]
2025-03-18 14:51:19.328 [info] > git for-each-ref --format=%(refname)%00%(upstream:short)%00%(objectname)%00%(upstream:track)%00%(upstream:remotename)%00%(upstream:remoteref) refs/heads/main refs/remotes/main [2ms]
2025-03-18 14:51:19.336 [info] > git status -z -uall [5ms]
2025-03-18 14:51:19.337 [info] > git for-each-ref --sort -committerdate --format %(refname) %(objectname) %(*objectname) [1ms]
2025-03-18 14:51:24.348 [info] > git config --get commit.template [5ms]
2025-03-18 14:51:24.349 [info] > git for-each-ref --format=%(refname)%00%(upstream:short)%00%(objectname)%00%(upstream:track)%00%(upstream:remotename)%00%(upstream:remoteref) refs/heads/main refs/remotes/main [2ms]
2025-03-18 14:51:24.356 [info] > git status -z -uall [4ms]
2025-03-18 14:51:24.359 [info] > git for-each-ref --sort -committerdate --format %(refname) %(objectname) %(*objectname) [3ms]
2025-03-18 14:51:40.675 [info] > git config --get commit.template [5ms]
2025-03-18 14:51:40.675 [info] > git for-each-ref --format=%(refname)%00%(upstream:short)%00%(objectname)%00%(upstream:track)%00%(upstream:remotename)%00%(upstream:remoteref) refs/heads/main refs/remotes/main [1ms]
2025-03-18 14:51:40.684 [info] > git status -z -uall [5ms]
2025-03-18 14:51:40.686 [info] > git for-each-ref --sort -committerdate --format %(refname) %(objectname) %(*objectname) [1ms]
2025-03-18 14:51:51.965 [info] > git config --get commit.template [14ms]
2025-03-18 14:51:51.968 [info] > git for-each-ref --format=%(refname)%00%(upstream:short)%00%(objectname)%00%(upstream:track)%00%(upstream:remotename)%00%(upstream:remoteref) refs/heads/main refs/remotes/main [12ms]
2025-03-18 14:51:51.979 [info] > git for-each-ref --sort -committerdate --format %(refname) %(objectname) %(*objectname) [1ms]
2025-03-18 14:51:51.981 [info] > git status -z -uall [9ms]
2025-03-18 14:52:05.716 [info] > git config --get commit.template [4ms]
2025-03-18 14:52:05.717 [info] > git for-each-ref --format=%(refname)%00%(upstream:short)%00%(objectname)%00%(upstream:track)%00%(upstream:remotename)%00%(upstream:remoteref) refs/heads/main refs/remotes/main [1ms]
2025-03-18 14:52:05.725 [info] > git status -z -uall [4ms]
2025-03-18 14:52:05.726 [info] > git for-each-ref --sort -committerdate --format %(refname) %(objectname) %(*objectname) [1ms]
2025-03-18 14:52:17.527 [info] > git config --get commit.template [6ms]
2025-03-18 14:52:17.528 [info] > git for-each-ref --format=%(refname)%00%(upstream:short)%00%(objectname)%00%(upstream:track)%00%(upstream:remotename)%00%(upstream:remoteref) refs/heads/main refs/remotes/main [1ms]
2025-03-18 14:52:17.535 [info] > git status -z -uall [4ms]
2025-03-18 14:52:17.536 [info] > git for-each-ref --sort -committerdate --format %(refname) %(objectname) %(*objectname) [2ms]
2025-03-18 14:52:28.884 [info] > git config --get commit.template [5ms]
2025-03-18 14:52:28.884 [info] > git for-each-ref --format=%(refname)%00%(upstream:short)%00%(objectname)%00%(upstream:track)%00%(upstream:remotename)%00%(upstream:remoteref) refs/heads/main refs/remotes/main [2ms]
2025-03-18 14:52:28.891 [info] > git status -z -uall [4ms]
2025-03-18 14:52:28.892 [info] > git for-each-ref --sort -committerdate --format %(refname) %(objectname) %(*objectname) [1ms]
2025-03-18 14:52:41.143 [info] > git config --get commit.template [4ms]
2025-03-18 14:52:41.144 [info] > git for-each-ref --format=%(refname)%00%(upstream:short)%00%(objectname)%00%(upstream:track)%00%(upstream:remotename)%00%(upstream:remoteref) refs/heads/main refs/remotes/main [2ms]
2025-03-18 14:52:41.153 [info] > git status -z -uall [5ms]
2025-03-18 14:52:41.153 [info] > git for-each-ref --sort -committerdate --format %(refname) %(objectname) %(*objectname) [1ms]
2025-03-18 14:52:51.065 [info] > git config --get commit.template [4ms]
2025-03-18 14:52:51.065 [info] > git for-each-ref --format=%(refname)%00%(upstream:short)%00%(objectname)%00%(upstream:track)%00%(upstream:remotename)%00%(upstream:remoteref) refs/heads/main refs/remotes/main [1ms]
2025-03-18 14:52:51.074 [info] > git status -z -uall [5ms]
2025-03-18 14:52:51.074 [info] > git for-each-ref --sort -committerdate --format %(refname) %(objectname) %(*objectname) [1ms]
2025-03-18 14:53:01.014 [info] > git config --get commit.template [4ms]
2025-03-18 14:53:01.015 [info] > git for-each-ref --format=%(refname)%00%(upstream:short)%00%(objectname)%00%(upstream:track)%00%(upstream:remotename)%00%(upstream:remoteref) refs/heads/main refs/remotes/main [2ms]
2025-03-18 14:53:01.023 [info] > git status -z -uall [4ms]
2025-03-18 14:53:01.024 [info] > git for-each-ref --sort -committerdate --format %(refname) %(objectname) %(*objectname) [2ms]
2025-03-18 14:53:13.510 [info] > git config --get commit.template [5ms]
2025-03-18 14:53:13.511 [info] > git for-each-ref --format=%(refname)%00%(upstream:short)%00%(objectname)%00%(upstream:track)%00%(upstream:remotename)%00%(upstream:remoteref) refs/heads/main refs/remotes/main [1ms]
2025-03-18 14:53:13.519 [info] > git status -z -uall [4ms]
2025-03-18 14:53:13.521 [info] > git for-each-ref --sort -committerdate --format %(refname) %(objectname) %(*objectname) [3ms]
2025-03-18 14:53:24.440 [info] > git config --get commit.template [5ms]
2025-03-18 14:53:24.441 [info] > git for-each-ref --format=%(refname)%00%(upstream:short)%00%(objectname)%00%(upstream:track)%00%(upstream:remotename)%00%(upstream:remoteref) refs/heads/main refs/remotes/main [2ms]
2025-03-18 14:53:24.451 [info] > git status -z -uall [6ms]
2025-03-18 14:53:24.451 [info] > git for-each-ref --sort -committerdate --format %(refname) %(objectname) %(*objectname) [2ms]
2025-03-18 14:53:34.502 [info] > git config --get commit.template [4ms]
2025-03-18 14:53:34.503 [info] > git for-each-ref --format=%(refname)%00%(upstream:short)%00%(objectname)%00%(upstream:track)%00%(upstream:remotename)%00%(upstream:remoteref) refs/heads/main refs/remotes/main [1ms]
2025-03-18 14:53:34.512 [info] > git status -z -uall [5ms]
2025-03-18 14:53:34.512 [info] > git for-each-ref --sort -committerdate --format %(refname) %(objectname) %(*objectname) [2ms]
2025-03-18 14:53:47.927 [info] > git config --get commit.template [4ms]
2025-03-18 14:53:47.928 [info] > git for-each-ref --format=%(refname)%00%(upstream:short)%00%(objectname)%00%(upstream:track)%00%(upstream:remotename)%00%(upstream:remoteref) refs/heads/main refs/remotes/main [1ms]
2025-03-18 14:53:47.937 [info] > git status -z -uall [4ms]
2025-03-18 14:53:47.938 [info] > git for-each-ref --sort -committerdate --format %(refname) %(objectname) %(*objectname) [2ms]
2025-03-18 14:53:47.971 [info] > git check-ignore -v -z --stdin [2ms]
2025-03-18 14:54:00.687 [info] > git config --get commit.template [4ms]
2025-03-18 14:54:00.687 [info] > git for-each-ref --format=%(refname)%00%(upstream:short)%00%(objectname)%00%(upstream:track)%00%(upstream:remotename)%00%(upstream:remoteref) refs/heads/main refs/remotes/main [1ms]
2025-03-18 14:54:00.696 [info] > git status -z -uall [5ms]
2025-03-18 14:54:00.697 [info] > git for-each-ref --sort -committerdate --format %(refname) %(objectname) %(*objectname) [2ms]
2025-03-18 14:54:13.618 [info] > git config --get commit.template [5ms]
2025-03-18 14:54:13.619 [info] > git for-each-ref --format=%(refname)%00%(upstream:short)%00%(objectname)%00%(upstream:track)%00%(upstream:remotename)%00%(upstream:remoteref) refs/heads/main refs/remotes/main [1ms]
2025-03-18 14:54:13.628 [info] > git status -z -uall [4ms]
2025-03-18 14:54:13.629 [info] > git for-each-ref --sort -committerdate --format %(refname) %(objectname) %(*objectname) [2ms]
2025-03-18 14:54:18.824 [info] > git fetch [592ms]
2025-03-18 14:54:18.834 [info] > git config --get commit.template [5ms]
2025-03-18 14:54:18.836 [info] > git for-each-ref --format=%(refname)%00%(upstream:short)%00%(objectname)%00%(upstream:track)%00%(upstream:remotename)%00%(upstream:remoteref) refs/heads/main refs/remotes/main [2ms]
2025-03-18 14:54:18.847 [info] > git status -z -uall [6ms]
2025-03-18 14:54:18.847 [info] > git for-each-ref --sort -committerdate --format %(refname) %(objectname) %(*objectname) [3ms]
2025-03-18 14:54:18.857 [info] > git config --get commit.template [1ms]
2025-03-18 14:54:18.864 [info] > git for-each-ref --format=%(refname)%00%(upstream:short)%00%(objectname)%00%(upstream:track)%00%(upstream:remotename)%00%(upstream:remoteref) refs/heads/main refs/remotes/main [1ms]
2025-03-18 14:54:18.874 [info] > git status -z -uall [6ms]
2025-03-18 14:54:18.875 [info] > git for-each-ref --sort -committerdate --format %(refname) %(objectname) %(*objectname) [3ms]
2025-03-18 14:54:35.007 [info] > git config --get commit.template [6ms]
2025-03-18 14:54:35.008 [info] > git for-each-ref --format=%(refname)%00%(upstream:short)%00%(objectname)%00%(upstream:track)%00%(upstream:remotename)%00%(upstream:remoteref) refs/heads/main refs/remotes/main [2ms]
2025-03-18 14:54:35.019 [info] > git status -z -uall [6ms]
2025-03-18 14:54:35.019 [info] > git for-each-ref --sort -committerdate --format %(refname) %(objectname) %(*objectname) [1ms]
2025-03-18 14:54:47.481 [info] > git config --get commit.template [5ms]
2025-03-18 14:54:47.481 [info] > git for-each-ref --format=%(refname)%00%(upstream:short)%00%(objectname)%00%(upstream:track)%00%(upstream:remotename)%00%(upstream:remoteref) refs/heads/main refs/remotes/main [2ms]
2025-03-18 14:54:47.490 [info] > git status -z -uall [5ms]
2025-03-18 14:54:47.492 [info] > git for-each-ref --sort -committerdate --format %(refname) %(objectname) %(*objectname) [3ms]
2025-03-18 14:54:47.519 [info] > git check-ignore -v -z --stdin [1ms]
2025-03-18 14:54:58.163 [info] > git config --get commit.template [6ms]
2025-03-18 14:54:58.164 [info] > git for-each-ref --format=%(refname)%00%(upstream:short)%00%(objectname)%00%(upstream:track)%00%(upstream:remotename)%00%(upstream:remoteref) refs/heads/main refs/remotes/main [2ms]
2025-03-18 14:54:58.172 [info] > git status -z -uall [4ms]
2025-03-18 14:54:58.173 [info] > git for-each-ref --sort -committerdate --format %(refname) %(objectname) %(*objectname) [1ms]
2025-03-18 14:55:13.742 [info] > git config --get commit.template [5ms]
2025-03-18 14:55:13.743 [info] > git for-each-ref --format=%(refname)%00%(upstream:short)%00%(objectname)%00%(upstream:track)%00%(upstream:remotename)%00%(upstream:remoteref) refs/heads/main refs/remotes/main [1ms]
2025-03-18 14:55:13.751 [info] > git status -z -uall [4ms]
2025-03-18 14:55:13.752 [info] > git for-each-ref --sort -committerdate --format %(refname) %(objectname) %(*objectname) [1ms]
2025-03-18 14:55:20.650 [info] > git config --get commit.template [5ms]
2025-03-18 14:55:20.650 [info] > git for-each-ref --format=%(refname)%00%(upstream:short)%00%(objectname)%00%(upstream:track)%00%(upstream:remotename)%00%(upstream:remoteref) refs/heads/main refs/remotes/main [2ms]
2025-03-18 14:55:20.659 [info] > git status -z -uall [4ms]
2025-03-18 14:55:20.661 [info] > git for-each-ref --sort -committerdate --format %(refname) %(objectname) %(*objectname) [2ms]
2025-03-18 14:55:26.491 [info] > git config --get commit.template [6ms]
2025-03-18 14:55:26.492 [info] > git for-each-ref --format=%(refname)%00%(upstream:short)%00%(objectname)%00%(upstream:track)%00%(upstream:remotename)%00%(upstream:remoteref) refs/heads/main refs/remotes/main [2ms]
2025-03-18 14:55:26.500 [info] > git status -z -uall [4ms]
2025-03-18 14:55:26.501 [info] > git for-each-ref --sort -committerdate --format %(refname) %(objectname) %(*objectname) [2ms]
2025-03-18 14:55:27.029 [info] > git log --format=%H%n%aN%n%aE%n%at%n%ct%n%P%n%D%n%B -z --shortstat --diff-merges=first-parent -n50 --skip=0 --topo-order --decorate=full --stdin [331ms]
2025-03-18 14:55:31.743 [info] > git add -A -- /home/soufian/holbertonschool-higher_level_programming/python-object_relational_mapping/0-select_states.py [4ms]
2025-03-18 14:55:31.751 [info] > git config --get commit.template [4ms]
2025-03-18 14:55:31.752 [info] > git for-each-ref --format=%(refname)%00%(upstream:short)%00%(objectname)%00%(upstream:track)%00%(upstream:remotename)%00%(upstream:remoteref) refs/heads/main refs/remotes/main [1ms]
2025-03-18 14:55:31.760 [info] > git status -z -uall [4ms]
2025-03-18 14:55:31.761 [info] > git for-each-ref --sort -committerdate --format %(refname) %(objectname) %(*objectname) [2ms]
2025-03-18 14:55:32.830 [info] > git config --get commit.template [4ms]
2025-03-18 14:55:32.830 [info] > git for-each-ref --format=%(refname)%00%(upstream:short)%00%(objectname)%00%(upstream:track)%00%(upstream:remotename)%00%(upstream:remoteref) refs/heads/main refs/remotes/main [1ms]
2025-03-18 14:55:32.840 [info] > git status -z -uall [5ms]
2025-03-18 14:55:32.841 [info] > git for-each-ref --sort -committerdate --format %(refname) %(objectname) %(*objectname) [1ms]
2025-03-18 14:55:33.225 [info] > git add -A -- /home/soufian/holbertonschool-higher_level_programming/python-object_relational_mapping/1-filter_states.py [3ms]
2025-03-18 14:55:33.234 [info] > git config --get commit.template [4ms]
2025-03-18 14:55:33.235 [info] > git for-each-ref --format=%(refname)%00%(upstream:short)%00%(objectname)%00%(upstream:track)%00%(upstream:remotename)%00%(upstream:remoteref) refs/heads/main refs/remotes/main [1ms]
2025-03-18 14:55:33.243 [info] > git status -z -uall [4ms]
2025-03-18 14:55:33.244 [info] > git for-each-ref --sort -committerdate --format %(refname) %(objectname) %(*objectname) [2ms]
2025-03-18 14:55:33.671 [info] > git add -A -- /home/soufian/holbertonschool-higher_level_programming/python-object_relational_mapping/2-my_filter_states.py [3ms]
2025-03-18 14:55:33.678 [info] > git config --get commit.template [2ms]
2025-03-18 14:55:33.682 [info] > git for-each-ref --format=%(refname)%00%(upstream:short)%00%(objectname)%00%(upstream:track)%00%(upstream:remotename)%00%(upstream:remoteref) refs/heads/main refs/remotes/main [1ms]
2025-03-18 14:55:33.690 [info] > git status -z -uall [4ms]
2025-03-18 14:55:33.691 [info] > git for-each-ref --sort -committerdate --format %(refname) %(objectname) %(*objectname) [2ms]
2025-03-18 14:55:34.229 [info] > git add -A -- /home/soufian/holbertonschool-higher_level_programming/python-object_relational_mapping/3-my_safe_filter_states.py [3ms]
2025-03-18 14:55:34.235 [info] > git config --get commit.template [2ms]
2025-03-18 14:55:34.240 [info] > git for-each-ref --format=%(refname)%00%(upstream:short)%00%(objectname)%00%(upstream:track)%00%(upstream:remotename)%00%(upstream:remoteref) refs/heads/main refs/remotes/main [1ms]
2025-03-18 14:55:34.248 [info] > git status -z -uall [4ms]
2025-03-18 14:55:34.249 [info] > git for-each-ref --sort -committerdate --format %(refname) %(objectname) %(*objectname) [2ms]
2025-03-18 14:55:35.913 [info] > git add -A -- /home/soufian/holbertonschool-higher_level_programming/python-object_relational_mapping/4-cities_by_state.py [4ms]
2025-03-18 14:55:35.921 [info] > git config --get commit.template [3ms]
2025-03-18 14:55:35.922 [info] > git for-each-ref --format=%(refname)%00%(upstream:short)%00%(objectname)%00%(upstream:track)%00%(upstream:remotename)%00%(upstream:remoteref) refs/heads/main refs/remotes/main [1ms]
2025-03-18 14:55:35.930 [info] > git status -z -uall [4ms]
2025-03-18 14:55:35.931 [info] > git for-each-ref --sort -committerdate --format %(refname) %(objectname) %(*objectname) [1ms]
2025-03-18 14:55:37.063 [info] > git add -A -- /home/soufian/holbertonschool-higher_level_programming/python-object_relational_mapping/4-cities_by_state.sql [2ms]
2025-03-18 14:55:37.072 [info] > git config --get commit.template [4ms]
2025-03-18 14:55:37.073 [info] > git for-each-ref --format=%(refname)%00%(upstream:short)%00%(objectname)%00%(upstream:track)%00%(upstream:remotename)%00%(upstream:remoteref) refs/heads/main refs/remotes/main [2ms]
2025-03-18 14:55:37.081 [info] > git status -z -uall [4ms]
2025-03-18 14:55:37.082 [info] > git for-each-ref --sort -committerdate --format %(refname) %(objectname) %(*objectname) [2ms]
2025-03-18 14:55:37.851 [info] > git config --get commit.template [4ms]
2025-03-18 14:55:37.852 [info] > git for-each-ref --format=%(refname)%00%(upstream:short)%00%(objectname)%00%(upstream:track)%00%(upstream:remotename)%00%(upstream:remoteref) refs/heads/main refs/remotes/main [1ms]
2025-03-18 14:55:37.860 [info] > git status -z -uall [4ms]
2025-03-18 14:55:37.861 [info] > git for-each-ref --sort -committerdate --format %(refname) %(objectname) %(*objectname) [1ms]
2025-03-18 14:55:37.896 [info] > git add -A -- /home/soufian/holbertonschool-higher_level_programming/python-object_relational_mapping/5-filter_cities.py [3ms]
2025-03-18 14:55:37.904 [info] > git config --get commit.template [4ms]
2025-03-18 14:55:37.905 [info] > git for-each-ref --format=%(refname)%00%(upstream:short)%00%(objectname)%00%(upstream:track)%00%(upstream:remotename)%00%(upstream:remoteref) refs/heads/main refs/remotes/main [1ms]
2025-03-18 14:55:37.912 [info] > git status -z -uall [3ms]
2025-03-18 14:55:37.914 [info] > git for-each-ref --sort -committerdate --format %(refname) %(objectname) %(*objectname) [1ms]
2025-03-18 14:55:38.919 [info] > git add -A -- /home/soufian/holbertonschool-higher_level_programming/python-object_relational_mapping/6-model_state.py [4ms]
2025-03-18 14:55:38.929 [info] > git config --get commit.template [5ms]
2025-03-18 14:55:38.931 [info] > git for-each-ref --format=%(refname)%00%(upstream:short)%00%(objectname)%00%(upstream:track)%00%(upstream:remotename)%00%(upstream:remoteref) refs/heads/main refs/remotes/main [2ms]
2025-03-18 14:55:38.940 [info] > git status -z -uall [5ms]
2025-03-18 14:55:38.941 [info] > git for-each-ref --sort -committerdate --format %(refname) %(objectname) %(*objectname) [2ms]
2025-03-18 14:55:40.057 [info] > git add -A -- /home/soufian/holbertonschool-higher_level_programming/python-object_relational_mapping/6-model_state.sql [3ms]
2025-03-18 14:55:40.067 [info] > git config --get commit.template [5ms]
2025-03-18 14:55:40.068 [info] > git for-each-ref --format=%(refname)%00%(upstream:short)%00%(objectname)%00%(upstream:track)%00%(upstream:remotename)%00%(upstream:remoteref) refs/heads/main refs/remotes/main [2ms]
2025-03-18 14:55:40.076 [info] > git status -z -uall [4ms]
2025-03-18 14:55:40.077 [info] > git for-each-ref --sort -committerdate --format %(refname) %(objectname) %(*objectname) [2ms]
2025-03-18 14:55:40.846 [info] > git add -A -- /home/soufian/holbertonschool-higher_level_programming/python-object_relational_mapping/7-model_state_fetch_all.py [3ms]
2025-03-18 14:55:40.854 [info] > git config --get commit.template [4ms]
2025-03-18 14:55:40.855 [info] > git for-each-ref --format=%(refname)%00%(upstream:short)%00%(objectname)%00%(upstream:track)%00%(upstream:remotename)%00%(upstream:remoteref) refs/heads/main refs/remotes/main [1ms]
2025-03-18 14:55:40.863 [info] > git status -z -uall [4ms]
2025-03-18 14:55:40.864 [info] > git for-each-ref --sort -committerdate --format %(refname) %(objectname) %(*objectname) [1ms]
2025-03-18 14:55:41.906 [info] > git add -A -- /home/soufian/holbertonschool-higher_level_programming/python-object_relational_mapping/7-model_state_fetch_all.sql [3ms]
2025-03-18 14:55:41.915 [info] > git config --get commit.template [4ms]
2025-03-18 14:55:41.915 [info] > git for-each-ref --format=%(refname)%00%(upstream:short)%00%(objectname)%00%(upstream:track)%00%(upstream:remotename)%00%(upstream:remoteref) refs/heads/main refs/remotes/main [1ms]
2025-03-18 14:55:41.924 [info] > git status -z -uall [5ms]
2025-03-18 14:55:41.925 [info] > git for-each-ref --sort -committerdate --format %(refname) %(objectname) %(*objectname) [2ms]
2025-03-18 14:55:42.631 [info] > git add -A -- /home/soufian/holbertonschool-higher_level_programming/python-object_relational_mapping/8-model_state_fetch_first.py [3ms]
2025-03-18 14:55:42.639 [info] > git config --get commit.template [4ms]
2025-03-18 14:55:42.640 [info] > git for-each-ref --format=%(refname)%00%(upstream:short)%00%(objectname)%00%(upstream:track)%00%(upstream:remotename)%00%(upstream:remoteref) refs/heads/main refs/remotes/main [2ms]
2025-03-18 14:55:42.648 [info] > git status -z -uall [4ms]
2025-03-18 14:55:42.649 [info] > git for-each-ref --sort -committerdate --format %(refname) %(objectname) %(*objectname) [2ms]
2025-03-18 14:55:42.872 [info] > git config --get commit.template [5ms]
2025-03-18 14:55:42.873 [info] > git for-each-ref --format=%(refname)%00%(upstream:short)%00%(objectname)%00%(upstream:track)%00%(upstream:remotename)%00%(upstream:remoteref) refs/heads/main refs/remotes/main [2ms]
2025-03-18 14:55:42.881 [info] > git status -z -uall [4ms]
2025-03-18 14:55:42.882 [info] > git for-each-ref --sort -committerdate --format %(refname) %(objectname) %(*objectname) [1ms]
2025-03-18 14:55:43.381 [info] > git add -A -- /home/soufian/holbertonschool-higher_level_programming/python-object_relational_mapping/9-model_state_filter_a.py [2ms]
2025-03-18 14:55:43.390 [info] > git config --get commit.template [4ms]
2025-03-18 14:55:43.391 [info] > git for-each-ref --format=%(refname)%00%(upstream:short)%00%(objectname)%00%(upstream:track)%00%(upstream:remotename)%00%(upstream:remoteref) refs/heads/main refs/remotes/main [2ms]
2025-03-18 14:55:43.399 [info] > git status -z -uall [4ms]
2025-03-18 14:55:43.400 [info] > git for-each-ref --sort -committerdate --format %(refname) %(objectname) %(*objectname) [1ms]
2025-03-18 14:55:44.474 [info] > git add -A -- /home/soufian/holbertonschool-higher_level_programming/python-object_relational_mapping/10-model_state_my_get.py [3ms]
2025-03-18 14:55:44.484 [info] > git config --get commit.template [4ms]
2025-03-18 14:55:44.485 [info] > git for-each-ref --format=%(refname)%00%(upstream:short)%00%(objectname)%00%(upstream:track)%00%(upstream:remotename)%00%(upstream:remoteref) refs/heads/main refs/remotes/main [1ms]
2025-03-18 14:55:44.494 [info] > git status -z -uall [4ms]
2025-03-18 14:55:44.495 [info] > git for-each-ref --sort -committerdate --format %(refname) %(objectname) %(*objectname) [2ms]
2025-03-18 14:55:45.969 [info] > git add -A -- /home/soufian/holbertonschool-higher_level_programming/python-object_relational_mapping/11-model_state_insert.py [4ms]
2025-03-18 14:55:45.977 [info] > git config --get commit.template [4ms]
2025-03-18 14:55:45.977 [info] > git for-each-ref --format=%(refname)%00%(upstream:short)%00%(objectname)%00%(upstream:track)%00%(upstream:remotename)%00%(upstream:remoteref) refs/heads/main refs/remotes/main [1ms]
2025-03-18 14:55:45.987 [info] > git status -z -uall [5ms]
2025-03-18 14:55:45.988 [info] > git for-each-ref --sort -committerdate --format %(refname) %(objectname) %(*objectname) [1ms]
2025-03-18 14:55:46.838 [info] > git check-ignore -v -z --stdin [1ms]
2025-03-18 14:55:47.894 [info] > git config --get commit.template [5ms]
2025-03-18 14:55:47.894 [info] > git for-each-ref --format=%(refname)%00%(upstream:short)%00%(objectname)%00%(upstream:track)%00%(upstream:remotename)%00%(upstream:remoteref) refs/heads/main refs/remotes/main [1ms]
2025-03-18 14:55:47.902 [info] > git status -z -uall [4ms]
2025-03-18 14:55:47.903 [info] > git for-each-ref --sort -committerdate --format %(refname) %(objectname) %(*objectname) [2ms]
2025-03-18 14:55:54.310 [info] > git add -A -- /home/soufian/holbertonschool-higher_level_programming/python-object_relational_mapping/README.md [4ms]
2025-03-18 14:55:54.318 [info] > git config --get commit.template [3ms]
2025-03-18 14:55:54.318 [info] > git for-each-ref --format=%(refname)%00%(upstream:short)%00%(objectname)%00%(upstream:track)%00%(upstream:remotename)%00%(upstream:remoteref) refs/heads/main refs/remotes/main [1ms]
2025-03-18 14:55:54.326 [info] > git status -z -uall [4ms]
2025-03-18 14:55:54.327 [info] > git for-each-ref --sort -committerdate --format %(refname) %(objectname) %(*objectname) [1ms]
2025-03-18 14:55:55.396 [info] > git config --get commit.template [5ms]
2025-03-18 14:55:55.397 [info] > git for-each-ref --format=%(refname)%00%(upstream:short)%00%(objectname)%00%(upstream:track)%00%(upstream:remotename)%00%(upstream:remoteref) refs/heads/main refs/remotes/main [2ms]
2025-03-18 14:55:55.404 [info] > git status -z -uall [4ms]
2025-03-18 14:55:55.405 [info] > git for-each-ref --sort -committerdate --format %(refname) %(objectname) %(*objectname) [1ms]
2025-03-18 14:55:55.473 [info] > git add -A -- /home/soufian/holbertonschool-higher_level_programming/python-object_relational_mapping/model_state.py [3ms]
2025-03-18 14:55:55.485 [info] > git config --get commit.template [5ms]
2025-03-18 14:55:55.486 [info] > git for-each-ref --format=%(refname)%00%(upstream:short)%00%(objectname)%00%(upstream:track)%00%(upstream:remotename)%00%(upstream:remoteref) refs/heads/main refs/remotes/main [1ms]
2025-03-18 14:55:55.496 [info] > git status -z -uall [5ms]
2025-03-18 14:55:55.497 [info] > git for-each-ref --sort -committerdate --format %(refname) %(objectname) %(*objectname) [2ms]
2025-03-18 14:55:55.867 [info] > git show --textconv :python-object_relational_mapping/model_state.py [10ms]
2025-03-18 14:55:55.867 [info] > git show --textconv HEAD:python-object_relational_mapping/model_state.py [6ms]
2025-03-18 14:55:55.868 [info] > git ls-files --stage -- python-object_relational_mapping/model_state.py [4ms]
2025-03-18 14:55:55.876 [info] > git cat-file -s e355d07d2a25a61bd1377fbfe24467ac6fb3f968 [5ms]
2025-03-18 14:55:55.876 [info] > git ls-tree -l HEAD -- python-object_relational_mapping/model_state.py [9ms]
2025-03-18 14:55:55.880 [info] > git hash-object -t tree /dev/null [6ms]
2025-03-18 14:55:55.880 [warning] [GitFileSystemProvider][readFile] File not found - git:/home/soufian/holbertonschool-higher_level_programming/python-object_relational_mapping/model_state.py.git?%7B%22path%22%3A%22%2Fhome%2Fsoufian%2Fholbertonschool-higher_level_programming%2Fpython-object_relational_mapping%2Fmodel_state.py%22%2C%22ref%22%3A%22HEAD%22%7D
2025-03-18 14:55:55.882 [info] > git hash-object -t tree /dev/null [3ms]
2025-03-18 14:55:55.882 [warning] [GitFileSystemProvider][stat] File not found - git:/home/soufian/holbertonschool-higher_level_programming/python-object_relational_mapping/model_state.py.git?%7B%22path%22%3A%22%2Fhome%2Fsoufian%2Fholbertonschool-higher_level_programming%2Fpython-object_relational_mapping%2Fmodel_state.py%22%2C%22ref%22%3A%22HEAD%22%7D
2025-03-18 14:55:55.893 [info] > git blame --root --incremental affb17da69b589adc6c1eeca32db11c1e9d458db -- python-object_relational_mapping/model_state.py [1ms]
2025-03-18 14:55:55.893 [info] fatal: no such path python-object_relational_mapping/model_state.py in affb17da69b589adc6c1eeca32db11c1e9d458db
2025-03-18 14:55:56.668 [info] > git ls-files --stage -- python-object_relational_mapping/model_state.py [1ms]
2025-03-18 14:55:56.672 [info] > git cat-file -s e355d07d2a25a61bd1377fbfe24467ac6fb3f968 [1ms]
2025-03-18 14:55:56.681 [info] > git show --textconv :python-object_relational_mapping/model_state.py [1ms]
2025-03-18 14:55:57.093 [info] > git add -A -- /home/soufian/holbertonschool-higher_level_programming/python-object_relational_mapping/model_city.py [3ms]
2025-03-18 14:55:57.099 [info] > git config --get commit.template [2ms]
2025-03-18 14:55:57.104 [info] > git for-each-ref --format=%(refname)%00%(upstream:short)%00%(objectname)%00%(upstream:track)%00%(upstream:remotename)%00%(upstream:remoteref) refs/heads/main refs/remotes/main [1ms]
2025-03-18 14:55:57.111 [info] > git status -z -uall [3ms]
2025-03-18 14:55:57.112 [info] > git for-each-ref --sort -committerdate --format %(refname) %(objectname) %(*objectname) [1ms]
2025-03-18 14:55:57.686 [info] > git add -A -- /home/soufian/holbertonschool-higher_level_programming/python-object_relational_mapping/14-model_city_fetch_by_state.sql [2ms]
2025-03-18 14:55:57.694 [info] > git config --get commit.template [4ms]
2025-03-18 14:55:57.695 [info] > git for-each-ref --format=%(refname)%00%(upstream:short)%00%(objectname)%00%(upstream:track)%00%(upstream:remotename)%00%(upstream:remoteref) refs/heads/main refs/remotes/main [1ms]
2025-03-18 14:55:57.702 [info] > git status -z -uall [3ms]
2025-03-18 14:55:57.704 [info] > git for-each-ref --sort -committerdate --format %(refname) %(objectname) %(*objectname) [1ms]
2025-03-18 14:55:58.866 [info] > git add -A -- /home/soufian/holbertonschool-higher_level_programming/python-object_relational_mapping/14-model_city_fetch_by_state.py [3ms]
2025-03-18 14:55:58.874 [info] > git config --get commit.template [3ms]
2025-03-18 14:55:58.875 [info] > git for-each-ref --format=%(refname)%00%(upstream:short)%00%(objectname)%00%(upstream:track)%00%(upstream:remotename)%00%(upstream:remoteref) refs/heads/main refs/remotes/main [1ms]
2025-03-18 14:55:58.887 [info] > git status -z -uall [8ms]
2025-03-18 14:55:58.888 [info] > git for-each-ref --sort -committerdate --format %(refname) %(objectname) %(*objectname) [5ms]
2025-03-18 14:55:58.890 [info] > git ls-files --stage -- python-object_relational_mapping/model_state.py [3ms]
2025-03-18 14:55:58.894 [info] > git cat-file -s e355d07d2a25a61bd1377fbfe24467ac6fb3f968 [1ms]
2025-03-18 14:55:58.903 [info] > git show --textconv :python-object_relational_mapping/model_state.py [2ms]
2025-03-18 14:55:59.510 [info] > git add -A -- /home/soufian/holbertonschool-higher_level_programming/python-object_relational_mapping/13-model_state_delete_a.py [3ms]
2025-03-18 14:55:59.518 [info] > git config --get commit.template [4ms]
2025-03-18 14:55:59.519 [info] > git for-each-ref --format=%(refname)%00%(upstream:short)%00%(objectname)%00%(upstream:track)%00%(upstream:remotename)%00%(upstream:remoteref) refs/heads/main refs/remotes/main [1ms]
2025-03-18 14:55:59.527 [info] > git status -z -uall [4ms]
2025-03-18 14:55:59.528 [info] > git for-each-ref --sort -committerdate --format %(refname) %(objectname) %(*objectname) [2ms]
2025-03-18 14:56:00.415 [info] > git config --get commit.template [4ms]
2025-03-18 14:56:00.416 [info] > git for-each-ref --format=%(refname)%00%(upstream:short)%00%(objectname)%00%(upstream:track)%00%(upstream:remotename)%00%(upstream:remoteref) refs/heads/main refs/remotes/main [1ms]
2025-03-18 14:56:00.424 [info] > git status -z -uall [4ms]
2025-03-18 14:56:00.426 [info] > git for-each-ref --sort -committerdate --format %(refname) %(objectname) %(*objectname) [1ms]
2025-03-18 14:56:00.514 [info] > git add -A -- /home/soufian/holbertonschool-higher_level_programming/python-object_relational_mapping/12-model_state_update_id_2.py [3ms]
2025-03-18 14:56:00.522 [info] > git config --get commit.template [4ms]
2025-03-18 14:56:00.523 [info] > git for-each-ref --format=%(refname)%00%(upstream:short)%00%(objectname)%00%(upstream:track)%00%(upstream:remotename)%00%(upstream:remoteref) refs/heads/main refs/remotes/main [1ms]
2025-03-18 14:56:00.531 [info] > git status -z -uall [3ms]
2025-03-18 14:56:00.532 [info] > git for-each-ref --sort -committerdate --format %(refname) %(objectname) %(*objectname) [2ms]
2025-03-18 14:56:01.711 [info] > git ls-files --stage -- python-object_relational_mapping/model_state.py [2ms]
2025-03-18 14:56:01.715 [info] > git cat-file -s e355d07d2a25a61bd1377fbfe24467ac6fb3f968 [1ms]
2025-03-18 14:56:01.725 [info] > git show --textconv :python-object_relational_mapping/model_state.py [2ms]
2025-03-18 14:56:05.437 [info] > git config --get commit.template [5ms]
2025-03-18 14:56:05.438 [info] > git for-each-ref --format=%(refname)%00%(upstream:short)%00%(objectname)%00%(upstream:track)%00%(upstream:remotename)%00%(upstream:remoteref) refs/heads/main refs/remotes/main [1ms]
2025-03-18 14:56:05.446 [info] > git status -z -uall [4ms]
2025-03-18 14:56:05.447 [info] > git for-each-ref --sort -committerdate --format %(refname) %(objectname) %(*objectname) [2ms]
2025-03-18 14:56:09.240 [info] > git -c user.useConfigOnly=true commit --quiet --allow-empty-message --file - [10ms]
2025-03-18 14:56:09.245 [info] > git config --get commit.template [1ms]
2025-03-18 14:56:09.254 [info] > git config --get commit.template [5ms]
2025-03-18 14:56:09.255 [info] > git for-each-ref --format=%(refname)%00%(upstream:short)%00%(objectname)%00%(upstream:track)%00%(upstream:remotename)%00%(upstream:remoteref) refs/heads/main refs/remotes/main [2ms]
2025-03-18 14:56:09.266 [info] > git status -z -uall [7ms]
2025-03-18 14:56:09.266 [info] > git for-each-ref --sort -committerdate --format %(refname) %(objectname) %(*objectname) [2ms]
2025-03-18 14:56:09.286 [info] > git merge-base refs/heads/main refs/remotes/origin/main [9ms]
2025-03-18 14:56:09.290 [info] > git blame --root --incremental 550db33b85593b5029cb5f2fa78b33a5e03b156a -- python-object_relational_mapping/model_state.py [18ms]
2025-03-18 14:56:09.291 [info] > git diff --name-status -z --diff-filter=ADMR affb17da69b589adc6c1eeca32db11c1e9d458db...refs/remotes/origin/main [1ms]
2025-03-18 14:56:09.354 [info] > git log --format=%H%n%aN%n%aE%n%at%n%ct%n%P%n%D%n%B -z --shortstat --diff-merges=first-parent -n50 --skip=0 --topo-order --decorate=full --stdin [12ms]
2025-03-18 14:56:10.274 [info] > git push origin main:main [989ms]
2025-03-18 14:56:10.274 [info] To https://github.com/Souff06/holbertonschool-higher_level_programming.git
   affb17d..550db33  main -> main
2025-03-18 14:56:10.282 [info] > git config --get commit.template [4ms]
2025-03-18 14:56:10.283 [info] > git for-each-ref --format=%(refname)%00%(upstream:short)%00%(objectname)%00%(upstream:track)%00%(upstream:remotename)%00%(upstream:remoteref) refs/heads/main refs/remotes/main [1ms]
2025-03-18 14:56:10.291 [info] > git status -z -uall [4ms]
2025-03-18 14:56:10.292 [info] > git for-each-ref --sort -committerdate --format %(refname) %(objectname) %(*objectname) [1ms]
2025-03-18 14:56:10.300 [info] > git merge-base refs/heads/main refs/remotes/origin/main [2ms]
2025-03-18 14:56:10.305 [info] > git diff --name-status -z --diff-filter=ADMR 550db33b85593b5029cb5f2fa78b33a5e03b156a...refs/remotes/origin/main [2ms]
2025-03-18 14:56:10.332 [info] > git log --format=%H%n%aN%n%aE%n%at%n%ct%n%P%n%D%n%B -z --shortstat --diff-merges=first-parent -n50 --skip=0 --topo-order --decorate=full --stdin [14ms]
2025-03-18 14:56:10.337 [info] > git config --get commit.template [5ms]
2025-03-18 14:56:10.342 [info] > git for-each-ref --format=%(refname)%00%(upstream:short)%00%(objectname)%00%(upstream:track)%00%(upstream:remotename)%00%(upstream:remoteref) refs/heads/main refs/remotes/main [1ms]
2025-03-18 14:56:10.350 [info] > git status -z -uall [4ms]
2025-03-18 14:56:10.351 [info] > git for-each-ref --sort -committerdate --format %(refname) %(objectname) %(*objectname) [1ms]
2025-03-18 14:56:11.459 [info] > git config --get commit.template [4ms]
2025-03-18 14:56:11.460 [info] > git for-each-ref --format=%(refname)%00%(upstream:short)%00%(objectname)%00%(upstream:track)%00%(upstream:remotename)%00%(upstream:remoteref) refs/heads/main refs/remotes/main [2ms]
2025-03-18 14:56:11.468 [info] > git status -z -uall [4ms]
2025-03-18 14:56:11.469 [info] > git for-each-ref --sort -committerdate --format %(refname) %(objectname) %(*objectname) [2ms]
2025-03-18 14:56:11.558 [info] > git ls-files --stage -- python-object_relational_mapping/model_state.py [1ms]
2025-03-18 14:56:11.563 [info] > git cat-file -s e355d07d2a25a61bd1377fbfe24467ac6fb3f968 [2ms]
2025-03-18 14:56:11.571 [info] > git show --textconv :python-object_relational_mapping/model_state.py [2ms]
2025-03-18 14:57:29.793 [info] > git fetch [618ms]
2025-03-18 14:57:29.800 [info] > git config --get commit.template [3ms]
2025-03-18 14:57:29.801 [info] > git for-each-ref --format=%(refname)%00%(upstream:short)%00%(objectname)%00%(upstream:track)%00%(upstream:remotename)%00%(upstream:remoteref) refs/heads/main refs/remotes/main [1ms]
2025-03-18 14:57:29.811 [info] > git for-each-ref --sort -committerdate --format %(refname) %(objectname) %(*objectname) [2ms]
2025-03-18 14:57:29.814 [info] > git status -z -uall [9ms]
2025-03-18 14:57:30.872 [info] > git config --get commit.template [4ms]
2025-03-18 14:57:30.873 [info] > git for-each-ref --format=%(refname)%00%(upstream:short)%00%(objectname)%00%(upstream:track)%00%(upstream:remotename)%00%(upstream:remoteref) refs/heads/main refs/remotes/main [1ms]
2025-03-18 14:57:30.881 [info] > git status -z -uall [4ms]
2025-03-18 14:57:30.882 [info] > git for-each-ref --sort -committerdate --format %(refname) %(objectname) %(*objectname) [1ms]
2025-03-18 14:57:30.974 [info] > git ls-files --stage -- python-object_relational_mapping/model_state.py [2ms]
2025-03-18 14:57:30.978 [info] > git cat-file -s e355d07d2a25a61bd1377fbfe24467ac6fb3f968 [1ms]
2025-03-18 14:57:30.987 [info] > git show --textconv :python-object_relational_mapping/model_state.py [1ms]
2025-03-18 14:58:02.295 [info] > git config --get commit.template [4ms]
2025-03-18 14:58:02.296 [info] > git for-each-ref --format=%(refname)%00%(upstream:short)%00%(objectname)%00%(upstream:track)%00%(upstream:remotename)%00%(upstream:remoteref) refs/heads/main refs/remotes/main [2ms]
2025-03-18 14:58:02.304 [info] > git status -z -uall [4ms]
2025-03-18 14:58:02.305 [info] > git for-each-ref --sort -committerdate --format %(refname) %(objectname) %(*objectname) [2ms]
2025-03-18 15:00:30.360 [info] > git fetch [539ms]
2025-03-18 15:00:30.369 [info] > git config --get commit.template [4ms]
2025-03-18 15:00:30.370 [info] > git for-each-ref --format=%(refname)%00%(upstream:short)%00%(objectname)%00%(upstream:track)%00%(upstream:remotename)%00%(upstream:remoteref) refs/heads/main refs/remotes/main [1ms]
2025-03-18 15:00:30.378 [info] > git for-each-ref --sort -committerdate --format %(refname) %(objectname) %(*objectname) [1ms]
2025-03-18 15:00:30.385 [info] > git status -z -uall [11ms]
2025-03-18 15:00:31.438 [info] > git config --get commit.template [4ms]
2025-03-18 15:00:31.439 [info] > git for-each-ref --format=%(refname)%00%(upstream:short)%00%(objectname)%00%(upstream:track)%00%(upstream:remotename)%00%(upstream:remoteref) refs/heads/main refs/remotes/main [1ms]
2025-03-18 15:00:31.448 [info] > git status -z -uall [6ms]
2025-03-18 15:00:31.448 [info] > git for-each-ref --sort -committerdate --format %(refname) %(objectname) %(*objectname) [3ms]
2025-03-18 15:00:31.542 [info] > git ls-files --stage -- python-object_relational_mapping/model_state.py [2ms]
2025-03-18 15:00:31.546 [info] > git cat-file -s e355d07d2a25a61bd1377fbfe24467ac6fb3f968 [2ms]
2025-03-18 15:00:31.556 [info] > git show --textconv :python-object_relational_mapping/model_state.py [2ms]
2025-03-18 15:00:39.330 [info] > git check-ignore -v -z --stdin [2ms]
2025-03-18 15:01:02.522 [info] > git config --get commit.template [4ms]
2025-03-18 15:01:02.523 [info] > git for-each-ref --format=%(refname)%00%(upstream:short)%00%(objectname)%00%(upstream:track)%00%(upstream:remotename)%00%(upstream:remoteref) refs/heads/main refs/remotes/main [1ms]
2025-03-18 15:01:02.532 [info] > git status -z -uall [5ms]
2025-03-18 15:01:02.534 [info] > git for-each-ref --sort -committerdate --format %(refname) %(objectname) %(*objectname) [3ms]
2025-03-18 15:01:20.164 [info] > git config --get commit.template [5ms]
2025-03-18 15:01:20.166 [info] > git for-each-ref --format=%(refname)%00%(upstream:short)%00%(objectname)%00%(upstream:track)%00%(upstream:remotename)%00%(upstream:remoteref) refs/heads/main refs/remotes/main [3ms]
2025-03-18 15:01:20.176 [info] > git status -z -uall [5ms]
2025-03-18 15:01:20.177 [info] > git for-each-ref --sort -committerdate --format %(refname) %(objectname) %(*objectname) [2ms]
2025-03-18 15:01:25.188 [info] > git config --get commit.template [4ms]
2025-03-18 15:01:25.188 [info] > git for-each-ref --format=%(refname)%00%(upstream:short)%00%(objectname)%00%(upstream:track)%00%(upstream:remotename)%00%(upstream:remoteref) refs/heads/main refs/remotes/main [1ms]
2025-03-18 15:01:25.196 [info] > git status -z -uall [4ms]
2025-03-18 15:01:25.197 [info] > git for-each-ref --sort -committerdate --format %(refname) %(objectname) %(*objectname) [1ms]
2025-03-18 15:01:25.644 [info] > git log --format=%H%n%aN%n%aE%n%at%n%ct%n%P%n%D%n%B -z --shortstat --diff-merges=first-parent -n50 --skip=0 --topo-order --decorate=full --stdin [125ms]
2025-03-18 15:01:28.026 [info] > git add -A -- /home/soufian/holbertonschool-higher_level_programming/restful-api/task_04_flask.py [5ms]
2025-03-18 15:01:28.034 [info] > git config --get commit.template [4ms]
2025-03-18 15:01:28.035 [info] > git for-each-ref --format=%(refname)%00%(upstream:short)%00%(objectname)%00%(upstream:track)%00%(upstream:remotename)%00%(upstream:remoteref) refs/heads/main refs/remotes/main [1ms]
2025-03-18 15:01:28.045 [info] > git status -z -uall [5ms]
2025-03-18 15:01:28.045 [info] > git for-each-ref --sort -committerdate --format %(refname) %(objectname) %(*objectname) [1ms]
2025-03-18 15:01:30.209 [info] > git config --get commit.template [5ms]
2025-03-18 15:01:30.210 [info] > git for-each-ref --format=%(refname)%00%(upstream:short)%00%(objectname)%00%(upstream:track)%00%(upstream:remotename)%00%(upstream:remoteref) refs/heads/main refs/remotes/main [1ms]
2025-03-18 15:01:30.218 [info] > git status -z -uall [4ms]
2025-03-18 15:01:30.219 [info] > git for-each-ref --sort -committerdate --format %(refname) %(objectname) %(*objectname) [1ms]
2025-03-18 15:01:30.480 [info] > git add -A -- /home/soufian/holbertonschool-higher_level_programming/restful-api/task_05_basic_security.py [4ms]
2025-03-18 15:01:30.488 [info] > git config --get commit.template [4ms]
2025-03-18 15:01:30.489 [info] > git for-each-ref --format=%(refname)%00%(upstream:short)%00%(objectname)%00%(upstream:track)%00%(upstream:remotename)%00%(upstream:remoteref) refs/heads/main refs/remotes/main [1ms]
2025-03-18 15:01:30.497 [info] > git status -z -uall [4ms]
2025-03-18 15:01:30.499 [info] > git for-each-ref --sort -committerdate --format %(refname) %(objectname) %(*objectname) [3ms]
2025-03-18 15:01:30.568 [info] > git show --textconv :restful-api/task_05_basic_security.py [11ms]
2025-03-18 15:01:30.568 [info] > git show --textconv HEAD:restful-api/task_05_basic_security.py [7ms]
2025-03-18 15:01:30.568 [info] > git ls-files --stage -- restful-api/task_05_basic_security.py [4ms]
2025-03-18 15:01:30.572 [warning] [GitFileSystemProvider][readFile] File not found - git:/home/soufian/holbertonschool-higher_level_programming/restful-api/task_05_basic_security.py.git?%7B%22path%22%3A%22%2Fhome%2Fsoufian%2Fholbertonschool-higher_level_programming%2Frestful-api%2Ftask_05_basic_security.py%22%2C%22ref%22%3A%22HEAD%22%7D
2025-03-18 15:01:30.573 [info] > git cat-file -s 46c55e0c90f8748c4684fd3dd86378d48b9a32a7 [2ms]
2025-03-18 15:01:30.573 [info] > git ls-tree -l HEAD -- restful-api/task_05_basic_security.py [6ms]
2025-03-18 15:01:30.574 [warning] [GitFileSystemProvider][stat] File not found - git:/home/soufian/holbertonschool-higher_level_programming/restful-api/task_05_basic_security.py.git?%7B%22path%22%3A%22%2Fhome%2Fsoufian%2Fholbertonschool-higher_level_programming%2Frestful-api%2Ftask_05_basic_security.py%22%2C%22ref%22%3A%22HEAD%22%7D
2025-03-18 15:01:30.608 [info] > git blame --root --incremental 550db33b85593b5029cb5f2fa78b33a5e03b156a -- restful-api/task_05_basic_security.py [1ms]
2025-03-18 15:01:30.608 [info] fatal: no such path restful-api/task_05_basic_security.py in 550db33b85593b5029cb5f2fa78b33a5e03b156a
2025-03-18 15:01:31.677 [info] > git ls-files --stage -- restful-api/task_05_basic_security.py [2ms]
2025-03-18 15:01:31.681 [info] > git cat-file -s 46c55e0c90f8748c4684fd3dd86378d48b9a32a7 [1ms]
2025-03-18 15:01:31.690 [info] > git show --textconv :restful-api/task_05_basic_security.py [2ms]
2025-03-18 15:01:35.227 [info] > git config --get commit.template [3ms]
2025-03-18 15:01:35.228 [info] > git for-each-ref --format=%(refname)%00%(upstream:short)%00%(objectname)%00%(upstream:track)%00%(upstream:remotename)%00%(upstream:remoteref) refs/heads/main refs/remotes/main [1ms]
2025-03-18 15:01:35.237 [info] > git status -z -uall [5ms]
2025-03-18 15:01:35.237 [info] > git for-each-ref --sort -committerdate --format %(refname) %(objectname) %(*objectname) [1ms]
2025-03-18 15:01:37.804 [info] > git -c user.useConfigOnly=true commit --quiet --allow-empty-message --file - [17ms]
2025-03-18 15:01:37.809 [info] > git config --get commit.template [1ms]
2025-03-18 15:01:37.816 [info] > git config --get commit.template [1ms]
2025-03-18 15:01:37.820 [info] > git for-each-ref --format=%(refname)%00%(upstream:short)%00%(objectname)%00%(upstream:track)%00%(upstream:remotename)%00%(upstream:remoteref) refs/heads/main refs/remotes/main [1ms]
2025-03-18 15:01:37.828 [info] > git status -z -uall [4ms]
2025-03-18 15:01:37.830 [info] > git for-each-ref --sort -committerdate --format %(refname) %(objectname) %(*objectname) [2ms]
2025-03-18 15:01:37.851 [info] > git merge-base refs/heads/main refs/remotes/origin/main [9ms]
2025-03-18 15:01:37.855 [info] > git blame --root --incremental f0556e4dd25fc713b83c171ef78b6bd17a1c10c1 -- restful-api/task_05_basic_security.py [18ms]
2025-03-18 15:01:37.857 [info] > git diff --name-status -z --diff-filter=ADMR 550db33b85593b5029cb5f2fa78b33a5e03b156a...refs/remotes/origin/main [1ms]
2025-03-18 15:01:37.917 [info] > git log --format=%H%n%aN%n%aE%n%at%n%ct%n%P%n%D%n%B -z --shortstat --diff-merges=first-parent -n50 --skip=0 --topo-order --decorate=full --stdin [12ms]
2025-03-18 15:01:38.858 [info] > git push origin main:main [1010ms]
2025-03-18 15:01:38.859 [info] To https://github.com/Souff06/holbertonschool-higher_level_programming.git
   550db33..f0556e4  main -> main
2025-03-18 15:01:38.864 [info] > git config --get commit.template [1ms]
2025-03-18 15:01:38.868 [info] > git for-each-ref --format=%(refname)%00%(upstream:short)%00%(objectname)%00%(upstream:track)%00%(upstream:remotename)%00%(upstream:remoteref) refs/heads/main refs/remotes/main [1ms]
2025-03-18 15:01:38.876 [info] > git status -z -uall [5ms]
2025-03-18 15:01:38.877 [info] > git for-each-ref --sort -committerdate --format %(refname) %(objectname) %(*objectname) [2ms]
2025-03-18 15:01:38.884 [info] > git merge-base refs/heads/main refs/remotes/origin/main [2ms]
2025-03-18 15:01:38.889 [info] > git diff --name-status -z --diff-filter=ADMR f0556e4dd25fc713b83c171ef78b6bd17a1c10c1...refs/remotes/origin/main [1ms]
2025-03-18 15:01:38.918 [info] > git log --format=%H%n%aN%n%aE%n%at%n%ct%n%P%n%D%n%B -z --shortstat --diff-merges=first-parent -n50 --skip=0 --topo-order --decorate=full --stdin [21ms]
2025-03-18 15:01:38.924 [info] > git config --get commit.template [8ms]
2025-03-18 15:01:38.930 [info] > git for-each-ref --format=%(refname)%00%(upstream:short)%00%(objectname)%00%(upstream:track)%00%(upstream:remotename)%00%(upstream:remoteref) refs/heads/main refs/remotes/main [2ms]
2025-03-18 15:01:38.942 [info] > git status -z -uall [7ms]
2025-03-18 15:01:38.943 [info] > git for-each-ref --sort -committerdate --format %(refname) %(objectname) %(*objectname) [2ms]
2025-03-18 15:01:40.149 [info] > git ls-files --stage -- restful-api/task_05_basic_security.py [2ms]
2025-03-18 15:01:40.153 [info] > git cat-file -s 46c55e0c90f8748c4684fd3dd86378d48b9a32a7 [1ms]
2025-03-18 15:01:40.162 [info] > git show --textconv :restful-api/task_05_basic_security.py [2ms]
2025-03-18 15:01:40.246 [info] > git config --get commit.template [1ms]
2025-03-18 15:01:40.251 [info] > git for-each-ref --format=%(refname)%00%(upstream:short)%00%(objectname)%00%(upstream:track)%00%(upstream:remotename)%00%(upstream:remoteref) refs/heads/main refs/remotes/main [1ms]
2025-03-18 15:01:40.259 [info] > git status -z -uall [4ms]
2025-03-18 15:01:40.260 [info] > git for-each-ref --sort -committerdate --format %(refname) %(objectname) %(*objectname) [2ms]
2025-03-18 15:08:41.037 [info] > git fetch [547ms]
2025-03-18 15:08:41.046 [info] > git config --get commit.template [4ms]
2025-03-18 15:08:41.046 [info] > git for-each-ref --format=%(refname)%00%(upstream:short)%00%(objectname)%00%(upstream:track)%00%(upstream:remotename)%00%(upstream:remoteref) refs/heads/main refs/remotes/main [1ms]
2025-03-18 15:08:41.055 [info] > git for-each-ref --sort -committerdate --format %(refname) %(objectname) %(*objectname) [1ms]
2025-03-18 15:08:41.063 [info] > git status -z -uall [13ms]
2025-03-18 15:08:42.116 [info] > git config --get commit.template [4ms]
2025-03-18 15:08:42.117 [info] > git for-each-ref --format=%(refname)%00%(upstream:short)%00%(objectname)%00%(upstream:track)%00%(upstream:remotename)%00%(upstream:remoteref) refs/heads/main refs/remotes/main [2ms]
2025-03-18 15:08:42.125 [info] > git status -z -uall [4ms]
2025-03-18 15:08:42.126 [info] > git for-each-ref --sort -committerdate --format %(refname) %(objectname) %(*objectname) [1ms]
2025-03-18 15:08:42.220 [info] > git ls-files --stage -- restful-api/task_05_basic_security.py [3ms]
2025-03-18 15:08:42.225 [info] > git cat-file -s 46c55e0c90f8748c4684fd3dd86378d48b9a32a7 [1ms]
2025-03-18 15:08:42.241 [info] > git show --textconv :restful-api/task_05_basic_security.py [2ms]
2025-03-18 15:22:49.983 [info] > git fetch [630ms]
2025-03-18 15:22:49.993 [info] > git config --get commit.template [5ms]
2025-03-18 15:22:49.994 [info] > git for-each-ref --format=%(refname)%00%(upstream:short)%00%(objectname)%00%(upstream:track)%00%(upstream:remotename)%00%(upstream:remoteref) refs/heads/main refs/remotes/main [2ms]
2025-03-18 15:22:50.007 [info] > git for-each-ref --sort -committerdate --format %(refname) %(objectname) %(*objectname) [2ms]
2025-03-18 15:22:50.016 [info] > git status -z -uall [15ms]
2025-03-18 15:45:14.657 [info] > git config --get commit.template [7ms]
2025-03-18 15:45:14.663 [info] > git ls-files --stage -- restful-api/task_05_basic_security.py [7ms]
2025-03-18 15:45:14.668 [info] > git for-each-ref --format=%(refname)%00%(upstream:short)%00%(objectname)%00%(upstream:track)%00%(upstream:remotename)%00%(upstream:remoteref) refs/heads/main refs/remotes/main [6ms]
2025-03-18 15:45:14.679 [info] > git status -z -uall [6ms]
2025-03-18 15:45:14.680 [info] > git cat-file -s 46c55e0c90f8748c4684fd3dd86378d48b9a32a7 [13ms]
2025-03-18 15:45:14.681 [info] > git for-each-ref --sort -committerdate --format %(refname) %(objectname) %(*objectname) [2ms]
2025-03-18 15:45:14.693 [info] > git show --textconv :restful-api/task_05_basic_security.py [3ms]
2025-03-18 15:45:15.083 [info] > git fetch [439ms]
2025-03-18 15:45:15.093 [info] > git config --get commit.template [4ms]
2025-03-18 15:45:15.094 [info] > git for-each-ref --format=%(refname)%00%(upstream:short)%00%(objectname)%00%(upstream:track)%00%(upstream:remotename)%00%(upstream:remoteref) refs/heads/main refs/remotes/main [1ms]
2025-03-18 15:45:15.105 [info] > git status -z -uall [6ms]
2025-03-18 15:45:15.105 [info] > git for-each-ref --sort -committerdate --format %(refname) %(objectname) %(*objectname) [2ms]
2025-03-18 15:45:16.319 [info] > git ls-files --stage -- restful-api/task_05_basic_security.py [1ms]
2025-03-18 15:45:16.324 [info] > git cat-file -s 46c55e0c90f8748c4684fd3dd86378d48b9a32a7 [2ms]
2025-03-18 15:45:16.333 [info] > git show --textconv :restful-api/task_05_basic_security.py [1ms]
2025-03-18 15:45:32.511 [info] > git config --get commit.template [2ms]
2025-03-18 15:45:32.517 [info] > git for-each-ref --format=%(refname)%00%(upstream:short)%00%(objectname)%00%(upstream:track)%00%(upstream:remotename)%00%(upstream:remoteref) refs/heads/main refs/remotes/main [2ms]
2025-03-18 15:45:32.527 [info] > git status -z -uall [5ms]
2025-03-18 15:45:32.528 [info] > git for-each-ref --sort -committerdate --format %(refname) %(objectname) %(*objectname) [1ms]
2025-03-18 15:45:57.044 [info] > git config --get commit.template [4ms]
2025-03-18 15:45:57.045 [info] > git for-each-ref --format=%(refname)%00%(upstream:short)%00%(objectname)%00%(upstream:track)%00%(upstream:remotename)%00%(upstream:remoteref) refs/heads/main refs/remotes/main [2ms]
2025-03-18 15:45:57.054 [info] > git status -z -uall [6ms]
2025-03-18 15:45:57.054 [info] > git for-each-ref --sort -committerdate --format %(refname) %(objectname) %(*objectname) [2ms]
2025-03-18 15:45:57.064 [info] > git check-ignore -v -z --stdin [2ms]
2025-03-18 15:46:22.479 [info] > git config --get commit.template [5ms]
2025-03-18 15:46:22.480 [info] > git for-each-ref --format=%(refname)%00%(upstream:short)%00%(objectname)%00%(upstream:track)%00%(upstream:remotename)%00%(upstream:remoteref) refs/heads/main refs/remotes/main [2ms]
2025-03-18 15:46:22.489 [info] > git status -z -uall [6ms]
2025-03-18 15:46:22.490 [info] > git for-each-ref --sort -committerdate --format %(refname) %(objectname) %(*objectname) [3ms]
2025-03-18 15:46:44.998 [info] > git config --get commit.template [6ms]
2025-03-18 15:46:44.999 [info] > git for-each-ref --format=%(refname)%00%(upstream:short)%00%(objectname)%00%(upstream:track)%00%(upstream:remotename)%00%(upstream:remoteref) refs/heads/main refs/remotes/main [2ms]
2025-03-18 15:46:45.006 [info] > git status -z -uall [4ms]
2025-03-18 15:46:45.007 [info] > git for-each-ref --sort -committerdate --format %(refname) %(objectname) %(*objectname) [1ms]
2025-03-18 15:48:15.535 [info] > git fetch [422ms]
2025-03-18 15:48:15.544 [info] > git config --get commit.template [4ms]
2025-03-18 15:48:15.545 [info] > git for-each-ref --format=%(refname)%00%(upstream:short)%00%(objectname)%00%(upstream:track)%00%(upstream:remotename)%00%(upstream:remoteref) refs/heads/main refs/remotes/main [2ms]
2025-03-18 15:48:15.553 [info] > git status -z -uall [4ms]
2025-03-18 15:48:15.554 [info] > git for-each-ref --sort -committerdate --format %(refname) %(objectname) %(*objectname) [1ms]
2025-03-18 15:48:16.668 [info] > git config --get commit.template [4ms]
2025-03-18 15:48:16.669 [info] > git for-each-ref --format=%(refname)%00%(upstream:short)%00%(objectname)%00%(upstream:track)%00%(upstream:remotename)%00%(upstream:remoteref) refs/heads/main refs/remotes/main [1ms]
2025-03-18 15:48:16.679 [info] > git status -z -uall [5ms]
2025-03-18 15:48:16.679 [info] > git for-each-ref --sort -committerdate --format %(refname) %(objectname) %(*objectname) [2ms]
2025-03-18 15:48:16.769 [info] > git ls-files --stage -- restful-api/task_05_basic_security.py [1ms]
2025-03-18 15:48:16.774 [info] > git cat-file -s 46c55e0c90f8748c4684fd3dd86378d48b9a32a7 [1ms]
2025-03-18 15:48:16.783 [info] > git show --textconv :restful-api/task_05_basic_security.py [2ms]
