Initializing document watcher...
Document watcher initialized
holbertonschool-higher_level_programming/SQL_more_queries/12-no_genre.sql: {}
holbertonschool-higher_level_programming/SQL_more_queries/12-no_genre.sql: {}
holbertonschool-higher_level_programming/SQL_more_queries/13-count_shows_by_genre.sql: {}
holbertonschool-higher_level_programming/SQL_more_queries/13-count_shows_by_genre.sql: {}
holbertonschool-higher_level_programming/SQL_more_queries/0-privileges.sql: {}
holbertonschool-higher_level_programming/SQL_more_queries/0-privileges.sql: {}
holbertonschool-higher_level_programming/SQL_more_queries/0-privileges.sql: {}
holbertonschool-higher_level_programming/SQL_more_queries/0-privileges.sql: {}
holbertonschool-higher_level_programming/SQL_more_queries/0-privileges.sql: {}
holbertonschool-higher_level_programming/SQL_more_queries/0-privileges.sql: {}
holbertonschool-higher_level_programming/SQL_more_queries/0-privileges.sql: {}
holbertonschool-higher_level_programming/SQL_more_queries/0-privileges.sql: {}
holbertonschool-higher_level_programming/SQL_more_queries/0-privileges.sql: {}
holbertonschool-higher_level_programming/SQL_more_queries/0-privileges.sql: {}
holbertonschool-higher_level_programming/SQL_more_queries/0-privileges.sql: {}
holbertonschool-higher_level_programming/SQL_more_queries/0-privileges.sql: {}
holbertonschool-higher_level_programming/SQL_more_queries/0-privileges.sql: {}
holbertonschool-higher_level_programming/SQL_more_queries/0-privileges.sql: {}
holbertonschool-higher_level_programming/SQL_more_queries/0-privileges.sql: {}
holbertonschool-higher_level_programming/SQL_more_queries/0-privileges.sql: {}
holbertonschool-higher_level_programming/SQL_more_queries/0-privileges.sql: {}
holbertonschool-higher_level_programming/SQL_more_queries/0-privileges.sql: {}
holbertonschool-higher_level_programming/SQL_more_queries/0-privileges.sql: {}
holbertonschool-higher_level_programming/python-object_relational_mapping/README.md: {}
holbertonschool-higher_level_programming/python-object_relational_mapping/README.md: {}
holbertonschool-higher_level_programming/python-object_relational_mapping/README.md: Using EditorConfig core...
holbertonschool-higher_level_programming/python-object_relational_mapping/README.md: Using EditorConfig core...
holbertonschool-higher_level_programming/python-object_relational_mapping/0-select_states.py: {}
holbertonschool-higher_level_programming/python-object_relational_mapping/0-select_states.py: {}
holbertonschool-higher_level_programming/python-object_relational_mapping/0-select_states.py: Using EditorConfig core...
holbertonschool-higher_level_programming/python-object_relational_mapping/0-select_states.py: Using EditorConfig core...
holbertonschool-higher_level_programming/python-object_relational_mapping/0-select_states.py: Using EditorConfig core...
holbertonschool-higher_level_programming/python-object_relational_mapping/1-filter_states.py: {}
holbertonschool-higher_level_programming/python-object_relational_mapping/1-filter_states.py: {}
holbertonschool-higher_level_programming/python-object_relational_mapping/1-filter_states.py: Using EditorConfig core...
holbertonschool-higher_level_programming/python-object_relational_mapping/2-my_filter_states.py: {}
holbertonschool-higher_level_programming/python-object_relational_mapping/2-my_filter_states.py: {}
holbertonschool-higher_level_programming/python-object_relational_mapping/2-my_filter_states.py: Using EditorConfig core...
holbertonschool-higher_level_programming/python-object_relational_mapping/3-my_safe_filter_states.py: {}
holbertonschool-higher_level_programming/python-object_relational_mapping/3-my_safe_filter_states.py: {}
holbertonschool-higher_level_programming/python-object_relational_mapping/3-my_safe_filter_states.py: Using EditorConfig core...
holbertonschool-higher_level_programming/python-object_relational_mapping/5-filter_cities.py: {}
holbertonschool-higher_level_programming/python-object_relational_mapping/4-cities_by_state.py: {}
holbertonschool-higher_level_programming/python-object_relational_mapping/4-cities_by_state.py: {}
holbertonschool-higher_level_programming/python-object_relational_mapping/4-cities_by_state.py: Using EditorConfig core...
holbertonschool-higher_level_programming/python-object_relational_mapping/4-cities_by_state.py: {}
holbertonschool-higher_level_programming/python-object_relational_mapping/4-cities_by_state.py: {}
holbertonschool-higher_level_programming/python-object_relational_mapping/4-cities_by_state.sql: {}
holbertonschool-higher_level_programming/python-object_relational_mapping/4-cities_by_state.sql: {}
holbertonschool-higher_level_programming/python-object_relational_mapping/4-cities_by_state.sql: Using EditorConfig core...
holbertonschool-higher_level_programming/python-object_relational_mapping/4-cities_by_state.sql: Using EditorConfig core...
holbertonschool-higher_level_programming/python-object_relational_mapping/4-cities_by_state.sql: {}
holbertonschool-higher_level_programming/python-object_relational_mapping/5-filter_cities.py: {}
holbertonschool-higher_level_programming/python-object_relational_mapping/5-filter_cities.py: {}
holbertonschool-higher_level_programming/python-object_relational_mapping/5-filter_cities.py: Using EditorConfig core...
holbertonschool-higher_level_programming/python-object_relational_mapping/5-filter_cities.py: Using EditorConfig core...
holbertonschool-higher_level_programming/python-object_relational_mapping/5-filter_cities.py: {}
holbertonschool-higher_level_programming/python-object_relational_mapping/5-filter_cities.py: {}
holbertonschool-higher_level_programming/python-object_relational_mapping/6-model_state.py: {}
holbertonschool-higher_level_programming/python-object_relational_mapping/6-model_state.py: {}
holbertonschool-higher_level_programming/python-object_relational_mapping/6-model_state.py: Using EditorConfig core...
holbertonschool-higher_level_programming/python-object_relational_mapping/6-model_state.sql: {}
holbertonschool-higher_level_programming/python-object_relational_mapping/6-model_state.sql: {}
holbertonschool-higher_level_programming/python-object_relational_mapping/6-model_state.sql: Using EditorConfig core...
holbertonschool-higher_level_programming/python-object_relational_mapping/7-model_state_fetch_all.py: {}
holbertonschool-higher_level_programming/python-object_relational_mapping/7-model_state_fetch_all.py: {}
holbertonschool-higher_level_programming/python-object_relational_mapping/7-model_state_fetch_all.py: Using EditorConfig core...
holbertonschool-higher_level_programming/python-object_relational_mapping/7-model_state_fetch_all.sql: {}
holbertonschool-higher_level_programming/python-object_relational_mapping/7-model_state_fetch_all.sql: {}
holbertonschool-higher_level_programming/python-object_relational_mapping/7-model_state_fetch_all.sql: Using EditorConfig core...
holbertonschool-higher_level_programming/python-object_relational_mapping/8-model_state_fetch_first.py: {}
holbertonschool-higher_level_programming/python-object_relational_mapping/8-model_state_fetch_first.py: {}
holbertonschool-higher_level_programming/python-object_relational_mapping/8-model_state_fetch_first.py: Using EditorConfig core...
holbertonschool-higher_level_programming/python-object_relational_mapping/9-model_state_filter_a.py: {}
holbertonschool-higher_level_programming/python-object_relational_mapping/9-model_state_filter_a.py: {}
holbertonschool-higher_level_programming/python-object_relational_mapping/9-model_state_filter_a.py: Using EditorConfig core...
holbertonschool-higher_level_programming/python-object_relational_mapping/10-model_state_my_get.py: {}
holbertonschool-higher_level_programming/python-object_relational_mapping/10-model_state_my_get.py: {}
holbertonschool-higher_level_programming/python-object_relational_mapping/10-model_state_my_get.py: Using EditorConfig core...
holbertonschool-higher_level_programming/python-object_relational_mapping/11-model_state_insert.py: {}
holbertonschool-higher_level_programming/python-object_relational_mapping/11-model_state_insert.py: {}
holbertonschool-higher_level_programming/python-object_relational_mapping/11-model_state_insert.py: Using EditorConfig core...
holbertonschool-higher_level_programming/python-object_relational_mapping/13-model_state_delete_a.py: {}
holbertonschool-higher_level_programming/python-object_relational_mapping/12-model_state_update_id_2.py: {}
holbertonschool-higher_level_programming/python-object_relational_mapping/12-model_state_update_id_2.py: {}
holbertonschool-higher_level_programming/python-object_relational_mapping/12-model_state_update_id_2.py: Using EditorConfig core...
holbertonschool-higher_level_programming/python-object_relational_mapping/13-model_state_delete_a.py: {}
holbertonschool-higher_level_programming/python-object_relational_mapping/13-model_state_delete_a.py: {}
holbertonschool-higher_level_programming/python-object_relational_mapping/13-model_state_delete_a.py: Using EditorConfig core...
holbertonschool-higher_level_programming/python-object_relational_mapping/14-model_city_fetch_by_state.py: {}
holbertonschool-higher_level_programming/python-object_relational_mapping/14-model_city_fetch_by_state.py: {}
holbertonschool-higher_level_programming/python-object_relational_mapping/14-model_city_fetch_by_state.py: Using EditorConfig core...
holbertonschool-higher_level_programming/python-object_relational_mapping/14-model_city_fetch_by_state.py: {}
holbertonschool-higher_level_programming/python-object_relational_mapping/14-model_city_fetch_by_state.sql: {}
holbertonschool-higher_level_programming/python-object_relational_mapping/14-model_city_fetch_by_state.sql: {}
holbertonschool-higher_level_programming/python-object_relational_mapping/14-model_city_fetch_by_state.sql: Using EditorConfig core...
holbertonschool-higher_level_programming/python-object_relational_mapping/14-model_city_fetch_by_state.sql: Using EditorConfig core...
holbertonschool-higher_level_programming/python-object_relational_mapping/14-model_city_fetch_by_state.sql: {}
holbertonschool-higher_level_programming/python-object_relational_mapping/model_city.py: {}
holbertonschool-higher_level_programming/python-object_relational_mapping/model_city.py: {}
holbertonschool-higher_level_programming/python-object_relational_mapping/model_city.py: Using EditorConfig core...
holbertonschool-higher_level_programming/python-object_relational_mapping/model_city.py: Using EditorConfig core...
holbertonschool-higher_level_programming/python-object_relational_mapping/model_city.py: {}
holbertonschool-higher_level_programming/python-object_relational_mapping/model_state.py: {}
holbertonschool-higher_level_programming/python-object_relational_mapping/model_state.py: Using EditorConfig core...
holbertonschool-higher_level_programming/python-object_relational_mapping/model_state.py: {}
holbertonschool-higher_level_programming/python-object_relational_mapping/model_state.py: {}
holbertonschool-higher_level_programming/python-object_relational_mapping/model_state.py: {}
holbertonschool-higher_level_programming/python-object_relational_mapping/model_state.py: {}
holbertonschool-higher_level_programming/python-object_relational_mapping/model_state.py: {}
holbertonschool-higher_level_programming/python-object_relational_mapping/model_state.py: {}
holbertonschool-higher_level_programming/python-object_relational_mapping/model_state.py: {}
holbertonschool-higher_level_programming/restful-api/task_04_flask.py: {}
holbertonschool-higher_level_programming/restful-api/task_04_flask.py: {}
holbertonschool-higher_level_programming/restful-api/task_04_flask.py: Using EditorConfig core...
holbertonschool-higher_level_programming/restful-api/task_04_flask.py: Using EditorConfig core...
holbertonschool-higher_level_programming/restful-api/task_04_flask.py: {}
holbertonschool-higher_level_programming/restful-api/task_05_basic_security.py: {}
holbertonschool-higher_level_programming/restful-api/task_05_basic_security.py: Using EditorConfig core...
holbertonschool-higher_level_programming/restful-api/task_05_basic_security.py: Using EditorConfig core...
holbertonschool-higher_level_programming/restful-api/task_05_basic_security.py: {}
holbertonschool-higher_level_programming/restful-api/task_05_basic_security.py: {}
holbertonschool-higher_level_programming/restful-api/task_05_basic_security.py: {}
holbertonschool-higher_level_programming/restful-api/task_05_basic_security.py: {}
holbertonschool-higher_level_programming/restful-api/task_05_basic_security.py: {}
holbertonschool-higher_level_programming/restful-api/task_05_basic_security.py: {}
holbertonschool-higher_level_programming/restful-api/task_05_basic_security.py: {}
holbertonschool-higher_level_programming/restful-api/task_05_basic_security.py: {}
