2025-03-18 14:40:31.514 [info] Extension host with pid 672 started
2025-03-18 14:40:31.514 [error] Error: EEXIST: file already exists, open '/home/soufian/.vscode-server/data/User/workspaceStorage/ba6826b40638adc6758064086313a324/vscode.lock'
2025-03-18 14:40:31.523 [info] Lock '/home/soufian/.vscode-server/data/User/workspaceStorage/ba6826b40638adc6758064086313a324/vscode.lock': Could not acquire lock, checking if the file is stale.
2025-03-18 14:40:31.530 [info] Lock '/home/soufian/.vscode-server/data/User/workspaceStorage/ba6826b40638adc6758064086313a324/vscode.lock': The pid 626 appears to be gone.
2025-03-18 14:40:31.530 [info] Lock '/home/soufian/.vscode-server/data/User/workspaceStorage/ba6826b40638adc6758064086313a324/vscode.lock': Deleting a stale lock.
2025-03-18 14:40:31.548 [info] Lock '/home/soufian/.vscode-server/data/User/workspaceStorage/ba6826b40638adc6758064086313a324/vscode.lock': Lock acquired.
2025-03-18 14:40:31.583 [info] ExtensionService#_doActivateExtension vscode.emmet, startup: false, activationEvent: 'onLanguage'
2025-03-18 14:40:31.944 [info] ExtensionService#_doActivateExtension vscode.git-base, startup: true, activationEvent: '*', root cause: vscode.git
2025-03-18 14:40:32.061 [info] ExtensionService#_doActivateExtension vscode.git, startup: true, activationEvent: '*'
2025-03-18 14:40:32.062 [info] ExtensionService#_doActivateExtension vscode.github, startup: true, activationEvent: '*'
2025-03-18 14:40:32.525 [info] Eager extensions activated
2025-03-18 14:40:32.525 [info] ExtensionService#_doActivateExtension vscode.debug-auto-launch, startup: false, activationEvent: 'onStartupFinished'
2025-03-18 14:40:32.526 [info] ExtensionService#_doActivateExtension vscode.merge-conflict, startup: false, activationEvent: 'onStartupFinished'
2025-03-18 14:40:32.528 [info] ExtensionService#_doActivateExtension EditorConfig.EditorConfig, startup: false, activationEvent: 'onStartupFinished'
2025-03-18 14:42:07.843 [info] ExtensionService#_doActivateExtension vscode.npm, startup: false, activationEvent: 'onTerminalQuickFixRequest:ms-vscode.npm-command'
2025-03-18 14:46:25.335 [info] ExtensionService#_doActivateExtension vscode.extension-editing, startup: false, activationEvent: 'onLanguage:markdown'
2025-03-18 14:46:25.335 [info] ExtensionService#_doActivateExtension vscode.markdown-language-features, startup: false, activationEvent: 'onLanguage:markdown'
2025-03-18 14:46:25.757 [info] ExtensionService#_doActivateExtension vscode.markdown-math, startup: false, activationEvent: 'api', root cause: vscode.markdown-language-features
2025-03-18 14:46:53.108 [info] ExtensionService#_doActivateExtension ms-python.python, startup: false, activationEvent: 'onLanguage:python', root cause: ms-python.debugpy
2025-03-18 14:46:53.484 [info] ExtensionService#_doActivateExtension ms-python.debugpy, startup: false, activationEvent: 'onLanguage:python'
2025-03-18 14:46:53.485 [info] ExtensionService#_doActivateExtension ms-python.vscode-pylance, startup: false, activationEvent: 'onLanguage:python'
2025-03-18 15:48:34.930 [info] Extension host terminating: received terminate message from renderer
2025-03-18 15:48:34.932 [info] Lock '/home/soufian/.vscode-server/data/User/workspaceStorage/ba6826b40638adc6758064086313a324/vscode.lock': Marking the lockfile as scheduled to be released in 6000 ms.
2025-03-18 15:48:35.046 [error] Canceled: Canceled
	at new dR (file:///home/soufian/.vscode-server/bin/2fc07b811f760549dab9be9d2bedd06c51dfcb9a/out/vs/workbench/api/node/extensionHostProcess.js:29:155028)
	at qy.U (file:///home/soufian/.vscode-server/bin/2fc07b811f760549dab9be9d2bedd06c51dfcb9a/out/vs/workbench/api/node/extensionHostProcess.js:29:159639)
	at s.<computed>.n.charCodeAt.s.<computed> (file:///home/soufian/.vscode-server/bin/2fc07b811f760549dab9be9d2bedd06c51dfcb9a/out/vs/workbench/api/node/extensionHostProcess.js:29:157133)
	at kw.g (file:///home/soufian/.vscode-server/bin/2fc07b811f760549dab9be9d2bedd06c51dfcb9a/out/vs/workbench/api/node/extensionHostProcess.js:112:41039)
	at kw.executeCommand (file:///home/soufian/.vscode-server/bin/2fc07b811f760549dab9be9d2bedd06c51dfcb9a/out/vs/workbench/api/node/extensionHostProcess.js:112:40543)
	at r.registerCommand.description (file:///home/soufian/.vscode-server/bin/2fc07b811f760549dab9be9d2bedd06c51dfcb9a/out/vs/workbench/api/node/extensionHostProcess.js:112:39873)
	at kw.h (file:///home/soufian/.vscode-server/bin/2fc07b811f760549dab9be9d2bedd06c51dfcb9a/out/vs/workbench/api/node/extensionHostProcess.js:112:41559)
	at kw.g (file:///home/soufian/.vscode-server/bin/2fc07b811f760549dab9be9d2bedd06c51dfcb9a/out/vs/workbench/api/node/extensionHostProcess.js:112:40636)
	at kw.executeCommand (file:///home/soufian/.vscode-server/bin/2fc07b811f760549dab9be9d2bedd06c51dfcb9a/out/vs/workbench/api/node/extensionHostProcess.js:112:40543)
	at Object.executeCommand (file:///home/soufian/.vscode-server/bin/2fc07b811f760549dab9be9d2bedd06c51dfcb9a/out/vs/workbench/api/node/extensionHostProcess.js:172:37375)
	at Th.L [as value] (/home/soufian/.vscode-server/bin/2fc07b811f760549dab9be9d2bedd06c51dfcb9a/extensions/git/dist/main.js:2:1000063)
	at D.B (file:///home/soufian/.vscode-server/bin/2fc07b811f760549dab9be9d2bedd06c51dfcb9a/out/vs/workbench/api/node/extensionHostProcess.js:27:2375)
	at D.C (file:///home/soufian/.vscode-server/bin/2fc07b811f760549dab9be9d2bedd06c51dfcb9a/out/vs/workbench/api/node/extensionHostProcess.js:27:2445)
	at D.fire (file:///home/soufian/.vscode-server/bin/2fc07b811f760549dab9be9d2bedd06c51dfcb9a/out/vs/workbench/api/node/extensionHostProcess.js:27:2662)
	at Object.p [as dispose] (/home/soufian/.vscode-server/bin/2fc07b811f760549dab9be9d2bedd06c51dfcb9a/extensions/git/dist/main.js:2:1022703)
	at /home/soufian/.vscode-server/bin/2fc07b811f760549dab9be9d2bedd06c51dfcb9a/extensions/git/dist/main.js:2:1029021
	at Array.forEach (<anonymous>)
	at b.dispose (/home/soufian/.vscode-server/bin/2fc07b811f760549dab9be9d2bedd06c51dfcb9a/extensions/git/dist/main.js:2:1029007)
	at fv.<anonymous> (file:///home/soufian/.vscode-server/bin/2fc07b811f760549dab9be9d2bedd06c51dfcb9a/out/vs/workbench/api/node/extensionHostProcess.js:108:8922)
	at fv.dispose (file:///home/soufian/.vscode-server/bin/2fc07b811f760549dab9be9d2bedd06c51dfcb9a/out/vs/workbench/api/node/extensionHostProcess.js:108:9018)
	at fv.<anonymous> (/home/soufian/.vscode-server/bin/2fc07b811f760549dab9be9d2bedd06c51dfcb9a/extensions/git/dist/main.js:2:1002547)
	at fv.dispose (file:///home/soufian/.vscode-server/bin/2fc07b811f760549dab9be9d2bedd06c51dfcb9a/out/vs/workbench/api/node/extensionHostProcess.js:108:9018)
	at hi (file:///home/soufian/.vscode-server/bin/2fc07b811f760549dab9be9d2bedd06c51dfcb9a/out/vs/workbench/api/node/extensionHostProcess.js:25:701)
	at file:///home/soufian/.vscode-server/bin/2fc07b811f760549dab9be9d2bedd06c51dfcb9a/out/vs/workbench/api/node/extensionHostProcess.js:116:14994
	at file:///home/soufian/.vscode-server/bin/2fc07b811f760549dab9be9d2bedd06c51dfcb9a/out/vs/workbench/api/node/extensionHostProcess.js:25:1011
	at Object.dispose (file:///home/soufian/.vscode-server/bin/2fc07b811f760549dab9be9d2bedd06c51dfcb9a/out/vs/workbench/api/node/extensionHostProcess.js:8:705)
	at zz.eb (file:///home/soufian/.vscode-server/bin/2fc07b811f760549dab9be9d2bedd06c51dfcb9a/out/vs/workbench/api/node/extensionHostProcess.js:116:11921)
	at file:///home/soufian/.vscode-server/bin/2fc07b811f760549dab9be9d2bedd06c51dfcb9a/out/vs/workbench/api/node/extensionHostProcess.js:116:9876
	at Array.map (<anonymous>)
	at zz.$ (file:///home/soufian/.vscode-server/bin/2fc07b811f760549dab9be9d2bedd06c51dfcb9a/out/vs/workbench/api/node/extensionHostProcess.js:116:9864)
	at zz.terminate (file:///home/soufian/.vscode-server/bin/2fc07b811f760549dab9be9d2bedd06c51dfcb9a/out/vs/workbench/api/node/extensionHostProcess.js:116:10107)
	at FI.terminate (file:///home/soufian/.vscode-server/bin/2fc07b811f760549dab9be9d2bedd06c51dfcb9a/out/vs/workbench/api/node/extensionHostProcess.js:117:1434)
	at ts (file:///home/soufian/.vscode-server/bin/2fc07b811f760549dab9be9d2bedd06c51dfcb9a/out/vs/workbench/api/node/extensionHostProcess.js:190:15108)
	at Th.value (file:///home/soufian/.vscode-server/bin/2fc07b811f760549dab9be9d2bedd06c51dfcb9a/out/vs/workbench/api/node/extensionHostProcess.js:190:13269)
	at D.B (file:///home/soufian/.vscode-server/bin/2fc07b811f760549dab9be9d2bedd06c51dfcb9a/out/vs/workbench/api/node/extensionHostProcess.js:27:2375)
	at D.fire (file:///home/soufian/.vscode-server/bin/2fc07b811f760549dab9be9d2bedd06c51dfcb9a/out/vs/workbench/api/node/extensionHostProcess.js:27:2593)
	at Gn.fire (file:///home/soufian/.vscode-server/bin/2fc07b811f760549dab9be9d2bedd06c51dfcb9a/out/vs/workbench/api/node/extensionHostProcess.js:29:9459)
	at Ym.A (file:///home/soufian/.vscode-server/bin/2fc07b811f760549dab9be9d2bedd06c51dfcb9a/out/vs/workbench/api/node/extensionHostProcess.js:29:12575)
	at Th.value (file:///home/soufian/.vscode-server/bin/2fc07b811f760549dab9be9d2bedd06c51dfcb9a/out/vs/workbench/api/node/extensionHostProcess.js:29:10995)
	at D.B (file:///home/soufian/.vscode-server/bin/2fc07b811f760549dab9be9d2bedd06c51dfcb9a/out/vs/workbench/api/node/extensionHostProcess.js:27:2375)
	at D.fire (file:///home/soufian/.vscode-server/bin/2fc07b811f760549dab9be9d2bedd06c51dfcb9a/out/vs/workbench/api/node/extensionHostProcess.js:27:2593)
	at C6.acceptChunk (file:///home/soufian/.vscode-server/bin/2fc07b811f760549dab9be9d2bedd06c51dfcb9a/out/vs/workbench/api/node/extensionHostProcess.js:29:7942)
	at Th.value (file:///home/soufian/.vscode-server/bin/2fc07b811f760549dab9be9d2bedd06c51dfcb9a/out/vs/workbench/api/node/extensionHostProcess.js:29:7228)
	at D.B (file:///home/soufian/.vscode-server/bin/2fc07b811f760549dab9be9d2bedd06c51dfcb9a/out/vs/workbench/api/node/extensionHostProcess.js:27:2375)
	at D.fire (file:///home/soufian/.vscode-server/bin/2fc07b811f760549dab9be9d2bedd06c51dfcb9a/out/vs/workbench/api/node/extensionHostProcess.js:27:2593)
	at tT.z (file:///home/soufian/.vscode-server/bin/2fc07b811f760549dab9be9d2bedd06c51dfcb9a/out/vs/workbench/api/node/extensionHostProcess.js:29:21747)
	at tT.acceptFrame (file:///home/soufian/.vscode-server/bin/2fc07b811f760549dab9be9d2bedd06c51dfcb9a/out/vs/workbench/api/node/extensionHostProcess.js:29:21553)
	at eT.n (file:///home/soufian/.vscode-server/bin/2fc07b811f760549dab9be9d2bedd06c51dfcb9a/out/vs/workbench/api/node/extensionHostProcess.js:29:20080)
	at file:///home/soufian/.vscode-server/bin/2fc07b811f760549dab9be9d2bedd06c51dfcb9a/out/vs/workbench/api/node/extensionHostProcess.js:29:17312
	at Socket.t (file:///home/soufian/.vscode-server/bin/2fc07b811f760549dab9be9d2bedd06c51dfcb9a/out/vs/workbench/api/node/extensionHostProcess.js:29:15252)
	at Socket.emit (node:events:518:28)
	at addChunk (node:internal/streams/readable:561:12)
	at readableAddChunkPushByteMode (node:internal/streams/readable:512:3)
	at Readable.push (node:internal/streams/readable:392:5)
	at TCP.onStreamRead (node:internal/stream_base_commons:191:23) setContext undefined
2025-03-18 15:48:35.049 [error] Canceled: Canceled
	at new dR (file:///home/soufian/.vscode-server/bin/2fc07b811f760549dab9be9d2bedd06c51dfcb9a/out/vs/workbench/api/node/extensionHostProcess.js:29:155028)
	at qy.U (file:///home/soufian/.vscode-server/bin/2fc07b811f760549dab9be9d2bedd06c51dfcb9a/out/vs/workbench/api/node/extensionHostProcess.js:29:159639)
	at s.<computed>.n.charCodeAt.s.<computed> (file:///home/soufian/.vscode-server/bin/2fc07b811f760549dab9be9d2bedd06c51dfcb9a/out/vs/workbench/api/node/extensionHostProcess.js:29:157133)
	at kw.g (file:///home/soufian/.vscode-server/bin/2fc07b811f760549dab9be9d2bedd06c51dfcb9a/out/vs/workbench/api/node/extensionHostProcess.js:112:41039)
	at kw.executeCommand (file:///home/soufian/.vscode-server/bin/2fc07b811f760549dab9be9d2bedd06c51dfcb9a/out/vs/workbench/api/node/extensionHostProcess.js:112:40543)
	at r.registerCommand.description (file:///home/soufian/.vscode-server/bin/2fc07b811f760549dab9be9d2bedd06c51dfcb9a/out/vs/workbench/api/node/extensionHostProcess.js:112:39873)
	at kw.h (file:///home/soufian/.vscode-server/bin/2fc07b811f760549dab9be9d2bedd06c51dfcb9a/out/vs/workbench/api/node/extensionHostProcess.js:112:41559)
	at kw.g (file:///home/soufian/.vscode-server/bin/2fc07b811f760549dab9be9d2bedd06c51dfcb9a/out/vs/workbench/api/node/extensionHostProcess.js:112:40636)
	at kw.executeCommand (file:///home/soufian/.vscode-server/bin/2fc07b811f760549dab9be9d2bedd06c51dfcb9a/out/vs/workbench/api/node/extensionHostProcess.js:112:40543)
	at Object.executeCommand (file:///home/soufian/.vscode-server/bin/2fc07b811f760549dab9be9d2bedd06c51dfcb9a/out/vs/workbench/api/node/extensionHostProcess.js:172:37375)
	at set hasGitHubRepositories [as hasGitHubRepositories] (/home/soufian/.vscode-server/bin/2fc07b811f760549dab9be9d2bedd06c51dfcb9a/extensions/github/dist/extension.js:2:217805)
	at /home/soufian/.vscode-server/bin/2fc07b811f760549dab9be9d2bedd06c51dfcb9a/extensions/github/dist/extension.js:2:218764
	at Th.value (/home/soufian/.vscode-server/bin/2fc07b811f760549dab9be9d2bedd06c51dfcb9a/extensions/git/dist/main.js:2:1120702)
	at D.B (file:///home/soufian/.vscode-server/bin/2fc07b811f760549dab9be9d2bedd06c51dfcb9a/out/vs/workbench/api/node/extensionHostProcess.js:27:2375)
	at D.C (file:///home/soufian/.vscode-server/bin/2fc07b811f760549dab9be9d2bedd06c51dfcb9a/out/vs/workbench/api/node/extensionHostProcess.js:27:2445)
	at D.fire (file:///home/soufian/.vscode-server/bin/2fc07b811f760549dab9be9d2bedd06c51dfcb9a/out/vs/workbench/api/node/extensionHostProcess.js:27:2662)
	at Object.p [as dispose] (/home/soufian/.vscode-server/bin/2fc07b811f760549dab9be9d2bedd06c51dfcb9a/extensions/git/dist/main.js:2:1022703)
	at /home/soufian/.vscode-server/bin/2fc07b811f760549dab9be9d2bedd06c51dfcb9a/extensions/git/dist/main.js:2:1029021
	at Array.forEach (<anonymous>)
	at b.dispose (/home/soufian/.vscode-server/bin/2fc07b811f760549dab9be9d2bedd06c51dfcb9a/extensions/git/dist/main.js:2:1029007)
	at fv.<anonymous> (file:///home/soufian/.vscode-server/bin/2fc07b811f760549dab9be9d2bedd06c51dfcb9a/out/vs/workbench/api/node/extensionHostProcess.js:108:8922)
	at fv.dispose (file:///home/soufian/.vscode-server/bin/2fc07b811f760549dab9be9d2bedd06c51dfcb9a/out/vs/workbench/api/node/extensionHostProcess.js:108:9018)
	at fv.<anonymous> (/home/soufian/.vscode-server/bin/2fc07b811f760549dab9be9d2bedd06c51dfcb9a/extensions/git/dist/main.js:2:1002547)
	at fv.dispose (file:///home/soufian/.vscode-server/bin/2fc07b811f760549dab9be9d2bedd06c51dfcb9a/out/vs/workbench/api/node/extensionHostProcess.js:108:9018)
	at hi (file:///home/soufian/.vscode-server/bin/2fc07b811f760549dab9be9d2bedd06c51dfcb9a/out/vs/workbench/api/node/extensionHostProcess.js:25:701)
	at file:///home/soufian/.vscode-server/bin/2fc07b811f760549dab9be9d2bedd06c51dfcb9a/out/vs/workbench/api/node/extensionHostProcess.js:116:14994
	at file:///home/soufian/.vscode-server/bin/2fc07b811f760549dab9be9d2bedd06c51dfcb9a/out/vs/workbench/api/node/extensionHostProcess.js:25:1011
	at Object.dispose (file:///home/soufian/.vscode-server/bin/2fc07b811f760549dab9be9d2bedd06c51dfcb9a/out/vs/workbench/api/node/extensionHostProcess.js:8:705)
	at zz.eb (file:///home/soufian/.vscode-server/bin/2fc07b811f760549dab9be9d2bedd06c51dfcb9a/out/vs/workbench/api/node/extensionHostProcess.js:116:11921)
	at file:///home/soufian/.vscode-server/bin/2fc07b811f760549dab9be9d2bedd06c51dfcb9a/out/vs/workbench/api/node/extensionHostProcess.js:116:9876
	at Array.map (<anonymous>)
	at zz.$ (file:///home/soufian/.vscode-server/bin/2fc07b811f760549dab9be9d2bedd06c51dfcb9a/out/vs/workbench/api/node/extensionHostProcess.js:116:9864)
	at zz.terminate (file:///home/soufian/.vscode-server/bin/2fc07b811f760549dab9be9d2bedd06c51dfcb9a/out/vs/workbench/api/node/extensionHostProcess.js:116:10107)
	at FI.terminate (file:///home/soufian/.vscode-server/bin/2fc07b811f760549dab9be9d2bedd06c51dfcb9a/out/vs/workbench/api/node/extensionHostProcess.js:117:1434)
	at ts (file:///home/soufian/.vscode-server/bin/2fc07b811f760549dab9be9d2bedd06c51dfcb9a/out/vs/workbench/api/node/extensionHostProcess.js:190:15108)
	at Th.value (file:///home/soufian/.vscode-server/bin/2fc07b811f760549dab9be9d2bedd06c51dfcb9a/out/vs/workbench/api/node/extensionHostProcess.js:190:13269)
	at D.B (file:///home/soufian/.vscode-server/bin/2fc07b811f760549dab9be9d2bedd06c51dfcb9a/out/vs/workbench/api/node/extensionHostProcess.js:27:2375)
	at D.fire (file:///home/soufian/.vscode-server/bin/2fc07b811f760549dab9be9d2bedd06c51dfcb9a/out/vs/workbench/api/node/extensionHostProcess.js:27:2593)
	at Gn.fire (file:///home/soufian/.vscode-server/bin/2fc07b811f760549dab9be9d2bedd06c51dfcb9a/out/vs/workbench/api/node/extensionHostProcess.js:29:9459)
	at Ym.A (file:///home/soufian/.vscode-server/bin/2fc07b811f760549dab9be9d2bedd06c51dfcb9a/out/vs/workbench/api/node/extensionHostProcess.js:29:12575)
	at Th.value (file:///home/soufian/.vscode-server/bin/2fc07b811f760549dab9be9d2bedd06c51dfcb9a/out/vs/workbench/api/node/extensionHostProcess.js:29:10995)
	at D.B (file:///home/soufian/.vscode-server/bin/2fc07b811f760549dab9be9d2bedd06c51dfcb9a/out/vs/workbench/api/node/extensionHostProcess.js:27:2375)
	at D.fire (file:///home/soufian/.vscode-server/bin/2fc07b811f760549dab9be9d2bedd06c51dfcb9a/out/vs/workbench/api/node/extensionHostProcess.js:27:2593)
	at C6.acceptChunk (file:///home/soufian/.vscode-server/bin/2fc07b811f760549dab9be9d2bedd06c51dfcb9a/out/vs/workbench/api/node/extensionHostProcess.js:29:7942)
	at Th.value (file:///home/soufian/.vscode-server/bin/2fc07b811f760549dab9be9d2bedd06c51dfcb9a/out/vs/workbench/api/node/extensionHostProcess.js:29:7228)
	at D.B (file:///home/soufian/.vscode-server/bin/2fc07b811f760549dab9be9d2bedd06c51dfcb9a/out/vs/workbench/api/node/extensionHostProcess.js:27:2375)
	at D.fire (file:///home/soufian/.vscode-server/bin/2fc07b811f760549dab9be9d2bedd06c51dfcb9a/out/vs/workbench/api/node/extensionHostProcess.js:27:2593)
	at tT.z (file:///home/soufian/.vscode-server/bin/2fc07b811f760549dab9be9d2bedd06c51dfcb9a/out/vs/workbench/api/node/extensionHostProcess.js:29:21747)
	at tT.acceptFrame (file:///home/soufian/.vscode-server/bin/2fc07b811f760549dab9be9d2bedd06c51dfcb9a/out/vs/workbench/api/node/extensionHostProcess.js:29:21553)
	at eT.n (file:///home/soufian/.vscode-server/bin/2fc07b811f760549dab9be9d2bedd06c51dfcb9a/out/vs/workbench/api/node/extensionHostProcess.js:29:20080)
	at file:///home/soufian/.vscode-server/bin/2fc07b811f760549dab9be9d2bedd06c51dfcb9a/out/vs/workbench/api/node/extensionHostProcess.js:29:17312
	at Socket.t (file:///home/soufian/.vscode-server/bin/2fc07b811f760549dab9be9d2bedd06c51dfcb9a/out/vs/workbench/api/node/extensionHostProcess.js:29:15252)
	at Socket.emit (node:events:518:28)
	at addChunk (node:internal/streams/readable:561:12)
	at readableAddChunkPushByteMode (node:internal/streams/readable:512:3)
	at Readable.push (node:internal/streams/readable:392:5)
	at TCP.onStreamRead (node:internal/stream_base_commons:191:23) setContext undefined
2025-03-18 15:48:35.069 [info] Extension host with pid 672 exiting with code 0
