Initializing document watcher...
Document watcher initialized
holbertonschool-web_front_end/html_advanced/README.md: {}
holbertonschool-web_front_end/html_advanced/README.md: {}
holbertonschool-web_front_end/html_advanced/README.md: {}
holbertonschool-web_front_end/html_advanced/README.md: {}
holbertonschool-web_front_end/html_advanced/README.md: Using EditorConfig core...
holbertonschool-web_front_end/html_advanced/README.md: Using EditorConfig core...
holbertonschool-web_front_end/html_advanced/README.md: {}
holbertonschool-web_front_end/html_advanced/README.md: {}
holbertonschool-web_front_end/html_advanced/README.md: {}
holbertonschool-web_front_end/html_advanced/README.md: {}
holbertonschool-web_front_end/html_advanced/README.md: {}
holbertonschool-web_front_end/html_advanced/README.md: {}
holbertonschool-web_front_end/html_advanced/README.md: {}
holbertonschool-web_front_end/html_advanced/README.md: {}
holbertonschool-web_front_end/html_advanced/README.md: {}
holbertonschool-web_front_end/html_advanced/README.md: {}
holbertonschool-web_front_end/html_advanced/README.md: {}
holbertonschool-web_front_end/html_advanced/1-index.html: {}
holbertonschool-web_front_end/html_advanced/1-index.html: Using EditorConfig core...
holbertonschool-web_front_end/html_advanced/1-index.html: {}
holbertonschool-web_front_end/html_advanced/1-index.html: {}
holbertonschool-web_front_end/html_advanced/1-index.html: {}
holbertonschool-web_front_end/html_advanced/1-index.html: {}
holbertonschool-web_front_end/html_advanced/1-index.html: Using EditorConfig core...
holbertonschool-web_front_end/html_advanced/1-index.html: Using EditorConfig core...
holbertonschool-web_front_end/html_advanced/1-index.html: Using EditorConfig core...
holbertonschool-web_front_end/html_advanced/1-index.html: Using EditorConfig core...
holbertonschool-web_front_end/html_advanced/1-index.html: Using EditorConfig core...
holbertonschool-web_front_end/html_advanced/1-index.html: Using EditorConfig core...
holbertonschool-web_front_end/html_advanced/1-index.html: Using EditorConfig core...
holbertonschool-web_front_end/html_advanced/1-index.html: Using EditorConfig core...
holbertonschool-web_front_end/html_advanced/1-index.html: Using EditorConfig core...
holbertonschool-web_front_end/html_advanced/1-index.html: Using EditorConfig core...
holbertonschool-web_front_end/html_advanced/1-index.html: Using EditorConfig core...
holbertonschool-web_front_end/html_advanced/1-index.html: Using EditorConfig core...
holbertonschool-web_front_end/html_advanced/1-index.html: Using EditorConfig core...
holbertonschool-web_front_end/html_advanced/1-index.html: Using EditorConfig core...
holbertonschool-web_front_end/html_advanced/1-index.html: Using EditorConfig core...
holbertonschool-web_front_end/html_advanced/1-index.html: Using EditorConfig core...
holbertonschool-web_front_end/html_advanced/1-index.html: Using EditorConfig core...
holbertonschool-web_front_end/html_advanced/1-index.html: Using EditorConfig core...
holbertonschool-web_front_end/html_advanced/1-index.html: {}
holbertonschool-web_front_end/html_advanced/1-index.html: Using EditorConfig core...
holbertonschool-web_front_end/html_advanced/1-index.html: {}
holbertonschool-web_front_end/html_advanced/1-index.html: Using EditorConfig core...
holbertonschool-web_front_end/html_advanced/1-index.html: {}
holbertonschool-web_front_end/html_advanced/1-index.html: {}
holbertonschool-web_front_end/html_advanced/1-index.html: Using EditorConfig core...
holbertonschool-web_front_end/html_advanced/1-index.html: Using EditorConfig core...
holbertonschool-web_front_end/html_advanced/1-index.html: Using EditorConfig core...
holbertonschool-web_front_end/html_advanced/0-index.html: {}
holbertonschool-web_front_end/html_advanced/0-index.html: Using EditorConfig core...
holbertonschool-web_front_end/html_advanced/0-index.html: Using EditorConfig core...
vscode.git.Git: {}
holbertonschool-web_front_end/html_advanced/0-index.html: {}
vscode.git.Git: {}
holbertonschool-web_front_end/html_advanced/0-index.html: {}
