0 verbose cli [ '/usr/bin/node', '/usr/bin/npm', 'run', 'dev', '0-main.js' ]
1 info using npm@8.5.1
2 info using node@v12.22.9
3 timing npm:load:whichnode Completed in 0ms
4 timing config:load:defaults Completed in 3ms
5 timing config:load:file:/usr/share/nodejs/npm/npmrc Completed in 6ms
6 timing config:load:builtin Completed in 6ms
7 timing config:load:cli Completed in 2ms
8 timing config:load:env Completed in 1ms
9 timing config:load:file:/home/soufian/holbertonschool-web_front_end/ES6_basic/.npmrc Completed in 1ms
10 timing config:load:project Completed in 4ms
11 timing config:load:file:/home/soufian/.npmrc Completed in 1ms
12 timing config:load:user Completed in 1ms
13 timing config:load:file:/etc/npmrc Completed in 0ms
14 timing config:load:global Completed in 0ms
15 timing config:load:validate Completed in 1ms
16 timing config:load:credentials Completed in 2ms
17 timing config:load:setEnvs Completed in 1ms
18 timing config:load Completed in 22ms
19 timing npm:load:configload Completed in 22ms
20 timing npm:load:setTitle Completed in 1ms
21 timing config:load:flatten Completed in 4ms
22 timing npm:load:display Completed in 6ms
23 verbose logfile /home/soufian/.npm/_logs/2025-03-27T10_50_01_421Z-debug-0.log
24 timing npm:load:logFile Completed in 9ms
25 timing npm:load:timers Completed in 0ms
26 timing npm:load:configScope Completed in 0ms
27 timing npm:load Completed in 40ms
28 timing command:run Completed in 7ms
29 verbose stack JSONParseError: Unexpected token "{" (0x7B) in JSON at position 151 while parsing near "...t\": \"^9.23.0\"\n  }\n}\n{\n  \"scripts\": {\n   ..."
29 verbose stack     at /usr/share/nodejs/npm/node_modules/read-package-json-fast/index.js:11:61
29 verbose stack     at async RunScript.run (/usr/share/nodejs/npm/lib/commands/run-script.js:75:19)
29 verbose stack     at async module.exports (/usr/share/nodejs/npm/lib/cli.js:66:5)
30 verbose cwd /home/soufian/holbertonschool-web_front_end/ES6_basic
31 verbose Linux 5.15.167.4-microsoft-standard-WSL2
32 verbose argv "/usr/bin/node" "/usr/bin/npm" "run" "dev" "0-main.js"
33 verbose node v12.22.9
34 verbose npm  v8.5.1
35 error code EJSONPARSE
36 error path /home/soufian/holbertonschool-web_front_end/ES6_basic/package.json
37 error JSON.parse Unexpected token "{" (0x7B) in JSON at position 151 while parsing near "...t\": \"^9.23.0\"\n  }\n}\n{\n  \"scripts\": {\n   ..."
38 error JSON.parse Failed to parse JSON data.
38 error JSON.parse Note: package.json must be actual JSON, not just JavaScript.
39 verbose exit 1
40 timing npm Completed in 365ms
41 verbose code 1
42 error A complete log of this run can be found in:
42 error     /home/soufian/.npm/_logs/2025-03-27T10_50_01_421Z-debug-0.log
