0 verbose cli [
0 verbose cli   '/usr/bin/node',
0 verbose cli   '/usr/share/nodejs/npm/bin/npm-cli.js',
0 verbose cli   'exec',
0 verbose cli   '--',
0 verbose cli   'babel-node',
0 verbose cli   '0-main.js'
0 verbose cli ]
1 info using npm@8.5.1
2 info using node@v12.22.9
3 timing npm:load:whichnode Completed in 0ms
4 timing config:load:defaults Completed in 3ms
5 timing config:load:file:/usr/share/nodejs/npm/npmrc Completed in 4ms
6 timing config:load:builtin Completed in 4ms
7 timing config:load:cli Completed in 2ms
8 timing config:load:env Completed in 1ms
9 timing config:load:file:/home/soufian/holbertonschool-web_front_end/ES6_basic/.npmrc Completed in 1ms
10 timing config:load:project Completed in 3ms
11 timing config:load:file:/home/soufian/.npmrc Completed in 0ms
12 timing config:load:user Completed in 0ms
13 timing config:load:file:/etc/npmrc Completed in 0ms
14 timing config:load:global Completed in 0ms
15 timing config:load:validate Completed in 1ms
16 timing config:load:credentials Completed in 1ms
17 timing config:load:setEnvs Completed in 2ms
18 timing config:load Completed in 17ms
19 timing npm:load:configload Completed in 17ms
20 timing npm:load:setTitle Completed in 1ms
21 timing config:load:flatten Completed in 3ms
22 timing npm:load:display Completed in 4ms
23 verbose logfile /home/soufian/.npm/_logs/2025-03-27T10_57_04_861Z-debug-0.log
24 timing npm:load:logFile Completed in 5ms
25 timing npm:load:timers Completed in 0ms
26 timing npm:load:configScope Completed in 0ms
27 timing npm:load Completed in 28ms
28 http fetch GET 200 https://registry.npmjs.org/babel-node 717ms (cache miss)
29 timing command:exec Completed in 743ms
30 verbose stack Error: could not determine executable to run
30 verbose stack     at getBinFromManifest (/usr/share/nodejs/npm/node_modules/libnpmexec/lib/get-bin-from-manifest.js:17:23)
30 verbose stack     at exec (/usr/share/nodejs/npm/node_modules/libnpmexec/lib/index.js:115:15)
30 verbose stack     at async module.exports (/usr/share/nodejs/npm/lib/cli.js:66:5)
31 verbose pkgid babel-node@0.0.1-security
32 verbose cwd /home/soufian/holbertonschool-web_front_end/ES6_basic
33 verbose Linux 5.15.167.4-microsoft-standard-WSL2
34 verbose argv "/usr/bin/node" "/usr/share/nodejs/npm/bin/npm-cli.js" "exec" "--" "babel-node" "0-main.js"
35 verbose node v12.22.9
36 verbose npm  v8.5.1
37 error could not determine executable to run
38 verbose exit 1
39 timing npm Completed in 1090ms
40 verbose code 1
41 error A complete log of this run can be found in:
41 error     /home/soufian/.npm/_logs/2025-03-27T10_57_04_861Z-debug-0.log
