0 verbose cli [ '/usr/bin/node', '/usr/bin/npm', 'install', '--save-dev', 'eslint' ]
1 info using npm@8.5.1
2 info using node@v12.22.9
3 timing npm:load:whichnode Completed in 0ms
4 timing config:load:defaults Completed in 1ms
5 timing config:load:file:/usr/share/nodejs/npm/npmrc Completed in 3ms
6 timing config:load:builtin Completed in 3ms
7 timing config:load:cli Completed in 3ms
8 timing config:load:env Completed in 0ms
9 timing config:load:file:/home/soufian/holbertonschool-web_front_end/ES6_basic/.npmrc Completed in 0ms
10 timing config:load:project Completed in 4ms
11 timing config:load:file:/home/soufian/.npmrc Completed in 0ms
12 timing config:load:user Completed in 1ms
13 timing config:load:file:/etc/npmrc Completed in 0ms
14 timing config:load:global Completed in 0ms
15 timing config:load:validate Completed in 0ms
16 timing config:load:credentials Completed in 1ms
17 timing config:load:setEnvs Completed in 1ms
18 timing config:load Completed in 14ms
19 timing npm:load:configload Completed in 14ms
20 timing npm:load:setTitle Completed in 0ms
21 timing config:load:flatten Completed in 3ms
22 timing npm:load:display Completed in 4ms
23 verbose logfile /home/soufian/.npm/_logs/2025-03-27T10_25_34_485Z-debug-0.log
24 timing npm:load:logFile Completed in 6ms
25 timing npm:load:timers Completed in 0ms
26 timing npm:load:configScope Completed in 0ms
27 timing npm:load Completed in 26ms
28 timing arborist:ctor Completed in 1ms
29 timing idealTree:init Completed in 387ms
30 timing idealTree:userRequests Completed in 4ms
31 silly idealTree buildDeps
32 silly fetch manifest eslint@*
33 timing arborist:ctor Completed in 0ms
34 http fetch GET 200 https://registry.npmjs.org/eslint 856ms (cache miss)
35 silly fetch manifest jiti@*
36 http fetch GET 200 https://registry.npmjs.org/jiti 57ms (cache miss)
37 silly placeDep ROOT eslint@9.23.0 OK for:  want: *
38 silly fetch manifest @eslint-community/eslint-utils@^4.2.0
39 silly fetch manifest @eslint-community/regexpp@^4.12.1
40 silly fetch manifest @eslint/config-array@^0.19.2
41 silly fetch manifest @eslint/config-helpers@^0.2.0
42 silly fetch manifest @eslint/core@^0.12.0
43 silly fetch manifest @eslint/eslintrc@^3.3.1
44 silly fetch manifest @eslint/js@9.23.0
45 silly fetch manifest @eslint/plugin-kit@^0.2.7
46 silly fetch manifest @humanfs/node@^0.16.6
47 silly fetch manifest @humanwhocodes/module-importer@^1.0.1
48 silly fetch manifest @humanwhocodes/retry@^0.4.2
49 silly fetch manifest @types/estree@^1.0.6
50 silly fetch manifest @types/json-schema@^7.0.15
51 silly fetch manifest ajv@^6.12.4
52 silly fetch manifest cross-spawn@^7.0.6
53 silly fetch manifest escape-string-regexp@^4.0.0
54 silly fetch manifest eslint-scope@^8.3.0
55 silly fetch manifest eslint-visitor-keys@^4.2.0
56 silly fetch manifest espree@^10.3.0
57 silly fetch manifest esquery@^1.5.0
58 silly fetch manifest fast-deep-equal@^3.1.3
59 silly fetch manifest file-entry-cache@^8.0.0
60 silly fetch manifest find-up@^5.0.0
61 silly fetch manifest glob-parent@^6.0.2
62 silly fetch manifest ignore@^5.2.0
63 silly fetch manifest is-glob@^4.0.0
64 silly fetch manifest json-stable-stringify-without-jsonify@^1.0.1
65 silly fetch manifest lodash.merge@^4.6.2
66 silly fetch manifest natural-compare@^1.4.0
67 silly fetch manifest optionator@^0.9.3
68 http fetch GET 200 https://registry.npmjs.org/@eslint-community%2feslint-utils 177ms (cache miss)
69 http fetch GET 200 https://registry.npmjs.org/escape-string-regexp 196ms (cache miss)
70 http fetch GET 200 https://registry.npmjs.org/@eslint%2fconfig-array 222ms (cache miss)
71 http fetch GET 200 https://registry.npmjs.org/@eslint-community%2fregexpp 231ms (cache miss)
72 http fetch GET 200 https://registry.npmjs.org/@eslint%2fconfig-helpers 228ms (cache miss)
73 http fetch GET 200 https://registry.npmjs.org/eslint-visitor-keys 436ms (cache miss)
74 http fetch GET 200 https://registry.npmjs.org/@eslint%2fplugin-kit 460ms (cache miss)
75 http fetch GET 200 https://registry.npmjs.org/@eslint%2fcore 471ms (cache miss)
76 http fetch GET 200 https://registry.npmjs.org/@humanwhocodes%2fretry 466ms (cache miss)
77 http fetch GET 200 https://registry.npmjs.org/@humanfs%2fnode 473ms (cache miss)
78 http fetch GET 200 https://registry.npmjs.org/json-stable-stringify-without-jsonify 448ms (cache miss)
79 http fetch GET 200 https://registry.npmjs.org/natural-compare 440ms (cache miss)
80 http fetch GET 200 https://registry.npmjs.org/@humanwhocodes%2fmodule-importer 478ms (cache miss)
81 http fetch GET 200 https://registry.npmjs.org/fast-deep-equal 463ms (cache miss)
82 http fetch GET 200 https://registry.npmjs.org/optionator 444ms (cache miss)
83 http fetch GET 200 https://registry.npmjs.org/find-up 465ms (cache miss)
84 http fetch GET 200 https://registry.npmjs.org/@eslint%2fjs 493ms (cache miss)
85 http fetch GET 200 https://registry.npmjs.org/esquery 476ms (cache miss)
86 http fetch GET 200 https://registry.npmjs.org/file-entry-cache 474ms (cache miss)
87 http fetch GET 200 https://registry.npmjs.org/@types%2fjson-schema 488ms (cache miss)
88 http fetch GET 200 https://registry.npmjs.org/is-glob 469ms (cache miss)
89 http fetch GET 200 https://registry.npmjs.org/glob-parent 477ms (cache miss)
90 http fetch GET 200 https://registry.npmjs.org/@eslint%2feslintrc 507ms (cache miss)
91 http fetch GET 200 https://registry.npmjs.org/lodash.merge 474ms (cache miss)
92 http fetch GET 200 https://registry.npmjs.org/@types%2festree 502ms (cache miss)
93 http fetch GET 200 https://registry.npmjs.org/cross-spawn 503ms (cache miss)
94 http fetch GET 200 https://registry.npmjs.org/espree 504ms (cache miss)
95 http fetch GET 200 https://registry.npmjs.org/ignore 495ms (cache miss)
96 http fetch GET 200 https://registry.npmjs.org/ajv 526ms (cache miss)
97 http fetch GET 200 https://registry.npmjs.org/eslint-scope 726ms (cache miss)
98 timing idealTree:#root Completed in 1764ms
99 silly fetch manifest eslint@^6.0.0 || ^7.0.0 || >=8.0.0
100 silly placeDep ROOT @eslint-community/eslint-utils@4.5.1 OK for: eslint@9.23.0 want: ^4.2.0
101 silly placeDep ROOT @eslint-community/regexpp@4.12.1 OK for: eslint@9.23.0 want: ^4.12.1
102 silly placeDep ROOT @eslint/config-array@0.19.2 OK for: eslint@9.23.0 want: ^0.19.2
103 silly placeDep ROOT @eslint/config-helpers@0.2.0 OK for: eslint@9.23.0 want: ^0.2.0
104 silly placeDep ROOT @eslint/core@0.12.0 OK for: eslint@9.23.0 want: ^0.12.0
105 silly placeDep ROOT @eslint/eslintrc@3.3.1 OK for: eslint@9.23.0 want: ^3.3.1
106 silly placeDep ROOT @eslint/js@9.23.0 OK for: eslint@9.23.0 want: 9.23.0
107 silly placeDep ROOT @eslint/plugin-kit@0.2.7 OK for: eslint@9.23.0 want: ^0.2.7
108 silly placeDep ROOT @humanfs/node@0.16.6 OK for: eslint@9.23.0 want: ^0.16.6
109 silly placeDep ROOT @humanwhocodes/module-importer@1.0.1 OK for: eslint@9.23.0 want: ^1.0.1
110 silly placeDep ROOT @humanwhocodes/retry@0.4.2 OK for: eslint@9.23.0 want: ^0.4.2
111 silly placeDep ROOT @types/estree@1.0.7 OK for: eslint@9.23.0 want: ^1.0.6
112 silly placeDep ROOT @types/json-schema@7.0.15 OK for: eslint@9.23.0 want: ^7.0.15
113 silly placeDep ROOT ajv@6.12.6 OK for: eslint@9.23.0 want: ^6.12.4
114 silly placeDep ROOT cross-spawn@7.0.6 OK for: eslint@9.23.0 want: ^7.0.6
115 silly placeDep ROOT escape-string-regexp@4.0.0 OK for: eslint@9.23.0 want: ^4.0.0
116 silly placeDep ROOT eslint-scope@8.3.0 OK for: eslint@9.23.0 want: ^8.3.0
117 silly placeDep ROOT eslint-visitor-keys@4.2.0 OK for: eslint@9.23.0 want: ^4.2.0
118 silly placeDep ROOT espree@10.3.0 OK for: eslint@9.23.0 want: ^10.3.0
119 silly placeDep ROOT esquery@1.6.0 OK for: eslint@9.23.0 want: ^1.5.0
120 silly placeDep ROOT fast-deep-equal@3.1.3 OK for: eslint@9.23.0 want: ^3.1.3
121 silly placeDep ROOT file-entry-cache@8.0.0 OK for: eslint@9.23.0 want: ^8.0.0
122 silly placeDep node_modules/eslint find-up@5.0.0 OK for: eslint@9.23.0 want: ^5.0.0
123 silly placeDep ROOT glob-parent@6.0.2 OK for: eslint@9.23.0 want: ^6.0.2
124 silly placeDep ROOT ignore@5.3.2 OK for: eslint@9.23.0 want: ^5.2.0
125 silly placeDep ROOT is-glob@4.0.3 OK for: eslint@9.23.0 want: ^4.0.0
126 silly placeDep ROOT json-stable-stringify-without-jsonify@1.0.1 OK for: eslint@9.23.0 want: ^1.0.1
127 silly placeDep ROOT lodash.merge@4.6.2 OK for: eslint@9.23.0 want: ^4.6.2
128 silly placeDep ROOT natural-compare@1.4.0 OK for: eslint@9.23.0 want: ^1.4.0
129 silly placeDep ROOT optionator@0.9.4 OK for: eslint@9.23.0 want: ^0.9.3
130 silly fetch manifest eslint-visitor-keys@^3.4.3
131 silly fetch manifest @eslint/object-schema@^2.1.6
132 silly fetch manifest globals@^14.0.0
133 silly fetch manifest import-fresh@^3.2.1
134 silly fetch manifest js-yaml@^4.1.0
135 silly fetch manifest strip-json-comments@^3.1.1
136 silly fetch manifest levn@^0.4.1
137 silly fetch manifest @humanwhocodes/retry@^0.3.0
138 silly fetch manifest @humanfs/core@^0.19.1
139 silly fetch manifest uri-js@^4.2.2
140 silly fetch manifest json-schema-traverse@^0.4.1
141 silly fetch manifest which@^2.0.1
142 silly fetch manifest path-key@^3.1.0
143 silly fetch manifest shebang-command@^2.0.0
144 silly fetch manifest esrecurse@^4.3.0
145 silly fetch manifest estraverse@^5.2.0
146 silly fetch manifest acorn@^8.14.0
147 silly fetch manifest acorn-jsx@^5.3.2
148 silly fetch manifest estraverse@^5.1.0
149 silly fetch manifest flat-cache@^4.0.0
150 silly fetch manifest locate-path@^6.0.0
151 silly fetch manifest is-extglob@^2.1.1
152 silly fetch manifest prelude-ls@^1.2.1
153 silly fetch manifest deep-is@^0.1.3
154 silly fetch manifest word-wrap@^1.2.5
155 silly fetch manifest type-check@^0.4.0
156 silly fetch manifest fast-levenshtein@^2.0.6
157 http fetch GET 200 https://registry.npmjs.org/import-fresh 228ms (cache miss)
158 http fetch GET 200 https://registry.npmjs.org/path-key 223ms (cache miss)
159 http fetch GET 200 https://registry.npmjs.org/levn 234ms (cache miss)
160 http fetch GET 200 https://registry.npmjs.org/shebang-command 228ms (cache miss)
161 http fetch GET 200 https://registry.npmjs.org/json-schema-traverse 234ms (cache miss)
162 http fetch GET 200 https://registry.npmjs.org/esrecurse 230ms (cache miss)
163 http fetch GET 200 https://registry.npmjs.org/estraverse 232ms (cache miss)
164 http fetch GET 200 https://registry.npmjs.org/@eslint%2fobject-schema 250ms (cache miss)
165 http fetch GET 200 https://registry.npmjs.org/is-extglob 229ms (cache miss)
166 http fetch GET 200 https://registry.npmjs.org/locate-path 234ms (cache miss)
167 http fetch GET 200 https://registry.npmjs.org/@humanfs%2fcore 250ms (cache miss)
168 http fetch GET 200 https://registry.npmjs.org/strip-json-comments 256ms (cache miss)
169 http fetch GET 200 https://registry.npmjs.org/deep-is 235ms (cache miss)
170 http fetch GET 200 https://registry.npmjs.org/which 253ms (cache miss)
171 http fetch GET 200 https://registry.npmjs.org/fast-levenshtein 233ms (cache miss)
172 http fetch GET 200 https://registry.npmjs.org/prelude-ls 243ms (cache miss)
173 http fetch GET 200 https://registry.npmjs.org/type-check 239ms (cache miss)
174 http fetch GET 200 https://registry.npmjs.org/uri-js 264ms (cache miss)
175 http fetch GET 200 https://registry.npmjs.org/word-wrap 248ms (cache miss)
176 http fetch GET 200 https://registry.npmjs.org/acorn-jsx 259ms (cache miss)
177 http fetch GET 200 https://registry.npmjs.org/js-yaml 277ms (cache miss)
178 http fetch GET 200 https://registry.npmjs.org/flat-cache 262ms (cache miss)
179 http fetch GET 200 https://registry.npmjs.org/globals 289ms (cache miss)
180 http fetch GET 200 https://registry.npmjs.org/acorn 277ms (cache miss)
181 timing idealTree:node_modules/eslint Completed in 367ms
182 silly placeDep node_modules/@eslint-community/eslint-utils eslint-visitor-keys@3.4.3 OK for: @eslint-community/eslint-utils@4.5.1 want: ^3.4.3
183 timing idealTree:node_modules/@eslint-community/eslint-utils Completed in 3ms
184 timing idealTree:node_modules/@eslint-community/regexpp Completed in 0ms
185 silly placeDep ROOT @eslint/object-schema@2.1.6 OK for: @eslint/config-array@0.19.2 want: ^2.1.6
186 timing idealTree:node_modules/@eslint/config-array Completed in 2ms
187 timing idealTree:node_modules/@eslint/config-helpers Completed in 0ms
188 timing idealTree:node_modules/@eslint/core Completed in 0ms
189 silly placeDep node_modules/@eslint/eslintrc globals@14.0.0 OK for: @eslint/eslintrc@3.3.1 want: ^14.0.0
190 silly placeDep ROOT import-fresh@3.3.1 OK for: @eslint/eslintrc@3.3.1 want: ^3.2.1
191 silly placeDep node_modules/@eslint/eslintrc js-yaml@4.1.0 OK for: @eslint/eslintrc@3.3.1 want: ^4.1.0
192 silly placeDep ROOT strip-json-comments@3.1.1 OK for: @eslint/eslintrc@3.3.1 want: ^3.1.1
193 silly fetch manifest parent-module@^1.0.0
194 silly fetch manifest resolve-from@^4.0.0
195 silly fetch manifest argparse@^2.0.1
196 http fetch GET 200 https://registry.npmjs.org/parent-module 55ms (cache miss)
197 http fetch GET 200 https://registry.npmjs.org/resolve-from 55ms (cache miss)
198 http fetch GET 200 https://registry.npmjs.org/argparse 57ms (cache miss)
199 timing idealTree:node_modules/@eslint/eslintrc Completed in 75ms
200 timing idealTree:node_modules/@eslint/js Completed in 0ms
201 timing idealTree:node_modules/@eslint/object-schema Completed in 0ms
202 silly placeDep ROOT levn@0.4.1 OK for: @eslint/plugin-kit@0.2.7 want: ^0.4.1
203 silly fetch manifest type-check@~0.4.0
204 timing idealTree:node_modules/@eslint/plugin-kit Completed in 4ms
205 silly placeDep ROOT @humanfs/core@0.19.1 OK for: @humanfs/node@0.16.6 want: ^0.19.1
206 silly placeDep node_modules/@humanfs/node @humanwhocodes/retry@0.3.1 OK for: @humanfs/node@0.16.6 want: ^0.3.0
207 timing idealTree:node_modules/@humanfs/node Completed in 3ms
208 timing idealTree:node_modules/@humanfs/core Completed in 0ms
209 timing idealTree:node_modules/@humanwhocodes/module-importer Completed in 0ms
210 timing idealTree:node_modules/@humanwhocodes/retry Completed in 0ms
211 timing idealTree:node_modules/@types/estree Completed in 0ms
212 timing idealTree:node_modules/@types/json-schema Completed in 0ms
213 silly placeDep ROOT json-schema-traverse@0.4.1 OK for: ajv@6.12.6 want: ^0.4.1
214 silly placeDep ROOT uri-js@4.4.1 OK for: ajv@6.12.6 want: ^4.2.2
215 silly fetch manifest punycode@^2.1.0
216 http fetch GET 200 https://registry.npmjs.org/punycode 64ms (cache miss)
217 timing idealTree:node_modules/ajv Completed in 68ms
218 silly placeDep ROOT path-key@3.1.1 OK for: cross-spawn@7.0.6 want: ^3.1.0
219 silly placeDep ROOT shebang-command@2.0.0 OK for: cross-spawn@7.0.6 want: ^2.0.0
220 silly placeDep ROOT which@2.0.2 OK for: cross-spawn@7.0.6 want: ^2.0.1
221 silly fetch manifest shebang-regex@^3.0.0
222 silly fetch manifest isexe@^2.0.0
223 http fetch GET 200 https://registry.npmjs.org/isexe 52ms (cache miss)
224 http fetch GET 200 https://registry.npmjs.org/shebang-regex 55ms (cache miss)
225 timing idealTree:node_modules/cross-spawn Completed in 60ms
226 timing idealTree:node_modules/escape-string-regexp Completed in 0ms
227 silly placeDep ROOT esrecurse@4.3.0 OK for: eslint-scope@8.3.0 want: ^4.3.0
228 silly placeDep ROOT estraverse@5.3.0 OK for: eslint-scope@8.3.0 want: ^5.2.0
229 timing idealTree:node_modules/eslint-scope Completed in 6ms
230 timing idealTree:node_modules/eslint-visitor-keys Completed in 0ms
231 silly placeDep ROOT acorn@8.14.1 OK for: espree@10.3.0 want: ^8.14.0
232 silly placeDep ROOT acorn-jsx@5.3.2 OK for: espree@10.3.0 want: ^5.3.2
233 timing idealTree:node_modules/espree Completed in 10ms
234 timing idealTree:node_modules/acorn Completed in 0ms
235 timing idealTree:node_modules/acorn-jsx Completed in 1ms
236 timing idealTree:node_modules/esquery Completed in 0ms
237 timing idealTree:node_modules/esrecurse Completed in 0ms
238 timing idealTree:node_modules/estraverse Completed in 0ms
239 timing idealTree:node_modules/fast-deep-equal Completed in 0ms
240 silly placeDep ROOT flat-cache@4.0.1 OK for: file-entry-cache@8.0.0 want: ^4.0.0
241 silly fetch manifest keyv@^4.5.4
242 silly fetch manifest flatted@^3.2.9
243 http fetch GET 200 https://registry.npmjs.org/flatted 55ms (cache miss)
244 http fetch GET 200 https://registry.npmjs.org/keyv 63ms (cache miss)
245 timing idealTree:node_modules/file-entry-cache Completed in 72ms
246 silly placeDep ROOT flatted@3.3.3 OK for: flat-cache@4.0.1 want: ^3.2.9
247 silly placeDep ROOT keyv@4.5.4 OK for: flat-cache@4.0.1 want: ^4.5.4
248 silly fetch manifest json-buffer@3.0.1
249 http fetch GET 200 https://registry.npmjs.org/json-buffer 47ms (cache miss)
250 timing idealTree:node_modules/flat-cache Completed in 53ms
251 timing idealTree:node_modules/flatted Completed in 0ms
252 timing idealTree:node_modules/glob-parent Completed in 0ms
253 timing idealTree:node_modules/ignore Completed in 1ms
254 silly placeDep ROOT parent-module@1.0.1 OK for: import-fresh@3.3.1 want: ^1.0.0
255 silly placeDep node_modules/import-fresh resolve-from@4.0.0 OK for: import-fresh@3.3.1 want: ^4.0.0
256 silly fetch manifest callsites@^3.0.0
257 http fetch GET 200 https://registry.npmjs.org/callsites 60ms (cache miss)
258 timing idealTree:node_modules/import-fresh Completed in 66ms
259 silly placeDep ROOT is-extglob@2.1.1 OK for: is-glob@4.0.3 want: ^2.1.1
260 timing idealTree:node_modules/is-glob Completed in 6ms
261 timing idealTree:node_modules/is-extglob Completed in 1ms
262 timing idealTree:node_modules/json-schema-traverse Completed in 0ms
263 timing idealTree:node_modules/json-stable-stringify-without-jsonify Completed in 0ms
264 silly placeDep ROOT json-buffer@3.0.1 OK for: keyv@4.5.4 want: 3.0.1
265 timing idealTree:node_modules/keyv Completed in 3ms
266 timing idealTree:node_modules/json-buffer Completed in 0ms
267 silly placeDep ROOT prelude-ls@1.2.1 OK for: levn@0.4.1 want: ^1.2.1
268 silly placeDep ROOT type-check@0.4.0 OK for: levn@0.4.1 want: ~0.4.0
269 timing idealTree:node_modules/levn Completed in 4ms
270 timing idealTree:node_modules/lodash.merge Completed in 0ms
271 timing idealTree:node_modules/natural-compare Completed in 0ms
272 silly placeDep ROOT deep-is@0.1.4 OK for: optionator@0.9.4 want: ^0.1.3
273 silly placeDep ROOT fast-levenshtein@2.0.6 OK for: optionator@0.9.4 want: ^2.0.6
274 silly placeDep ROOT word-wrap@1.2.5 OK for: optionator@0.9.4 want: ^1.2.5
275 timing idealTree:node_modules/optionator Completed in 7ms
276 timing idealTree:node_modules/deep-is Completed in 0ms
277 timing idealTree:node_modules/fast-levenshtein Completed in 0ms
278 silly placeDep ROOT callsites@3.1.0 OK for: parent-module@1.0.1 want: ^3.0.0
279 timing idealTree:node_modules/parent-module Completed in 1ms
280 timing idealTree:node_modules/callsites Completed in 0ms
281 timing idealTree:node_modules/path-key Completed in 0ms
282 timing idealTree:node_modules/prelude-ls Completed in 0ms
283 silly placeDep ROOT shebang-regex@3.0.0 OK for: shebang-command@2.0.0 want: ^3.0.0
284 timing idealTree:node_modules/shebang-command Completed in 2ms
285 timing idealTree:node_modules/shebang-regex Completed in 0ms
286 timing idealTree:node_modules/strip-json-comments Completed in 0ms
287 timing idealTree:node_modules/type-check Completed in 0ms
288 silly placeDep ROOT punycode@2.3.1 OK for: uri-js@4.4.1 want: ^2.1.0
289 timing idealTree:node_modules/uri-js Completed in 2ms
290 timing idealTree:node_modules/punycode Completed in 0ms
291 silly placeDep ROOT isexe@2.0.0 OK for: which@2.0.2 want: ^2.0.0
292 timing idealTree:node_modules/which Completed in 2ms
293 timing idealTree:node_modules/isexe Completed in 0ms
294 timing idealTree:node_modules/word-wrap Completed in 0ms
295 timing idealTree:node_modules/@eslint-community/eslint-utils/node_modules/eslint-visitor-keys Completed in 1ms
296 timing idealTree:node_modules/@eslint/eslintrc/node_modules/globals Completed in 0ms
297 silly placeDep node_modules/@eslint/eslintrc argparse@2.0.1 OK for: js-yaml@4.1.0 want: ^2.0.1
298 timing idealTree:node_modules/@eslint/eslintrc/node_modules/js-yaml Completed in 6ms
299 timing idealTree:node_modules/@eslint/eslintrc/node_modules/argparse Completed in 0ms
300 timing idealTree:node_modules/@humanfs/node/node_modules/@humanwhocodes/retry Completed in 0ms
301 silly placeDep node_modules/eslint locate-path@6.0.0 OK for: find-up@5.0.0 want: ^6.0.0
302 silly fetch manifest p-locate@^5.0.0
303 http fetch GET 200 https://registry.npmjs.org/p-locate 51ms (cache miss)
304 timing idealTree:node_modules/eslint/node_modules/find-up Completed in 55ms
305 silly placeDep node_modules/eslint p-locate@5.0.0 OK for: locate-path@6.0.0 want: ^5.0.0
306 silly fetch manifest p-limit@^3.0.2
307 http fetch GET 200 https://registry.npmjs.org/p-limit 43ms (cache miss)
308 timing idealTree:node_modules/eslint/node_modules/locate-path Completed in 48ms
309 silly placeDep node_modules/eslint p-limit@3.1.0 OK for: p-locate@5.0.0 want: ^3.0.2
310 silly fetch manifest yocto-queue@^0.1.0
311 http fetch GET 200 https://registry.npmjs.org/yocto-queue 52ms (cache miss)
312 timing idealTree:node_modules/eslint/node_modules/p-locate Completed in 56ms
313 silly placeDep ROOT yocto-queue@0.1.0 OK for: p-limit@3.1.0 want: ^0.1.0
314 timing idealTree:node_modules/eslint/node_modules/p-limit Completed in 2ms
315 timing idealTree:node_modules/yocto-queue Completed in 0ms
316 timing idealTree:node_modules/import-fresh/node_modules/resolve-from Completed in 0ms
317 timing idealTree:buildDeps Completed in 2767ms
318 timing idealTree:fixDepFlags Completed in 7ms
319 warn EBADENGINE Unsupported engine {
319 warn EBADENGINE   package: '@jest/schemas@29.6.3',
319 warn EBADENGINE   required: { node: '^14.15.0 || ^16.10.0 || >=18.0.0' },
319 warn EBADENGINE   current: { node: 'v12.22.9', npm: '8.5.1' }
319 warn EBADENGINE }
320 warn EBADENGINE Unsupported engine {
320 warn EBADENGINE   package: '@jest/transform@29.7.0',
320 warn EBADENGINE   required: { node: '^14.15.0 || ^16.10.0 || >=18.0.0' },
320 warn EBADENGINE   current: { node: 'v12.22.9', npm: '8.5.1' }
320 warn EBADENGINE }
321 warn EBADENGINE Unsupported engine {
321 warn EBADENGINE   package: '@jest/types@29.6.3',
321 warn EBADENGINE   required: { node: '^14.15.0 || ^16.10.0 || >=18.0.0' },
321 warn EBADENGINE   current: { node: 'v12.22.9', npm: '8.5.1' }
321 warn EBADENGINE }
322 warn EBADENGINE Unsupported engine {
322 warn EBADENGINE   package: 'babel-jest@29.7.0',
322 warn EBADENGINE   required: { node: '^14.15.0 || ^16.10.0 || >=18.0.0' },
322 warn EBADENGINE   current: { node: 'v12.22.9', npm: '8.5.1' }
322 warn EBADENGINE }
323 warn EBADENGINE Unsupported engine {
323 warn EBADENGINE   package: 'babel-plugin-jest-hoist@29.6.3',
323 warn EBADENGINE   required: { node: '^14.15.0 || ^16.10.0 || >=18.0.0' },
323 warn EBADENGINE   current: { node: 'v12.22.9', npm: '8.5.1' }
323 warn EBADENGINE }
324 warn EBADENGINE Unsupported engine {
324 warn EBADENGINE   package: 'babel-preset-jest@29.6.3',
324 warn EBADENGINE   required: { node: '^14.15.0 || ^16.10.0 || >=18.0.0' },
324 warn EBADENGINE   current: { node: 'v12.22.9', npm: '8.5.1' }
324 warn EBADENGINE }
325 warn EBADENGINE Unsupported engine {
325 warn EBADENGINE   package: 'jest-haste-map@29.7.0',
325 warn EBADENGINE   required: { node: '^14.15.0 || ^16.10.0 || >=18.0.0' },
325 warn EBADENGINE   current: { node: 'v12.22.9', npm: '8.5.1' }
325 warn EBADENGINE }
326 warn EBADENGINE Unsupported engine {
326 warn EBADENGINE   package: 'jest-regex-util@29.6.3',
326 warn EBADENGINE   required: { node: '^14.15.0 || ^16.10.0 || >=18.0.0' },
326 warn EBADENGINE   current: { node: 'v12.22.9', npm: '8.5.1' }
326 warn EBADENGINE }
327 warn EBADENGINE Unsupported engine {
327 warn EBADENGINE   package: 'jest-util@29.7.0',
327 warn EBADENGINE   required: { node: '^14.15.0 || ^16.10.0 || >=18.0.0' },
327 warn EBADENGINE   current: { node: 'v12.22.9', npm: '8.5.1' }
327 warn EBADENGINE }
328 warn EBADENGINE Unsupported engine {
328 warn EBADENGINE   package: 'jest-worker@29.7.0',
328 warn EBADENGINE   required: { node: '^14.15.0 || ^16.10.0 || >=18.0.0' },
328 warn EBADENGINE   current: { node: 'v12.22.9', npm: '8.5.1' }
328 warn EBADENGINE }
329 warn EBADENGINE Unsupported engine {
329 warn EBADENGINE   package: 'eslint@9.23.0',
329 warn EBADENGINE   required: { node: '^18.18.0 || ^20.9.0 || >=21.1.0' },
329 warn EBADENGINE   current: { node: 'v12.22.9', npm: '8.5.1' }
329 warn EBADENGINE }
330 warn EBADENGINE Unsupported engine {
330 warn EBADENGINE   package: '@eslint/config-array@0.19.2',
330 warn EBADENGINE   required: { node: '^18.18.0 || ^20.9.0 || >=21.1.0' },
330 warn EBADENGINE   current: { node: 'v12.22.9', npm: '8.5.1' }
330 warn EBADENGINE }
331 warn EBADENGINE Unsupported engine {
331 warn EBADENGINE   package: '@eslint/config-helpers@0.2.0',
331 warn EBADENGINE   required: { node: '^18.18.0 || ^20.9.0 || >=21.1.0' },
331 warn EBADENGINE   current: { node: 'v12.22.9', npm: '8.5.1' }
331 warn EBADENGINE }
332 warn EBADENGINE Unsupported engine {
332 warn EBADENGINE   package: '@eslint/core@0.12.0',
332 warn EBADENGINE   required: { node: '^18.18.0 || ^20.9.0 || >=21.1.0' },
332 warn EBADENGINE   current: { node: 'v12.22.9', npm: '8.5.1' }
332 warn EBADENGINE }
333 warn EBADENGINE Unsupported engine {
333 warn EBADENGINE   package: '@eslint/eslintrc@3.3.1',
333 warn EBADENGINE   required: { node: '^18.18.0 || ^20.9.0 || >=21.1.0' },
333 warn EBADENGINE   current: { node: 'v12.22.9', npm: '8.5.1' }
333 warn EBADENGINE }
334 warn EBADENGINE Unsupported engine {
334 warn EBADENGINE   package: '@eslint/js@9.23.0',
334 warn EBADENGINE   required: { node: '^18.18.0 || ^20.9.0 || >=21.1.0' },
334 warn EBADENGINE   current: { node: 'v12.22.9', npm: '8.5.1' }
334 warn EBADENGINE }
335 warn EBADENGINE Unsupported engine {
335 warn EBADENGINE   package: '@eslint/plugin-kit@0.2.7',
335 warn EBADENGINE   required: { node: '^18.18.0 || ^20.9.0 || >=21.1.0' },
335 warn EBADENGINE   current: { node: 'v12.22.9', npm: '8.5.1' }
335 warn EBADENGINE }
336 warn EBADENGINE Unsupported engine {
336 warn EBADENGINE   package: '@humanfs/node@0.16.6',
336 warn EBADENGINE   required: { node: '>=18.18.0' },
336 warn EBADENGINE   current: { node: 'v12.22.9', npm: '8.5.1' }
336 warn EBADENGINE }
337 warn EBADENGINE Unsupported engine {
337 warn EBADENGINE   package: '@humanwhocodes/retry@0.4.2',
337 warn EBADENGINE   required: { node: '>=18.18' },
337 warn EBADENGINE   current: { node: 'v12.22.9', npm: '8.5.1' }
337 warn EBADENGINE }
338 warn EBADENGINE Unsupported engine {
338 warn EBADENGINE   package: 'eslint-scope@8.3.0',
338 warn EBADENGINE   required: { node: '^18.18.0 || ^20.9.0 || >=21.1.0' },
338 warn EBADENGINE   current: { node: 'v12.22.9', npm: '8.5.1' }
338 warn EBADENGINE }
339 warn EBADENGINE Unsupported engine {
339 warn EBADENGINE   package: 'eslint-visitor-keys@4.2.0',
339 warn EBADENGINE   required: { node: '^18.18.0 || ^20.9.0 || >=21.1.0' },
339 warn EBADENGINE   current: { node: 'v12.22.9', npm: '8.5.1' }
339 warn EBADENGINE }
340 warn EBADENGINE Unsupported engine {
340 warn EBADENGINE   package: 'espree@10.3.0',
340 warn EBADENGINE   required: { node: '^18.18.0 || ^20.9.0 || >=21.1.0' },
340 warn EBADENGINE   current: { node: 'v12.22.9', npm: '8.5.1' }
340 warn EBADENGINE }
341 warn EBADENGINE Unsupported engine {
341 warn EBADENGINE   package: 'file-entry-cache@8.0.0',
341 warn EBADENGINE   required: { node: '>=16.0.0' },
341 warn EBADENGINE   current: { node: 'v12.22.9', npm: '8.5.1' }
341 warn EBADENGINE }
342 warn EBADENGINE Unsupported engine {
342 warn EBADENGINE   package: '@eslint/object-schema@2.1.6',
342 warn EBADENGINE   required: { node: '^18.18.0 || ^20.9.0 || >=21.1.0' },
342 warn EBADENGINE   current: { node: 'v12.22.9', npm: '8.5.1' }
342 warn EBADENGINE }
343 warn EBADENGINE Unsupported engine {
343 warn EBADENGINE   package: 'globals@14.0.0',
343 warn EBADENGINE   required: { node: '>=18' },
343 warn EBADENGINE   current: { node: 'v12.22.9', npm: '8.5.1' }
343 warn EBADENGINE }
344 warn EBADENGINE Unsupported engine {
344 warn EBADENGINE   package: '@humanfs/core@0.19.1',
344 warn EBADENGINE   required: { node: '>=18.18.0' },
344 warn EBADENGINE   current: { node: 'v12.22.9', npm: '8.5.1' }
344 warn EBADENGINE }
345 warn EBADENGINE Unsupported engine {
345 warn EBADENGINE   package: '@humanwhocodes/retry@0.3.1',
345 warn EBADENGINE   required: { node: '>=18.18' },
345 warn EBADENGINE   current: { node: 'v12.22.9', npm: '8.5.1' }
345 warn EBADENGINE }
346 warn EBADENGINE Unsupported engine {
346 warn EBADENGINE   package: 'flat-cache@4.0.1',
346 warn EBADENGINE   required: { node: '>=16' },
346 warn EBADENGINE   current: { node: 'v12.22.9', npm: '8.5.1' }
346 warn EBADENGINE }
347 timing idealTree Completed in 3286ms
348 timing reify:loadTrees Completed in 3288ms
349 timing reify:diffTrees Completed in 19ms
350 silly reify moves {}
351 timing reify:retireShallow Completed in 1ms
352 timing reify:createSparse Completed in 51ms
353 timing reify:loadBundles Completed in 0ms
354 silly audit bulk request {
354 silly audit   '@ampproject/remapping': [ '2.3.0' ],
354 silly audit   '@babel/code-frame': [ '7.26.2' ],
354 silly audit   '@babel/compat-data': [ '7.26.8' ],
354 silly audit   '@babel/core': [ '7.26.10' ],
354 silly audit   '@babel/generator': [ '7.27.0' ],
354 silly audit   '@babel/helper-annotate-as-pure': [ '7.25.9' ],
354 silly audit   '@babel/helper-compilation-targets': [ '7.27.0' ],
354 silly audit   '@babel/helper-create-class-features-plugin': [ '7.27.0' ],
354 silly audit   '@babel/helper-create-regexp-features-plugin': [ '7.27.0' ],
354 silly audit   '@babel/helper-define-polyfill-provider': [ '0.6.4' ],
354 silly audit   '@babel/helper-member-expression-to-functions': [ '7.25.9' ],
354 silly audit   '@babel/helper-module-imports': [ '7.25.9' ],
354 silly audit   '@babel/helper-module-transforms': [ '7.26.0' ],
354 silly audit   '@babel/helper-optimise-call-expression': [ '7.25.9' ],
354 silly audit   '@babel/helper-plugin-utils': [ '7.26.5' ],
354 silly audit   '@babel/helper-remap-async-to-generator': [ '7.25.9' ],
354 silly audit   '@babel/helper-replace-supers': [ '7.26.5' ],
354 silly audit   '@babel/helper-skip-transparent-expression-wrappers': [ '7.25.9' ],
354 silly audit   '@babel/helper-string-parser': [ '7.25.9' ],
354 silly audit   '@babel/helper-validator-identifier': [ '7.25.9' ],
354 silly audit   '@babel/helper-validator-option': [ '7.25.9' ],
354 silly audit   '@babel/helper-wrap-function': [ '7.25.9' ],
354 silly audit   '@babel/helpers': [ '7.27.0' ],
354 silly audit   '@babel/parser': [ '7.27.0' ],
354 silly audit   '@babel/plugin-bugfix-firefox-class-in-computed-class-key': [ '7.25.9' ],
354 silly audit   '@babel/plugin-bugfix-safari-class-field-initializer-scope': [ '7.25.9' ],
354 silly audit   '@babel/plugin-bugfix-safari-id-destructuring-collision-in-function-expression': [ '7.25.9' ],
354 silly audit   '@babel/plugin-bugfix-v8-spread-parameters-in-optional-chaining': [ '7.25.9' ],
354 silly audit   '@babel/plugin-bugfix-v8-static-class-fields-redefine-readonly': [ '7.25.9' ],
354 silly audit   '@babel/plugin-proposal-private-property-in-object': [ '7.21.0-placeholder-for-preset-env.2' ],
354 silly audit   '@babel/plugin-syntax-async-generators': [ '7.8.4' ],
354 silly audit   '@babel/plugin-syntax-bigint': [ '7.8.3' ],
354 silly audit   '@babel/plugin-syntax-class-properties': [ '7.12.13' ],
354 silly audit   '@babel/plugin-syntax-class-static-block': [ '7.14.5' ],
354 silly audit   '@babel/plugin-syntax-import-assertions': [ '7.26.0' ],
354 silly audit   '@babel/plugin-syntax-import-attributes': [ '7.26.0' ],
354 silly audit   '@babel/plugin-syntax-import-meta': [ '7.10.4' ],
354 silly audit   '@babel/plugin-syntax-json-strings': [ '7.8.3' ],
354 silly audit   '@babel/plugin-syntax-logical-assignment-operators': [ '7.10.4' ],
354 silly audit   '@babel/plugin-syntax-nullish-coalescing-operator': [ '7.8.3' ],
354 silly audit   '@babel/plugin-syntax-numeric-separator': [ '7.10.4' ],
354 silly audit   '@babel/plugin-syntax-object-rest-spread': [ '7.8.3' ],
354 silly audit   '@babel/plugin-syntax-optional-catch-binding': [ '7.8.3' ],
354 silly audit   '@babel/plugin-syntax-optional-chaining': [ '7.8.3' ],
354 silly audit   '@babel/plugin-syntax-private-property-in-object': [ '7.14.5' ],
354 silly audit   '@babel/plugin-syntax-top-level-await': [ '7.14.5' ],
354 silly audit   '@babel/plugin-syntax-unicode-sets-regex': [ '7.18.6' ],
354 silly audit   '@babel/plugin-transform-arrow-functions': [ '7.25.9' ],
354 silly audit   '@babel/plugin-transform-async-generator-functions': [ '7.26.8' ],
354 silly audit   '@babel/plugin-transform-async-to-generator': [ '7.25.9' ],
354 silly audit   '@babel/plugin-transform-block-scoped-functions': [ '7.26.5' ],
354 silly audit   '@babel/plugin-transform-block-scoping': [ '7.27.0' ],
354 silly audit   '@babel/plugin-transform-class-properties': [ '7.25.9' ],
354 silly audit   '@babel/plugin-transform-class-static-block': [ '7.26.0' ],
354 silly audit   '@babel/plugin-transform-classes': [ '7.25.9' ],
354 silly audit   '@babel/plugin-transform-computed-properties': [ '7.25.9' ],
354 silly audit   '@babel/plugin-transform-destructuring': [ '7.25.9' ],
354 silly audit   '@babel/plugin-transform-dotall-regex': [ '7.25.9' ],
354 silly audit   '@babel/plugin-transform-duplicate-keys': [ '7.25.9' ],
354 silly audit   '@babel/plugin-transform-duplicate-named-capturing-groups-regex': [ '7.25.9' ],
354 silly audit   '@babel/plugin-transform-dynamic-import': [ '7.25.9' ],
354 silly audit   '@babel/plugin-transform-exponentiation-operator': [ '7.26.3' ],
354 silly audit   '@babel/plugin-transform-export-namespace-from': [ '7.25.9' ],
354 silly audit   '@babel/plugin-transform-for-of': [ '7.26.9' ],
354 silly audit   '@babel/plugin-transform-function-name': [ '7.25.9' ],
354 silly audit   '@babel/plugin-transform-json-strings': [ '7.25.9' ],
354 silly audit   '@babel/plugin-transform-literals': [ '7.25.9' ],
354 silly audit   '@babel/plugin-transform-logical-assignment-operators': [ '7.25.9' ],
354 silly audit   '@babel/plugin-transform-member-expression-literals': [ '7.25.9' ],
354 silly audit   '@babel/plugin-transform-modules-amd': [ '7.25.9' ],
354 silly audit   '@babel/plugin-transform-modules-commonjs': [ '7.26.3' ],
354 silly audit   '@babel/plugin-transform-modules-systemjs': [ '7.25.9' ],
354 silly audit   '@babel/plugin-transform-modules-umd': [ '7.25.9' ],
354 silly audit   '@babel/plugin-transform-named-capturing-groups-regex': [ '7.25.9' ],
354 silly audit   '@babel/plugin-transform-new-target': [ '7.25.9' ],
354 silly audit   '@babel/plugin-transform-nullish-coalescing-operator': [ '7.26.6' ],
354 silly audit   '@babel/plugin-transform-numeric-separator': [ '7.25.9' ],
354 silly audit   '@babel/plugin-transform-object-rest-spread': [ '7.25.9' ],
354 silly audit   '@babel/plugin-transform-object-super': [ '7.25.9' ],
354 silly audit   '@babel/plugin-transform-optional-catch-binding': [ '7.25.9' ],
354 silly audit   '@babel/plugin-transform-optional-chaining': [ '7.25.9' ],
354 silly audit   '@babel/plugin-transform-parameters': [ '7.25.9' ],
354 silly audit   '@babel/plugin-transform-private-methods': [ '7.25.9' ],
354 silly audit   '@babel/plugin-transform-private-property-in-object': [ '7.25.9' ],
354 silly audit   '@babel/plugin-transform-property-literals': [ '7.25.9' ],
354 silly audit   '@babel/plugin-transform-regenerator': [ '7.27.0' ],
354 silly audit   '@babel/plugin-transform-regexp-modifiers': [ '7.26.0' ],
354 silly audit   '@babel/plugin-transform-reserved-words': [ '7.25.9' ],
354 silly audit   '@babel/plugin-transform-shorthand-properties': [ '7.25.9' ],
354 silly audit   '@babel/plugin-transform-spread': [ '7.25.9' ],
354 silly audit   '@babel/plugin-transform-sticky-regex': [ '7.25.9' ],
354 silly audit   '@babel/plugin-transform-template-literals': [ '7.26.8' ],
354 silly audit   '@babel/plugin-transform-typeof-symbol': [ '7.27.0' ],
354 silly audit   '@babel/plugin-transform-unicode-escapes': [ '7.25.9' ],
354 silly audit   '@babel/plugin-transform-unicode-property-regex': [ '7.25.9' ],
354 silly audit   '@babel/plugin-transform-unicode-regex': [ '7.25.9' ],
354 silly audit   '@babel/plugin-transform-unicode-sets-regex': [ '7.25.9' ],
354 silly audit   '@babel/preset-env': [ '7.26.9' ],
354 silly audit   '@babel/preset-modules': [ '0.1.6-no-external-plugins' ],
354 silly audit   '@babel/runtime': [ '7.27.0' ],
354 silly audit   '@babel/template': [ '7.27.0' ],
354 silly audit   '@babel/traverse': [ '7.27.0' ],
354 silly audit   '@babel/types': [ '7.27.0' ],
354 silly audit   '@istanbuljs/load-nyc-config': [ '1.1.0' ],
354 silly audit   '@istanbuljs/schema': [ '0.1.3' ],
354 silly audit   '@jest/schemas': [ '29.6.3' ],
354 silly audit   '@jest/transform': [ '29.7.0' ],
354 silly audit   '@jest/types': [ '29.6.3' ],
354 silly audit   '@jridgewell/gen-mapping': [ '0.3.8' ],
354 silly audit   '@jridgewell/resolve-uri': [ '3.1.2' ],
354 silly audit   '@jridgewell/set-array': [ '1.2.1' ],
354 silly audit   '@jridgewell/sourcemap-codec': [ '1.5.0' ],
354 silly audit   '@jridgewell/trace-mapping': [ '0.3.25' ],
354 silly audit   '@sinclair/typebox': [ '0.27.8' ],
354 silly audit   '@types/babel__core': [ '7.20.5' ],
354 silly audit   '@types/babel__generator': [ '7.6.8' ],
354 silly audit   '@types/babel__template': [ '7.4.4' ],
354 silly audit   '@types/babel__traverse': [ '7.20.7' ],
354 silly audit   '@types/graceful-fs': [ '4.1.9' ],
354 silly audit   '@types/istanbul-lib-coverage': [ '2.0.6' ],
354 silly audit   '@types/istanbul-lib-report': [ '3.0.3' ],
354 silly audit   '@types/istanbul-reports': [ '3.0.4' ],
354 silly audit   '@types/node': [ '22.13.14' ],
354 silly audit   '@types/yargs': [ '17.0.33' ],
354 silly audit   '@types/yargs-parser': [ '21.0.3' ],
354 silly audit   'ansi-styles': [ '4.3.0' ],
354 silly audit   anymatch: [ '3.1.3' ],
354 silly audit   argparse: [ '1.0.10', '2.0.1' ],
354 silly audit   'babel-jest': [ '29.7.0' ],
354 silly audit   'babel-plugin-istanbul': [ '6.1.1' ],
354 silly audit   'babel-plugin-jest-hoist': [ '29.6.3' ],
354 silly audit   'babel-plugin-polyfill-corejs2': [ '0.4.13' ],
354 silly audit   'babel-plugin-polyfill-corejs3': [ '0.11.1' ],
354 silly audit   'babel-plugin-polyfill-regenerator': [ '0.6.4' ],
354 silly audit   'babel-preset-current-node-syntax': [ '1.1.0' ],
354 silly audit   'babel-preset-jest': [ '29.6.3' ],
354 silly audit   'balanced-match': [ '1.0.2' ],
354 silly audit   'brace-expansion': [ '1.1.11' ],
354 silly audit   braces: [ '3.0.3' ],
354 silly audit   browserslist: [ '4.24.4' ],
354 silly audit   bser: [ '2.1.1' ],
354 silly audit   camelcase: [ '5.3.1' ],
354 silly audit   'caniuse-lite': [ '1.0.30001707' ],
354 silly audit   chalk: [ '4.1.2' ],
354 silly audit   'ci-info': [ '3.9.0' ],
354 silly audit   'color-convert': [ '2.0.1' ],
354 silly audit   'color-name': [ '1.1.4' ],
354 silly audit   'concat-map': [ '0.0.1' ],
354 silly audit   'convert-source-map': [ '2.0.0' ],
354 silly audit   'core-js-compat': [ '3.41.0' ],
354 silly audit   debug: [ '4.4.0' ],
354 silly audit   'electron-to-chromium': [ '1.5.126' ],
354 silly audit   escalade: [ '3.2.0' ],
354 silly audit   esprima: [ '4.0.1' ],
354 silly audit   esutils: [ '2.0.3' ],
354 silly audit   'fast-json-stable-stringify': [ '2.1.0' ],
354 silly audit   'fb-watchman': [ '2.0.2' ],
354 silly audit   'fill-range': [ '7.1.1' ],
354 silly audit   'find-up': [ '4.1.0', '5.0.0' ],
354 silly audit   'fs.realpath': [ '1.0.0' ],
354 silly audit   fsevents: [ '2.3.3' ],
354 silly audit   'function-bind': [ '1.1.2' ],
354 silly audit   gensync: [ '1.0.0-beta.2' ],
354 silly audit   'get-package-type': [ '0.1.0' ],
354 silly audit   glob: [ '7.2.3' ],
354 silly audit   globals: [ '11.12.0', '14.0.0' ],
354 silly audit   'graceful-fs': [ '4.2.11' ],
354 silly audit   'has-flag': [ '4.0.0' ],
354 silly audit   hasown: [ '2.0.2' ],
354 silly audit   imurmurhash: [ '0.1.4' ],
354 silly audit   inflight: [ '1.0.6' ],
354 silly audit   inherits: [ '2.0.4' ],
354 silly audit   'is-core-module': [ '2.16.1' ],
354 silly audit   'is-number': [ '7.0.0' ],
354 silly audit   'istanbul-lib-coverage': [ '3.2.2' ],
354 silly audit   'istanbul-lib-instrument': [ '5.2.1' ],
354 silly audit   'jest-haste-map': [ '29.7.0' ],
354 silly audit   'jest-regex-util': [ '29.6.3' ],
354 silly audit   'jest-util': [ '29.7.0' ],
354 silly audit   'jest-worker': [ '29.7.0' ],
354 silly audit   'supports-color': [ '8.1.1', '7.2.0' ],
354 silly audit   'js-tokens': [ '4.0.0' ],
354 silly audit   'js-yaml': [ '3.14.1', '4.1.0' ],
354 silly audit   jsesc: [ '3.1.0', '3.0.2' ],
354 silly audit   json5: [ '2.2.3' ],
354 silly audit   'locate-path': [ '5.0.0', '6.0.0' ],
354 silly audit   'lodash.debounce': [ '4.0.8' ],
354 silly audit   'lru-cache': [ '5.1.1' ],
354 silly audit   makeerror: [ '1.0.12' ],
354 silly audit   'merge-stream': [ '2.0.0' ],
354 silly audit   micromatch: [ '4.0.8' ],
354 silly audit   minimatch: [ '3.1.2' ],
354 silly audit   ms: [ '2.1.3' ],
354 silly audit   'node-int64': [ '0.4.0' ],
354 silly audit   'node-releases': [ '2.0.19' ],
354 silly audit   'normalize-path': [ '3.0.0' ],
354 silly audit   once: [ '1.4.0' ],
354 silly audit   'p-limit': [ '2.3.0', '3.1.0' ],
354 silly audit   'p-locate': [ '4.1.0', '5.0.0' ],
354 silly audit   'p-try': [ '2.2.0' ],
354 silly audit   'path-exists': [ '4.0.0' ],
354 silly audit   'path-is-absolute': [ '1.0.1' ],
354 silly audit   'path-parse': [ '1.0.7' ],
354 silly audit   picocolors: [ '1.1.1' ],
354 silly audit   picomatch: [ '2.3.1' ],
354 silly audit   pirates: [ '4.0.6' ],
354 silly audit   regenerate: [ '1.4.2' ],
354 silly audit   'regenerate-unicode-properties': [ '10.2.0' ],
354 silly audit   'regenerator-runtime': [ '0.14.1' ],
354 silly audit   'regenerator-transform': [ '0.15.2' ],
354 silly audit   'regexpu-core': [ '6.2.0' ],
354 silly audit   regjsgen: [ '0.8.0' ],
354 silly audit   regjsparser: [ '0.12.0' ],
354 silly audit   resolve: [ '1.22.10' ],
354 silly audit   'resolve-from': [ '5.0.0', '4.0.0' ],
354 silly audit   semver: [ '6.3.1' ],
354 silly audit   'signal-exit': [ '3.0.7' ],
354 silly audit   slash: [ '3.0.0' ],
354 silly audit   'sprintf-js': [ '1.0.3' ],
354 silly audit   'supports-preserve-symlinks-flag': [ '1.0.0' ],
354 silly audit   'test-exclude': [ '6.0.0' ],
354 silly audit   tmpl: [ '1.0.5' ],
354 silly audit   'to-regex-range': [ '5.0.1' ],
354 silly audit   'undici-types': [ '6.20.0' ],
354 silly audit   'unicode-canonical-property-names-ecmascript': [ '2.0.1' ],
354 silly audit   'unicode-match-property-ecmascript': [ '2.0.0' ],
354 silly audit   'unicode-match-property-value-ecmascript': [ '2.2.0' ],
354 silly audit   'unicode-property-aliases-ecmascript': [ '2.1.0' ],
354 silly audit   'update-browserslist-db': [ '1.1.3' ],
354 silly audit   walker: [ '1.0.8' ],
354 silly audit   wrappy: [ '1.0.2' ],
354 silly audit   'write-file-atomic': [ '4.0.2' ],
354 silly audit   yallist: [ '3.1.1' ],
354 silly audit   eslint: [ '9.23.0' ],
354 silly audit   '@eslint-community/eslint-utils': [ '4.5.1' ],
354 silly audit   '@eslint-community/regexpp': [ '4.12.1' ],
354 silly audit   '@eslint/config-array': [ '0.19.2' ],
354 silly audit   '@eslint/config-helpers': [ '0.2.0' ],
354 silly audit   '@eslint/core': [ '0.12.0' ],
354 silly audit   '@eslint/eslintrc': [ '3.3.1' ],
354 silly audit   '@eslint/js': [ '9.23.0' ],
354 silly audit   '@eslint/plugin-kit': [ '0.2.7' ],
354 silly audit   '@humanfs/node': [ '0.16.6' ],
354 silly audit   '@humanwhocodes/module-importer': [ '1.0.1' ],
354 silly audit   '@humanwhocodes/retry': [ '0.4.2', '0.3.1' ],
354 silly audit   '@types/estree': [ '1.0.7' ],
354 silly audit   '@types/json-schema': [ '7.0.15' ],
354 silly audit   ajv: [ '6.12.6' ],
354 silly audit   'cross-spawn': [ '7.0.6' ],
354 silly audit   'escape-string-regexp': [ '4.0.0' ],
354 silly audit   'eslint-scope': [ '8.3.0' ],
354 silly audit   'eslint-visitor-keys': [ '4.2.0', '3.4.3' ],
354 silly audit   espree: [ '10.3.0' ],
354 silly audit   esquery: [ '1.6.0' ],
354 silly audit   'fast-deep-equal': [ '3.1.3' ],
354 silly audit   'file-entry-cache': [ '8.0.0' ],
354 silly audit   'glob-parent': [ '6.0.2' ],
354 silly audit   ignore: [ '5.3.2' ],
354 silly audit   'is-glob': [ '4.0.3' ],
354 silly audit   'json-stable-stringify-without-jsonify': [ '1.0.1' ],
354 silly audit   'lodash.merge': [ '4.6.2' ],
354 silly audit   'natural-compare': [ '1.4.0' ],
354 silly audit   optionator: [ '0.9.4' ],
354 silly audit   '@eslint/object-schema': [ '2.1.6' ],
354 silly audit   'import-fresh': [ '3.3.1' ],
354 silly audit   'strip-json-comments': [ '3.1.1' ],
354 silly audit   levn: [ '0.4.1' ],
354 silly audit   '@humanfs/core': [ '0.19.1' ],
354 silly audit   'json-schema-traverse': [ '0.4.1' ],
354 silly audit   'uri-js': [ '4.4.1' ],
354 silly audit   'path-key': [ '3.1.1' ],
354 silly audit   'shebang-command': [ '2.0.0' ],
354 silly audit   which: [ '2.0.2' ],
354 silly audit   esrecurse: [ '4.3.0' ],
354 silly audit   estraverse: [ '5.3.0' ],
354 silly audit   acorn: [ '8.14.1' ],
354 silly audit   'acorn-jsx': [ '5.3.2' ],
354 silly audit   'flat-cache': [ '4.0.1' ],
354 silly audit   flatted: [ '3.3.3' ],
354 silly audit   keyv: [ '4.5.4' ],
354 silly audit   'parent-module': [ '1.0.1' ],
354 silly audit   'is-extglob': [ '2.1.1' ],
354 silly audit   'json-buffer': [ '3.0.1' ],
354 silly audit   'prelude-ls': [ '1.2.1' ],
354 silly audit   'type-check': [ '0.4.0' ],
354 silly audit   'deep-is': [ '0.1.4' ],
354 silly audit   'fast-levenshtein': [ '2.0.6' ],
354 silly audit   'word-wrap': [ '1.2.5' ],
354 silly audit   callsites: [ '3.1.0' ],
354 silly audit   'shebang-regex': [ '3.0.0' ],
354 silly audit   punycode: [ '2.3.1' ],
354 silly audit   isexe: [ '2.0.0' ],
354 silly audit   'yocto-queue': [ '0.1.0' ]
354 silly audit }
355 verbose reify failed optional dependency /home/soufian/holbertonschool-web_front_end/ES6_basic/node_modules/fsevents
356 silly reify mark deleted [
356 silly reify   '/home/soufian/holbertonschool-web_front_end/ES6_basic/node_modules/fsevents'
356 silly reify ]
357 timing reifyNode:node_modules/fsevents Completed in 22ms
358 silly tarball no local data for yocto-queue@https://registry.npmjs.org/yocto-queue/-/yocto-queue-0.1.0.tgz. Extracting by manifest.
359 silly tarball no local data for isexe@https://registry.npmjs.org/isexe/-/isexe-2.0.0.tgz. Extracting by manifest.
360 silly tarball no local data for punycode@https://registry.npmjs.org/punycode/-/punycode-2.3.1.tgz. Extracting by manifest.
361 silly tarball no local data for shebang-regex@https://registry.npmjs.org/shebang-regex/-/shebang-regex-3.0.0.tgz. Extracting by manifest.
362 silly tarball no local data for callsites@https://registry.npmjs.org/callsites/-/callsites-3.1.0.tgz. Extracting by manifest.
363 silly tarball no local data for word-wrap@https://registry.npmjs.org/word-wrap/-/word-wrap-1.2.5.tgz. Extracting by manifest.
364 silly tarball no local data for fast-levenshtein@https://registry.npmjs.org/fast-levenshtein/-/fast-levenshtein-2.0.6.tgz. Extracting by manifest.
365 silly tarball no local data for deep-is@https://registry.npmjs.org/deep-is/-/deep-is-0.1.4.tgz. Extracting by manifest.
366 silly tarball no local data for type-check@https://registry.npmjs.org/type-check/-/type-check-0.4.0.tgz. Extracting by manifest.
367 silly tarball no local data for prelude-ls@https://registry.npmjs.org/prelude-ls/-/prelude-ls-1.2.1.tgz. Extracting by manifest.
368 silly tarball no local data for json-buffer@https://registry.npmjs.org/json-buffer/-/json-buffer-3.0.1.tgz. Extracting by manifest.
369 silly tarball no local data for parent-module@https://registry.npmjs.org/parent-module/-/parent-module-1.0.1.tgz. Extracting by manifest.
370 silly tarball no local data for is-extglob@https://registry.npmjs.org/is-extglob/-/is-extglob-2.1.1.tgz. Extracting by manifest.
371 silly tarball no local data for flatted@https://registry.npmjs.org/flatted/-/flatted-3.3.3.tgz. Extracting by manifest.
372 silly tarball no local data for flat-cache@https://registry.npmjs.org/flat-cache/-/flat-cache-4.0.1.tgz. Extracting by manifest.
373 silly tarball no local data for keyv@https://registry.npmjs.org/keyv/-/keyv-4.5.4.tgz. Extracting by manifest.
374 silly tarball no local data for acorn-jsx@https://registry.npmjs.org/acorn-jsx/-/acorn-jsx-5.3.2.tgz. Extracting by manifest.
375 silly tarball no local data for acorn@https://registry.npmjs.org/acorn/-/acorn-8.14.1.tgz. Extracting by manifest.
376 silly tarball no local data for estraverse@https://registry.npmjs.org/estraverse/-/estraverse-5.3.0.tgz. Extracting by manifest.
377 silly tarball no local data for esrecurse@https://registry.npmjs.org/esrecurse/-/esrecurse-4.3.0.tgz. Extracting by manifest.
378 silly tarball no local data for which@https://registry.npmjs.org/which/-/which-2.0.2.tgz. Extracting by manifest.
379 silly tarball no local data for shebang-command@https://registry.npmjs.org/shebang-command/-/shebang-command-2.0.0.tgz. Extracting by manifest.
380 silly tarball no local data for path-key@https://registry.npmjs.org/path-key/-/path-key-3.1.1.tgz. Extracting by manifest.
381 silly tarball no local data for uri-js@https://registry.npmjs.org/uri-js/-/uri-js-4.4.1.tgz. Extracting by manifest.
382 silly tarball no local data for json-schema-traverse@https://registry.npmjs.org/json-schema-traverse/-/json-schema-traverse-0.4.1.tgz. Extracting by manifest.
383 silly tarball no local data for levn@https://registry.npmjs.org/levn/-/levn-0.4.1.tgz. Extracting by manifest.
384 silly tarball no local data for @humanfs/core@https://registry.npmjs.org/@humanfs/core/-/core-0.19.1.tgz. Extracting by manifest.
385 silly tarball no local data for strip-json-comments@https://registry.npmjs.org/strip-json-comments/-/strip-json-comments-3.1.1.tgz. Extracting by manifest.
386 silly tarball no local data for import-fresh@https://registry.npmjs.org/import-fresh/-/import-fresh-3.3.1.tgz. Extracting by manifest.
387 silly tarball no local data for @eslint/object-schema@https://registry.npmjs.org/@eslint/object-schema/-/object-schema-2.1.6.tgz. Extracting by manifest.
388 silly tarball no local data for optionator@https://registry.npmjs.org/optionator/-/optionator-0.9.4.tgz. Extracting by manifest.
389 silly tarball no local data for is-glob@https://registry.npmjs.org/is-glob/-/is-glob-4.0.3.tgz. Extracting by manifest.
390 silly tarball no local data for lodash.merge@https://registry.npmjs.org/lodash.merge/-/lodash.merge-4.6.2.tgz. Extracting by manifest.
391 silly tarball no local data for json-stable-stringify-without-jsonify@https://registry.npmjs.org/json-stable-stringify-without-jsonify/-/json-stable-stringify-without-jsonify-1.0.1.tgz. Extracting by manifest.
392 silly tarball no local data for ignore@https://registry.npmjs.org/ignore/-/ignore-5.3.2.tgz. Extracting by manifest.
393 silly tarball no local data for glob-parent@https://registry.npmjs.org/glob-parent/-/glob-parent-6.0.2.tgz. Extracting by manifest.
394 silly tarball no local data for natural-compare@https://registry.npmjs.org/natural-compare/-/natural-compare-1.4.0.tgz. Extracting by manifest.
395 silly tarball no local data for file-entry-cache@https://registry.npmjs.org/file-entry-cache/-/file-entry-cache-8.0.0.tgz. Extracting by manifest.
396 silly tarball no local data for fast-deep-equal@https://registry.npmjs.org/fast-deep-equal/-/fast-deep-equal-3.1.3.tgz. Extracting by manifest.
397 silly tarball no local data for esquery@https://registry.npmjs.org/esquery/-/esquery-1.6.0.tgz. Extracting by manifest.
398 silly tarball no local data for espree@https://registry.npmjs.org/espree/-/espree-10.3.0.tgz. Extracting by manifest.
399 silly tarball no local data for eslint-scope@https://registry.npmjs.org/eslint-scope/-/eslint-scope-8.3.0.tgz. Extracting by manifest.
400 silly tarball no local data for eslint-visitor-keys@https://registry.npmjs.org/eslint-visitor-keys/-/eslint-visitor-keys-4.2.0.tgz. Extracting by manifest.
401 silly tarball no local data for escape-string-regexp@https://registry.npmjs.org/escape-string-regexp/-/escape-string-regexp-4.0.0.tgz. Extracting by manifest.
402 silly tarball no local data for cross-spawn@https://registry.npmjs.org/cross-spawn/-/cross-spawn-7.0.6.tgz. Extracting by manifest.
403 silly tarball no local data for ajv@https://registry.npmjs.org/ajv/-/ajv-6.12.6.tgz. Extracting by manifest.
404 silly tarball no local data for @types/json-schema@https://registry.npmjs.org/@types/json-schema/-/json-schema-7.0.15.tgz. Extracting by manifest.
405 silly tarball no local data for @types/estree@https://registry.npmjs.org/@types/estree/-/estree-1.0.7.tgz. Extracting by manifest.
406 silly tarball no local data for @humanwhocodes/retry@https://registry.npmjs.org/@humanwhocodes/retry/-/retry-0.4.2.tgz. Extracting by manifest.
407 silly tarball no local data for @humanwhocodes/module-importer@https://registry.npmjs.org/@humanwhocodes/module-importer/-/module-importer-1.0.1.tgz. Extracting by manifest.
408 silly tarball no local data for @humanfs/node@https://registry.npmjs.org/@humanfs/node/-/node-0.16.6.tgz. Extracting by manifest.
409 silly tarball no local data for @eslint/js@https://registry.npmjs.org/@eslint/js/-/js-9.23.0.tgz. Extracting by manifest.
410 silly tarball no local data for @eslint/plugin-kit@https://registry.npmjs.org/@eslint/plugin-kit/-/plugin-kit-0.2.7.tgz. Extracting by manifest.
411 silly tarball no local data for @eslint/eslintrc@https://registry.npmjs.org/@eslint/eslintrc/-/eslintrc-3.3.1.tgz. Extracting by manifest.
412 silly tarball no local data for @eslint/core@https://registry.npmjs.org/@eslint/core/-/core-0.12.0.tgz. Extracting by manifest.
413 silly tarball no local data for @eslint/config-helpers@https://registry.npmjs.org/@eslint/config-helpers/-/config-helpers-0.2.0.tgz. Extracting by manifest.
414 silly tarball no local data for @eslint/config-array@https://registry.npmjs.org/@eslint/config-array/-/config-array-0.19.2.tgz. Extracting by manifest.
415 silly tarball no local data for @eslint-community/regexpp@https://registry.npmjs.org/@eslint-community/regexpp/-/regexpp-4.12.1.tgz. Extracting by manifest.
416 silly tarball no local data for @eslint-community/eslint-utils@https://registry.npmjs.org/@eslint-community/eslint-utils/-/eslint-utils-4.5.1.tgz. Extracting by manifest.
417 silly tarball no local data for eslint@https://registry.npmjs.org/eslint/-/eslint-9.23.0.tgz. Extracting by manifest.
418 silly tarball no local data for resolve-from@https://registry.npmjs.org/resolve-from/-/resolve-from-4.0.0.tgz. Extracting by manifest.
419 silly tarball no local data for @humanwhocodes/retry@https://registry.npmjs.org/@humanwhocodes/retry/-/retry-0.3.1.tgz. Extracting by manifest.
420 silly tarball no local data for argparse@https://registry.npmjs.org/argparse/-/argparse-2.0.1.tgz. Extracting by manifest.
421 silly tarball no local data for js-yaml@https://registry.npmjs.org/js-yaml/-/js-yaml-4.1.0.tgz. Extracting by manifest.
422 silly tarball no local data for globals@https://registry.npmjs.org/globals/-/globals-14.0.0.tgz. Extracting by manifest.
423 silly tarball no local data for eslint-visitor-keys@https://registry.npmjs.org/eslint-visitor-keys/-/eslint-visitor-keys-3.4.3.tgz. Extracting by manifest.
424 silly tarball no local data for p-limit@https://registry.npmjs.org/p-limit/-/p-limit-3.1.0.tgz. Extracting by manifest.
425 silly tarball no local data for locate-path@https://registry.npmjs.org/locate-path/-/locate-path-6.0.0.tgz. Extracting by manifest.
426 silly tarball no local data for find-up@https://registry.npmjs.org/find-up/-/find-up-5.0.0.tgz. Extracting by manifest.
427 silly tarball no local data for p-locate@https://registry.npmjs.org/p-locate/-/p-locate-5.0.0.tgz. Extracting by manifest.
428 http fetch POST 200 https://registry.npmjs.org/-/npm/v1/security/advisories/bulk 822ms
429 timing auditReport:getReport Completed in 829ms
430 silly audit report {}
431 timing auditReport:init Completed in 0ms
432 timing reify:audit Completed in 832ms
433 http fetch GET 200 https://registry.npmjs.org/isexe/-/isexe-2.0.0.tgz 1145ms (cache miss)
434 timing reifyNode:node_modules/isexe Completed in 1227ms
435 http fetch GET 200 https://registry.npmjs.org/yocto-queue/-/yocto-queue-0.1.0.tgz 1155ms (cache miss)
436 timing reifyNode:node_modules/yocto-queue Completed in 1233ms
437 http fetch GET 200 https://registry.npmjs.org/deep-is/-/deep-is-0.1.4.tgz 1126ms (cache miss)
438 timing reifyNode:node_modules/deep-is Completed in 1237ms
439 http fetch GET 200 https://registry.npmjs.org/is-extglob/-/is-extglob-2.1.1.tgz 1150ms (cache miss)
440 timing reifyNode:node_modules/is-extglob Completed in 1311ms
441 http fetch GET 200 https://registry.npmjs.org/path-key/-/path-key-3.1.1.tgz 1096ms (cache miss)
442 timing reifyNode:node_modules/path-key Completed in 1320ms
443 http fetch GET 200 https://registry.npmjs.org/import-fresh/-/import-fresh-3.3.1.tgz 1062ms (cache miss)
444 timing reifyNode:node_modules/import-fresh Completed in 1323ms
445 http fetch GET 200 https://registry.npmjs.org/flat-cache/-/flat-cache-4.0.1.tgz 1179ms (cache miss)
446 timing reifyNode:node_modules/flat-cache Completed in 1351ms
447 http fetch GET 200 https://registry.npmjs.org/@eslint/object-schema/-/object-schema-2.1.6.tgz 1101ms (cache miss)
448 http fetch GET 200 https://registry.npmjs.org/glob-parent/-/glob-parent-6.0.2.tgz 1064ms (cache miss)
449 timing reifyNode:node_modules/glob-parent Completed in 1370ms
450 http fetch GET 200 https://registry.npmjs.org/shebang-command/-/shebang-command-2.0.0.tgz 1170ms (cache miss)
451 timing reifyNode:node_modules/shebang-command Completed in 1390ms
452 http fetch GET 200 https://registry.npmjs.org/shebang-regex/-/shebang-regex-3.0.0.tgz 1317ms (cache miss)
453 timing reifyNode:node_modules/shebang-regex Completed in 1407ms
454 http fetch GET 200 https://registry.npmjs.org/json-buffer/-/json-buffer-3.0.1.tgz 1262ms (cache miss)
455 timing reifyNode:node_modules/json-buffer Completed in 1411ms
456 http fetch GET 200 https://registry.npmjs.org/escape-string-regexp/-/escape-string-regexp-4.0.0.tgz 1053ms (cache miss)
457 timing reifyNode:node_modules/escape-string-regexp Completed in 1417ms
458 http fetch GET 200 https://registry.npmjs.org/callsites/-/callsites-3.1.0.tgz 1345ms (cache miss)
459 timing reifyNode:node_modules/callsites Completed in 1440ms
460 http fetch GET 200 https://registry.npmjs.org/type-check/-/type-check-0.4.0.tgz 1343ms (cache miss)
461 timing reifyNode:node_modules/type-check Completed in 1460ms
462 http fetch GET 200 https://registry.npmjs.org/parent-module/-/parent-module-1.0.1.tgz 1320ms (cache miss)
463 timing reifyNode:node_modules/parent-module Completed in 1475ms
464 http fetch GET 200 https://registry.npmjs.org/natural-compare/-/natural-compare-1.4.0.tgz 1155ms (cache miss)
465 timing reifyNode:node_modules/natural-compare Completed in 1487ms
466 http fetch GET 200 https://registry.npmjs.org/resolve-from/-/resolve-from-4.0.0.tgz 1009ms (cache miss)
467 timing reifyNode:node_modules/import-fresh/node_modules/resolve-from Completed in 1500ms
468 http fetch GET 200 https://registry.npmjs.org/word-wrap/-/word-wrap-1.2.5.tgz 1418ms (cache miss)
469 timing reifyNode:node_modules/word-wrap Completed in 1516ms
470 http fetch GET 200 https://registry.npmjs.org/keyv/-/keyv-4.5.4.tgz 1339ms (cache miss)
471 timing reifyNode:node_modules/keyv Completed in 1522ms
472 http fetch GET 200 https://registry.npmjs.org/p-limit/-/p-limit-3.1.0.tgz 1016ms (cache miss)
473 timing reifyNode:node_modules/eslint/node_modules/p-limit Completed in 1536ms
474 http fetch GET 200 https://registry.npmjs.org/fast-levenshtein/-/fast-levenshtein-2.0.6.tgz 1451ms (cache miss)
475 timing reifyNode:node_modules/fast-levenshtein Completed in 1554ms
476 http fetch GET 200 https://registry.npmjs.org/locate-path/-/locate-path-6.0.0.tgz 1026ms (cache miss)
477 timing reifyNode:node_modules/eslint/node_modules/locate-path Completed in 1550ms
478 http fetch GET 200 https://registry.npmjs.org/esrecurse/-/esrecurse-4.3.0.tgz 1349ms (cache miss)
479 timing reifyNode:node_modules/esrecurse Completed in 1561ms
480 http fetch GET 200 https://registry.npmjs.org/strip-json-comments/-/strip-json-comments-3.1.1.tgz 1310ms (cache miss)
481 timing reifyNode:node_modules/strip-json-comments Completed in 1567ms
482 http fetch GET 200 https://registry.npmjs.org/p-locate/-/p-locate-5.0.0.tgz 1043ms (cache miss)
483 timing reifyNode:node_modules/eslint/node_modules/p-locate Completed in 1577ms
484 http fetch GET 200 https://registry.npmjs.org/which/-/which-2.0.2.tgz 1384ms (cache miss)
485 timing reifyNode:node_modules/which Completed in 1599ms
486 timing reifyNode:node_modules/@eslint/object-schema Completed in 1600ms
487 http fetch GET 200 https://registry.npmjs.org/punycode/-/punycode-2.3.1.tgz 1529ms (cache miss)
488 timing reifyNode:node_modules/punycode Completed in 1616ms
489 http fetch GET 200 https://registry.npmjs.org/acorn-jsx/-/acorn-jsx-5.3.2.tgz 1433ms (cache miss)
490 timing reifyNode:node_modules/acorn-jsx Completed in 1619ms
491 http fetch GET 200 https://registry.npmjs.org/@types/json-schema/-/json-schema-7.0.15.tgz 1216ms (cache miss)
492 timing reifyNode:node_modules/@types/json-schema Completed in 1629ms
493 http fetch GET 200 https://registry.npmjs.org/is-glob/-/is-glob-4.0.3.tgz 1374ms (cache miss)
494 timing reifyNode:node_modules/is-glob Completed in 1647ms
495 http fetch GET 200 https://registry.npmjs.org/@types/estree/-/estree-1.0.7.tgz 1234ms (cache miss)
496 timing reifyNode:node_modules/@types/estree Completed in 1652ms
497 http fetch GET 200 https://registry.npmjs.org/@humanwhocodes/retry/-/retry-0.4.2.tgz 1234ms (cache miss)
498 timing reifyNode:node_modules/@humanwhocodes/retry Completed in 1656ms
499 http fetch GET 200 https://registry.npmjs.org/file-entry-cache/-/file-entry-cache-8.0.0.tgz 1339ms (cache miss)
500 timing reifyNode:node_modules/file-entry-cache Completed in 1673ms
501 http fetch GET 200 https://registry.npmjs.org/levn/-/levn-0.4.1.tgz 1444ms (cache miss)
502 timing reifyNode:node_modules/levn Completed in 1685ms
503 http fetch GET 200 https://registry.npmjs.org/lodash.merge/-/lodash.merge-4.6.2.tgz 1395ms (cache miss)
504 timing reifyNode:node_modules/lodash.merge Completed in 1689ms
505 http fetch GET 200 https://registry.npmjs.org/@eslint/core/-/core-0.12.0.tgz 1237ms (cache miss)
506 timing reifyNode:node_modules/@eslint/core Completed in 1691ms
507 http fetch GET 200 https://registry.npmjs.org/prelude-ls/-/prelude-ls-1.2.1.tgz 1576ms (cache miss)
508 timing reifyNode:node_modules/prelude-ls Completed in 1718ms
509 http fetch GET 200 https://registry.npmjs.org/json-schema-traverse/-/json-schema-traverse-0.4.1.tgz 1501ms (cache miss)
510 timing reifyNode:node_modules/json-schema-traverse Completed in 1739ms
511 http fetch GET 200 https://registry.npmjs.org/find-up/-/find-up-5.0.0.tgz 1248ms (cache miss)
512 timing reifyNode:node_modules/eslint/node_modules/find-up Completed in 1776ms
513 http fetch GET 200 https://registry.npmjs.org/optionator/-/optionator-0.9.4.tgz 1523ms (cache miss)
514 timing reifyNode:node_modules/optionator Completed in 1793ms
515 http fetch GET 200 https://registry.npmjs.org/ignore/-/ignore-5.3.2.tgz 1498ms (cache miss)
516 timing reifyNode:node_modules/ignore Completed in 1799ms
517 http fetch GET 200 https://registry.npmjs.org/@humanfs/node/-/node-0.16.6.tgz 1385ms (cache miss)
518 timing reifyNode:node_modules/@humanfs/node Completed in 1817ms
519 http fetch GET 200 https://registry.npmjs.org/estraverse/-/estraverse-5.3.0.tgz 1633ms (cache miss)
520 timing reifyNode:node_modules/estraverse Completed in 1841ms
521 http fetch GET 200 https://registry.npmjs.org/fast-deep-equal/-/fast-deep-equal-3.1.3.tgz 1509ms (cache miss)
522 timing reifyNode:node_modules/fast-deep-equal Completed in 1845ms
523 http fetch GET 200 https://registry.npmjs.org/eslint-visitor-keys/-/eslint-visitor-keys-4.2.0.tgz 1487ms (cache miss)
524 timing reifyNode:node_modules/eslint-visitor-keys Completed in 1849ms
525 http fetch GET 200 https://registry.npmjs.org/@eslint/js/-/js-9.23.0.tgz 1417ms (cache miss)
526 timing reifyNode:node_modules/@eslint/js Completed in 1853ms
527 http fetch GET 200 https://registry.npmjs.org/cross-spawn/-/cross-spawn-7.0.6.tgz 1501ms (cache miss)
528 timing reifyNode:node_modules/cross-spawn Completed in 1870ms
529 http fetch GET 200 https://registry.npmjs.org/@humanwhocodes/retry/-/retry-0.3.1.tgz 1392ms (cache miss)
530 timing reifyNode:node_modules/@humanfs/node/node_modules/@humanwhocodes/retry Completed in 1888ms
531 http fetch GET 200 https://registry.npmjs.org/@humanwhocodes/module-importer/-/module-importer-1.0.1.tgz 1467ms (cache miss)
532 timing reifyNode:node_modules/@humanwhocodes/module-importer Completed in 1895ms
533 http fetch GET 200 https://registry.npmjs.org/globals/-/globals-14.0.0.tgz 1388ms (cache miss)
534 timing reifyNode:node_modules/@eslint/eslintrc/node_modules/globals Completed in 1901ms
535 http fetch GET 200 https://registry.npmjs.org/json-stable-stringify-without-jsonify/-/json-stable-stringify-without-jsonify-1.0.1.tgz 1627ms (cache miss)
536 timing reifyNode:node_modules/json-stable-stringify-without-jsonify Completed in 1925ms
537 http fetch GET 200 https://registry.npmjs.org/flatted/-/flatted-3.3.3.tgz 1775ms (cache miss)
538 timing reifyNode:node_modules/flatted Completed in 1941ms
539 http fetch GET 200 https://registry.npmjs.org/eslint-visitor-keys/-/eslint-visitor-keys-3.4.3.tgz 1423ms (cache miss)
540 timing reifyNode:node_modules/@eslint-community/eslint-utils/node_modules/eslint-visitor-keys Completed in 1939ms
541 http fetch GET 200 https://registry.npmjs.org/@eslint/plugin-kit/-/plugin-kit-0.2.7.tgz 1506ms (cache miss)
542 timing reifyNode:node_modules/@eslint/plugin-kit Completed in 1946ms
543 http fetch GET 200 https://registry.npmjs.org/espree/-/espree-10.3.0.tgz 1620ms (cache miss)
544 timing reifyNode:node_modules/espree Completed in 1963ms
545 http fetch GET 200 https://registry.npmjs.org/eslint-scope/-/eslint-scope-8.3.0.tgz 1617ms (cache miss)
546 timing reifyNode:node_modules/eslint-scope Completed in 1974ms
547 http fetch GET 200 https://registry.npmjs.org/@humanfs/core/-/core-0.19.1.tgz 1768ms (cache miss)
548 timing reifyNode:node_modules/@humanfs/core Completed in 2012ms
549 http fetch GET 200 https://registry.npmjs.org/@eslint/config-helpers/-/config-helpers-0.2.0.tgz 1550ms (cache miss)
550 timing reifyNode:node_modules/@eslint/config-helpers Completed in 2013ms
551 http fetch GET 200 https://registry.npmjs.org/argparse/-/argparse-2.0.1.tgz 1533ms (cache miss)
552 timing reifyNode:node_modules/@eslint/eslintrc/node_modules/argparse Completed in 2032ms
553 http fetch GET 200 https://registry.npmjs.org/@eslint-community/regexpp/-/regexpp-4.12.1.tgz 1609ms (cache miss)
554 timing reifyNode:node_modules/@eslint-community/regexpp Completed in 2081ms
555 http fetch GET 200 https://registry.npmjs.org/@eslint-community/eslint-utils/-/eslint-utils-4.5.1.tgz 1610ms (cache miss)
556 timing reifyNode:node_modules/@eslint-community/eslint-utils Completed in 2085ms
557 http fetch GET 200 https://registry.npmjs.org/@eslint/config-array/-/config-array-0.19.2.tgz 1634ms (cache miss)
558 timing reifyNode:node_modules/@eslint/config-array Completed in 2102ms
559 http fetch GET 200 https://registry.npmjs.org/acorn/-/acorn-8.14.1.tgz 1988ms (cache miss)
560 timing reifyNode:node_modules/acorn Completed in 2179ms
561 http fetch GET 200 https://registry.npmjs.org/js-yaml/-/js-yaml-4.1.0.tgz 1693ms (cache miss)
562 timing reifyNode:node_modules/@eslint/eslintrc/node_modules/js-yaml Completed in 2197ms
563 http fetch GET 200 https://registry.npmjs.org/uri-js/-/uri-js-4.4.1.tgz 2004ms (cache miss)
564 timing reifyNode:node_modules/uri-js Completed in 2233ms
565 http fetch GET 200 https://registry.npmjs.org/esquery/-/esquery-1.6.0.tgz 1919ms (cache miss)
566 timing reifyNode:node_modules/esquery Completed in 2259ms
567 http fetch GET 200 https://registry.npmjs.org/@eslint/eslintrc/-/eslintrc-3.3.1.tgz 1821ms (cache miss)
568 timing reifyNode:node_modules/@eslint/eslintrc Completed in 2272ms
569 http fetch GET 200 https://registry.npmjs.org/ajv/-/ajv-6.12.6.tgz 1954ms (cache miss)
570 timing reifyNode:node_modules/ajv Completed in 2348ms
571 http fetch GET 200 https://registry.npmjs.org/eslint/-/eslint-9.23.0.tgz 2134ms (cache miss)
572 timing reifyNode:node_modules/eslint Completed in 2615ms
573 timing reify:unpack Completed in 2624ms
574 timing reify:unretire Completed in 0ms
575 timing build:queue Completed in 8ms
576 timing build:link:node_modules/acorn Completed in 6ms
577 timing build:link:node_modules/eslint Completed in 5ms
578 timing build:link:node_modules/which Completed in 5ms
579 timing build:link:node_modules/@eslint/eslintrc/node_modules/js-yaml Completed in 5ms
580 timing build:link Completed in 7ms
581 timing build:deps Completed in 15ms
582 timing build Completed in 15ms
583 timing reify:build Completed in 16ms
584 timing reify:trash Completed in 3ms
585 timing reify:save Completed in 113ms
586 timing reify Completed in 6183ms
587 silly ADD node_modules/yocto-queue
588 silly ADD node_modules/isexe
589 silly ADD node_modules/punycode
590 silly ADD node_modules/shebang-regex
591 silly ADD node_modules/callsites
592 silly ADD node_modules/word-wrap
593 silly ADD node_modules/fast-levenshtein
594 silly ADD node_modules/deep-is
595 silly ADD node_modules/type-check
596 silly ADD node_modules/prelude-ls
597 silly ADD node_modules/json-buffer
598 silly ADD node_modules/is-extglob
599 silly ADD node_modules/parent-module
600 silly ADD node_modules/keyv
601 silly ADD node_modules/flatted
602 silly ADD node_modules/flat-cache
603 silly ADD node_modules/acorn-jsx
604 silly ADD node_modules/acorn
605 silly ADD node_modules/estraverse
606 silly ADD node_modules/esrecurse
607 silly ADD node_modules/which
608 silly ADD node_modules/shebang-command
609 silly ADD node_modules/path-key
610 silly ADD node_modules/uri-js
611 silly ADD node_modules/json-schema-traverse
612 silly ADD node_modules/@humanfs/core
613 silly ADD node_modules/levn
614 silly ADD node_modules/strip-json-comments
615 silly ADD node_modules/import-fresh
616 silly ADD node_modules/import-fresh/node_modules/resolve-from
617 silly ADD node_modules/@eslint/object-schema
618 silly ADD node_modules/optionator
619 silly ADD node_modules/natural-compare
620 silly ADD node_modules/lodash.merge
621 silly ADD node_modules/json-stable-stringify-without-jsonify
622 silly ADD node_modules/is-glob
623 silly ADD node_modules/ignore
624 silly ADD node_modules/glob-parent
625 silly ADD node_modules/file-entry-cache
626 silly ADD node_modules/fast-deep-equal
627 silly ADD node_modules/esquery
628 silly ADD node_modules/espree
629 silly ADD node_modules/eslint-visitor-keys
630 silly ADD node_modules/eslint-scope
631 silly ADD node_modules/escape-string-regexp
632 silly ADD node_modules/cross-spawn
633 silly ADD node_modules/ajv
634 silly ADD node_modules/@types/json-schema
635 silly ADD node_modules/@types/estree
636 silly ADD node_modules/@humanwhocodes/retry
637 silly ADD node_modules/@humanwhocodes/module-importer
638 silly ADD node_modules/@humanfs/node
639 silly ADD node_modules/@humanfs/node/node_modules/@humanwhocodes/retry
640 silly ADD node_modules/@eslint/plugin-kit
641 silly ADD node_modules/@eslint/js
642 silly ADD node_modules/@eslint/eslintrc
643 silly ADD node_modules/@eslint/eslintrc/node_modules/argparse
644 silly ADD node_modules/@eslint/eslintrc/node_modules/js-yaml
645 silly ADD node_modules/@eslint/eslintrc/node_modules/globals
646 silly ADD node_modules/@eslint/core
647 silly ADD node_modules/@eslint/config-helpers
648 silly ADD node_modules/@eslint/config-array
649 silly ADD node_modules/@eslint-community/regexpp
650 silly ADD node_modules/@eslint-community/eslint-utils
651 silly ADD node_modules/@eslint-community/eslint-utils/node_modules/eslint-visitor-keys
652 silly ADD node_modules/eslint
653 silly ADD node_modules/eslint/node_modules/p-limit
654 silly ADD node_modules/eslint/node_modules/p-locate
655 silly ADD node_modules/eslint/node_modules/locate-path
656 silly ADD node_modules/eslint/node_modules/find-up
657 silly ADD
658 timing command:install Completed in 6195ms
659 verbose exit 0
660 timing npm Completed in 6446ms
661 info ok
