Initializing document watcher...
Document watcher initialized
holbertonschool-higher_level_programming/SQL_introduction/8-list_values.sql: {}
holbertonschool-higher_level_programming/SQL_introduction/8-list_values.sql: {}
holbertonschool-higher_level_programming/SQL_introduction/8-list_values.sql: {}
holbertonschool-higher_level_programming/SQL_introduction/8-list_values.sql: {}
holbertonschool-higher_level_programming/SQL_introduction/8-list_values.sql: {}
holbertonschool-higher_level_programming/SQL_introduction/7-list_values.sql: {}
holbertonschool-higher_level_programming/SQL_introduction/8-list_values.sql: {}
holbertonschool-higher_level_programming/SQL_introduction/9-list_values.sql: {}
holbertonschool-higher_level_programming/SQL_introduction/9-list_values.sql: {}
holbertonschool-higher_level_programming/SQL_introduction/9-list_values.sql: Using EditorConfig core...
holbertonschool-higher_level_programming/SQL_introduction/10-list_values.sql: {}
holbertonschool-higher_level_programming/SQL_introduction/10-list_values.sql: {}
holbertonschool-higher_level_programming/SQL_introduction/10-list_values.sql: Using EditorConfig core...
holbertonschool-higher_level_programming/SQL_introduction/11-list_values.sql: {}
holbertonschool-higher_level_programming/SQL_introduction/11-list_values.sql: {}
holbertonschool-higher_level_programming/SQL_introduction/11-list_values.sql: Using EditorConfig core...
holbertonschool-higher_level_programming/SQL_introduction/12-list_values.sql: {}
holbertonschool-higher_level_programming/SQL_introduction/12-list_values.sql: {}
holbertonschool-higher_level_programming/SQL_introduction/12-list_values.sql: Using EditorConfig core...
holbertonschool-higher_level_programming/SQL_introduction/13-list_values.sql: {}
holbertonschool-higher_level_programming/SQL_introduction/13-list_values.sql: {}
holbertonschool-higher_level_programming/SQL_introduction/13-list_values.sql: Using EditorConfig core...
holbertonschool-higher_level_programming/SQL_introduction/14-list_values.sql: {}
holbertonschool-higher_level_programming/SQL_introduction/14-list_values.sql: {}
holbertonschool-higher_level_programming/SQL_introduction/14-list_values.sql: Using EditorConfig core...
holbertonschool-higher_level_programming/SQL_introduction/15-list_values.sql: {}
holbertonschool-higher_level_programming/SQL_introduction/15-list_values.sql: {}
holbertonschool-higher_level_programming/SQL_introduction/15-list_values.sql: Using EditorConfig core...
holbertonschool-higher_level_programming/SQL_introduction/15-list_values.sql: {}
holbertonschool-higher_level_programming/SQL_introduction/15-list_values.sql: {}
holbertonschool-higher_level_programming/SQL_introduction/15-list_values.sql: {}
holbertonschool-higher_level_programming/SQL_introduction/16-no_link.sql: {}
holbertonschool-higher_level_programming/SQL_introduction/16-no_link.sql: Using EditorConfig core...
holbertonschool-higher_level_programming/SQL_introduction/16-no_link.sql: Using EditorConfig core...
holbertonschool-higher_level_programming/SQL_introduction/16-no_link.sql: {}
holbertonschool-higher_level_programming/SQL_introduction/16-no_link.sql: Using EditorConfig core...
holbertonschool-higher_level_programming/SQL_introduction/16-no_link.sql: {}
holbertonschool-higher_level_programming/SQL_introduction/16-no_link.sql: Using EditorConfig core...
holbertonschool-higher_level_programming/SQL_introduction/15-list_values.sql: {}
holbertonschool-higher_level_programming/SQL_introduction/15-list_values.sql: Using EditorConfig core...
holbertonschool-higher_level_programming/SQL_introduction/14-list_values.sql: {}
holbertonschool-higher_level_programming/SQL_introduction/14-list_values.sql: Using EditorConfig core...
holbertonschool-higher_level_programming/SQL_introduction/13-list_values.sql: {}
holbertonschool-higher_level_programming/SQL_introduction/13-list_values.sql: Using EditorConfig core...
holbertonschool-higher_level_programming/SQL_introduction/12-list_values.sql: {}
holbertonschool-higher_level_programming/SQL_introduction/12-list_values.sql: Using EditorConfig core...
holbertonschool-higher_level_programming/SQL_introduction/11-list_values.sql: {}
holbertonschool-higher_level_programming/SQL_introduction/11-list_values.sql: Using EditorConfig core...
holbertonschool-higher_level_programming/SQL_introduction/10-list_values.sql: {}
holbertonschool-higher_level_programming/SQL_introduction/9-list_values.sql: {}
holbertonschool-higher_level_programming/SQL_introduction/10-list_values.sql: Using EditorConfig core...
holbertonschool-higher_level_programming/SQL_introduction/9-list_values.sql: Using EditorConfig core...
holbertonschool-higher_level_programming/SQL_introduction/8-list_values.sql: {}
holbertonschool-higher_level_programming/SQL_introduction/8-list_values.sql: {}
holbertonschool-higher_level_programming/SQL_introduction/15-list_values.sql: {}
holbertonschool-higher_level_programming/SQL_introduction/15-groups.sql: {}
holbertonschool-higher_level_programming/SQL_introduction/15-groups.sql: {}
holbertonschool-higher_level_programming/SQL_introduction/14-list_values.sql: {}
holbertonschool-higher_level_programming/SQL_introduction/14-average.sql: {}
holbertonschool-higher_level_programming/SQL_introduction/14-average.sql: {}
holbertonschool-higher_level_programming/SQL_introduction/.sql: {}
holbertonschool-higher_level_programming/SQL_introduction/13-change_class.sql: {}
holbertonschool-higher_level_programming/SQL_introduction/12-list_values.sql: {}
holbertonschool-higher_level_programming/SQL_introduction/12-list_values.sql: {}
holbertonschool-higher_level_programming/SQL_introduction/12-no_cheating.sql: {}
holbertonschool-higher_level_programming/SQL_introduction/12-no_cheating.sql: {}
holbertonschool-higher_level_programming/SQL_introduction/11-list_values.sql: {}
holbertonschool-higher_level_programming/SQL_introduction/11-best_score.sql: {}
holbertonschool-higher_level_programming/SQL_introduction/11-best_score.sql: {}
holbertonschool-higher_level_programming/SQL_introduction/10-list_values.sql: {}
holbertonschool-higher_level_programming/SQL_introduction/10-top_score.sql: {}
holbertonschool-higher_level_programming/SQL_introduction/10-top_score.sql: {}
holbertonschool-higher_level_programming/SQL_introduction/9-list_values.sql: {}
holbertonschool-higher_level_programming/SQL_introduction/9-full_creation.sql: {}
holbertonschool-higher_level_programming/SQL_introduction/9-full_creation.sql: {}
holbertonschool-higher_level_programming/SQL_introduction/8-list_values.sql: {}
holbertonschool-higher_level_programming/SQL_introduction/8-count_89.sql: {}
holbertonschool-higher_level_programming/SQL_introduction/7-list_values.sql: {}
holbertonschool-higher_level_programming/SQL_introduction/7-list_values.sql: {}
holbertonschool-higher_level_programming/SQL_introduction/7-insert_value.sql: {}
holbertonschool-higher_level_programming/SQL_introduction/7-insert_value.sql: {}
holbertonschool-higher_level_programming/SQL_introduction/7-insert_value.sql: {}
holbertonschool-higher_level_programming/SQL_introduction/7-insert_value.sql: {}
holbertonschool-higher_level_programming/SQL_introduction/7-insert_value.sql: {}
holbertonschool-higher_level_programming/SQL_introduction/7-insert_value.sql: {}
holbertonschool-higher_level_programming/SQL_introduction/7-insert_value.sql: {}
holbertonschool-higher_level_programming/SQL_introduction/7-insert_value.sql: {}
holbertonschool-higher_level_programming/SQL_introduction/7-insert_value.sql: {}
holbertonschool-higher_level_programming/SQL_introduction/7-insert_value.sql: {}
holbertonschool-higher_level_programming/SQL_introduction/7-insert_value.sql: {}
holbertonschool-higher_level_programming/SQL_introduction/7-insert_value.sql: {}
holbertonschool-higher_level_programming/SQL_introduction/7-insert_value.sql: {}
holbertonschool-higher_level_programming/SQL_introduction/7-insert_value.sql: {}
holbertonschool-higher_level_programming/SQL_introduction/7-insert_value.sql: {}
holbertonschool-higher_level_programming/SQL_introduction/7-insert_value.sql: {}
holbertonschool-higher_level_programming/SQL_introduction/7-insert_value.sql: {}
holbertonschool-higher_level_programming/SQL_introduction/7-insert_value.sql: {}
holbertonschool-higher_level_programming/SQL_introduction/7-insert_value.sql: {}
holbertonschool-higher_level_programming/SQL_introduction/7-insert_value.sql: {}
holbertonschool-higher_level_programming/SQL_introduction/7-insert_value.sql: {}
holbertonschool-higher_level_programming/SQL_introduction/7-insert_value.sql: {}
holbertonschool-higher_level_programming/SQL_introduction/7-insert_value.sql: {}
holbertonschool-higher_level_programming/SQL_introduction/7-insert_value.sql: {}
holbertonschool-higher_level_programming/SQL_introduction/7-insert_value.sql: {}
holbertonschool-higher_level_programming/SQL_introduction/7-insert_value.sql: {}
holbertonschool-higher_level_programming/SQL_introduction/7-insert_value.sql: {}
holbertonschool-higher_level_programming/SQL_more_queries/0-privileges.sql: {}
holbertonschool-higher_level_programming/SQL_introduction/1-create_database_if_missing.sql: {}
holbertonschool-higher_level_programming/SQL_introduction/1-create_database_if_missing.sql: Using EditorConfig core...
holbertonschool-higher_level_programming/SQL_introduction/1-create_database_if_missing.sql: Using EditorConfig core...
holbertonschool-higher_level_programming/SQL_more_queries/0-privileges.sql: {}
holbertonschool-higher_level_programming/SQL_more_queries/0-privileges.sql: Using EditorConfig core...
holbertonschool-higher_level_programming/SQL_more_queries/0-privileges.sql: {}
holbertonschool-higher_level_programming/SQL_more_queries/0-privileges.sql: {}
holbertonschool-higher_level_programming/SQL_more_queries/0-privileges.sql: Using EditorConfig core...
holbertonschool-higher_level_programming/SQL_more_queries/0-privileges.sql: Using EditorConfig core...
holbertonschool-higher_level_programming/SQL_more_queries/0-privileges.sql: Using EditorConfig core...
holbertonschool-higher_level_programming/SQL_more_queries/0-privileges.sql: Using EditorConfig core...
holbertonschool-higher_level_programming/SQL_more_queries/0-privileges.sql: Using EditorConfig core...
holbertonschool-higher_level_programming/SQL_more_queries/0-privileges.sql: Using EditorConfig core...
holbertonschool-higher_level_programming/SQL_more_queries/0-privileges.sql: Using EditorConfig core...
holbertonschool-higher_level_programming/SQL_more_queries/0-privileges.sql: Using EditorConfig core...
holbertonschool-higher_level_programming/SQL_more_queries/0-privileges.sql: {}
holbertonschool-higher_level_programming/SQL_more_queries/0-privileges.sql: {}
holbertonschool-higher_level_programming/SQL_more_queries/0-privileges.sql: Using EditorConfig core...
holbertonschool-higher_level_programming/SQL_more_queries/0-privileges.sql: Using EditorConfig core...
holbertonschool-higher_level_programming/SQL_more_queries/0-privileges.sql: Using EditorConfig core...
holbertonschool-higher_level_programming/SQL_more_queries/0-privileges.sql: Using EditorConfig core...
holbertonschool-higher_level_programming/SQL_more_queries/0-privileges.sql: Using EditorConfig core...
holbertonschool-higher_level_programming/SQL_more_queries/0-privileges.sql: {}
holbertonschool-higher_level_programming/SQL_more_queries/0-privileges.sql: Using EditorConfig core...
holbertonschool-higher_level_programming/SQL_more_queries/0-privileges.sql: Using EditorConfig core...
holbertonschool-higher_level_programming/SQL_more_queries/0-privileges.sql: {}
holbertonschool-higher_level_programming/SQL_more_queries/0-privileges.sql: Using EditorConfig core...
holbertonschool-higher_level_programming/SQL_more_queries/0-privileges.sql: Using EditorConfig core...
holbertonschool-higher_level_programming/SQL_more_queries/0-privileges.sql: Using EditorConfig core...
holbertonschool-higher_level_programming/SQL_more_queries/0-privileges.sql: Using EditorConfig core...
holbertonschool-higher_level_programming/SQL_more_queries/0-privileges.sql: Using EditorConfig core...
holbertonschool-higher_level_programming/SQL_more_queries/0-privileges.sql: Using EditorConfig core...
holbertonschool-higher_level_programming/SQL_more_queries/0-privileges.sql: Using EditorConfig core...
holbertonschool-higher_level_programming/SQL_more_queries/0-privileges.sql: {}
holbertonschool-higher_level_programming/SQL_more_queries/0-privileges.sql: Using EditorConfig core...
holbertonschool-higher_level_programming/SQL_more_queries/0-privileges.sql: {}
holbertonschool-higher_level_programming/SQL_more_queries/0-privileges.sql: Using EditorConfig core...
holbertonschool-higher_level_programming/SQL_more_queries/0-privileges.sql: Using EditorConfig core...
holbertonschool-higher_level_programming/SQL_more_queries/0-privileges.sql: Using EditorConfig core...
holbertonschool-higher_level_programming/SQL_more_queries/0-privileges.sql: {}
holbertonschool-higher_level_programming/SQL_more_queries/0-privileges.sql: Using EditorConfig core...
holbertonschool-higher_level_programming/SQL_more_queries/0-privileges.sql: Using EditorConfig core...
holbertonschool-higher_level_programming/SQL_more_queries/0-privileges.sql: Using EditorConfig core...
holbertonschool-higher_level_programming/SQL_more_queries/0-privileges.sql: Using EditorConfig core...
holbertonschool-higher_level_programming/SQL_more_queries/0-privileges.sql: Using EditorConfig core...
holbertonschool-higher_level_programming/SQL_more_queries/0-privileges.sql: Using EditorConfig core...
holbertonschool-higher_level_programming/SQL_more_queries/0-privileges.sql: {}
holbertonschool-higher_level_programming/SQL_more_queries/0-privileges.sql: {}
holbertonschool-higher_level_programming/SQL_more_queries/0-privileges.sql: {}
holbertonschool-higher_level_programming/SQL_more_queries/0-privileges.sql: {}
holbertonschool-higher_level_programming/SQL_more_queries/0-privileges.sql: {}
holbertonschool-higher_level_programming/SQL_more_queries/README.md: {}
holbertonschool-higher_level_programming/SQL_more_queries/README.md: Using EditorConfig core...
holbertonschool-higher_level_programming/SQL_more_queries/README.md: {}
holbertonschool-higher_level_programming/SQL_more_queries/0-privileges.sql: {}
holbertonschool-higher_level_programming/SQL_more_queries/0-privileges.sql: {}
holbertonschool-higher_level_programming/SQL_more_queries/0-privileges.sql: Using EditorConfig core...
holbertonschool-higher_level_programming/SQL_more_queries/0-privileges.sql: Using EditorConfig core...
holbertonschool-higher_level_programming/SQL_more_queries/0-privileges.sql: Using EditorConfig core...
holbertonschool-higher_level_programming/SQL_more_queries/0-privileges.sql: Using EditorConfig core...
holbertonschool-higher_level_programming/SQL_more_queries/0-privileges.sql: Using EditorConfig core...
holbertonschool-higher_level_programming/SQL_more_queries/0-privileges.sql: {}
holbertonschool-higher_level_programming/SQL_more_queries/1-create_user.sql: {}
holbertonschool-higher_level_programming/SQL_more_queries/0-privileges.sql: {}
holbertonschool-higher_level_programming/SQL_more_queries/1-create_user.sql: {}
holbertonschool-higher_level_programming/SQL_more_queries/1-create_user.sql: Using EditorConfig core...
holbertonschool-higher_level_programming/SQL_more_queries/1-create_user.sql: Using EditorConfig core...
holbertonschool-higher_level_programming/SQL_more_queries/1-create_user.sql: {}
holbertonschool-higher_level_programming/SQL_more_queries/1-create_user.sql: {}
holbertonschool-higher_level_programming/SQL_more_queries/1-create_user.sql: {}
holbertonschool-higher_level_programming/SQL_more_queries/1-create_user.sql: {}
holbertonschool-higher_level_programming/SQL_more_queries/1-create_user.sql: Using EditorConfig core...
holbertonschool-higher_level_programming/SQL_more_queries/1-create_user.sql: Using EditorConfig core...
holbertonschool-higher_level_programming/SQL_more_queries/1-create_user.sql: {}
holbertonschool-higher_level_programming/SQL_more_queries/1-create_user.sql: Using EditorConfig core...
holbertonschool-higher_level_programming/SQL_more_queries/1-create_user.sql: {}
holbertonschool-higher_level_programming/SQL_more_queries/1-create_user.sql: Using EditorConfig core...
holbertonschool-higher_level_programming/SQL_more_queries/1-create_user.sql: Using EditorConfig core...
holbertonschool-higher_level_programming/SQL_more_queries/1-create_user.sql: Using EditorConfig core...
holbertonschool-higher_level_programming/SQL_more_queries/1-create_user.sql: Using EditorConfig core...
holbertonschool-higher_level_programming/SQL_more_queries/1-create_user.sql: Using EditorConfig core...
holbertonschool-higher_level_programming/SQL_more_queries/1-create_user.sql: Using EditorConfig core...
holbertonschool-higher_level_programming/SQL_more_queries/1-create_user.sql: {}
holbertonschool-higher_level_programming/SQL_more_queries/1-create_user.sql: Using EditorConfig core...
holbertonschool-higher_level_programming/SQL_more_queries/1-create_user.sql: Using EditorConfig core...
holbertonschool-higher_level_programming/SQL_more_queries/1-create_user.sql: {}
holbertonschool-higher_level_programming/SQL_more_queries/1-create_user.sql: Using EditorConfig core...
holbertonschool-higher_level_programming/SQL_more_queries/1-create_user.sql: Using EditorConfig core...
holbertonschool-higher_level_programming/SQL_more_queries/1-create_user.sql: Using EditorConfig core...
holbertonschool-higher_level_programming/SQL_more_queries/1-create_user.sql: Using EditorConfig core...
holbertonschool-higher_level_programming/SQL_more_queries/1-create_user.sql: Using EditorConfig core...
holbertonschool-higher_level_programming/SQL_more_queries/1-create_user.sql: Using EditorConfig core...
holbertonschool-higher_level_programming/SQL_more_queries/1-create_user.sql: Using EditorConfig core...
holbertonschool-higher_level_programming/SQL_more_queries/1-create_user.sql: Using EditorConfig core...
holbertonschool-higher_level_programming/SQL_more_queries/1-create_user.sql: Using EditorConfig core...
holbertonschool-higher_level_programming/SQL_more_queries/1-create_user.sql: Using EditorConfig core...
holbertonschool-higher_level_programming/SQL_more_queries/1-create_user.sql: Using EditorConfig core...
holbertonschool-higher_level_programming/SQL_more_queries/1-create_user.sql: {}
holbertonschool-higher_level_programming/SQL_more_queries/1-create_user.sql: Using EditorConfig core...
holbertonschool-higher_level_programming/SQL_more_queries/1-create_user.sql: Using EditorConfig core...
holbertonschool-higher_level_programming/SQL_more_queries/1-create_user.sql: Using EditorConfig core...
holbertonschool-higher_level_programming/SQL_more_queries/1-create_user.sql: Using EditorConfig core...
holbertonschool-higher_level_programming/SQL_more_queries/1-create_user.sql: Using EditorConfig core...
holbertonschool-higher_level_programming/SQL_more_queries/1-create_user.sql: Using EditorConfig core...
holbertonschool-higher_level_programming/SQL_more_queries/1-create_user.sql: Using EditorConfig core...
holbertonschool-higher_level_programming/SQL_more_queries/1-create_user.sql: Using EditorConfig core...
holbertonschool-higher_level_programming/SQL_more_queries/1-create_user.sql: Using EditorConfig core...
holbertonschool-higher_level_programming/SQL_more_queries/1-create_user.sql: Using EditorConfig core...
holbertonschool-higher_level_programming/SQL_more_queries/1-create_user.sql: Using EditorConfig core...
holbertonschool-higher_level_programming/SQL_more_queries/1-create_user.sql: Using EditorConfig core...
holbertonschool-higher_level_programming/SQL_more_queries/1-create_user.sql: Using EditorConfig core...
holbertonschool-higher_level_programming/SQL_more_queries/1-create_user.sql: Using EditorConfig core...
holbertonschool-higher_level_programming/SQL_more_queries/1-create_user.sql: Using EditorConfig core...
holbertonschool-higher_level_programming/SQL_more_queries/1-create_user.sql: Using EditorConfig core...
holbertonschool-higher_level_programming/SQL_more_queries/1-create_user.sql: {}
holbertonschool-higher_level_programming/SQL_more_queries/1-create_user.sql: {}
holbertonschool-higher_level_programming/SQL_more_queries/1-create_user.sql: {}
holbertonschool-higher_level_programming/SQL_more_queries/1-create_user.sql: Using EditorConfig core...
holbertonschool-higher_level_programming/SQL_more_queries/1-create_user.sql: Using EditorConfig core...
holbertonschool-higher_level_programming/SQL_more_queries/1-create_user.sql: Using EditorConfig core...
holbertonschool-higher_level_programming/SQL_more_queries/1-create_user.sql: Using EditorConfig core...
holbertonschool-higher_level_programming/SQL_more_queries/1-create_user.sql: Using EditorConfig core...
holbertonschool-higher_level_programming/SQL_more_queries/1-create_user.sql: Using EditorConfig core...
holbertonschool-higher_level_programming/SQL_more_queries/1-create_user.sql: Using EditorConfig core...
holbertonschool-higher_level_programming/SQL_more_queries/1-create_user.sql: Using EditorConfig core...
holbertonschool-higher_level_programming/SQL_more_queries/1-create_user.sql: Using EditorConfig core...
holbertonschool-higher_level_programming/SQL_more_queries/1-create_user.sql: {}
holbertonschool-higher_level_programming/SQL_more_queries/1-create_user.sql: {}
holbertonschool-higher_level_programming/SQL_more_queries/1-create_user.sql: Using EditorConfig core...
holbertonschool-higher_level_programming/SQL_more_queries/1-create_user.sql: {}
holbertonschool-higher_level_programming/SQL_more_queries/1-create_user.sql: {}
holbertonschool-higher_level_programming/SQL_more_queries/1-create_user.sql: Using EditorConfig core...
holbertonschool-higher_level_programming/SQL_more_queries/1-create_user.sql: Using EditorConfig core...
holbertonschool-higher_level_programming/SQL_more_queries/1-create_user.sql: {}
holbertonschool-higher_level_programming/SQL_more_queries/1-create_user.sql: {}
holbertonschool-higher_level_programming/SQL_more_queries/1-create_user.sql: {}
holbertonschool-higher_level_programming/SQL_more_queries/1-create_user.sql: {}
