2025-03-09 13:29:36.746 [info] [main] Log level: Info
2025-03-09 13:29:36.746 [info] [main] Validating found git in: "git"
2025-03-09 13:29:36.746 [info] [main] Using git "2.34.1" from "git"
2025-03-09 13:29:36.746 [info] [Model][doInitialScan] Initial repository scan started
2025-03-09 13:29:36.746 [info] > git rev-parse --show-toplevel [15ms]
2025-03-09 13:29:36.748 [info] > git rev-parse --git-dir --git-common-dir [11ms]
2025-03-09 13:29:36.764 [info] [Model][openRepository] Opened repository: /home/soufian/holbertonschool-higher_level_programming
2025-03-09 13:29:36.778 [info] > git config --get commit.template [5ms]
2025-03-09 13:29:36.781 [info] > git rev-parse --show-toplevel [6ms]
2025-03-09 13:29:36.789 [info] > git for-each-ref --format=%(refname)%00%(upstream:short)%00%(objectname)%00%(upstream:track)%00%(upstream:remotename)%00%(upstream:remoteref) refs/heads/main refs/remotes/main [3ms]
2025-03-09 13:29:36.836 [info] > git status -z -uall [35ms]
2025-03-09 13:29:36.836 [info] > git for-each-ref --sort -committerdate --format %(refname) %(objectname) %(*objectname) [28ms]
2025-03-09 13:29:36.885 [info] > git rev-parse --show-toplevel [89ms]
2025-03-09 13:29:36.920 [info] > git for-each-ref --format=%(refname)%00%(upstream:short)%00%(objectname)%00%(upstream:track)%00%(upstream:remotename)%00%(upstream:remoteref) refs/heads/main refs/remotes/main [39ms]
2025-03-09 13:29:36.930 [info] > git config --get --local branch.main.vscode-merge-base [4ms]
2025-03-09 13:29:36.931 [warning] [Git][config] git config failed: Failed to execute git
2025-03-09 13:29:36.937 [info] > git rev-parse --show-toplevel [38ms]
2025-03-09 13:29:36.938 [info] > git config --get commit.template [43ms]
2025-03-09 13:29:36.956 [info] > git rev-parse --show-toplevel [10ms]
2025-03-09 13:29:36.957 [info] > git for-each-ref --format=%(refname)%00%(upstream:short)%00%(objectname)%00%(upstream:track)%00%(upstream:remotename)%00%(upstream:remoteref) refs/heads/main refs/remotes/main [3ms]
2025-03-09 13:29:36.965 [info] > git rev-parse --show-toplevel [2ms]
2025-03-09 13:29:36.983 [info] > git status -z -uall [9ms]
2025-03-09 13:29:36.984 [info] > git rev-parse --show-toplevel [15ms]
2025-03-09 13:29:36.991 [info] > git for-each-ref --sort -committerdate --format %(refname) %(objectname) %(*objectname) [11ms]
2025-03-09 13:29:37.005 [info] > git for-each-ref --format=%(refname)%00%(upstream:short)%00%(objectname)%00%(upstream:track)%00%(upstream:remotename)%00%(upstream:remoteref) refs/heads/main refs/remotes/main [3ms]
2025-03-09 13:29:37.011 [info] > git rev-parse --show-toplevel [21ms]
2025-03-09 13:29:37.017 [info] > git config --get --local branch.main.vscode-merge-base [6ms]
2025-03-09 13:29:37.017 [warning] [Git][config] git config failed: Failed to execute git
2025-03-09 13:29:37.026 [info] > git rev-parse --show-toplevel [9ms]
2025-03-09 13:29:37.032 [info] > git rev-parse --show-toplevel [2ms]
2025-03-09 13:29:37.039 [info] > git rev-parse --show-toplevel [3ms]
2025-03-09 13:29:37.046 [info] > git rev-parse --show-toplevel [1ms]
2025-03-09 13:29:37.052 [info] > git rev-parse --show-toplevel [2ms]
2025-03-09 13:29:37.061 [info] > git rev-parse --show-toplevel [5ms]
2025-03-09 13:29:37.068 [info] > git rev-parse --show-toplevel [2ms]
2025-03-09 13:29:37.077 [info] > git rev-parse --show-toplevel [4ms]
2025-03-09 13:29:37.079 [info] [Model][doInitialScan] Initial repository scan completed - repositories (1), closed repositories (0), parent repositories (0), unsafe repositories (0)
2025-03-09 13:29:37.083 [info] > git reflog main --grep-reflog=branch: Created from *. [147ms]
2025-03-09 13:29:37.087 [info] > git reflog main --grep-reflog=branch: Created from *. [63ms]
2025-03-09 13:29:37.093 [info] > git symbolic-ref --short refs/remotes/origin/HEAD [6ms]
2025-03-09 13:29:37.093 [info] fatal: ref refs/remotes/origin/HEAD is not a symbolic ref
2025-03-09 13:29:37.093 [warning] [Repository][getDefaultBranch] Failed to get default branch details: Failed to execute git.
2025-03-09 13:29:37.107 [info] > git merge-base refs/heads/main refs/remotes/origin/main [8ms]
2025-03-09 13:29:37.112 [info] > git symbolic-ref --short refs/remotes/origin/HEAD [21ms]
2025-03-09 13:29:37.112 [info] fatal: ref refs/remotes/origin/HEAD is not a symbolic ref
2025-03-09 13:29:37.112 [warning] [Repository][getDefaultBranch] Failed to get default branch details: Failed to execute git.
2025-03-09 13:29:37.119 [info] > git diff --name-status -z --diff-filter=ADMR db67211841b0c44061479c79b9234578547cdd8f...refs/remotes/origin/main [6ms]
2025-03-09 13:29:37.123 [info] > git merge-base refs/heads/main refs/remotes/origin/main [6ms]
2025-03-09 13:29:37.129 [info] > git diff --name-status -z --diff-filter=ADMR db67211841b0c44061479c79b9234578547cdd8f...refs/remotes/origin/main [2ms]
2025-03-09 13:29:37.339 [info] > git check-ignore -v -z --stdin [3ms]
2025-03-09 13:29:37.356 [info] > git show --textconv :python-abc/main_05_dragon.py [5ms]
2025-03-09 13:29:37.358 [info] > git ls-files --stage -- /home/soufian/holbertonschool-higher_level_programming/python-abc/main_05_dragon.py [3ms]
2025-03-09 13:29:37.365 [info] > git cat-file -s febbad0ae9f67d12e159b24f9987bd05c0cb9810 [4ms]
2025-03-09 13:29:37.387 [info] > git fetch [623ms]
2025-03-09 13:29:37.394 [info] > git config --get commit.template [3ms]
2025-03-09 13:29:37.399 [info] > git for-each-ref --format=%(refname)%00%(upstream:short)%00%(objectname)%00%(upstream:track)%00%(upstream:remotename)%00%(upstream:remoteref) refs/heads/main refs/remotes/main [5ms]
2025-03-09 13:29:37.409 [info] > git status -z -uall [6ms]
2025-03-09 13:29:37.411 [info] > git for-each-ref --sort -committerdate --format %(refname) %(objectname) %(*objectname) [5ms]
2025-03-09 13:29:37.451 [info] > git blame --root --incremental db67211841b0c44061479c79b9234578547cdd8f -- /home/soufian/holbertonschool-higher_level_programming/python-abc/main_05_dragon.py [30ms]
2025-03-09 13:29:38.510 [info] > git config --get commit.template [6ms]
2025-03-09 13:29:38.512 [info] > git for-each-ref --format=%(refname)%00%(upstream:short)%00%(objectname)%00%(upstream:track)%00%(upstream:remotename)%00%(upstream:remoteref) refs/heads/main refs/remotes/main [4ms]
2025-03-09 13:29:38.525 [info] > git status -z -uall [5ms]
2025-03-09 13:29:38.527 [info] > git for-each-ref --sort -committerdate --format %(refname) %(objectname) %(*objectname) [5ms]
2025-03-09 13:29:38.608 [info] > git ls-files --stage -- /home/soufian/holbertonschool-higher_level_programming/python-abc/main_05_dragon.py [1ms]
2025-03-09 13:29:38.613 [info] > git cat-file -s febbad0ae9f67d12e159b24f9987bd05c0cb9810 [1ms]
2025-03-09 13:29:38.623 [info] > git show --textconv :python-abc/main_05_dragon.py [2ms]
2025-03-09 13:32:37.898 [info] > git fetch [478ms]
2025-03-09 13:32:37.906 [info] > git config --get commit.template [3ms]
2025-03-09 13:32:37.906 [info] > git for-each-ref --format=%(refname)%00%(upstream:short)%00%(objectname)%00%(upstream:track)%00%(upstream:remotename)%00%(upstream:remoteref) refs/heads/main refs/remotes/main [1ms]
2025-03-09 13:32:37.913 [info] > git status -z -uall [4ms]
2025-03-09 13:32:37.914 [info] > git for-each-ref --sort -committerdate --format %(refname) %(objectname) %(*objectname) [1ms]
2025-03-09 13:32:39.080 [info] > git config --get commit.template [3ms]
2025-03-09 13:32:39.081 [info] > git for-each-ref --format=%(refname)%00%(upstream:short)%00%(objectname)%00%(upstream:track)%00%(upstream:remotename)%00%(upstream:remoteref) refs/heads/main refs/remotes/main [2ms]
2025-03-09 13:32:39.089 [info] > git status -z -uall [5ms]
2025-03-09 13:32:39.090 [info] > git for-each-ref --sort -committerdate --format %(refname) %(objectname) %(*objectname) [1ms]
2025-03-09 13:32:39.180 [info] > git ls-files --stage -- /home/soufian/holbertonschool-higher_level_programming/python-abc/main_05_dragon.py [1ms]
2025-03-09 13:32:39.184 [info] > git cat-file -s febbad0ae9f67d12e159b24f9987bd05c0cb9810 [1ms]
2025-03-09 13:32:39.194 [info] > git show --textconv :python-abc/main_05_dragon.py [3ms]
2025-03-09 13:35:38.379 [info] > git fetch [456ms]
2025-03-09 13:35:38.386 [info] > git config --get commit.template [3ms]
2025-03-09 13:35:38.387 [info] > git for-each-ref --format=%(refname)%00%(upstream:short)%00%(objectname)%00%(upstream:track)%00%(upstream:remotename)%00%(upstream:remoteref) refs/heads/main refs/remotes/main [1ms]
2025-03-09 13:35:38.397 [info] > git status -z -uall [6ms]
2025-03-09 13:35:38.397 [info] > git for-each-ref --sort -committerdate --format %(refname) %(objectname) %(*objectname) [1ms]
2025-03-09 13:35:39.509 [info] > git config --get commit.template [2ms]
2025-03-09 13:35:39.516 [info] > git for-each-ref --format=%(refname)%00%(upstream:short)%00%(objectname)%00%(upstream:track)%00%(upstream:remotename)%00%(upstream:remoteref) refs/heads/main refs/remotes/main [3ms]
2025-03-09 13:35:39.525 [info] > git status -z -uall [4ms]
2025-03-09 13:35:39.525 [info] > git for-each-ref --sort -committerdate --format %(refname) %(objectname) %(*objectname) [1ms]
2025-03-09 13:35:39.613 [info] > git ls-files --stage -- /home/soufian/holbertonschool-higher_level_programming/python-abc/main_05_dragon.py [1ms]
2025-03-09 13:35:39.617 [info] > git cat-file -s febbad0ae9f67d12e159b24f9987bd05c0cb9810 [1ms]
2025-03-09 13:35:39.628 [info] > git show --textconv :python-abc/main_05_dragon.py [3ms]
2025-03-09 13:38:38.846 [info] > git fetch [442ms]
2025-03-09 13:38:38.854 [info] > git config --get commit.template [4ms]
2025-03-09 13:38:38.855 [info] > git for-each-ref --format=%(refname)%00%(upstream:short)%00%(objectname)%00%(upstream:track)%00%(upstream:remotename)%00%(upstream:remoteref) refs/heads/main refs/remotes/main [1ms]
2025-03-09 13:38:38.862 [info] > git status -z -uall [4ms]
2025-03-09 13:38:38.864 [info] > git for-each-ref --sort -committerdate --format %(refname) %(objectname) %(*objectname) [1ms]
2025-03-09 13:38:40.029 [info] > git config --get commit.template [4ms]
2025-03-09 13:38:40.030 [info] > git for-each-ref --format=%(refname)%00%(upstream:short)%00%(objectname)%00%(upstream:track)%00%(upstream:remotename)%00%(upstream:remoteref) refs/heads/main refs/remotes/main [1ms]
2025-03-09 13:38:40.038 [info] > git status -z -uall [4ms]
2025-03-09 13:38:40.038 [info] > git for-each-ref --sort -committerdate --format %(refname) %(objectname) %(*objectname) [1ms]
2025-03-09 13:38:40.130 [info] > git ls-files --stage -- /home/soufian/holbertonschool-higher_level_programming/python-abc/main_05_dragon.py [1ms]
2025-03-09 13:38:40.134 [info] > git cat-file -s febbad0ae9f67d12e159b24f9987bd05c0cb9810 [1ms]
2025-03-09 13:38:40.143 [info] > git show --textconv :python-abc/main_05_dragon.py [2ms]
2025-03-09 13:41:39.441 [info] > git fetch [570ms]
2025-03-09 13:41:39.452 [info] > git config --get commit.template [6ms]
2025-03-09 13:41:39.452 [info] > git for-each-ref --format=%(refname)%00%(upstream:short)%00%(objectname)%00%(upstream:track)%00%(upstream:remotename)%00%(upstream:remoteref) refs/heads/main refs/remotes/main [2ms]
2025-03-09 13:41:39.461 [info] > git for-each-ref --sort -committerdate --format %(refname) %(objectname) %(*objectname) [2ms]
2025-03-09 13:41:39.467 [info] > git status -z -uall [11ms]
2025-03-09 13:41:40.523 [info] > git config --get commit.template [3ms]
2025-03-09 13:41:40.524 [info] > git for-each-ref --format=%(refname)%00%(upstream:short)%00%(objectname)%00%(upstream:track)%00%(upstream:remotename)%00%(upstream:remoteref) refs/heads/main refs/remotes/main [1ms]
2025-03-09 13:41:40.532 [info] > git status -z -uall [4ms]
2025-03-09 13:41:40.533 [info] > git for-each-ref --sort -committerdate --format %(refname) %(objectname) %(*objectname) [2ms]
2025-03-09 13:41:40.624 [info] > git ls-files --stage -- /home/soufian/holbertonschool-higher_level_programming/python-abc/main_05_dragon.py [2ms]
2025-03-09 13:41:40.629 [info] > git cat-file -s febbad0ae9f67d12e159b24f9987bd05c0cb9810 [2ms]
2025-03-09 13:41:40.637 [info] > git show --textconv :python-abc/main_05_dragon.py [1ms]
2025-03-09 13:44:39.945 [info] > git fetch [470ms]
2025-03-09 13:44:39.955 [info] > git config --get commit.template [4ms]
2025-03-09 13:44:39.955 [info] > git for-each-ref --format=%(refname)%00%(upstream:short)%00%(objectname)%00%(upstream:track)%00%(upstream:remotename)%00%(upstream:remoteref) refs/heads/main refs/remotes/main [2ms]
2025-03-09 13:44:39.963 [info] > git status -z -uall [4ms]
2025-03-09 13:44:39.964 [info] > git for-each-ref --sort -committerdate --format %(refname) %(objectname) %(*objectname) [2ms]
2025-03-09 13:44:41.079 [info] > git config --get commit.template [4ms]
2025-03-09 13:44:41.080 [info] > git for-each-ref --format=%(refname)%00%(upstream:short)%00%(objectname)%00%(upstream:track)%00%(upstream:remotename)%00%(upstream:remoteref) refs/heads/main refs/remotes/main [2ms]
2025-03-09 13:44:41.088 [info] > git status -z -uall [5ms]
2025-03-09 13:44:41.088 [info] > git for-each-ref --sort -committerdate --format %(refname) %(objectname) %(*objectname) [1ms]
2025-03-09 13:44:41.179 [info] > git ls-files --stage -- /home/soufian/holbertonschool-higher_level_programming/python-abc/main_05_dragon.py [1ms]
2025-03-09 13:44:41.184 [info] > git cat-file -s febbad0ae9f67d12e159b24f9987bd05c0cb9810 [1ms]
2025-03-09 13:44:41.193 [info] > git show --textconv :python-abc/main_05_dragon.py [1ms]
2025-03-09 15:03:03.877 [info] > git fetch [645ms]
2025-03-09 15:03:03.889 [info] > git config --get commit.template [5ms]
2025-03-09 15:03:03.890 [info] > git for-each-ref --format=%(refname)%00%(upstream:short)%00%(objectname)%00%(upstream:track)%00%(upstream:remotename)%00%(upstream:remoteref) refs/heads/main refs/remotes/main [2ms]
2025-03-09 15:03:03.900 [info] > git for-each-ref --sort -committerdate --format %(refname) %(objectname) %(*objectname) [2ms]
2025-03-09 15:03:03.907 [info] > git status -z -uall [13ms]
2025-03-09 15:03:04.957 [info] > git config --get commit.template [4ms]
2025-03-09 15:03:04.958 [info] > git for-each-ref --format=%(refname)%00%(upstream:short)%00%(objectname)%00%(upstream:track)%00%(upstream:remotename)%00%(upstream:remoteref) refs/heads/main refs/remotes/main [1ms]
2025-03-09 15:03:04.966 [info] > git status -z -uall [4ms]
2025-03-09 15:03:04.967 [info] > git for-each-ref --sort -committerdate --format %(refname) %(objectname) %(*objectname) [1ms]
2025-03-09 15:03:05.063 [info] > git ls-files --stage -- /home/soufian/holbertonschool-higher_level_programming/python-abc/main_05_dragon.py [2ms]
2025-03-09 15:03:05.069 [info] > git cat-file -s febbad0ae9f67d12e159b24f9987bd05c0cb9810 [2ms]
2025-03-09 15:03:05.077 [info] > git show --textconv :python-abc/main_05_dragon.py [2ms]
