2025-03-27 12:28:11.555 [info] [main] Log level: Info
2025-03-27 12:28:11.555 [info] [main] Validating found git in: "git"
2025-03-27 12:28:11.555 [info] [main] Using git "2.34.1" from "git"
2025-03-27 12:28:11.555 [info] [Model][doInitialScan] Initial repository scan started
2025-03-27 12:28:11.555 [info] > git rev-parse --show-toplevel [15ms]
2025-03-27 12:28:11.555 [info] > git rev-parse --git-dir --git-common-dir [308ms]
2025-03-27 12:28:11.555 [info] [Model][openRepository] Opened repository: /home/soufian
2025-03-27 12:28:11.555 [info] > git rev-parse --show-toplevel [47ms]
2025-03-27 12:28:11.556 [info] [Model][doInitialScan] Initial repository scan completed - repositories (1), closed repositories (0), parent repositories (0), unsafe repositories (0)
2025-03-27 12:28:11.556 [info] > git config --get commit.template [74ms]
2025-03-27 12:28:11.572 [info] > git for-each-ref --format=%(refname)%00%(upstream:short)%00%(objectname)%00%(upstream:track)%00%(upstream:remotename)%00%(upstream:remoteref) refs/heads/main refs/remotes/main [6ms]
2025-03-27 12:28:11.584 [warning] [Git][revParse] Unable to read file: ENOENT: no such file or directory, open '/home/soufian/.git/refs/remotes/origin/main'
2025-03-27 12:28:11.589 [info] > git rev-parse refs/remotes/origin/main [5ms]
2025-03-27 12:28:11.627 [info] > git for-each-ref --sort -committerdate --format %(refname) %(objectname) %(*objectname) [8ms]
2025-03-27 12:28:12.136 [info] > git fetch [700ms]
2025-03-27 12:28:12.136 [info] From https://github.com/Souff06/holbertonschool-higher_level_programming
   197c54d1..f43ec649  main       -> origin/main
2025-03-27 12:28:12.181 [info] > git status -z -uall [579ms] (cancelled)
2025-03-27 12:28:12.184 [info] > git for-each-ref --format=%(refname)%00%(upstream:short)%00%(objectname)%00%(upstream:track)%00%(upstream:remotename)%00%(upstream:remoteref) refs/heads/main refs/remotes/main [34ms]
2025-03-27 12:28:12.202 [info] > git config --get --local branch.main.vscode-merge-base [7ms]
2025-03-27 12:28:12.212 [info] > git config --get commit.template [34ms]
2025-03-27 12:28:12.213 [info] > git config --get commit.template [45ms]
2025-03-27 12:28:12.228 [info] > git for-each-ref --format=%(refname)%00%(upstream:short)%00%(objectname)%00%(upstream:track)%00%(upstream:remotename)%00%(upstream:remoteref) refs/heads/main refs/remotes/main [9ms]
2025-03-27 12:28:12.229 [info] > git for-each-ref --format=%(refname)%00%(upstream:short)%00%(objectname)%00%(upstream:track)%00%(upstream:remotename)%00%(upstream:remoteref) refs/heads/origin/main refs/remotes/origin/main [18ms]
2025-03-27 12:28:12.239 [info] > git for-each-ref --format=%(refname)%00%(upstream:short)%00%(objectname)%00%(upstream:track)%00%(upstream:remotename)%00%(upstream:remoteref) refs/heads/main refs/remotes/main [13ms]
2025-03-27 12:28:12.242 [info] > git merge-base refs/heads/main refs/remotes/origin/main [5ms]
2025-03-27 12:28:12.268 [info] > git diff --name-status -z --diff-filter=ADMR f43ec64984bc0fbfd02bd2a1529e83e0e351b40b...refs/remotes/origin/main [15ms]
2025-03-27 12:28:12.286 [info] > git merge-base refs/heads/main refs/remotes/origin/main [24ms]
2025-03-27 12:28:12.295 [info] > git for-each-ref --sort -committerdate --format %(refname) %(objectname) %(*objectname) [10ms]
2025-03-27 12:28:12.300 [info] > git diff --name-status -z --diff-filter=ADMR f43ec64984bc0fbfd02bd2a1529e83e0e351b40b...refs/remotes/origin/main [7ms]
2025-03-27 12:28:12.970 [info] > git status -z -uall [692ms]
2025-03-27 12:28:13.045 [info] > git check-ignore -v -z --stdin [136ms]
2025-03-27 12:28:14.019 [info] > git check-ignore -v -z --stdin [50ms]
2025-03-27 12:28:24.688 [info] > git add -A -- /home/soufian/.vscode-server/data/User/workspaceStorage/e233fc10c9fec907a430f111807ea9d0/vscode.lock /home/soufian/.vscode-server/data/logs/20250327T122614/exthost2/output_logging_20250327T122639/1-EditorConfig.log /home/soufian/.vscode-server/data/logs/20250327T122614/exthost2/remoteexthost.log /home/soufian/.vscode-server/data/logs/20250327T122614/exthost2/vscode.git/Git.log /home/soufian/.vscode-server/data/logs/20250327T122614/remoteagent.log /home/soufian/holbertonschool-binary_trees /home/soufian/holbertonschool-higher_level_programming /home/soufian/holbertonschool-low_level_programming /home/soufian/holbertonschool-printf /home/soufian/holbertonschool-shell /home/soufian/holbertonschool-simple_shell /home/soufian/holbertonschool-sorting_algorithms /home/soufian/.vscode-server/data/logs/20250327T122806/exthost1/remoteExtHostTelemetry.log /home/soufian/.vscode-server/data/logs/20250327T122806/exthost1/remoteexthost.log /home/soufian/.vscode-server/data/logs/20250327T122806/exthost1/vscode.git/Git.log /home/soufian/.vscode-server/data/logs/20250327T122806/exthost1/vscode.github/GitHub.log /home/soufian/.vscode-server/data/logs/20250327T122806/remoteTelemetry.log /home/soufian/.vscode-server/data/logs/20250327T122806/remoteagent.log [116ms]
2025-03-27 12:28:24.698 [info] > git config --get commit.template [5ms]
2025-03-27 12:28:24.699 [info] > git for-each-ref --format=%(refname)%00%(upstream:short)%00%(objectname)%00%(upstream:track)%00%(upstream:remotename)%00%(upstream:remoteref) refs/heads/main refs/remotes/main [2ms]
2025-03-27 12:28:24.709 [info] > git for-each-ref --sort -committerdate --format %(refname) %(objectname) %(*objectname) [3ms]
2025-03-27 12:28:24.942 [info] > git status -z -uall [239ms]
2025-03-27 12:28:25.741 [info] > git check-ignore -v -z --stdin [32ms]
2025-03-27 12:28:27.964 [info] > git check-ignore -v -z --stdin [26ms]
2025-03-27 12:28:36.340 [info] > git -c user.useConfigOnly=true commit --quiet --allow-empty-message --file - [150ms]
2025-03-27 12:28:36.348 [info] > git config --get commit.template [2ms]
2025-03-27 12:28:36.362 [info] > git config --get commit.template [7ms]
2025-03-27 12:28:36.365 [info] > git for-each-ref --format=%(refname)%00%(upstream:short)%00%(objectname)%00%(upstream:track)%00%(upstream:remotename)%00%(upstream:remoteref) refs/heads/main refs/remotes/main [5ms]
2025-03-27 12:28:36.387 [info] > git for-each-ref --sort -committerdate --format %(refname) %(objectname) %(*objectname) [5ms]
2025-03-27 12:28:36.663 [info] > git status -z -uall [291ms]
2025-03-27 12:28:36.681 [info] > git merge-base refs/heads/main refs/remotes/origin/main [10ms]
2025-03-27 12:28:36.689 [info] > git diff --name-status -z --diff-filter=ADMR f43ec64984bc0fbfd02bd2a1529e83e0e351b40b...refs/remotes/origin/main [3ms]
2025-03-27 12:28:37.786 [info] > git push origin main:main [1106ms]
2025-03-27 12:28:37.786 [info] To https://github.com/Souff06/holbertonschool-higher_level_programming
   f43ec649..bf5fdd40  main -> main
2025-03-27 12:28:37.797 [info] > git config --get commit.template [5ms]
2025-03-27 12:28:37.798 [info] > git for-each-ref --format=%(refname)%00%(upstream:short)%00%(objectname)%00%(upstream:track)%00%(upstream:remotename)%00%(upstream:remoteref) refs/heads/main refs/remotes/main [2ms]
2025-03-27 12:28:37.812 [info] > git for-each-ref --sort -committerdate --format %(refname) %(objectname) %(*objectname) [4ms]
2025-03-27 12:28:38.114 [info] > git status -z -uall [311ms]
2025-03-27 12:28:38.123 [info] > git merge-base refs/heads/main refs/remotes/origin/main [1ms]
2025-03-27 12:28:38.130 [info] > git diff --name-status -z --diff-filter=ADMR bf5fdd403744945003e7b3090dd3af86f6f8a0cb...refs/remotes/origin/main [2ms]
2025-03-27 12:28:38.161 [info] > git config --get commit.template [12ms]
2025-03-27 12:28:38.162 [info] > git for-each-ref --format=%(refname)%00%(upstream:short)%00%(objectname)%00%(upstream:track)%00%(upstream:remotename)%00%(upstream:remoteref) refs/heads/main refs/remotes/main [4ms]
2025-03-27 12:28:38.177 [info] > git for-each-ref --sort -committerdate --format %(refname) %(objectname) %(*objectname) [3ms]
2025-03-27 12:28:38.446 [info] > git status -z -uall [276ms]
2025-03-27 12:28:39.564 [info] > git add -A -- /home/soufian/.vscode-server/data/logs/20250318T144028/exthost1/ms-python.debugpy/Python Debugger.log /home/soufian/.vscode-server/data/logs/20250318T144028/exthost1/ms-python.python/Python Language Server.log /home/soufian/.vscode-server/data/logs/20250318T144028/exthost1/ms-python.python/Python Locator.log /home/soufian/.vscode-server/data/logs/20250318T144028/exthost1/ms-python.python/Python.log /home/soufian/.vscode-server/data/logs/20250318T144028/exthost1/output_logging_20250318T144031/1-EditorConfig.log /home/soufian/.vscode-server/data/logs/20250318T144028/exthost1/output_logging_20250318T144031/2-Python Test Log.log /home/soufian/.vscode-server/data/logs/20250318T144028/exthost1/remoteExtHostTelemetry.log /home/soufian/.vscode-server/data/logs/20250318T144028/exthost1/remoteexthost.log /home/soufian/.vscode-server/data/logs/20250318T144028/exthost1/vscode.git/Git.log /home/soufian/.vscode-server/data/logs/20250318T144028/exthost1/vscode.github/GitHub.log /home/soufian/.vscode-server/data/logs/20250318T144028/exthost1/vscode.markdown-language-features/Markdown.log /home/soufian/.vscode-server/data/logs/20250318T144028/exthost2/output_logging_20250318T154838/1-EditorConfig.log /home/soufian/.vscode-server/data/logs/20250318T144028/exthost2/remoteExtHostTelemetry.log /home/soufian/.vscode-server/data/logs/20250318T144028/exthost2/remoteexthost.log /home/soufian/.vscode-server/data/logs/20250318T144028/exthost2/vscode.git/Git.log /home/soufian/.vscode-server/data/logs/20250318T144028/exthost2/vscode.github/GitHub.log /home/soufian/.vscode-server/data/logs/20250318T144028/ptyhost.log /home/soufian/.vscode-server/data/logs/20250318T144028/remoteTelemetry.log /home/soufian/.vscode-server/data/logs/20250318T144028/remoteagent.log /home/soufian/.vscode-server/data/logs/20250327T122806/exthost1/vscode.git/Git.log /home/soufian/holbertonschool-binary_trees /home/soufian/holbertonschool-higher_level_programming /home/soufian/holbertonschool-low_level_programming /home/soufian/holbertonschool-printf /home/soufian/holbertonschool-shell /home/soufian/holbertonschool-simple_shell /home/soufian/holbertonschool-sorting_algorithms /home/soufian/.vscode-server/data/logs/20250327T122806/exthost1/output_logging_20250327T122809/1-EditorConfig.log [120ms]
2025-03-27 12:28:39.582 [info] > git config --get commit.template [6ms]
2025-03-27 12:28:39.591 [info] > git for-each-ref --format=%(refname)%00%(upstream:short)%00%(objectname)%00%(upstream:track)%00%(upstream:remotename)%00%(upstream:remoteref) refs/heads/main refs/remotes/main [3ms]
2025-03-27 12:28:39.604 [info] > git for-each-ref --sort -committerdate --format %(refname) %(objectname) %(*objectname) [3ms]
2025-03-27 12:28:39.614 [info] > git add -A -- /home/soufian/.vscode-server/data/logs/20250318T144028/exthost1/ms-python.debugpy/Python Debugger.log /home/soufian/.vscode-server/data/logs/20250318T144028/exthost1/ms-python.python/Python Language Server.log /home/soufian/.vscode-server/data/logs/20250318T144028/exthost1/ms-python.python/Python Locator.log /home/soufian/.vscode-server/data/logs/20250318T144028/exthost1/ms-python.python/Python.log /home/soufian/.vscode-server/data/logs/20250318T144028/exthost1/output_logging_20250318T144031/1-EditorConfig.log /home/soufian/.vscode-server/data/logs/20250318T144028/exthost1/output_logging_20250318T144031/2-Python Test Log.log /home/soufian/.vscode-server/data/logs/20250318T144028/exthost1/remoteExtHostTelemetry.log /home/soufian/.vscode-server/data/logs/20250318T144028/exthost1/remoteexthost.log /home/soufian/.vscode-server/data/logs/20250318T144028/exthost1/vscode.git/Git.log /home/soufian/.vscode-server/data/logs/20250318T144028/exthost1/vscode.github/GitHub.log /home/soufian/.vscode-server/data/logs/20250318T144028/exthost1/vscode.markdown-language-features/Markdown.log /home/soufian/.vscode-server/data/logs/20250318T144028/exthost2/output_logging_20250318T154838/1-EditorConfig.log /home/soufian/.vscode-server/data/logs/20250318T144028/exthost2/remoteExtHostTelemetry.log /home/soufian/.vscode-server/data/logs/20250318T144028/exthost2/remoteexthost.log /home/soufian/.vscode-server/data/logs/20250318T144028/exthost2/vscode.git/Git.log /home/soufian/.vscode-server/data/logs/20250318T144028/exthost2/vscode.github/GitHub.log /home/soufian/.vscode-server/data/logs/20250318T144028/ptyhost.log /home/soufian/.vscode-server/data/logs/20250318T144028/remoteTelemetry.log /home/soufian/.vscode-server/data/logs/20250318T144028/remoteagent.log /home/soufian/.vscode-server/data/logs/20250327T122806/exthost1/vscode.git/Git.log /home/soufian/holbertonschool-binary_trees /home/soufian/holbertonschool-higher_level_programming /home/soufian/holbertonschool-low_level_programming /home/soufian/holbertonschool-printf /home/soufian/holbertonschool-shell /home/soufian/holbertonschool-simple_shell /home/soufian/holbertonschool-sorting_algorithms /home/soufian/.vscode-server/data/logs/20250327T122806/exthost1/output_logging_20250327T122809/1-EditorConfig.log [50ms]
2025-03-27 12:28:39.614 [info] fatal: pathspec '/home/soufian/.vscode-server/data/logs/20250318T144028/exthost1/ms-python.debugpy/Python Debugger.log' did not match any files
2025-03-27 12:28:39.621 [info] > git status -z -uall [25ms] (cancelled)
2025-03-27 12:28:39.622 [info] > git config --get commit.template [1ms]
2025-03-27 12:28:39.629 [info] > git for-each-ref --format=%(refname)%00%(upstream:short)%00%(objectname)%00%(upstream:track)%00%(upstream:remotename)%00%(upstream:remoteref) refs/heads/main refs/remotes/main [3ms]
2025-03-27 12:28:39.639 [info] > git for-each-ref --sort -committerdate --format %(refname) %(objectname) %(*objectname) [2ms]
2025-03-27 12:28:39.836 [info] > git status -z -uall [203ms]
2025-03-27 12:28:50.653 [info] > git -c user.useConfigOnly=true commit --quiet --allow-empty-message --file - [259ms]
2025-03-27 12:28:50.663 [info] > git config --get commit.template [3ms]
2025-03-27 12:28:50.675 [info] > git config --get commit.template [3ms]
2025-03-27 12:28:50.687 [info] > git for-each-ref --format=%(refname)%00%(upstream:short)%00%(objectname)%00%(upstream:track)%00%(upstream:remotename)%00%(upstream:remoteref) refs/heads/main refs/remotes/main [7ms]
2025-03-27 12:28:50.707 [info] > git for-each-ref --sort -committerdate --format %(refname) %(objectname) %(*objectname) [5ms]
2025-03-27 12:28:50.984 [info] > git status -z -uall [289ms]
2025-03-27 12:28:51.006 [info] > git merge-base refs/heads/main refs/remotes/origin/main [13ms]
2025-03-27 12:28:51.020 [info] > git diff --name-status -z --diff-filter=ADMR bf5fdd403744945003e7b3090dd3af86f6f8a0cb...refs/remotes/origin/main [5ms]
2025-03-27 12:28:52.027 [info] > git push origin main:main [1023ms]
2025-03-27 12:28:52.027 [info] To https://github.com/Souff06/holbertonschool-higher_level_programming
   bf5fdd40..48d2f59f  main -> main
2025-03-27 12:28:52.037 [info] > git config --get commit.template [5ms]
2025-03-27 12:28:52.039 [info] > git for-each-ref --format=%(refname)%00%(upstream:short)%00%(objectname)%00%(upstream:track)%00%(upstream:remotename)%00%(upstream:remoteref) refs/heads/main refs/remotes/main [2ms]
2025-03-27 12:28:52.051 [info] > git for-each-ref --sort -committerdate --format %(refname) %(objectname) %(*objectname) [3ms]
2025-03-27 12:28:52.303 [info] > git status -z -uall [259ms]
2025-03-27 12:28:52.313 [info] > git merge-base refs/heads/main refs/remotes/origin/main [3ms]
2025-03-27 12:28:52.319 [info] > git diff --name-status -z --diff-filter=ADMR 48d2f59ff8e2a1122cd31a927a59bc88e9ae795f...refs/remotes/origin/main [2ms]
2025-03-27 12:28:52.337 [info] > git config --get commit.template [5ms]
2025-03-27 12:28:52.339 [info] > git for-each-ref --format=%(refname)%00%(upstream:short)%00%(objectname)%00%(upstream:track)%00%(upstream:remotename)%00%(upstream:remoteref) refs/heads/main refs/remotes/main [2ms]
2025-03-27 12:28:52.367 [info] > git for-each-ref --sort -committerdate --format %(refname) %(objectname) %(*objectname) [7ms]
2025-03-27 12:28:52.688 [info] > git status -z -uall [340ms]
2025-03-27 12:28:54.134 [info] > git add -A -- /home/soufian/.vscode-server/data/logs/20250327T122806/exthost1/vscode.git/Git.log /home/soufian/holbertonschool-binary_trees /home/soufian/holbertonschool-higher_level_programming /home/soufian/holbertonschool-low_level_programming /home/soufian/holbertonschool-printf /home/soufian/holbertonschool-shell /home/soufian/holbertonschool-simple_shell /home/soufian/holbertonschool-sorting_algorithms [128ms]
2025-03-27 12:28:54.146 [info] > git config --get commit.template [5ms]
2025-03-27 12:28:54.147 [info] > git for-each-ref --format=%(refname)%00%(upstream:short)%00%(objectname)%00%(upstream:track)%00%(upstream:remotename)%00%(upstream:remoteref) refs/heads/main refs/remotes/main [2ms]
2025-03-27 12:28:54.161 [info] > git for-each-ref --sort -committerdate --format %(refname) %(objectname) %(*objectname) [3ms]
2025-03-27 12:28:54.388 [info] > git status -z -uall [236ms]
2025-03-27 12:28:56.323 [info] > git add -A -- /home/soufian/.vscode-server/data/logs/20250327T122806/exthost1/vscode.git/Git.log /home/soufian/holbertonschool-binary_trees /home/soufian/holbertonschool-higher_level_programming /home/soufian/holbertonschool-low_level_programming /home/soufian/holbertonschool-printf /home/soufian/holbertonschool-shell /home/soufian/holbertonschool-simple_shell /home/soufian/holbertonschool-sorting_algorithms [111ms]
2025-03-27 12:28:56.335 [info] > git config --get commit.template [5ms]
2025-03-27 12:28:56.336 [info] > git for-each-ref --format=%(refname)%00%(upstream:short)%00%(objectname)%00%(upstream:track)%00%(upstream:remotename)%00%(upstream:remoteref) refs/heads/main refs/remotes/main [2ms]
2025-03-27 12:28:56.351 [info] > git for-each-ref --sort -committerdate --format %(refname) %(objectname) %(*objectname) [4ms]
2025-03-27 12:28:56.599 [info] > git status -z -uall [257ms]
2025-03-27 12:28:57.977 [info] > git add -A -- /home/soufian/.vscode-server/data/logs/20250327T122806/exthost1/vscode.git/Git.log /home/soufian/holbertonschool-binary_trees /home/soufian/holbertonschool-higher_level_programming /home/soufian/holbertonschool-low_level_programming /home/soufian/holbertonschool-printf /home/soufian/holbertonschool-shell /home/soufian/holbertonschool-simple_shell /home/soufian/holbertonschool-sorting_algorithms [106ms]
2025-03-27 12:28:57.987 [info] > git config --get commit.template [5ms]
2025-03-27 12:28:57.988 [info] > git for-each-ref --format=%(refname)%00%(upstream:short)%00%(objectname)%00%(upstream:track)%00%(upstream:remotename)%00%(upstream:remoteref) refs/heads/main refs/remotes/main [2ms]
2025-03-27 12:28:57.999 [info] > git for-each-ref --sort -committerdate --format %(refname) %(objectname) %(*objectname) [3ms]
2025-03-27 12:28:58.245 [info] > git status -z -uall [253ms]
2025-03-27 12:29:00.659 [info] > git add -A -- /home/soufian/holbertonschool-low_level_programming [33ms]
2025-03-27 12:29:00.668 [info] > git config --get commit.template [4ms]
2025-03-27 12:29:00.669 [info] > git for-each-ref --format=%(refname)%00%(upstream:short)%00%(objectname)%00%(upstream:track)%00%(upstream:remotename)%00%(upstream:remoteref) refs/heads/main refs/remotes/main [2ms]
2025-03-27 12:29:00.681 [info] > git for-each-ref --sort -committerdate --format %(refname) %(objectname) %(*objectname) [2ms]
2025-03-27 12:29:00.877 [info] > git status -z -uall [203ms]
2025-03-27 12:29:04.547 [info] > git -c user.useConfigOnly=true commit --quiet --allow-empty-message --file - [196ms]
2025-03-27 12:29:04.555 [info] > git config --get commit.template [2ms]
2025-03-27 12:29:04.572 [info] > git config --get commit.template [9ms]
2025-03-27 12:29:04.574 [info] > git for-each-ref --format=%(refname)%00%(upstream:short)%00%(objectname)%00%(upstream:track)%00%(upstream:remotename)%00%(upstream:remoteref) refs/heads/main refs/remotes/main [4ms]
2025-03-27 12:29:04.595 [info] > git for-each-ref --sort -committerdate --format %(refname) %(objectname) %(*objectname) [6ms]
2025-03-27 12:29:05.124 [info] > git status -z -uall [543ms]
2025-03-27 12:29:05.199 [info] > git merge-base refs/heads/main refs/remotes/origin/main [43ms]
2025-03-27 12:29:05.220 [info] > git diff --name-status -z --diff-filter=ADMR 48d2f59ff8e2a1122cd31a927a59bc88e9ae795f...refs/remotes/origin/main [3ms]
2025-03-27 12:29:06.460 [info] > git push origin main:main [1265ms]
2025-03-27 12:29:06.461 [info] To https://github.com/Souff06/holbertonschool-higher_level_programming
   48d2f59f..648f0eaf  main -> main
2025-03-27 12:29:06.475 [info] > git config --get commit.template [7ms]
2025-03-27 12:29:06.478 [info] > git for-each-ref --format=%(refname)%00%(upstream:short)%00%(objectname)%00%(upstream:track)%00%(upstream:remotename)%00%(upstream:remoteref) refs/heads/main refs/remotes/main [3ms]
2025-03-27 12:29:06.498 [info] > git for-each-ref --sort -committerdate --format %(refname) %(objectname) %(*objectname) [6ms]
2025-03-27 12:29:06.827 [info] > git status -z -uall [342ms]
2025-03-27 12:29:06.837 [info] > git merge-base refs/heads/main refs/remotes/origin/main [3ms]
2025-03-27 12:29:06.846 [info] > git diff --name-status -z --diff-filter=ADMR 648f0eafb52179ad8e6e68f9013727e5461b1612...refs/remotes/origin/main [4ms]
2025-03-27 12:29:06.873 [info] > git config --get commit.template [11ms]
2025-03-27 12:29:06.879 [info] > git for-each-ref --format=%(refname)%00%(upstream:short)%00%(objectname)%00%(upstream:track)%00%(upstream:remotename)%00%(upstream:remoteref) refs/heads/main refs/remotes/main [7ms]
2025-03-27 12:29:06.897 [info] > git for-each-ref --sort -committerdate --format %(refname) %(objectname) %(*objectname) [5ms]
2025-03-27 12:29:07.233 [info] > git status -z -uall [347ms]
2025-03-27 12:29:08.540 [info] > git add -A -- /home/soufian/.vscode-server/data/logs/20250327T122806/exthost1/vscode.git/Git.log [76ms]
2025-03-27 12:29:08.554 [info] > git config --get commit.template [7ms]
2025-03-27 12:29:08.559 [info] > git for-each-ref --format=%(refname)%00%(upstream:short)%00%(objectname)%00%(upstream:track)%00%(upstream:remotename)%00%(upstream:remoteref) refs/heads/main refs/remotes/main [5ms]
2025-03-27 12:29:08.574 [info] > git for-each-ref --sort -committerdate --format %(refname) %(objectname) %(*objectname) [3ms]
2025-03-27 12:29:08.799 [info] > git status -z -uall [234ms]
2025-03-27 12:29:10.545 [info] > git add -A -- /home/soufian/holbertonschool-low_level_programming [34ms]
2025-03-27 12:29:10.555 [info] > git config --get commit.template [4ms]
2025-03-27 12:29:10.556 [info] > git for-each-ref --format=%(refname)%00%(upstream:short)%00%(objectname)%00%(upstream:track)%00%(upstream:remotename)%00%(upstream:remoteref) refs/heads/main refs/remotes/main [2ms]
2025-03-27 12:29:10.568 [info] > git for-each-ref --sort -committerdate --format %(refname) %(objectname) %(*objectname) [3ms]
2025-03-27 12:29:10.841 [info] > git status -z -uall [280ms]
2025-03-27 12:29:11.932 [info] > git add -A -- /home/soufian/holbertonschool-shell [27ms]
2025-03-27 12:29:11.942 [info] > git config --get commit.template [4ms]
2025-03-27 12:29:11.944 [info] > git for-each-ref --format=%(refname)%00%(upstream:short)%00%(objectname)%00%(upstream:track)%00%(upstream:remotename)%00%(upstream:remoteref) refs/heads/main refs/remotes/main [2ms]
2025-03-27 12:29:11.960 [info] > git for-each-ref --sort -committerdate --format %(refname) %(objectname) %(*objectname) [4ms]
2025-03-27 12:29:12.190 [info] > git status -z -uall [240ms]
2025-03-27 12:29:13.552 [info] > git branch [3ms]
2025-03-27 12:29:13.647 [info] > git reset -q HEAD -- /home/soufian/.vscode-server/data/logs/20250327T122806/exthost1/vscode.git/Git.log [90ms]
2025-03-27 12:29:13.660 [info] > git config --get commit.template [6ms]
2025-03-27 12:29:13.662 [info] > git for-each-ref --format=%(refname)%00%(upstream:short)%00%(objectname)%00%(upstream:track)%00%(upstream:remotename)%00%(upstream:remoteref) refs/heads/main refs/remotes/main [3ms]
2025-03-27 12:29:13.675 [info] > git for-each-ref --sort -committerdate --format %(refname) %(objectname) %(*objectname) [3ms]
2025-03-27 12:29:13.918 [info] > git status -z -uall [251ms]
2025-03-27 12:29:16.137 [info] > git add -A -- /home/soufian/.vscode-server/data/logs/20250327T122806/exthost1/vscode.git/Git.log [118ms]
2025-03-27 12:29:16.153 [info] > git config --get commit.template [9ms]
2025-03-27 12:29:16.155 [info] > git for-each-ref --format=%(refname)%00%(upstream:short)%00%(objectname)%00%(upstream:track)%00%(upstream:remotename)%00%(upstream:remoteref) refs/heads/main refs/remotes/main [4ms]
2025-03-27 12:29:16.180 [info] > git for-each-ref --sort -committerdate --format %(refname) %(objectname) %(*objectname) [7ms]
2025-03-27 12:29:16.530 [info] > git status -z -uall [367ms]
2025-03-27 12:29:18.268 [info] > git branch [2ms]
2025-03-27 12:29:18.350 [info] > git reset -q HEAD -- /home/soufian/.vscode-server/data/logs/20250327T122806/exthost1/vscode.git/Git.log [77ms]
2025-03-27 12:29:18.360 [info] > git config --get commit.template [4ms]
2025-03-27 12:29:18.361 [info] > git for-each-ref --format=%(refname)%00%(upstream:short)%00%(objectname)%00%(upstream:track)%00%(upstream:remotename)%00%(upstream:remoteref) refs/heads/main refs/remotes/main [1ms]
2025-03-27 12:29:18.374 [info] > git for-each-ref --sort -committerdate --format %(refname) %(objectname) %(*objectname) [3ms]
2025-03-27 12:29:18.651 [info] > git status -z -uall [285ms]
