2025-03-18 15:50:26.808 [info] [main] Log level: Info
2025-03-18 15:50:26.808 [info] [main] Validating found git in: "git"
2025-03-18 15:50:26.808 [info] [main] Using git "2.34.1" from "git"
2025-03-18 15:50:26.808 [info] [Model][doInitialScan] Initial repository scan started
2025-03-18 15:50:26.808 [info] > git rev-parse --show-toplevel [38ms]
2025-03-18 15:50:26.816 [info] > git rev-parse --show-toplevel [2ms]
2025-03-18 15:50:26.821 [info] [Model][doInitialScan] Initial repository scan completed - repositories (0), closed repositories (0), parent repositories (1), unsafe repositories (0)
2025-03-18 15:50:27.893 [info] > git rev-parse --show-toplevel [2ms]
2025-03-18 15:50:28.309 [info] > git rev-parse --show-toplevel [10ms]
2025-03-18 15:54:27.504 [info] > git rev-parse --show-toplevel [54ms]
2025-03-18 16:20:27.327 [info] > git rev-parse --show-toplevel [18ms]
2025-03-18 16:20:42.117 [info] > git rev-parse --show-toplevel [1ms]
2025-03-18 16:20:42.122 [info] > git rev-parse --git-dir --git-common-dir [2ms]
2025-03-18 16:20:42.138 [info] [Model][openRepository] Opened repository: /home/soufian
2025-03-18 16:20:42.151 [info] > git config --get commit.template [6ms]
2025-03-18 16:20:42.153 [info] > git for-each-ref --format=%(refname)%00%(upstream:short)%00%(objectname)%00%(upstream:track)%00%(upstream:remotename)%00%(upstream:remoteref) refs/heads/master refs/remotes/master [4ms]
2025-03-18 16:20:42.164 [info] > git for-each-ref --sort -committerdate --format %(refname) %(objectname) %(*objectname) [2ms]
2025-03-18 16:20:42.519 [info] > git show --textconv :holbertonschool-web_front_end/html_advanced/0-index.html [5ms]
2025-03-18 16:20:42.525 [info] > git ls-files --stage -- holbertonschool-web_front_end/html_advanced/0-index.html [7ms]
2025-03-18 16:20:42.530 [info] > git hash-object -t tree /dev/null [8ms]
2025-03-18 16:20:42.530 [warning] [GitFileSystemProvider][readFile] File not found - git:/home/soufian/holbertonschool-web_front_end/html_advanced/0-index.html.git?%7B%22path%22%3A%22%2Fhome%2Fsoufian%2Fholbertonschool-web_front_end%2Fhtml_advanced%2F0-index.html%22%2C%22ref%22%3A%22%22%7D
2025-03-18 16:20:42.533 [info] > git hash-object -t tree /dev/null [4ms]
2025-03-18 16:20:42.533 [warning] [GitFileSystemProvider][stat] File not found - git:/home/soufian/holbertonschool-web_front_end/html_advanced/0-index.html.git?%7B%22path%22%3A%22%2Fhome%2Fsoufian%2Fholbertonschool-web_front_end%2Fhtml_advanced%2F0-index.html%22%2C%22ref%22%3A%22%22%7D
2025-03-18 16:20:42.551 [info] > git blame --root --incremental 09987bdd4eab5a2887be0aeb394cbd8cfe2c715e -- holbertonschool-web_front_end/html_advanced/0-index.html [2ms]
2025-03-18 16:20:42.551 [info] fatal: no such path holbertonschool-web_front_end/html_advanced/0-index.html in 09987bdd4eab5a2887be0aeb394cbd8cfe2c715e
2025-03-18 16:20:42.755 [info] > git check-ignore -v -z --stdin [1ms]
2025-03-18 16:20:44.293 [info] > git status -z -uall [2135ms] (cancelled)
2025-03-18 16:20:44.293 [info] > git for-each-ref --format=%(refname)%00%(upstream:short)%00%(objectname)%00%(upstream:track)%00%(upstream:remotename)%00%(upstream:remoteref) refs/heads/master refs/remotes/master [1006ms]
2025-03-18 16:20:44.297 [info] > git fetch [2159ms]
2025-03-18 16:20:44.298 [info] From https://github.com/Souff06/holbertonschool-higher_level_programming
 * [new branch]      main       -> origin/main
2025-03-18 16:20:44.333 [info] > git config --get --local branch.master.vscode-merge-base [35ms]
2025-03-18 16:20:44.333 [warning] [Git][config] git config failed: Failed to execute git
2025-03-18 16:20:44.339 [info] > git config --get commit.template [50ms]
2025-03-18 16:20:44.345 [info] > git config --get commit.template [14ms]
2025-03-18 16:20:44.353 [info] > git reflog master --grep-reflog=branch: Created from *. [15ms]
2025-03-18 16:20:44.364 [info] > git for-each-ref --format=%(refname)%00%(upstream:short)%00%(objectname)%00%(upstream:track)%00%(upstream:remotename)%00%(upstream:remoteref) refs/heads/master refs/remotes/master [13ms]
2025-03-18 16:20:44.366 [info] > git for-each-ref --format=%(refname)%00%(upstream:short)%00%(objectname)%00%(upstream:track)%00%(upstream:remotename)%00%(upstream:remoteref) refs/heads/master refs/remotes/master [3ms]
2025-03-18 16:20:44.368 [info] > git symbolic-ref --short refs/remotes/origin/HEAD [8ms]
2025-03-18 16:20:44.368 [info] fatal: ref refs/remotes/origin/HEAD is not a symbolic ref
2025-03-18 16:20:44.368 [warning] [Repository][getDefaultBranch] Failed to get default branch details: Failed to execute git.
2025-03-18 16:20:44.378 [info] > git merge-base refs/heads/master refs/remotes/origin/master [3ms]
2025-03-18 16:20:44.421 [info] > git for-each-ref --sort -committerdate --format %(refname) %(objectname) %(*objectname) [15ms]
2025-03-18 16:20:44.422 [info] > git merge-base refs/heads/master refs/remotes/origin/master [28ms]
2025-03-18 16:20:44.428 [info] > git diff --name-status -z --diff-filter=ADMR 09987bdd4eab5a2887be0aeb394cbd8cfe2c715e...refs/remotes/origin/master [42ms]
2025-03-18 16:20:44.430 [info] > git diff --name-status -z --diff-filter=ADMR 09987bdd4eab5a2887be0aeb394cbd8cfe2c715e...refs/remotes/origin/master [3ms]
2025-03-18 16:20:44.555 [info] > git status -z -uall [153ms] (cancelled)
2025-03-18 16:20:45.714 [info] > git log --format=%H%n%aN%n%aE%n%at%n%ct%n%P%n%D%n%B -z --shortstat --diff-merges=first-parent -n50 --skip=0 --topo-order --decorate=full --stdin [129ms]
2025-03-18 16:20:46.142 [info] > git check-ignore -v -z --stdin [14ms]
2025-03-18 16:20:50.327 [info] > git check-ignore -v -z --stdin [2ms]
2025-03-18 16:20:51.324 [info] > git log --format=%H%n%aN%n%aE%n%at%n%ct%n%P%n%D%n%B -z --shortstat --diff-merges=first-parent -n50 --skip=0 --topo-order --decorate=full --stdin [13ms]
2025-03-18 16:20:57.846 [info] > git check-ignore -v -z --stdin [3ms]
2025-03-18 16:21:14.345 [info] > git for-each-ref --sort -committerdate --format %(refname) %(objectname) %(*objectname) [2ms]
2025-03-18 16:21:19.273 [info] > git for-each-ref --format %(refname:short)%00%(upstream:short) refs/heads [2ms]
2025-03-18 16:21:19.309 [info] > git checkout -q --track origin/main [29ms]
2025-03-18 16:21:19.318 [info] > git config --get commit.template [4ms]
2025-03-18 16:21:19.319 [info] > git for-each-ref --format=%(refname)%00%(upstream:short)%00%(objectname)%00%(upstream:track)%00%(upstream:remotename)%00%(upstream:remoteref) refs/heads/main refs/remotes/main [2ms]
2025-03-18 16:21:19.328 [info] > git for-each-ref --sort -committerdate --format %(refname) %(objectname) %(*objectname) [1ms]
2025-03-18 16:21:19.534 [info] > git status -z -uall [211ms] (cancelled)
2025-03-18 16:21:19.534 [info] > git for-each-ref --format=%(refname)%00%(upstream:short)%00%(objectname)%00%(upstream:track)%00%(upstream:remotename)%00%(upstream:remoteref) refs/heads/main refs/remotes/main [36ms]
2025-03-18 16:21:19.539 [info] > git blame --root --incremental f0556e4dd25fc713b83c171ef78b6bd17a1c10c1 -- holbertonschool-web_front_end/html_advanced/0-index.html [44ms]
2025-03-18 16:21:19.539 [info] fatal: no such path holbertonschool-web_front_end/html_advanced/0-index.html in f0556e4dd25fc713b83c171ef78b6bd17a1c10c1
2025-03-18 16:21:20.517 [info] > git config --get --local branch.main.vscode-merge-base [979ms]
2025-03-18 16:21:20.518 [warning] [Git][config] git config failed: Failed to execute git
2025-03-18 16:21:20.528 [info] > git reflog main --grep-reflog=branch: Created from *. [4ms]
2025-03-18 16:21:20.540 [info] > git for-each-ref --format=%(refname)%00%(upstream:short)%00%(objectname)%00%(upstream:track)%00%(upstream:remotename)%00%(upstream:remoteref) refs/heads/origin/main refs/remotes/origin/main [4ms]
2025-03-18 16:21:20.550 [info] > git config --add --local branch.main.vscode-merge-base origin/main [3ms]
2025-03-18 16:21:20.562 [info] > git config --get commit.template [7ms]
2025-03-18 16:21:20.568 [info] > git for-each-ref --format=%(refname)%00%(upstream:short)%00%(objectname)%00%(upstream:track)%00%(upstream:remotename)%00%(upstream:remoteref) refs/heads/main refs/remotes/main [2ms]
2025-03-18 16:21:20.579 [info] > git for-each-ref --sort -committerdate --format %(refname) %(objectname) %(*objectname) [2ms]
2025-03-18 16:21:20.719 [info] > git status -z -uall [147ms] (cancelled)
2025-03-18 16:21:20.719 [info] > git for-each-ref --format=%(refname)%00%(upstream:short)%00%(objectname)%00%(upstream:track)%00%(upstream:remotename)%00%(upstream:remoteref) refs/heads/main refs/remotes/main [5ms]
2025-03-18 16:21:20.725 [info] > git merge-base refs/heads/main refs/remotes/origin/main [7ms]
2025-03-18 16:21:20.730 [info] > git config --get --local branch.main.vscode-merge-base [5ms]
2025-03-18 16:21:20.734 [info] > git diff --name-status -z --diff-filter=ADMR f0556e4dd25fc713b83c171ef78b6bd17a1c10c1...refs/remotes/origin/main [5ms]
2025-03-18 16:21:20.735 [info] > git for-each-ref --format=%(refname)%00%(upstream:short)%00%(objectname)%00%(upstream:track)%00%(upstream:remotename)%00%(upstream:remoteref) refs/heads/origin/main refs/remotes/origin/main [2ms]
2025-03-18 16:21:21.832 [info] > git log --format=%H%n%aN%n%aE%n%at%n%ct%n%P%n%D%n%B -z --shortstat --diff-merges=first-parent -n50 --skip=0 --topo-order --decorate=full --stdin [51ms]
2025-03-18 16:21:36.228 [info] > git for-each-ref --sort -committerdate --format %(refname) %(objectname) %(*objectname) [2ms]
2025-03-18 16:21:42.140 [info] > git checkout -q main [6ms]
2025-03-18 16:21:42.150 [info] > git config --get commit.template [5ms]
2025-03-18 16:21:42.151 [info] > git for-each-ref --format=%(refname)%00%(upstream:short)%00%(objectname)%00%(upstream:track)%00%(upstream:remotename)%00%(upstream:remoteref) refs/heads/main refs/remotes/main [2ms]
2025-03-18 16:21:42.165 [info] > git for-each-ref --sort -committerdate --format %(refname) %(objectname) %(*objectname) [2ms]
2025-03-18 16:21:42.339 [info] > git status -z -uall [182ms] (cancelled)
2025-03-18 16:21:54.829 [info] > git log --format=%H%n%aN%n%aE%n%at%n%ct%n%P%n%D%n%B -z --shortstat --diff-merges=first-parent -n50 --skip=0 --topo-order --decorate=full --stdin [4ms]
2025-03-18 16:22:15.293 [info] [Model][close] Repository: /home/soufian
2025-03-18 16:22:17.444 [info] > git rev-parse --show-toplevel [14ms]
2025-03-18 16:22:17.450 [info] > git rev-parse --git-dir --git-common-dir [1ms]
2025-03-18 16:22:17.463 [info] [Model][openRepository] Opened repository: /home/soufian
2025-03-18 16:22:17.475 [info] > git config --get commit.template [5ms]
2025-03-18 16:22:17.479 [info] > git for-each-ref --format=%(refname)%00%(upstream:short)%00%(objectname)%00%(upstream:track)%00%(upstream:remotename)%00%(upstream:remoteref) refs/heads/main refs/remotes/main [4ms]
2025-03-18 16:22:17.492 [info] > git for-each-ref --sort -committerdate --format %(refname) %(objectname) %(*objectname) [3ms]
2025-03-18 16:22:17.848 [info] > git show --textconv :holbertonschool-web_front_end/html_advanced/0-index.html [4ms]
2025-03-18 16:22:17.853 [info] > git ls-files --stage -- holbertonschool-web_front_end/html_advanced/0-index.html [6ms]
2025-03-18 16:22:17.859 [info] > git hash-object -t tree /dev/null [7ms]
2025-03-18 16:22:17.859 [warning] [GitFileSystemProvider][readFile] File not found - git:/home/soufian/holbertonschool-web_front_end/html_advanced/0-index.html.git?%7B%22path%22%3A%22%2Fhome%2Fsoufian%2Fholbertonschool-web_front_end%2Fhtml_advanced%2F0-index.html%22%2C%22ref%22%3A%22%22%7D
2025-03-18 16:22:17.860 [info] > git hash-object -t tree /dev/null [3ms]
2025-03-18 16:22:17.861 [warning] [GitFileSystemProvider][stat] File not found - git:/home/soufian/holbertonschool-web_front_end/html_advanced/0-index.html.git?%7B%22path%22%3A%22%2Fhome%2Fsoufian%2Fholbertonschool-web_front_end%2Fhtml_advanced%2F0-index.html%22%2C%22ref%22%3A%22%22%7D
2025-03-18 16:22:17.915 [info] > git blame --root --incremental f0556e4dd25fc713b83c171ef78b6bd17a1c10c1 -- holbertonschool-web_front_end/html_advanced/0-index.html [2ms]
2025-03-18 16:22:17.915 [info] fatal: no such path holbertonschool-web_front_end/html_advanced/0-index.html in f0556e4dd25fc713b83c171ef78b6bd17a1c10c1
2025-03-18 16:22:18.064 [info] > git fetch [601ms]
2025-03-18 16:22:18.079 [info] > git status -z -uall [595ms] (cancelled)
2025-03-18 16:22:18.080 [info] > git for-each-ref --format=%(refname)%00%(upstream:short)%00%(objectname)%00%(upstream:track)%00%(upstream:remotename)%00%(upstream:remoteref) refs/heads/main refs/remotes/main [10ms]
2025-03-18 16:22:18.086 [info] > git config --get commit.template [7ms]
2025-03-18 16:22:18.086 [info] > git config --get commit.template [11ms]
2025-03-18 16:22:18.087 [info] > git config --get --local branch.main.vscode-merge-base [3ms]
2025-03-18 16:22:18.174 [info] > git check-ignore -v -z --stdin [79ms]
2025-03-18 16:22:18.175 [info] > git for-each-ref --format=%(refname)%00%(upstream:short)%00%(objectname)%00%(upstream:track)%00%(upstream:remotename)%00%(upstream:remoteref) refs/heads/origin/main refs/remotes/origin/main [84ms]
2025-03-18 16:22:18.180 [info] > git for-each-ref --format=%(refname)%00%(upstream:short)%00%(objectname)%00%(upstream:track)%00%(upstream:remotename)%00%(upstream:remoteref) refs/heads/main refs/remotes/main [76ms]
2025-03-18 16:22:18.181 [info] > git for-each-ref --format=%(refname)%00%(upstream:short)%00%(objectname)%00%(upstream:track)%00%(upstream:remotename)%00%(upstream:remoteref) refs/heads/main refs/remotes/main [80ms]
2025-03-18 16:22:18.181 [info] > git merge-base refs/heads/main refs/remotes/origin/main [3ms]
2025-03-18 16:22:18.191 [info] > git diff --name-status -z --diff-filter=ADMR f0556e4dd25fc713b83c171ef78b6bd17a1c10c1...refs/remotes/origin/main [6ms]
2025-03-18 16:22:18.202 [info] > git for-each-ref --sort -committerdate --format %(refname) %(objectname) %(*objectname) [3ms]
2025-03-18 16:22:18.203 [info] > git log --format=%H%n%aN%n%aE%n%at%n%ct%n%P%n%D%n%B -z --shortstat --diff-merges=first-parent -n50 --skip=0 --topo-order --decorate=full --stdin [12ms]
2025-03-18 16:22:18.721 [info] > git status -z -uall [526ms] (cancelled)
2025-03-18 16:22:20.532 [info] > git check-ignore -v -z --stdin [2ms]
2025-03-18 16:22:21.713 [info] [Model][close] Repository: /home/soufian
2025-03-18 16:22:36.926 [info] > git rev-parse --show-toplevel [1ms]
2025-03-18 16:22:37.438 [info] > git rev-parse --show-toplevel [1ms]
2025-03-18 16:22:38.679 [info] > git rev-parse --show-toplevel [2ms]
