2025-03-18 21:09:52.733 [info] [main] Log level: Info
2025-03-18 21:09:52.733 [info] [main] Validating found git in: "git"
2025-03-18 21:09:52.733 [info] [main] Using git "2.34.1" from "git"
2025-03-18 21:09:52.733 [info] [Model][doInitialScan] Initial repository scan started
2025-03-18 21:09:52.733 [info] > git rev-parse --show-toplevel [5ms]
2025-03-18 21:09:52.733 [info] > git rev-parse --git-dir --git-common-dir [7ms]
2025-03-18 21:09:52.733 [info] [Model][openRepository] Opened repository: /home/soufian
2025-03-18 21:09:52.959 [info] > git rev-parse --show-toplevel [225ms]
2025-03-18 21:09:52.959 [info] fatal: this operation must be run in a work tree
2025-03-18 21:09:52.964 [info] [Model][doInitialScan] Initial repository scan completed - repositories (1), closed repositories (0), parent repositories (0), unsafe repositories (0)
2025-03-18 21:09:52.965 [info] > git config --get commit.template [237ms]
2025-03-18 21:09:53.118 [info] > git for-each-ref --format=%(refname)%00%(upstream:short)%00%(objectname)%00%(upstream:track)%00%(upstream:remotename)%00%(upstream:remoteref) refs/heads/main refs/remotes/main [3ms]
2025-03-18 21:09:53.122 [warning] [Git][revParse] Unable to read file: ENOENT: no such file or directory, open '/home/soufian/.git/refs/remotes/origin/main'
2025-03-18 21:09:53.124 [info] > git rev-parse refs/remotes/origin/main [2ms]
2025-03-18 21:09:53.143 [info] > git for-each-ref --sort -committerdate --format %(refname) %(objectname) %(*objectname) [9ms]
2025-03-18 21:09:53.254 [info] > git check-ignore -v -z --stdin [16ms]
2025-03-18 21:09:53.352 [info] > git show --textconv :.git/COMMIT_EDITMSG [34ms]
2025-03-18 21:09:53.352 [info] > git ls-files --stage -- .git/COMMIT_EDITMSG [30ms]
2025-03-18 21:09:53.360 [info] > git hash-object -t tree /dev/null [5ms]
2025-03-18 21:09:53.361 [warning] [GitFileSystemProvider][stat] File not found - git:/home/soufian/.git/COMMIT_EDITMSG.git?%7B%22path%22%3A%22%2Fhome%2Fsoufian%2F.git%2FCOMMIT_EDITMSG%22%2C%22ref%22%3A%22%22%7D
2025-03-18 21:09:53.363 [info] > git hash-object -t tree /dev/null [5ms]
2025-03-18 21:09:53.363 [warning] [GitFileSystemProvider][readFile] File not found - git:/home/soufian/.git/COMMIT_EDITMSG.git?%7B%22path%22%3A%22%2Fhome%2Fsoufian%2F.git%2FCOMMIT_EDITMSG%22%2C%22ref%22%3A%22%22%7D
2025-03-18 21:09:53.546 [info] > git fetch [826ms]
2025-03-18 21:09:53.567 [info] > git status -z -uall [439ms] (cancelled)
2025-03-18 21:09:53.567 [info] > git for-each-ref --format=%(refname)%00%(upstream:short)%00%(objectname)%00%(upstream:track)%00%(upstream:remotename)%00%(upstream:remoteref) refs/heads/main refs/remotes/main [13ms]
2025-03-18 21:09:53.573 [info] > git config --get --local branch.main.vscode-merge-base [2ms]
2025-03-18 21:09:53.577 [info] > git config --get commit.template [11ms]
2025-03-18 21:09:53.577 [info] > git config --get commit.template [14ms]
2025-03-18 21:09:53.578 [info] > git for-each-ref --format=%(refname)%00%(upstream:short)%00%(objectname)%00%(upstream:track)%00%(upstream:remotename)%00%(upstream:remoteref) refs/heads/origin/main refs/remotes/origin/main [2ms]
2025-03-18 21:09:53.590 [info] > git for-each-ref --format=%(refname)%00%(upstream:short)%00%(objectname)%00%(upstream:track)%00%(upstream:remotename)%00%(upstream:remoteref) refs/heads/main refs/remotes/main [3ms]
2025-03-18 21:09:53.590 [info] > git merge-base refs/heads/main refs/remotes/origin/main [8ms]
2025-03-18 21:09:53.596 [warning] [Git][revParse] Unable to read file: ENOENT: no such file or directory, open '/home/soufian/.git/refs/remotes/origin/main'
2025-03-18 21:09:53.597 [info] > git for-each-ref --format=%(refname)%00%(upstream:short)%00%(objectname)%00%(upstream:track)%00%(upstream:remotename)%00%(upstream:remoteref) refs/heads/main refs/remotes/main [7ms]
2025-03-18 21:09:53.597 [info] > git diff --name-status -z --diff-filter=ADMR f0556e4dd25fc713b83c171ef78b6bd17a1c10c1...refs/remotes/origin/main [4ms]
2025-03-18 21:09:53.601 [warning] [Git][revParse] Unable to read file: ENOENT: no such file or directory, open '/home/soufian/.git/refs/remotes/origin/main'
2025-03-18 21:09:53.602 [info] > git rev-parse refs/remotes/origin/main [6ms]
2025-03-18 21:09:53.605 [info] > git rev-parse refs/remotes/origin/main [4ms]
2025-03-18 21:09:53.614 [info] > git for-each-ref --sort -committerdate --format %(refname) %(objectname) %(*objectname) [3ms]
2025-03-18 21:09:54.264 [info] > git status -z -uall [656ms] (cancelled)
2025-03-18 21:10:09.040 [info] > git log --format=%H%n%aN%n%aE%n%at%n%ct%n%P%n%D%n%B -z --shortstat --diff-merges=first-parent -n50 --skip=0 --topo-order --decorate=full --stdin [11ms]
2025-03-18 21:10:09.573 [info] > git check-ignore -v -z --stdin [15ms]
