2025-03-18 14:46:54.157 [info] Experiment 'pythonRecommendTensorboardExt' is active
2025-03-18 14:46:54.157 [info] Experiment 'pythonTerminalEnvVarActivation' is active
2025-03-18 14:46:54.157 [info] Experiment 'pythonTestAdapter' is active
2025-03-18 14:46:54.157 [info] Native locator: Refresh started
2025-03-18 14:46:54.165 [info] > pyenv which python
2025-03-18 14:46:54.165 [info] cwd: .
2025-03-18 14:46:54.195 [info] Python interpreter path: /bin/python3
2025-03-18 14:46:54.997 [info] Starting Pylance language server.
2025-03-18 14:46:58.640 [info] Native locator: Refresh finished in 5247 ms
2025-03-18 14:48:18.878 [info] Discover tests for workspace name: holbertonschool-higher_level_programming - uri: /home/soufian/holbertonschool-higher_level_programming/python-object_relational_mapping/0-select_states.py
2025-03-18 14:48:20.071 [info] Discover tests for workspace name: holbertonschool-higher_level_programming - uri: /home/soufian/holbertonschool-higher_level_programming/python-object_relational_mapping/0-select_states.py
2025-03-18 14:48:21.305 [info] Discover tests for workspace name: holbertonschool-higher_level_programming - uri: /home/soufian/holbertonschool-higher_level_programming/python-object_relational_mapping/0-select_states.py
2025-03-18 14:48:21.429 [info] Python interpreter path: /usr/bin/python3
2025-03-18 14:48:31.277 [info] Discover tests for workspace name: holbertonschool-higher_level_programming - uri: /home/soufian/holbertonschool-higher_level_programming/python-object_relational_mapping/1-filter_states.py
2025-03-18 14:48:43.567 [info] Discover tests for workspace name: holbertonschool-higher_level_programming - uri: /home/soufian/holbertonschool-higher_level_programming/python-object_relational_mapping/2-my_filter_states.py
2025-03-18 14:48:57.021 [info] Discover tests for workspace name: holbertonschool-higher_level_programming - uri: /home/soufian/holbertonschool-higher_level_programming/python-object_relational_mapping/3-my_safe_filter_states.py
2025-03-18 14:49:12.217 [info] Discover tests for workspace name: holbertonschool-higher_level_programming - uri: /home/soufian/holbertonschool-higher_level_programming/python-object_relational_mapping/4-cities_by_state.py
2025-03-18 14:50:29.768 [info] Discover tests for workspace name: holbertonschool-higher_level_programming - uri: /home/soufian/holbertonschool-higher_level_programming/python-object_relational_mapping/5-filter_cities.py
2025-03-18 14:50:31.619 [info] Discover tests for workspace name: holbertonschool-higher_level_programming - uri: /home/soufian/holbertonschool-higher_level_programming/python-object_relational_mapping/5-filter_cities.py
2025-03-18 14:51:39.845 [info] Discover tests for workspace name: holbertonschool-higher_level_programming - uri: /home/soufian/holbertonschool-higher_level_programming/python-object_relational_mapping/6-model_state.py
2025-03-18 14:52:04.890 [info] Discover tests for workspace name: holbertonschool-higher_level_programming - uri: /home/soufian/holbertonschool-higher_level_programming/python-object_relational_mapping/7-model_state_fetch_all.py
2025-03-18 14:52:28.056 [info] Discover tests for workspace name: holbertonschool-higher_level_programming - uri: /home/soufian/holbertonschool-higher_level_programming/python-object_relational_mapping/8-model_state_fetch_first.py
2025-03-18 14:52:40.321 [info] Discover tests for workspace name: holbertonschool-higher_level_programming - uri: /home/soufian/holbertonschool-higher_level_programming/python-object_relational_mapping/9-model_state_filter_a.py
2025-03-18 14:52:50.244 [info] Discover tests for workspace name: holbertonschool-higher_level_programming - uri: /home/soufian/holbertonschool-higher_level_programming/python-object_relational_mapping/10-model_state_my_get.py
2025-03-18 14:53:00.187 [info] Discover tests for workspace name: holbertonschool-higher_level_programming - uri: /home/soufian/holbertonschool-higher_level_programming/python-object_relational_mapping/11-model_state_insert.py
2025-03-18 14:53:12.684 [info] Discover tests for workspace name: holbertonschool-higher_level_programming - uri: /home/soufian/holbertonschool-higher_level_programming/python-object_relational_mapping/12-model_state_update_id_2.py
2025-03-18 14:53:23.607 [info] Discover tests for workspace name: holbertonschool-higher_level_programming - uri: /home/soufian/holbertonschool-higher_level_programming/python-object_relational_mapping/13-model_state_delete_a.py
2025-03-18 14:53:33.677 [info] Discover tests for workspace name: holbertonschool-higher_level_programming - uri: /home/soufian/holbertonschool-higher_level_programming/python-object_relational_mapping/14-model_city_fetch_by_state.py
2025-03-18 14:55:12.931 [info] Discover tests for workspace name: holbertonschool-higher_level_programming - uri: /home/soufian/holbertonschool-higher_level_programming/python-object_relational_mapping/model_city.py
2025-03-18 14:55:14.244 [info] Discover tests for workspace name: holbertonschool-higher_level_programming - uri: /home/soufian/holbertonschool-higher_level_programming/python-object_relational_mapping/model_city.py
2025-03-18 14:55:24.571 [info] Discover tests for workspace name: holbertonschool-higher_level_programming - uri: /home/soufian/holbertonschool-higher_level_programming/python-object_relational_mapping/model_state.py
2025-03-18 15:01:01.697 [info] Discover tests for workspace name: holbertonschool-higher_level_programming - uri: /home/soufian/holbertonschool-higher_level_programming/restful-api/task_04_flask.py
2025-03-18 15:01:03.615 [info] Discover tests for workspace name: holbertonschool-higher_level_programming - uri: /home/soufian/holbertonschool-higher_level_programming/restful-api/task_04_flask.py
2025-03-18 15:01:22.540 [info] Discover tests for workspace name: holbertonschool-higher_level_programming - uri: /home/soufian/holbertonschool-higher_level_programming/restful-api/task_05_basic_security.py
2025-03-18 15:01:24.144 [info] Discover tests for workspace name: holbertonschool-higher_level_programming - uri: /home/soufian/holbertonschool-higher_level_programming/restful-api/task_05_basic_security.py
