2025-03-18 14:46:54.942 [info] (Client) Pylance async client (2025.3.2) started with python extension (2025.2.0)
2025-03-18 14:46:54.960 [info] [Info  - 2:46:54 PM] (4325) Server root directory: file:///home/soufian/.vscode-server/extensions/ms-python.vscode-pylance-2025.3.2/dist
2025-03-18 14:46:54.960 [info] [Info  - 2:46:54 PM] (4325) Pylance language server 2025.3.2 (pyright version 1.1.396, commit 3e2236a7) starting
2025-03-18 14:46:54.971 [info] [Info  - 2:46:54 PM] (4325) Starting service instance "holbertonschool-higher_level_programming"
2025-03-18 14:46:55.052 [info] [Info  - 2:46:55 PM] (4325) Setting environmentName for service "holbertonschool-higher_level_programming": "3.10.12 (global)"
2025-03-18 14:46:55.052 [info] [Info  - 2:46:55 PM] (4325) Setting pythonPath for service "holbertonschool-higher_level_programming": "/usr/bin/python3"
2025-03-18 14:46:55.053 [info] [Info  - 2:46:55 PM] (4325) No include entries specified; assuming /home/soufian/holbertonschool-higher_level_programming
2025-03-18 14:46:55.054 [info] [Info  - 2:46:55 PM] (4325) Auto-excluding **/node_modules
2025-03-18 14:46:55.054 [info] [Info  - 2:46:55 PM] (4325) Auto-excluding **/__pycache__
2025-03-18 14:46:55.054 [info] [Info  - 2:46:55 PM] (4325) Auto-excluding **/.*
2025-03-18 14:46:55.087 [info] [Info  - 2:46:55 PM] (4325) Assuming Python version 3.10.12.final.0
2025-03-18 14:46:55.249 [info] [Info  - 2:46:55 PM] (4325) Found 194 source files
2025-03-18 14:46:55.765 [info] [Info  - 2:46:55 PM] (4325) Background analysis(1) root directory: file:///home/soufian/.vscode-server/extensions/ms-python.vscode-pylance-2025.3.2/dist
2025-03-18 14:46:55.768 [info] [Info  - 2:46:55 PM] (4325) Background analysis(1) started
2025-03-18 14:46:55.990 [info] [Info  - 2:46:55 PM] (4325) Indexer background runner(2) root directory: file:///home/soufian/.vscode-server/extensions/ms-python.vscode-pylance-2025.3.2/dist (index)
2025-03-18 14:46:55.990 [info] [Info  - 2:46:55 PM] (4325) Indexing(2) started
2025-03-18 14:46:56.806 [info] [Info  - 2:46:56 PM] (4325) scanned(2) 81 files over 1 exec env
2025-03-18 14:46:58.550 [info] [Info  - 2:46:58 PM] (4325) indexed(2) 81 files over 1 exec env
2025-03-18 14:46:58.591 [info] [Info  - 2:46:58 PM] (4325) Indexing finished(2).
2025-03-18 14:51:04.992 [info] [Info  - 2:51:04 PM] (4325) Found 195 source files
2025-03-18 14:54:46.769 [info] [Info  - 2:54:46 PM] (4325) Found 196 source files
2025-03-18 14:55:26.765 [info] [Info  - 2:55:26 PM] (4325) Setting environmentName for service "holbertonschool-higher_level_programming": "3.10.12 (global)"
2025-03-18 14:55:26.766 [info] [Info  - 2:55:26 PM] (4325) Setting pythonPath for service "holbertonschool-higher_level_programming": "/usr/bin/python3"
2025-03-18 14:55:26.766 [info] [Info  - 2:55:26 PM] (4325) No include entries specified; assuming /home/soufian/holbertonschool-higher_level_programming
2025-03-18 14:55:26.767 [info] [Info  - 2:55:26 PM] (4325) Auto-excluding **/node_modules
2025-03-18 14:55:26.770 [info] [Info  - 2:55:26 PM] (4325) Auto-excluding **/__pycache__
2025-03-18 14:55:26.770 [info] [Info  - 2:55:26 PM] (4325) Auto-excluding **/.*
2025-03-18 14:55:26.821 [info] [Info  - 2:55:26 PM] (4325) Assuming Python version 3.10.12.final.0
2025-03-18 14:55:26.924 [info] [Info  - 2:55:26 PM] (4325) Found 196 source files
2025-03-18 14:55:27.504 [info] [Info  - 2:55:27 PM] (4325) Indexer background runner(3) root directory: file:///home/soufian/.vscode-server/extensions/ms-python.vscode-pylance-2025.3.2/dist (index)
2025-03-18 14:55:27.505 [info] [Info  - 2:55:27 PM] (4325) Indexing(3) started
2025-03-18 14:55:27.853 [info] [Info  - 2:55:27 PM] (4325) scanned(3) 81 files over 1 exec env
2025-03-18 14:55:28.097 [info] [Info  - 2:55:28 PM] (4325) indexed(3) 81 files over 1 exec env
2025-03-18 14:55:28.132 [info] [Info  - 2:55:28 PM] (4325) Indexing finished(3).
2025-03-18 14:58:01.585 [info] [Info  - 2:58:01 PM] (4325) Found 198 source files
2025-03-18 15:08:49.346 [info] [Info  - 3:08:49 PM] (4325) Indexer background runner(4) root directory: file:///home/soufian/.vscode-server/extensions/ms-python.vscode-pylance-2025.3.2/dist (refresh)
2025-03-18 15:08:49.346 [info] [Info  - 3:08:49 PM] (4325) Indexing(4) started
2025-03-18 15:08:50.127 [info] [Info  - 3:08:50 PM] (4325) scanned(4) 82 files over 1 exec env
2025-03-18 15:08:50.562 [info] [Info  - 3:08:50 PM] (4325) indexed(4) 82 files over 1 exec env
2025-03-18 15:08:50.589 [info] [Info  - 3:08:50 PM] (4325) Indexing finished(4).
