Initializing document watcher...
Document watcher initialized
holbertonschool-higher_level_programming/SQL_introduction/6-list_values.sql: {}
holbertonschool-higher_level_programming/SQL_introduction/6-list_values.sql: {}
holbertonschool-higher_level_programming/SQL_introduction/6-list_values.sql: {}
holbertonschool-higher_level_programming/SQL_introduction/6-list_values.sql: {}
holbertonschool-higher_level_programming/SQL_introduction/6-list_values.sql: {}
holbertonschool-higher_level_programming/SQL_introduction/6-list_values.sql: {}
holbertonschool-higher_level_programming/SQL_introduction/6-list_values.sql: {}
holbertonschool-higher_level_programming/SQL_introduction/6-list_values.sql: {}
holbertonschool-higher_level_programming/SQL_introduction/README.md: {}
holbertonschool-higher_level_programming/SQL_introduction/README.md: {}
holbertonschool-higher_level_programming/SQL_introduction/README.md: {}
holbertonschool-higher_level_programming/SQL_introduction/README.md: {}
holbertonschool-higher_level_programming/SQL_introduction/README.md: {}
holbertonschool-higher_level_programming/SQL_introduction/README.md: {}
holbertonschool-higher_level_programming/SQL_introduction/README.md: {}
holbertonschool-higher_level_programming/SQL_introduction/6-list_values.sql: {}
holbertonschool-higher_level_programming/SQL_introduction/7-list_values.sql: {}
holbertonschool-higher_level_programming/SQL_introduction/6-list_values.sql: {}
holbertonschool-higher_level_programming/SQL_introduction/6-list_values.sql: {}
holbertonschool-higher_level_programming/SQL_introduction/6-list_values.sql: {}
holbertonschool-higher_level_programming/SQL_introduction/7-list_values.sql: {}
holbertonschool-higher_level_programming/SQL_introduction/7-list_values.sql: Using EditorConfig core...
holbertonschool-higher_level_programming/SQL_introduction/7-list_values.sql: Using EditorConfig core...
holbertonschool-higher_level_programming/SQL_introduction/7-list_values.sql: {}
holbertonschool-higher_level_programming/SQL_introduction/8-list_values.sql: {}
holbertonschool-higher_level_programming/SQL_introduction/8-list_values.sql: Using EditorConfig core...
holbertonschool-higher_level_programming/SQL_introduction/8-list_values.sql: Using EditorConfig core...
holbertonschool-higher_level_programming/SQL_introduction/8-list_values.sql: {}
holbertonschool-higher_level_programming/SQL_introduction/8-list_values.sql: {}
holbertonschool-higher_level_programming/SQL_introduction/8-list_values.sql: {}
