2025-03-12 22:46:48.034 [info] [main] Log level: Info
2025-03-12 22:46:48.034 [info] [main] Validating found git in: "git"
2025-03-12 22:46:48.034 [info] [main] Using git "2.34.1" from "git"
2025-03-12 22:46:48.034 [info] [Model][doInitialScan] Initial repository scan started
2025-03-12 22:46:48.034 [info] > git rev-parse --show-toplevel [7ms]
2025-03-12 22:46:48.035 [info] > git rev-parse --git-dir --git-common-dir [7ms]
2025-03-12 22:46:48.056 [info] [Model][openRepository] Opened repository: /home/soufian/holbertonschool-higher_level_programming
2025-03-12 22:46:48.122 [info] > git rev-parse --show-toplevel [55ms]
2025-03-12 22:46:48.123 [info] > git config --get commit.template [59ms]
2025-03-12 22:46:48.135 [info] > git for-each-ref --format=%(refname)%00%(upstream:short)%00%(objectname)%00%(upstream:track)%00%(upstream:remotename)%00%(upstream:remoteref) refs/heads/main refs/remotes/main [7ms]
2025-03-12 22:46:48.136 [info] > git rev-parse --show-toplevel [3ms]
2025-03-12 22:46:48.149 [info] > git status -z -uall [6ms]
2025-03-12 22:46:48.151 [info] > git rev-parse --show-toplevel [12ms]
2025-03-12 22:46:48.154 [info] > git for-each-ref --sort -committerdate --format %(refname) %(objectname) %(*objectname) [8ms]
2025-03-12 22:46:48.200 [info] > git for-each-ref --format=%(refname)%00%(upstream:short)%00%(objectname)%00%(upstream:track)%00%(upstream:remotename)%00%(upstream:remoteref) refs/heads/main refs/remotes/main [10ms]
2025-03-12 22:46:48.205 [info] > git rev-parse --show-toplevel [52ms]
2025-03-12 22:46:48.212 [info] > git config --get --local branch.main.vscode-merge-base [6ms]
2025-03-12 22:46:48.212 [warning] [Git][config] git config failed: Failed to execute git
2025-03-12 22:46:48.217 [info] > git config --get commit.template [19ms]
2025-03-12 22:46:48.218 [info] > git rev-parse --show-toplevel [8ms]
2025-03-12 22:46:48.225 [info] > git for-each-ref --format=%(refname)%00%(upstream:short)%00%(objectname)%00%(upstream:track)%00%(upstream:remotename)%00%(upstream:remoteref) refs/heads/main refs/remotes/main [3ms]
2025-03-12 22:46:48.225 [info] > git rev-parse --show-toplevel [1ms]
2025-03-12 22:46:48.235 [info] > git status -z -uall [4ms]
2025-03-12 22:46:48.236 [info] > git rev-parse --show-toplevel [8ms]
2025-03-12 22:46:48.240 [info] > git for-each-ref --sort -committerdate --format %(refname) %(objectname) %(*objectname) [6ms]
2025-03-12 22:46:48.253 [info] > git for-each-ref --format=%(refname)%00%(upstream:short)%00%(objectname)%00%(upstream:track)%00%(upstream:remotename)%00%(upstream:remoteref) refs/heads/main refs/remotes/main [7ms]
2025-03-12 22:46:48.256 [info] > git rev-parse --show-toplevel [17ms]
2025-03-12 22:46:48.262 [info] > git config --get --local branch.main.vscode-merge-base [6ms]
2025-03-12 22:46:48.262 [warning] [Git][config] git config failed: Failed to execute git
2025-03-12 22:46:48.266 [info] > git rev-parse --show-toplevel [5ms]
2025-03-12 22:46:48.271 [info] > git rev-parse --show-toplevel [1ms]
2025-03-12 22:46:48.276 [info] > git rev-parse --show-toplevel [2ms]
2025-03-12 22:46:48.281 [info] > git rev-parse --show-toplevel [1ms]
2025-03-12 22:46:48.285 [info] > git rev-parse --show-toplevel [1ms]
2025-03-12 22:46:48.291 [info] > git rev-parse --show-toplevel [1ms]
2025-03-12 22:46:48.296 [info] > git rev-parse --show-toplevel [2ms]
2025-03-12 22:46:48.303 [info] > git rev-parse --show-toplevel [4ms]
2025-03-12 22:46:48.307 [info] [Model][doInitialScan] Initial repository scan completed - repositories (1), closed repositories (0), parent repositories (0), unsafe repositories (0)
2025-03-12 22:46:48.358 [info] > git reflog main --grep-reflog=branch: Created from *. [141ms]
2025-03-12 22:46:48.361 [info] > git reflog main --grep-reflog=branch: Created from *. [96ms]
2025-03-12 22:46:48.369 [info] > git symbolic-ref --short refs/remotes/origin/HEAD [9ms]
2025-03-12 22:46:48.369 [info] fatal: ref refs/remotes/origin/HEAD is not a symbolic ref
2025-03-12 22:46:48.369 [warning] [Repository][getDefaultBranch] Failed to get default branch details: Failed to execute git.
2025-03-12 22:46:48.375 [info] > git symbolic-ref --short refs/remotes/origin/HEAD [12ms]
2025-03-12 22:46:48.375 [info] fatal: ref refs/remotes/origin/HEAD is not a symbolic ref
2025-03-12 22:46:48.375 [warning] [Repository][getDefaultBranch] Failed to get default branch details: Failed to execute git.
2025-03-12 22:46:48.379 [info] > git merge-base refs/heads/main refs/remotes/origin/main [6ms]
2025-03-12 22:46:48.384 [info] > git merge-base refs/heads/main refs/remotes/origin/main [6ms]
2025-03-12 22:46:48.388 [info] > git diff --name-status -z --diff-filter=ADMR d43e6b8c528d6734a889e2d1d1bc5d2e9f5c63a2...refs/remotes/origin/main [5ms]
2025-03-12 22:46:48.389 [info] > git diff --name-status -z --diff-filter=ADMR d43e6b8c528d6734a889e2d1d1bc5d2e9f5c63a2...refs/remotes/origin/main [2ms]
2025-03-12 22:46:48.565 [info] > git show --textconv :SQL_introduction/6-list_values.sql [4ms]
2025-03-12 22:46:48.566 [info] > git ls-files --stage -- /home/soufian/holbertonschool-higher_level_programming/SQL_introduction/6-list_values.sql [2ms]
2025-03-12 22:46:48.570 [info] > git cat-file -s d28e86fc2b459d6e2b5f038eaf3c1d0040f2c10e [1ms]
2025-03-12 22:46:48.628 [info] > git check-ignore -v -z --stdin [2ms]
2025-03-12 22:46:48.633 [info] > git blame --root --incremental d43e6b8c528d6734a889e2d1d1bc5d2e9f5c63a2 -- /home/soufian/holbertonschool-higher_level_programming/SQL_introduction/6-list_values.sql [9ms]
2025-03-12 22:46:48.678 [info] > git fetch [623ms]
2025-03-12 22:46:48.685 [info] > git config --get commit.template [3ms]
2025-03-12 22:46:48.685 [info] > git for-each-ref --format=%(refname)%00%(upstream:short)%00%(objectname)%00%(upstream:track)%00%(upstream:remotename)%00%(upstream:remoteref) refs/heads/main refs/remotes/main [1ms]
2025-03-12 22:46:48.691 [info] > git status -z -uall [3ms]
2025-03-12 22:46:48.692 [info] > git for-each-ref --sort -committerdate --format %(refname) %(objectname) %(*objectname) [2ms]
2025-03-12 22:46:49.814 [info] > git config --get commit.template [3ms]
2025-03-12 22:46:49.815 [info] > git for-each-ref --format=%(refname)%00%(upstream:short)%00%(objectname)%00%(upstream:track)%00%(upstream:remotename)%00%(upstream:remoteref) refs/heads/main refs/remotes/main [2ms]
2025-03-12 22:46:49.822 [info] > git status -z -uall [4ms]
2025-03-12 22:46:49.823 [info] > git for-each-ref --sort -committerdate --format %(refname) %(objectname) %(*objectname) [1ms]
2025-03-12 22:46:49.916 [info] > git ls-files --stage -- /home/soufian/holbertonschool-higher_level_programming/SQL_introduction/6-list_values.sql [1ms]
2025-03-12 22:46:49.919 [info] > git cat-file -s d28e86fc2b459d6e2b5f038eaf3c1d0040f2c10e [1ms]
2025-03-12 22:46:49.928 [info] > git show --textconv :SQL_introduction/6-list_values.sql [2ms]
2025-03-12 22:49:49.184 [info] > git fetch [485ms]
2025-03-12 22:49:49.191 [info] > git config --get commit.template [3ms]
2025-03-12 22:49:49.191 [info] > git for-each-ref --format=%(refname)%00%(upstream:short)%00%(objectname)%00%(upstream:track)%00%(upstream:remotename)%00%(upstream:remoteref) refs/heads/main refs/remotes/main [1ms]
2025-03-12 22:49:49.199 [info] > git status -z -uall [4ms]
2025-03-12 22:49:49.200 [info] > git for-each-ref --sort -committerdate --format %(refname) %(objectname) %(*objectname) [2ms]
2025-03-12 22:49:50.361 [info] > git config --get commit.template [4ms]
2025-03-12 22:49:50.361 [info] > git for-each-ref --format=%(refname)%00%(upstream:short)%00%(objectname)%00%(upstream:track)%00%(upstream:remotename)%00%(upstream:remoteref) refs/heads/main refs/remotes/main [2ms]
2025-03-12 22:49:50.369 [info] > git status -z -uall [5ms]
2025-03-12 22:49:50.370 [info] > git for-each-ref --sort -committerdate --format %(refname) %(objectname) %(*objectname) [2ms]
2025-03-12 22:49:50.461 [info] > git ls-files --stage -- /home/soufian/holbertonschool-higher_level_programming/SQL_introduction/6-list_values.sql [1ms]
2025-03-12 22:49:50.465 [info] > git cat-file -s d28e86fc2b459d6e2b5f038eaf3c1d0040f2c10e [1ms]
2025-03-12 22:49:50.475 [info] > git show --textconv :SQL_introduction/6-list_values.sql [3ms]
2025-03-12 22:52:49.651 [info] > git fetch [443ms]
2025-03-12 22:52:49.659 [info] > git config --get commit.template [3ms]
2025-03-12 22:52:49.659 [info] > git for-each-ref --format=%(refname)%00%(upstream:short)%00%(objectname)%00%(upstream:track)%00%(upstream:remotename)%00%(upstream:remoteref) refs/heads/main refs/remotes/main [1ms]
2025-03-12 22:52:49.666 [info] > git status -z -uall [4ms]
2025-03-12 22:52:49.667 [info] > git for-each-ref --sort -committerdate --format %(refname) %(objectname) %(*objectname) [1ms]
2025-03-12 22:52:50.820 [info] > git config --get commit.template [3ms]
2025-03-12 22:52:50.821 [info] > git for-each-ref --format=%(refname)%00%(upstream:short)%00%(objectname)%00%(upstream:track)%00%(upstream:remotename)%00%(upstream:remoteref) refs/heads/main refs/remotes/main [1ms]
2025-03-12 22:52:50.827 [info] > git status -z -uall [3ms]
2025-03-12 22:52:50.828 [info] > git for-each-ref --sort -committerdate --format %(refname) %(objectname) %(*objectname) [2ms]
2025-03-12 22:52:50.921 [info] > git ls-files --stage -- /home/soufian/holbertonschool-higher_level_programming/SQL_introduction/6-list_values.sql [1ms]
2025-03-12 22:52:50.925 [info] > git cat-file -s d28e86fc2b459d6e2b5f038eaf3c1d0040f2c10e [1ms]
2025-03-12 22:52:50.933 [info] > git show --textconv :SQL_introduction/6-list_values.sql [2ms]
2025-03-12 22:55:50.139 [info] > git fetch [466ms]
2025-03-12 22:55:50.144 [info] > git config --get commit.template [1ms]
2025-03-12 22:55:50.150 [info] > git for-each-ref --format=%(refname)%00%(upstream:short)%00%(objectname)%00%(upstream:track)%00%(upstream:remotename)%00%(upstream:remoteref) refs/heads/main refs/remotes/main [1ms]
2025-03-12 22:55:50.158 [info] > git status -z -uall [5ms]
2025-03-12 22:55:50.159 [info] > git for-each-ref --sort -committerdate --format %(refname) %(objectname) %(*objectname) [2ms]
2025-03-12 22:55:51.272 [info] > git config --get commit.template [3ms]
2025-03-12 22:55:51.272 [info] > git for-each-ref --format=%(refname)%00%(upstream:short)%00%(objectname)%00%(upstream:track)%00%(upstream:remotename)%00%(upstream:remoteref) refs/heads/main refs/remotes/main [1ms]
2025-03-12 22:55:51.280 [info] > git status -z -uall [4ms]
2025-03-12 22:55:51.281 [info] > git for-each-ref --sort -committerdate --format %(refname) %(objectname) %(*objectname) [2ms]
2025-03-12 22:55:51.372 [info] > git ls-files --stage -- /home/soufian/holbertonschool-higher_level_programming/SQL_introduction/6-list_values.sql [1ms]
2025-03-12 22:55:51.376 [info] > git cat-file -s d28e86fc2b459d6e2b5f038eaf3c1d0040f2c10e [1ms]
2025-03-12 22:55:51.385 [info] > git show --textconv :SQL_introduction/6-list_values.sql [2ms]
2025-03-12 22:58:50.665 [info] > git fetch [496ms]
2025-03-12 22:58:50.673 [info] > git config --get commit.template [3ms]
2025-03-12 22:58:50.674 [info] > git for-each-ref --format=%(refname)%00%(upstream:short)%00%(objectname)%00%(upstream:track)%00%(upstream:remotename)%00%(upstream:remoteref) refs/heads/main refs/remotes/main [1ms]
2025-03-12 22:58:50.681 [info] > git for-each-ref --sort -committerdate --format %(refname) %(objectname) %(*objectname) [2ms]
2025-03-12 22:58:50.689 [info] > git status -z -uall [12ms]
2025-03-12 22:58:51.794 [info] > git config --get commit.template [3ms]
2025-03-12 22:58:51.796 [info] > git for-each-ref --format=%(refname)%00%(upstream:short)%00%(objectname)%00%(upstream:track)%00%(upstream:remotename)%00%(upstream:remoteref) refs/heads/main refs/remotes/main [1ms]
2025-03-12 22:58:51.803 [info] > git status -z -uall [4ms]
2025-03-12 22:58:51.804 [info] > git for-each-ref --sort -committerdate --format %(refname) %(objectname) %(*objectname) [2ms]
2025-03-12 22:58:51.897 [info] > git ls-files --stage -- /home/soufian/holbertonschool-higher_level_programming/SQL_introduction/6-list_values.sql [2ms]
2025-03-12 22:58:51.901 [info] > git cat-file -s d28e86fc2b459d6e2b5f038eaf3c1d0040f2c10e [2ms]
2025-03-12 22:58:51.909 [info] > git show --textconv :SQL_introduction/6-list_values.sql [2ms]
2025-03-12 23:01:51.173 [info] > git fetch [479ms]
2025-03-12 23:01:51.179 [info] > git config --get commit.template [2ms]
2025-03-12 23:01:51.179 [info] > git for-each-ref --format=%(refname)%00%(upstream:short)%00%(objectname)%00%(upstream:track)%00%(upstream:remotename)%00%(upstream:remoteref) refs/heads/main refs/remotes/main [1ms]
2025-03-12 23:01:51.186 [info] > git status -z -uall [3ms]
2025-03-12 23:01:51.187 [info] > git for-each-ref --sort -committerdate --format %(refname) %(objectname) %(*objectname) [2ms]
2025-03-12 23:01:52.340 [info] > git config --get commit.template [3ms]
2025-03-12 23:01:52.341 [info] > git for-each-ref --format=%(refname)%00%(upstream:short)%00%(objectname)%00%(upstream:track)%00%(upstream:remotename)%00%(upstream:remoteref) refs/heads/main refs/remotes/main [1ms]
2025-03-12 23:01:52.348 [info] > git status -z -uall [4ms]
2025-03-12 23:01:52.348 [info] > git for-each-ref --sort -committerdate --format %(refname) %(objectname) %(*objectname) [1ms]
2025-03-12 23:01:52.441 [info] > git ls-files --stage -- /home/soufian/holbertonschool-higher_level_programming/SQL_introduction/6-list_values.sql [1ms]
2025-03-12 23:01:52.445 [info] > git cat-file -s d28e86fc2b459d6e2b5f038eaf3c1d0040f2c10e [1ms]
2025-03-12 23:01:52.454 [info] > git show --textconv :SQL_introduction/6-list_values.sql [2ms]
2025-03-12 23:04:51.687 [info] > git fetch [494ms]
2025-03-12 23:04:51.695 [info] > git config --get commit.template [4ms]
2025-03-12 23:04:51.696 [info] > git for-each-ref --format=%(refname)%00%(upstream:short)%00%(objectname)%00%(upstream:track)%00%(upstream:remotename)%00%(upstream:remoteref) refs/heads/main refs/remotes/main [2ms]
2025-03-12 23:04:51.703 [info] > git status -z -uall [4ms]
2025-03-12 23:04:51.704 [info] > git for-each-ref --sort -committerdate --format %(refname) %(objectname) %(*objectname) [1ms]
2025-03-12 23:04:52.864 [info] > git config --get commit.template [6ms]
2025-03-12 23:04:52.864 [info] > git for-each-ref --format=%(refname)%00%(upstream:short)%00%(objectname)%00%(upstream:track)%00%(upstream:remotename)%00%(upstream:remoteref) refs/heads/main refs/remotes/main [2ms]
2025-03-12 23:04:52.871 [info] > git status -z -uall [4ms]
2025-03-12 23:04:52.872 [info] > git for-each-ref --sort -committerdate --format %(refname) %(objectname) %(*objectname) [2ms]
2025-03-12 23:04:52.961 [info] > git ls-files --stage -- /home/soufian/holbertonschool-higher_level_programming/SQL_introduction/6-list_values.sql [1ms]
2025-03-12 23:04:52.964 [info] > git cat-file -s d28e86fc2b459d6e2b5f038eaf3c1d0040f2c10e [1ms]
2025-03-12 23:04:52.975 [info] > git show --textconv :SQL_introduction/6-list_values.sql [4ms]
2025-03-12 23:07:52.137 [info] > git fetch [427ms]
2025-03-12 23:07:52.144 [info] > git config --get commit.template [4ms]
2025-03-12 23:07:52.145 [info] > git for-each-ref --format=%(refname)%00%(upstream:short)%00%(objectname)%00%(upstream:track)%00%(upstream:remotename)%00%(upstream:remoteref) refs/heads/main refs/remotes/main [2ms]
2025-03-12 23:07:52.152 [info] > git status -z -uall [4ms]
2025-03-12 23:07:52.153 [info] > git for-each-ref --sort -committerdate --format %(refname) %(objectname) %(*objectname) [2ms]
2025-03-12 23:07:53.310 [info] > git config --get commit.template [3ms]
2025-03-12 23:07:53.311 [info] > git for-each-ref --format=%(refname)%00%(upstream:short)%00%(objectname)%00%(upstream:track)%00%(upstream:remotename)%00%(upstream:remoteref) refs/heads/main refs/remotes/main [1ms]
2025-03-12 23:07:53.317 [info] > git status -z -uall [3ms]
2025-03-12 23:07:53.318 [info] > git for-each-ref --sort -committerdate --format %(refname) %(objectname) %(*objectname) [1ms]
2025-03-12 23:07:53.411 [info] > git ls-files --stage -- /home/soufian/holbertonschool-higher_level_programming/SQL_introduction/6-list_values.sql [1ms]
2025-03-12 23:07:53.415 [info] > git cat-file -s d28e86fc2b459d6e2b5f038eaf3c1d0040f2c10e [1ms]
2025-03-12 23:07:53.423 [info] > git show --textconv :SQL_introduction/6-list_values.sql [1ms]
2025-03-12 23:10:52.610 [info] > git fetch [452ms]
2025-03-12 23:10:52.616 [info] > git config --get commit.template [1ms]
2025-03-12 23:10:52.620 [info] > git for-each-ref --format=%(refname)%00%(upstream:short)%00%(objectname)%00%(upstream:track)%00%(upstream:remotename)%00%(upstream:remoteref) refs/heads/main refs/remotes/main [2ms]
2025-03-12 23:10:52.627 [info] > git status -z -uall [4ms]
2025-03-12 23:10:52.628 [info] > git for-each-ref --sort -committerdate --format %(refname) %(objectname) %(*objectname) [2ms]
2025-03-12 23:10:53.743 [info] > git config --get commit.template [4ms]
2025-03-12 23:10:53.744 [info] > git for-each-ref --format=%(refname)%00%(upstream:short)%00%(objectname)%00%(upstream:track)%00%(upstream:remotename)%00%(upstream:remoteref) refs/heads/main refs/remotes/main [1ms]
2025-03-12 23:10:53.751 [info] > git status -z -uall [4ms]
2025-03-12 23:10:53.752 [info] > git for-each-ref --sort -committerdate --format %(refname) %(objectname) %(*objectname) [2ms]
2025-03-12 23:10:53.844 [info] > git ls-files --stage -- /home/soufian/holbertonschool-higher_level_programming/SQL_introduction/6-list_values.sql [1ms]
2025-03-12 23:10:53.848 [info] > git cat-file -s d28e86fc2b459d6e2b5f038eaf3c1d0040f2c10e [1ms]
2025-03-12 23:10:53.858 [info] > git show --textconv :SQL_introduction/6-list_values.sql [2ms]
2025-03-13 00:00:19.210 [info] > git fetch [543ms]
2025-03-13 00:00:19.216 [info] > git config --get commit.template [2ms]
2025-03-13 00:00:19.220 [info] > git for-each-ref --format=%(refname)%00%(upstream:short)%00%(objectname)%00%(upstream:track)%00%(upstream:remotename)%00%(upstream:remoteref) refs/heads/main refs/remotes/main [2ms]
2025-03-13 00:00:19.228 [info] > git for-each-ref --sort -committerdate --format %(refname) %(objectname) %(*objectname) [1ms]
2025-03-13 00:00:19.230 [info] > git status -z -uall [7ms]
2025-03-13 00:00:20.291 [info] > git config --get commit.template [3ms]
2025-03-13 00:00:20.292 [info] > git for-each-ref --format=%(refname)%00%(upstream:short)%00%(objectname)%00%(upstream:track)%00%(upstream:remotename)%00%(upstream:remoteref) refs/heads/main refs/remotes/main [1ms]
2025-03-13 00:00:20.298 [info] > git status -z -uall [3ms]
2025-03-13 00:00:20.299 [info] > git for-each-ref --sort -committerdate --format %(refname) %(objectname) %(*objectname) [1ms]
2025-03-13 00:00:20.394 [info] > git ls-files --stage -- /home/soufian/holbertonschool-higher_level_programming/SQL_introduction/6-list_values.sql [1ms]
2025-03-13 00:00:20.399 [info] > git cat-file -s d28e86fc2b459d6e2b5f038eaf3c1d0040f2c10e [2ms]
2025-03-13 00:00:20.408 [info] > git show --textconv :SQL_introduction/6-list_values.sql [2ms]
2025-03-13 00:00:31.209 [info] > git show --textconv :SQL_introduction/README.md [19ms]
2025-03-13 00:00:31.209 [info] > git ls-files --stage -- /home/soufian/holbertonschool-higher_level_programming/SQL_introduction/README.md [15ms]
2025-03-13 00:00:31.216 [info] > git cat-file -s 621219c7b2abd1d29e3cae9e9ae257935a97ed87 [3ms]
2025-03-13 00:00:44.053 [info] > git config --get commit.template [6ms]
2025-03-13 00:00:44.054 [info] > git for-each-ref --format=%(refname)%00%(upstream:short)%00%(objectname)%00%(upstream:track)%00%(upstream:remotename)%00%(upstream:remoteref) refs/heads/main refs/remotes/main [4ms]
2025-03-13 00:00:44.063 [info] > git status -z -uall [4ms]
2025-03-13 00:00:44.064 [info] > git for-each-ref --sort -committerdate --format %(refname) %(objectname) %(*objectname) [2ms]
2025-03-13 00:00:44.094 [info] > git check-ignore -v -z --stdin [2ms]
2025-03-13 00:01:14.239 [info] > git config --get commit.template [4ms]
2025-03-13 00:01:14.240 [info] > git for-each-ref --format=%(refname)%00%(upstream:short)%00%(objectname)%00%(upstream:track)%00%(upstream:remotename)%00%(upstream:remoteref) refs/heads/main refs/remotes/main [1ms]
2025-03-13 00:01:14.247 [info] > git status -z -uall [4ms]
2025-03-13 00:01:14.248 [info] > git for-each-ref --sort -committerdate --format %(refname) %(objectname) %(*objectname) [2ms]
2025-03-13 00:02:22.871 [info] > git config --get commit.template [4ms]
2025-03-13 00:02:22.872 [info] > git for-each-ref --format=%(refname)%00%(upstream:short)%00%(objectname)%00%(upstream:track)%00%(upstream:remotename)%00%(upstream:remoteref) refs/heads/main refs/remotes/main [1ms]
2025-03-13 00:02:22.880 [info] > git status -z -uall [4ms]
2025-03-13 00:02:22.881 [info] > git for-each-ref --sort -committerdate --format %(refname) %(objectname) %(*objectname) [2ms]
2025-03-13 00:02:22.911 [info] > git check-ignore -v -z --stdin [1ms]
2025-03-13 00:03:19.686 [info] > git fetch [447ms]
2025-03-13 00:03:19.694 [info] > git config --get commit.template [4ms]
2025-03-13 00:03:19.695 [info] > git for-each-ref --format=%(refname)%00%(upstream:short)%00%(objectname)%00%(upstream:track)%00%(upstream:remotename)%00%(upstream:remoteref) refs/heads/main refs/remotes/main [1ms]
2025-03-13 00:03:19.702 [info] > git status -z -uall [4ms]
2025-03-13 00:03:19.703 [info] > git for-each-ref --sort -committerdate --format %(refname) %(objectname) %(*objectname) [2ms]
2025-03-13 00:03:20.819 [info] > git config --get commit.template [4ms]
2025-03-13 00:03:20.819 [info] > git for-each-ref --format=%(refname)%00%(upstream:short)%00%(objectname)%00%(upstream:track)%00%(upstream:remotename)%00%(upstream:remoteref) refs/heads/main refs/remotes/main [1ms]
2025-03-13 00:03:20.826 [info] > git status -z -uall [4ms]
2025-03-13 00:03:20.827 [info] > git for-each-ref --sort -committerdate --format %(refname) %(objectname) %(*objectname) [2ms]
2025-03-13 00:03:20.920 [info] > git ls-files --stage -- /home/soufian/holbertonschool-higher_level_programming/SQL_introduction/README.md [1ms]
2025-03-13 00:03:20.924 [info] > git cat-file -s 621219c7b2abd1d29e3cae9e9ae257935a97ed87 [2ms]
2025-03-13 00:03:20.936 [info] > git show --textconv :SQL_introduction/README.md [2ms]
2025-03-13 00:04:04.756 [info] > git config --get commit.template [2ms]
2025-03-13 00:04:04.761 [info] > git for-each-ref --format=%(refname)%00%(upstream:short)%00%(objectname)%00%(upstream:track)%00%(upstream:remotename)%00%(upstream:remoteref) refs/heads/main refs/remotes/main [2ms]
2025-03-13 00:04:04.769 [info] > git status -z -uall [4ms]
2025-03-13 00:04:04.770 [info] > git for-each-ref --sort -committerdate --format %(refname) %(objectname) %(*objectname) [2ms]
2025-03-13 00:05:40.345 [info] > git config --get commit.template [1ms]
2025-03-13 00:05:40.350 [info] > git for-each-ref --format=%(refname)%00%(upstream:short)%00%(objectname)%00%(upstream:track)%00%(upstream:remotename)%00%(upstream:remoteref) refs/heads/main refs/remotes/main [2ms]
2025-03-13 00:05:40.357 [info] > git status -z -uall [4ms]
2025-03-13 00:05:40.358 [info] > git for-each-ref --sort -committerdate --format %(refname) %(objectname) %(*objectname) [1ms]
2025-03-13 00:05:40.394 [info] > git check-ignore -v -z --stdin [1ms]
2025-03-13 00:06:20.166 [info] > git fetch [458ms]
2025-03-13 00:06:20.174 [info] > git config --get commit.template [4ms]
2025-03-13 00:06:20.175 [info] > git for-each-ref --format=%(refname)%00%(upstream:short)%00%(objectname)%00%(upstream:track)%00%(upstream:remotename)%00%(upstream:remoteref) refs/heads/main refs/remotes/main [1ms]
2025-03-13 00:06:20.183 [info] > git status -z -uall [4ms]
2025-03-13 00:06:20.184 [info] > git for-each-ref --sort -committerdate --format %(refname) %(objectname) %(*objectname) [1ms]
2025-03-13 00:06:21.302 [info] > git config --get commit.template [5ms]
2025-03-13 00:06:21.303 [info] > git for-each-ref --format=%(refname)%00%(upstream:short)%00%(objectname)%00%(upstream:track)%00%(upstream:remotename)%00%(upstream:remoteref) refs/heads/main refs/remotes/main [1ms]
2025-03-13 00:06:21.310 [info] > git status -z -uall [4ms]
2025-03-13 00:06:21.310 [info] > git for-each-ref --sort -committerdate --format %(refname) %(objectname) %(*objectname) [1ms]
2025-03-13 00:06:21.401 [info] > git ls-files --stage -- /home/soufian/holbertonschool-higher_level_programming/SQL_introduction/README.md [2ms]
2025-03-13 00:06:21.405 [info] > git cat-file -s 621219c7b2abd1d29e3cae9e9ae257935a97ed87 [1ms]
2025-03-13 00:06:21.414 [info] > git show --textconv :SQL_introduction/README.md [2ms]
2025-03-13 00:09:20.636 [info] > git fetch [445ms]
2025-03-13 00:09:20.644 [info] > git config --get commit.template [3ms]
2025-03-13 00:09:20.645 [info] > git for-each-ref --format=%(refname)%00%(upstream:short)%00%(objectname)%00%(upstream:track)%00%(upstream:remotename)%00%(upstream:remoteref) refs/heads/main refs/remotes/main [1ms]
2025-03-13 00:09:20.654 [info] > git status -z -uall [5ms]
2025-03-13 00:09:20.655 [info] > git for-each-ref --sort -committerdate --format %(refname) %(objectname) %(*objectname) [2ms]
2025-03-13 00:09:21.774 [info] > git config --get commit.template [5ms]
2025-03-13 00:09:21.774 [info] > git for-each-ref --format=%(refname)%00%(upstream:short)%00%(objectname)%00%(upstream:track)%00%(upstream:remotename)%00%(upstream:remoteref) refs/heads/main refs/remotes/main [2ms]
2025-03-13 00:09:21.781 [info] > git status -z -uall [4ms]
2025-03-13 00:09:21.782 [info] > git for-each-ref --sort -committerdate --format %(refname) %(objectname) %(*objectname) [2ms]
2025-03-13 00:09:21.870 [info] > git ls-files --stage -- /home/soufian/holbertonschool-higher_level_programming/SQL_introduction/README.md [2ms]
2025-03-13 00:09:21.874 [info] > git cat-file -s 621219c7b2abd1d29e3cae9e9ae257935a97ed87 [1ms]
2025-03-13 00:09:21.886 [info] > git show --textconv :SQL_introduction/README.md [5ms]
2025-03-13 00:12:21.122 [info] > git fetch [462ms]
2025-03-13 00:12:21.130 [info] > git config --get commit.template [3ms]
2025-03-13 00:12:21.131 [info] > git for-each-ref --format=%(refname)%00%(upstream:short)%00%(objectname)%00%(upstream:track)%00%(upstream:remotename)%00%(upstream:remoteref) refs/heads/main refs/remotes/main [1ms]
2025-03-13 00:12:21.141 [info] > git status -z -uall [6ms]
2025-03-13 00:12:21.141 [info] > git for-each-ref --sort -committerdate --format %(refname) %(objectname) %(*objectname) [2ms]
2025-03-13 00:12:22.255 [info] > git config --get commit.template [6ms]
2025-03-13 00:12:22.256 [info] > git for-each-ref --format=%(refname)%00%(upstream:short)%00%(objectname)%00%(upstream:track)%00%(upstream:remotename)%00%(upstream:remoteref) refs/heads/main refs/remotes/main [1ms]
2025-03-13 00:12:22.265 [info] > git status -z -uall [5ms]
2025-03-13 00:12:22.266 [info] > git for-each-ref --sort -committerdate --format %(refname) %(objectname) %(*objectname) [2ms]
2025-03-13 00:12:22.355 [info] > git ls-files --stage -- /home/soufian/holbertonschool-higher_level_programming/SQL_introduction/README.md [2ms]
2025-03-13 00:12:22.359 [info] > git cat-file -s 621219c7b2abd1d29e3cae9e9ae257935a97ed87 [1ms]
2025-03-13 00:12:22.369 [info] > git show --textconv :SQL_introduction/README.md [3ms]
2025-03-13 00:13:37.610 [info] > git config --get commit.template [5ms]
2025-03-13 00:13:37.612 [info] > git for-each-ref --format=%(refname)%00%(upstream:short)%00%(objectname)%00%(upstream:track)%00%(upstream:remotename)%00%(upstream:remoteref) refs/heads/main refs/remotes/main [3ms]
2025-03-13 00:13:37.621 [info] > git status -z -uall [3ms]
2025-03-13 00:13:37.621 [info] > git for-each-ref --sort -committerdate --format %(refname) %(objectname) %(*objectname) [1ms]
2025-03-13 00:15:21.639 [info] > git fetch [489ms]
2025-03-13 00:15:21.647 [info] > git config --get commit.template [4ms]
2025-03-13 00:15:21.648 [info] > git for-each-ref --format=%(refname)%00%(upstream:short)%00%(objectname)%00%(upstream:track)%00%(upstream:remotename)%00%(upstream:remoteref) refs/heads/main refs/remotes/main [2ms]
2025-03-13 00:15:21.656 [info] > git status -z -uall [3ms]
2025-03-13 00:15:21.657 [info] > git for-each-ref --sort -committerdate --format %(refname) %(objectname) %(*objectname) [2ms]
2025-03-13 00:15:22.770 [info] > git config --get commit.template [3ms]
2025-03-13 00:15:22.771 [info] > git for-each-ref --format=%(refname)%00%(upstream:short)%00%(objectname)%00%(upstream:track)%00%(upstream:remotename)%00%(upstream:remoteref) refs/heads/main refs/remotes/main [1ms]
2025-03-13 00:15:22.779 [info] > git status -z -uall [4ms]
2025-03-13 00:15:22.780 [info] > git for-each-ref --sort -committerdate --format %(refname) %(objectname) %(*objectname) [1ms]
2025-03-13 00:15:22.873 [info] > git ls-files --stage -- /home/soufian/holbertonschool-higher_level_programming/SQL_introduction/README.md [1ms]
2025-03-13 00:15:22.878 [info] > git cat-file -s 621219c7b2abd1d29e3cae9e9ae257935a97ed87 [2ms]
2025-03-13 00:15:22.890 [info] > git show --textconv :SQL_introduction/README.md [2ms]
2025-03-13 00:18:22.189 [info] > git fetch [523ms]
2025-03-13 00:18:22.199 [info] > git config --get commit.template [5ms]
2025-03-13 00:18:22.201 [info] > git for-each-ref --format=%(refname)%00%(upstream:short)%00%(objectname)%00%(upstream:track)%00%(upstream:remotename)%00%(upstream:remoteref) refs/heads/main refs/remotes/main [2ms]
2025-03-13 00:18:22.211 [info] > git status -z -uall [6ms]
2025-03-13 00:18:22.212 [info] > git for-each-ref --sort -committerdate --format %(refname) %(objectname) %(*objectname) [2ms]
2025-03-13 00:18:23.272 [info] > git config --get commit.template [4ms]
2025-03-13 00:18:23.273 [info] > git for-each-ref --format=%(refname)%00%(upstream:short)%00%(objectname)%00%(upstream:track)%00%(upstream:remotename)%00%(upstream:remoteref) refs/heads/main refs/remotes/main [1ms]
2025-03-13 00:18:23.283 [info] > git status -z -uall [6ms]
2025-03-13 00:18:23.284 [info] > git for-each-ref --sort -committerdate --format %(refname) %(objectname) %(*objectname) [2ms]
2025-03-13 00:18:23.374 [info] > git ls-files --stage -- /home/soufian/holbertonschool-higher_level_programming/SQL_introduction/README.md [2ms]
2025-03-13 00:18:23.378 [info] > git cat-file -s 621219c7b2abd1d29e3cae9e9ae257935a97ed87 [2ms]
2025-03-13 00:18:23.388 [info] > git show --textconv :SQL_introduction/README.md [2ms]
2025-03-13 00:21:22.703 [info] > git fetch [482ms]
2025-03-13 00:21:22.709 [info] > git config --get commit.template [0ms]
2025-03-13 00:21:22.713 [info] > git for-each-ref --format=%(refname)%00%(upstream:short)%00%(objectname)%00%(upstream:track)%00%(upstream:remotename)%00%(upstream:remoteref) refs/heads/main refs/remotes/main [1ms]
2025-03-13 00:21:22.720 [info] > git status -z -uall [4ms]
2025-03-13 00:21:22.722 [info] > git for-each-ref --sort -committerdate --format %(refname) %(objectname) %(*objectname) [3ms]
2025-03-13 00:21:23.837 [info] > git config --get commit.template [3ms]
2025-03-13 00:21:23.838 [info] > git for-each-ref --format=%(refname)%00%(upstream:short)%00%(objectname)%00%(upstream:track)%00%(upstream:remotename)%00%(upstream:remoteref) refs/heads/main refs/remotes/main [1ms]
2025-03-13 00:21:23.845 [info] > git status -z -uall [3ms]
2025-03-13 00:21:23.847 [info] > git for-each-ref --sort -committerdate --format %(refname) %(objectname) %(*objectname) [2ms]
2025-03-13 00:21:23.938 [info] > git ls-files --stage -- /home/soufian/holbertonschool-higher_level_programming/SQL_introduction/README.md [1ms]
2025-03-13 00:21:23.942 [info] > git cat-file -s 621219c7b2abd1d29e3cae9e9ae257935a97ed87 [1ms]
2025-03-13 00:21:23.951 [info] > git show --textconv :SQL_introduction/README.md [2ms]
2025-03-13 00:24:23.198 [info] > git fetch [469ms]
2025-03-13 00:24:23.208 [info] > git config --get commit.template [4ms]
2025-03-13 00:24:23.210 [info] > git for-each-ref --format=%(refname)%00%(upstream:short)%00%(objectname)%00%(upstream:track)%00%(upstream:remotename)%00%(upstream:remoteref) refs/heads/main refs/remotes/main [3ms]
2025-03-13 00:24:23.217 [info] > git status -z -uall [4ms]
2025-03-13 00:24:23.218 [info] > git for-each-ref --sort -committerdate --format %(refname) %(objectname) %(*objectname) [1ms]
2025-03-13 00:24:24.334 [info] > git config --get commit.template [4ms]
2025-03-13 00:24:24.334 [info] > git for-each-ref --format=%(refname)%00%(upstream:short)%00%(objectname)%00%(upstream:track)%00%(upstream:remotename)%00%(upstream:remoteref) refs/heads/main refs/remotes/main [1ms]
2025-03-13 00:24:24.342 [info] > git status -z -uall [5ms]
2025-03-13 00:24:24.343 [info] > git for-each-ref --sort -committerdate --format %(refname) %(objectname) %(*objectname) [2ms]
2025-03-13 00:24:24.432 [info] > git ls-files --stage -- /home/soufian/holbertonschool-higher_level_programming/SQL_introduction/README.md [2ms]
2025-03-13 00:24:24.436 [info] > git cat-file -s 621219c7b2abd1d29e3cae9e9ae257935a97ed87 [1ms]
2025-03-13 00:24:24.447 [info] > git show --textconv :SQL_introduction/README.md [3ms]
2025-03-13 00:27:23.686 [info] > git fetch [462ms]
2025-03-13 00:27:23.693 [info] > git config --get commit.template [3ms]
2025-03-13 00:27:23.694 [info] > git for-each-ref --format=%(refname)%00%(upstream:short)%00%(objectname)%00%(upstream:track)%00%(upstream:remotename)%00%(upstream:remoteref) refs/heads/main refs/remotes/main [1ms]
2025-03-13 00:27:23.704 [info] > git status -z -uall [5ms]
2025-03-13 00:27:23.704 [info] > git for-each-ref --sort -committerdate --format %(refname) %(objectname) %(*objectname) [2ms]
2025-03-13 00:27:24.818 [info] > git config --get commit.template [3ms]
2025-03-13 00:27:24.819 [info] > git for-each-ref --format=%(refname)%00%(upstream:short)%00%(objectname)%00%(upstream:track)%00%(upstream:remotename)%00%(upstream:remoteref) refs/heads/main refs/remotes/main [1ms]
2025-03-13 00:27:24.829 [info] > git status -z -uall [5ms]
2025-03-13 00:27:24.830 [info] > git for-each-ref --sort -committerdate --format %(refname) %(objectname) %(*objectname) [2ms]
2025-03-13 00:27:24.920 [info] > git ls-files --stage -- /home/soufian/holbertonschool-higher_level_programming/SQL_introduction/README.md [2ms]
2025-03-13 00:27:24.925 [info] > git cat-file -s 621219c7b2abd1d29e3cae9e9ae257935a97ed87 [2ms]
2025-03-13 00:27:24.934 [info] > git show --textconv :SQL_introduction/README.md [2ms]
2025-03-13 00:30:24.211 [info] > git fetch [502ms]
2025-03-13 00:30:24.221 [info] > git config --get commit.template [4ms]
2025-03-13 00:30:24.222 [info] > git for-each-ref --format=%(refname)%00%(upstream:short)%00%(objectname)%00%(upstream:track)%00%(upstream:remotename)%00%(upstream:remoteref) refs/heads/main refs/remotes/main [2ms]
2025-03-13 00:30:24.230 [info] > git status -z -uall [4ms]
2025-03-13 00:30:24.230 [info] > git for-each-ref --sort -committerdate --format %(refname) %(objectname) %(*objectname) [1ms]
2025-03-13 00:30:25.345 [info] > git config --get commit.template [4ms]
2025-03-13 00:30:25.346 [info] > git for-each-ref --format=%(refname)%00%(upstream:short)%00%(objectname)%00%(upstream:track)%00%(upstream:remotename)%00%(upstream:remoteref) refs/heads/main refs/remotes/main [2ms]
2025-03-13 00:30:25.353 [info] > git status -z -uall [3ms]
2025-03-13 00:30:25.354 [info] > git for-each-ref --sort -committerdate --format %(refname) %(objectname) %(*objectname) [1ms]
2025-03-13 00:30:25.445 [info] > git ls-files --stage -- /home/soufian/holbertonschool-higher_level_programming/SQL_introduction/README.md [1ms]
2025-03-13 00:30:25.449 [info] > git cat-file -s 621219c7b2abd1d29e3cae9e9ae257935a97ed87 [1ms]
2025-03-13 00:30:25.458 [info] > git show --textconv :SQL_introduction/README.md [2ms]
2025-03-13 00:33:24.675 [info] > git fetch [436ms]
2025-03-13 00:33:24.683 [info] > git config --get commit.template [4ms]
2025-03-13 00:33:24.684 [info] > git for-each-ref --format=%(refname)%00%(upstream:short)%00%(objectname)%00%(upstream:track)%00%(upstream:remotename)%00%(upstream:remoteref) refs/heads/main refs/remotes/main [1ms]
2025-03-13 00:33:24.693 [info] > git status -z -uall [4ms]
2025-03-13 00:33:24.695 [info] > git for-each-ref --sort -committerdate --format %(refname) %(objectname) %(*objectname) [1ms]
2025-03-13 00:33:25.809 [info] > git config --get commit.template [4ms]
2025-03-13 00:33:25.811 [info] > git for-each-ref --format=%(refname)%00%(upstream:short)%00%(objectname)%00%(upstream:track)%00%(upstream:remotename)%00%(upstream:remoteref) refs/heads/main refs/remotes/main [3ms]
2025-03-13 00:33:25.819 [info] > git status -z -uall [4ms]
2025-03-13 00:33:25.820 [info] > git for-each-ref --sort -committerdate --format %(refname) %(objectname) %(*objectname) [2ms]
2025-03-13 00:33:25.909 [info] > git ls-files --stage -- /home/soufian/holbertonschool-higher_level_programming/SQL_introduction/README.md [1ms]
2025-03-13 00:33:25.913 [info] > git cat-file -s 621219c7b2abd1d29e3cae9e9ae257935a97ed87 [1ms]
2025-03-13 00:33:25.924 [info] > git show --textconv :SQL_introduction/README.md [3ms]
2025-03-13 00:35:03.249 [info] > git config --get commit.template [4ms]
2025-03-13 00:35:03.250 [info] > git for-each-ref --format=%(refname)%00%(upstream:short)%00%(objectname)%00%(upstream:track)%00%(upstream:remotename)%00%(upstream:remoteref) refs/heads/main refs/remotes/main [2ms]
2025-03-13 00:35:03.258 [info] > git status -z -uall [4ms]
2025-03-13 00:35:03.260 [info] > git for-each-ref --sort -committerdate --format %(refname) %(objectname) %(*objectname) [2ms]
2025-03-13 00:35:03.287 [info] > git check-ignore -v -z --stdin [1ms]
2025-03-13 00:35:21.866 [info] > git config --get commit.template [5ms]
2025-03-13 00:35:21.867 [info] > git for-each-ref --format=%(refname)%00%(upstream:short)%00%(objectname)%00%(upstream:track)%00%(upstream:remotename)%00%(upstream:remoteref) refs/heads/main refs/remotes/main [1ms]
2025-03-13 00:35:21.876 [info] > git status -z -uall [5ms]
2025-03-13 00:35:21.877 [info] > git for-each-ref --sort -committerdate --format %(refname) %(objectname) %(*objectname) [1ms]
2025-03-13 00:35:48.425 [info] > git show --textconv :SQL_introduction/6-list_values.sql [5ms]
2025-03-13 00:35:48.426 [info] > git ls-files --stage -- /home/soufian/holbertonschool-higher_level_programming/SQL_introduction/6-list_values.sql [2ms]
2025-03-13 00:35:48.430 [info] > git cat-file -s d28e86fc2b459d6e2b5f038eaf3c1d0040f2c10e [1ms]
2025-03-13 00:35:50.152 [info] > git show --textconv :SQL_introduction/6-list_values.sql [4ms]
2025-03-13 00:35:50.154 [info] > git ls-files --stage -- /home/soufian/holbertonschool-higher_level_programming/SQL_introduction/6-list_values.sql [2ms]
2025-03-13 00:35:50.160 [info] > git cat-file -s d28e86fc2b459d6e2b5f038eaf3c1d0040f2c10e [3ms]
2025-03-13 00:37:40.718 [info] > git fetch [433ms]
2025-03-13 00:37:40.725 [info] > git config --get commit.template [4ms]
2025-03-13 00:37:40.726 [info] > git for-each-ref --format=%(refname)%00%(upstream:short)%00%(objectname)%00%(upstream:track)%00%(upstream:remotename)%00%(upstream:remoteref) refs/heads/main refs/remotes/main [2ms]
2025-03-13 00:37:40.732 [info] > git status -z -uall [3ms]
2025-03-13 00:37:40.734 [info] > git for-each-ref --sort -committerdate --format %(refname) %(objectname) %(*objectname) [3ms]
2025-03-13 00:37:41.851 [info] > git config --get commit.template [5ms]
2025-03-13 00:37:41.852 [info] > git for-each-ref --format=%(refname)%00%(upstream:short)%00%(objectname)%00%(upstream:track)%00%(upstream:remotename)%00%(upstream:remoteref) refs/heads/main refs/remotes/main [1ms]
2025-03-13 00:37:41.858 [info] > git status -z -uall [3ms]
2025-03-13 00:37:41.859 [info] > git for-each-ref --sort -committerdate --format %(refname) %(objectname) %(*objectname) [1ms]
2025-03-13 00:37:46.872 [info] > git config --get commit.template [4ms]
2025-03-13 00:37:46.874 [info] > git for-each-ref --format=%(refname)%00%(upstream:short)%00%(objectname)%00%(upstream:track)%00%(upstream:remotename)%00%(upstream:remoteref) refs/heads/main refs/remotes/main [2ms]
2025-03-13 00:37:46.884 [info] > git status -z -uall [5ms]
2025-03-13 00:37:46.885 [info] > git for-each-ref --sort -committerdate --format %(refname) %(objectname) %(*objectname) [2ms]
2025-03-13 00:38:25.979 [info] > git config --get commit.template [3ms]
2025-03-13 00:38:25.987 [info] > git for-each-ref --format=%(refname)%00%(upstream:short)%00%(objectname)%00%(upstream:track)%00%(upstream:remotename)%00%(upstream:remoteref) refs/heads/main refs/remotes/main [2ms]
2025-03-13 00:38:25.995 [info] > git status -z -uall [4ms]
2025-03-13 00:38:25.996 [info] > git for-each-ref --sort -committerdate --format %(refname) %(objectname) %(*objectname) [2ms]
2025-03-13 00:38:32.201 [info] > git config --get commit.template [2ms]
2025-03-13 00:38:32.206 [info] > git for-each-ref --format=%(refname)%00%(upstream:short)%00%(objectname)%00%(upstream:track)%00%(upstream:remotename)%00%(upstream:remoteref) refs/heads/main refs/remotes/main [2ms]
2025-03-13 00:38:32.212 [info] > git status -z -uall [3ms]
2025-03-13 00:38:32.213 [info] > git for-each-ref --sort -committerdate --format %(refname) %(objectname) %(*objectname) [1ms]
2025-03-13 00:38:37.223 [info] > git config --get commit.template [4ms]
2025-03-13 00:38:37.224 [info] > git for-each-ref --format=%(refname)%00%(upstream:short)%00%(objectname)%00%(upstream:track)%00%(upstream:remotename)%00%(upstream:remoteref) refs/heads/main refs/remotes/main [1ms]
2025-03-13 00:38:37.231 [info] > git status -z -uall [4ms]
2025-03-13 00:38:37.232 [info] > git for-each-ref --sort -committerdate --format %(refname) %(objectname) %(*objectname) [2ms]
2025-03-13 00:40:41.220 [info] > git fetch [479ms]
2025-03-13 00:40:41.228 [info] > git config --get commit.template [3ms]
2025-03-13 00:40:41.229 [info] > git for-each-ref --format=%(refname)%00%(upstream:short)%00%(objectname)%00%(upstream:track)%00%(upstream:remotename)%00%(upstream:remoteref) refs/heads/main refs/remotes/main [2ms]
2025-03-13 00:40:41.237 [info] > git status -z -uall [5ms]
2025-03-13 00:40:41.238 [info] > git for-each-ref --sort -committerdate --format %(refname) %(objectname) %(*objectname) [2ms]
2025-03-13 00:40:42.400 [info] > git config --get commit.template [4ms]
2025-03-13 00:40:42.401 [info] > git for-each-ref --format=%(refname)%00%(upstream:short)%00%(objectname)%00%(upstream:track)%00%(upstream:remotename)%00%(upstream:remoteref) refs/heads/main refs/remotes/main [1ms]
2025-03-13 00:40:42.408 [info] > git status -z -uall [4ms]
2025-03-13 00:40:42.409 [info] > git for-each-ref --sort -committerdate --format %(refname) %(objectname) %(*objectname) [2ms]
2025-03-13 00:43:41.678 [info] > git fetch [433ms]
2025-03-13 00:43:41.686 [info] > git config --get commit.template [4ms]
2025-03-13 00:43:41.687 [info] > git for-each-ref --format=%(refname)%00%(upstream:short)%00%(objectname)%00%(upstream:track)%00%(upstream:remotename)%00%(upstream:remoteref) refs/heads/main refs/remotes/main [2ms]
2025-03-13 00:43:41.694 [info] > git status -z -uall [4ms]
2025-03-13 00:43:41.695 [info] > git for-each-ref --sort -committerdate --format %(refname) %(objectname) %(*objectname) [2ms]
2025-03-13 00:43:42.808 [info] > git config --get commit.template [1ms]
2025-03-13 00:43:42.812 [info] > git for-each-ref --format=%(refname)%00%(upstream:short)%00%(objectname)%00%(upstream:track)%00%(upstream:remotename)%00%(upstream:remoteref) refs/heads/main refs/remotes/main [2ms]
2025-03-13 00:43:42.819 [info] > git status -z -uall [4ms]
2025-03-13 00:43:42.820 [info] > git for-each-ref --sort -committerdate --format %(refname) %(objectname) %(*objectname) [2ms]
