Initializing document watcher...
Document watcher initialized
/home/soufian/.git/COMMIT_EDITMSG: {}
html_advanced/0-index.html: {}
html_advanced/1-index.html: {}
html_advanced/1-index.html: {}
html_advanced/1-index.html: Using EditorConfig core...
html_advanced/1-index.html: Using EditorConfig core...
html_advanced/1-index.html: Using EditorConfig core...
html_advanced/1-index.html: Using EditorConfig core...
html_advanced/1-index.html: Using EditorConfig core...
html_advanced/1-index.html: Using EditorConfig core...
html_advanced/1-index.html: Using EditorConfig core...
html_advanced/1-index.html: Using EditorConfig core...
html_advanced/1-index.html: Using EditorConfig core...
html_advanced/1-index.html: Using EditorConfig core...
html_advanced/1-index.html: Using EditorConfig core...
html_advanced/2-index.html: {}
html_advanced/2-index.html: Using EditorConfig core...
html_advanced/2-index.html: Using EditorConfig core...
html_advanced/2-index.html: {}
html_advanced/2-index.html: Using EditorConfig core...
html_advanced/2-index.html: Using EditorConfig core...
html_advanced/2-index.html: Using EditorConfig core...
html_advanced/2-index.html: Using EditorConfig core...
html_advanced/2-index.html: Using EditorConfig core...
html_advanced/2-index.html: Using EditorConfig core...
html_advanced/2-index.html: {}
html_advanced/2-index.html: Using EditorConfig core...
html_advanced/2-index.html: {}
html_advanced/2-index.html: Using EditorConfig core...
html_advanced/2-index.html: {}
html_advanced/2-index.html: Using EditorConfig core...
html_advanced/2-index.html: Using EditorConfig core...
html_advanced/2-index.html: {}
html_advanced/2-index.html: Using EditorConfig core...
html_advanced/2-index.html: Using EditorConfig core...
html_advanced/2-index.html: Using EditorConfig core...
html_advanced/2-index.html: Using EditorConfig core...
html_advanced/2-index.html: {}
html_advanced/2-index.html: Using EditorConfig core...
html_advanced/2-index.html: {}
html_advanced/2-index.html: {}
html_advanced/2-index.html: {}
html_advanced/2-index.html: Using EditorConfig core...
html_advanced/2-index.html: {}
html_advanced/2-index.html: Using EditorConfig core...
html_advanced/2-index.html: {}
html_advanced/2-index.html: Using EditorConfig core...
html_advanced/2-index.html: Using EditorConfig core...
html_advanced/2-index.html: {}
html_advanced/2-index.html: Using EditorConfig core...
html_advanced/2-index.html: {}
html_advanced/2-index.html: {}
html_advanced/2-index.html: {}
